TN:
SF:/home/frr/frr/ospfd/ospf_gr_helper.c
FN:67,ospf_enable_rtr_hash_key
FNDA:0,ospf_enable_rtr_hash_key
FN:74,ospf_enable_rtr_hash_cmp
FNDA:0,ospf_enable_rtr_hash_cmp
FN:82,ospf_enable_rtr_hash_alloc
FNDA:0,ospf_enable_rtr_hash_alloc
FN:92,ospf_disable_rtr_hash_free
FNDA:0,ospf_disable_rtr_hash_free
FN:97,ospf_enable_rtr_hash_destroy
FNDA:2326,ospf_enable_rtr_hash_destroy
FN:108,ospf_exit_reason2str
FNDA:0,ospf_exit_reason2str
FN:119,ospf_restart_reason2str
FNDA:0,ospf_restart_reason2str
FN:130,ospf_rejected_reason2str
FNDA:0,ospf_rejected_reason2str
FN:147,ospf_gr_helper_instance_init
FNDA:2326,ospf_gr_helper_instance_init
FN:173,ospf_gr_helper_instance_stop
FNDA:2326,ospf_gr_helper_instance_stop
FN:187,ospf_gr_helper_init
FNDA:2326,ospf_gr_helper_init
FN:211,ospf_gr_helper_stop
FNDA:2326,ospf_gr_helper_stop
FN:230,ospf_extract_grace_lsa_fields
FNDA:0,ospf_extract_grace_lsa_fields
FN:332,ospf_handle_grace_timer_expiry
FNDA:0,ospf_handle_grace_timer_expiry
FN:360,ospf_process_grace_lsa
FNDA:0,ospf_process_grace_lsa
FN:554,ospf_check_change_in_rxmt_list
FNDA:0,ospf_check_change_in_rxmt_list
FN:604,ospf_helper_handle_topo_chg
FNDA:0,ospf_helper_handle_topo_chg
FN:669,ospf_gr_helper_exit
FNDA:0,ospf_gr_helper_exit
FN:742,ospf_process_maxage_grace_lsa
FNDA:0,ospf_process_maxage_grace_lsa
FN:799,ospf_gr_helper_support_set
FNDA:0,ospf_gr_helper_support_set
FN:864,ospf_gr_helper_support_set_per_routerid
FNDA:0,ospf_gr_helper_support_set_per_routerid
FN:937,ospf_gr_helper_lsa_check_set
FNDA:0,ospf_gr_helper_lsa_check_set
FN:957,ospf_gr_helper_supported_gracetime_set
FNDA:0,ospf_gr_helper_supported_gracetime_set
FN:976,ospf_gr_helper_set_supported_planned_only_restart
FNDA:0,ospf_gr_helper_set_supported_planned_only_restart
FN:995,show_ospf_grace_lsa_info
FNDA:0,show_ospf_grace_lsa_info
DA:67,0
DA:69,0
DA:71,0
DA:74,0
DA:76,0
DA:77,0
DA:79,0
DA:82,0
DA:86,0
DA:87,0
DA:89,0
DA:92,0
DA:94,0
DA:95,0
DA:97,2326
DA:99,2326
DA:100,0
DA:102,2326
DA:108,0
DA:110,0
DA:111,0
DA:113,0
DA:119,0
DA:121,0
DA:122,0
DA:124,0
DA:130,0
DA:132,0
DA:133,0
DA:135,0
DA:147,2326
DA:149,2326
DA:150,0
DA:152,2326
DA:153,2326
DA:154,2326
DA:155,2326
DA:156,2326
DA:157,2326
DA:159,2326
DA:160,2326
DA:162,2326
DA:173,2326
DA:175,2326
DA:176,0
DA:178,2326
DA:179,2326
DA:187,2326
DA:191,2326
DA:192,0
DA:194,2326
DA:198,2326
DA:199,0
DA:203,2326
DA:211,2326
DA:213,2326
DA:214,0
DA:216,2326
DA:217,2326
DA:230,0
DA:234,0
DA:235,0
DA:239,0
DA:240,0
DA:242,0
DA:245,0
DA:246,0
DA:247,0
DA:249,0
DA:252,0
DA:254,0
DA:255,0
DA:258,0
DA:259,0
DA:260,0
DA:262,0
DA:265,0
DA:266,0
DA:267,0
DA:269,0
DA:271,0
DA:274,0
DA:275,0
DA:276,0
DA:279,0
DA:280,0
DA:281,0
DA:282,0
DA:283,0
DA:284,0
DA:286,0
DA:288,0
DA:291,0
DA:292,0
DA:293,0
DA:295,0
DA:296,0
DA:297,0
DA:298,0
DA:299,0
DA:301,0
DA:303,0
DA:306,0
DA:307,0
DA:308,0
DA:309,0
DA:310,0
DA:311,0
DA:312,0
DA:315,0
DA:319,0
DA:332,0
DA:334,0
DA:336,0
DA:338,0
DA:339,0
DA:360,0
DA:363,0
DA:364,0
DA:365,0
DA:366,0
DA:368,0
DA:369,0
DA:374,0
DA:376,0
DA:377,0
DA:378,0
DA:379,0
DA:382,0
DA:383,0
DA:392,0
DA:393,0
DA:395,0
DA:396,0
DA:397,0
DA:400,0
DA:403,0
DA:406,0
DA:410,0
DA:412,0
DA:413,0
DA:414,0
DA:417,0
DA:419,0
DA:427,0
DA:428,0
DA:429,0
DA:432,0
DA:434,0
DA:440,0
DA:441,0
DA:442,0
DA:443,0
DA:446,0
DA:448,0
DA:454,0
DA:455,0
DA:456,0
DA:457,0
DA:460,0
DA:462,0
DA:466,0
DA:467,0
DA:468,0
DA:471,0
DA:473,0
DA:476,0
DA:477,0
DA:478,0
DA:481,0
DA:483,0
DA:491,0
DA:492,0
DA:493,0
DA:494,0
DA:498,0
DA:501,0
DA:502,0
DA:503,0
DA:505,0
DA:506,0
DA:508,0
DA:509,0
DA:513,0
DA:514,0
DA:522,0
DA:523,0
DA:524,0
DA:525,0
DA:526,0
DA:529,0
DA:531,0
DA:532,0
DA:536,0
DA:540,0
DA:554,0
DA:560,0
DA:561,0
DA:562,0
DA:563,0
DA:564,0
DA:565,0
DA:566,0
DA:567,0
DA:569,0
DA:570,0
DA:571,0
DA:572,0
DA:574,0
DA:575,0
DA:576,0
DA:577,0
DA:579,0
DA:580,0
DA:581,0
DA:582,0
DA:584,0
DA:585,0
DA:586,0
DA:587,0
DA:589,0
DA:604,0
DA:612,0
DA:613,0
DA:615,0
DA:616,0
DA:619,0
DA:621,0
DA:622,0
DA:624,0
DA:625,0
DA:632,0
DA:633,0
DA:634,0
DA:637,0
DA:638,0
DA:640,0
DA:641,0
DA:643,0
DA:645,0
DA:646,0
DA:669,0
DA:672,0
DA:673,0
DA:675,0
DA:676,0
DA:678,0
DA:679,0
DA:683,0
DA:684,0
DA:685,0
DA:686,0
DA:687,0
DA:688,0
DA:690,0
DA:691,0
DA:693,0
DA:696,0
DA:701,0
DA:702,0
DA:707,0
DA:708,0
DA:709,0
DA:713,0
DA:714,0
DA:717,0
DA:720,0
DA:721,0
DA:742,0
DA:745,0
DA:746,0
DA:747,0
DA:748,0
DA:749,0
DA:753,0
DA:755,0
DA:756,0
DA:757,0
DA:758,0
DA:761,0
DA:762,0
DA:769,0
DA:770,0
DA:772,0
DA:773,0
DA:774,0
DA:777,0
DA:780,0
DA:783,0
DA:799,0
DA:805,0
DA:806,0
DA:808,0
DA:813,0
DA:814,0
DA:815,0
DA:817,0
DA:818,0
DA:820,0
DA:821,0
DA:822,0
DA:824,0
DA:825,0
DA:827,0
DA:829,0
DA:830,0
DA:835,0
DA:836,0
DA:838,0
DA:839,0
DA:864,0
DA:873,0
DA:875,0
DA:877,0
DA:879,0
DA:880,0
DA:881,0
DA:887,0
DA:888,0
DA:893,0
DA:894,0
DA:896,0
DA:897,0
DA:899,0
DA:900,0
DA:901,0
DA:903,0
DA:904,0
DA:906,0
DA:908,0
DA:909,0
DA:911,0
DA:912,0
DA:919,0
DA:937,0
DA:939,0
DA:940,0
DA:942,0
DA:957,0
DA:960,0
DA:961,0
DA:976,0
DA:979,0
DA:980,0
DA:995,0
DA:998,0
DA:999,0
DA:1003,0
DA:1004,0
DA:1006,0
DA:1007,0
DA:1009,0
DA:1011,0
DA:1012,0
DA:1013,0
DA:1015,0
DA:1016,0
DA:1019,0
DA:1021,0
DA:1022,0
DA:1024,0
DA:1026,0
DA:1027,0
DA:1029,0
DA:1030,0
DA:1031,0
DA:1032,0
DA:1034,0
DA:1036,0
DA:1039,0
DA:1040,0
DA:1041,0
DA:1043,0
DA:1044,0
DA:1046,0
DA:1048,0
DA:1051,0
DA:1054,0
DA:1055,0
DA:1057,0
DA:1058,0
DA:1061,0
DA:1063,0
DA:1064,0
DA:1065,0
DA:1067,0
DA:1068,0
DA:1070,0
DA:1072,0
DA:1075,0
DA:1078,0
DA:1079,0
DA:1081,0
DA:1082,0
DA:1084,0
DA:1086,0
DA:1089,0
DA:1090,0
DA:1091,0
DA:1093,0
DA:1094,0
DA:1096,0
DA:1098,0
DA:1101,0
DA:1104,0
DA:1105,0
DA:1107,0
DA:1108,0
DA:1111,0
DA:1113,0
DA:1114,0
DA:1115,0
DA:1116,0
DA:1117,0
DA:1119,0
DA:1122,0
end_of_record
SF:/home/frr/frr/lib/zlog.h
FN:78,zlog_ref
FNDA:0,zlog_ref
DA:78,0
DA:83,0
DA:84,0
DA:85,0
DA:86,0
end_of_record
TN:
SF:/home/frr/frr/lib/table.h
FN:233,route_unlock_node
FNDA:534705,route_unlock_node
DA:233,534705
DA:235,534705
DA:236,534705
DA:238,534705
DA:239,199856
DA:240,534705
end_of_record
SF:/home/frr/frr/lib/checksum.h
FN:35,in_cksum
FNDA:3553136,in_cksum
DA:35,3553136
DA:39,3553136
DA:40,3553136
DA:41,3553136
end_of_record
SF:/home/frr/frr/lib/prefix.h
FN:339,ipv4_addr_same
FNDA:25750187,ipv4_addr_same
DA:339,25750187
DA:342,25750187
end_of_record
SF:/home/frr/frr/lib/monotime.h
FN:62,monotime
FNDA:128977,monotime
FN:82,monotime_since
FNDA:14116,monotime_since
DA:62,128977
DA:66,128977
DA:67,128977
DA:68,128977
DA:70,128977
DA:82,14116
DA:86,14116
DA:87,14116
DA:88,14116
DA:89,0
DA:90,14116
end_of_record
SF:/home/frr/frr/lib/zlog.h
FN:78,zlog_ref
FNDA:37289,zlog_ref
DA:78,37289
DA:83,37289
DA:84,37289
DA:85,37289
DA:86,37289
end_of_record
SF:/home/frr/frr/ospfd/ospf_flood.h
FN:41,ospf_lsa_list_count
FNDA:290972,ospf_lsa_list_count
FN:41,ospf_lsa_list_next_safe
FNDA:675839,ospf_lsa_list_next_safe
FN:41,ospf_lsa_list_next
FNDA:543333,ospf_lsa_list_next
FN:41,ospf_lsa_list_first
FNDA:513088,ospf_lsa_list_first
FN:41,ospf_lsa_list_const_next
FNDA:543333,ospf_lsa_list_const_next
FN:41,ospf_lsa_list_const_first
FNDA:513088,ospf_lsa_list_const_first
FN:41,ospf_lsa_list_del
FNDA:650481,ospf_lsa_list_del
FN:41,ospf_lsa_list_add_tail
FNDA:526747,ospf_lsa_list_add_tail
DA:41,290972
DA:41,675839
DA:41,543333
DA:41,513088
DA:41,543333
DA:41,513088
DA:41,650481
DA:41,526747
end_of_record
SF:/home/frr/frr/lib/typesafe.h
FN:304,typesafe_dlist_add
FNDA:526747,typesafe_dlist_add
DA:304,526747
DA:324,526747
DA:326,526747
DA:327,526747
DA:328,526747
DA:329,526747
DA:330,526747
DA:331,526747
end_of_record
SF:/home/frr/frr/lib/frrevent.h
FN:304,event_is_scheduled
FNDA:3112609,event_is_scheduled
DA:304,3112609
DA:306,3112609
DA:307,417
DA:309,3112192
end_of_record
SF:/home/frr/frr/ospfd/ospf_packet.c
FN:104,ospf_packet_new
FNDA:3640395,ospf_packet_new
FN:114,ospf_packet_free
FNDA:3640395,ospf_packet_free
FN:122,ospf_fifo_new
FNDA:18771,ospf_fifo_new
FN:131,ospf_fifo_push
FNDA:441751,ospf_fifo_push
FN:144,ospf_fifo_push_head
FNDA:3112192,ospf_fifo_push_head
FN:157,ospf_fifo_pop
FNDA:3553924,ospf_fifo_pop
FN:176,ospf_fifo_head
FNDA:7107848,ospf_fifo_head
FN:182,ospf_fifo_flush
FNDA:60688,ospf_fifo_flush
FN:196,ospf_fifo_free
FNDA:18771,ospf_fifo_free
FN:203,ospf_packet_add
FNDA:441751,ospf_packet_add
FN:212,ospf_packet_add_top
FNDA:3112192,ospf_packet_add_top
FN:222,ospf_packet_delete
FNDA:3553924,ospf_packet_delete
FN:232,ospf_packet_dup
FNDA:66684,ospf_packet_dup
FN:253,ospf_packet_authspace
FNDA:3934419,ospf_packet_authspace
FN:263,ospf_packet_max
FNDA:3720579,ospf_packet_max
FN:274,ospf_ls_req_timer
FNDA:202500,ospf_ls_req_timer
FN:289,ospf_ls_req_event
FNDA:2699,ospf_ls_req_event
FN:299,ospf_ls_rxmt_timer
FNDA:48984,ospf_ls_rxmt_timer
FN:372,ospf_ls_ack_delayed_timer
FNDA:24513,ospf_ls_ack_delayed_timer
FN:385,ospf_write_frags
FNDA:0,ospf_write_frags
FN:457,ospf_write
FNDA:3039574,ospf_write
FN:710,ospf_hello
FNDA:2599853,ospf_hello
FN:984,ospf_db_desc_save_current
FNDA:51614,ospf_db_desc_save_current
FN:993,ospf_db_desc_proc
FNDA:51614,ospf_db_desc_proc
FN:1131,ospf_db_desc_is_dup
FNDA:30349,ospf_db_desc_is_dup
FN:1144,ospf_db_desc
FNDA:66356,ospf_db_desc
FN:1442,ospf_ls_req
FNDA:26649,ospf_ls_req
FN:1531,ospf_ls_upd_list_lsa
FNDA:259714,ospf_ls_upd_list_lsa
FN:1670,ospf_upd_list_clean
FNDA:3986,ospf_upd_list_clean
FN:1682,ospf_ls_upd
FNDA:271068,ospf_ls_upd
FN:2080,ospf_ls_ack
FNDA:143547,ospf_ls_ack
FN:2139,ospf_recv_packet
FNDA:6097340,ospf_recv_packet
FN:2228,ospf_associate_packet_vl
FNDA:9637,ospf_associate_packet_vl
FN:2277,ospf_check_area_id
FNDA:3119779,ospf_check_area_id
FN:2290,ospf_check_network_mask
FNDA:3107473,ospf_check_network_mask
FN:2317,ospf_router_lsa_links_examin
FNDA:160275,ospf_router_lsa_links_examin
FN:2347,ospf_lsa_examin
FNDA:1548864,ospf_lsa_examin
FN:2436,ospf_lsaseq_examin
FNDA:483387,ospf_lsaseq_examin
FN:2509,ospf_packet_examin
FNDA:3130653,ospf_packet_examin
FN:2634,ospf_verify_header
FNDA:3119779,ospf_verify_header
FN:2667,ospf_read_helper
FNDA:6097340,ospf_read_helper
FN:2939,ospf_read
FNDA:2975113,ospf_read
FN:2964,ospf_make_header
FNDA:3573711,ospf_make_header
FN:2986,ospf_fill_header
FNDA:3553136,ospf_fill_header
FN:3008,ospf_make_hello
FNDA:3112192,ospf_make_hello
FN:3108,ospf_make_db_desc
FNDA:65877,ospf_make_db_desc
FN:3206,ospf_make_ls_req_func
FNDA:78930,ospf_make_ls_req_func
FN:3236,ospf_make_ls_req
FNDA:47541,ospf_make_ls_req
FN:3262,ls_age_increment
FNDA:646278,ls_age_increment
FN:3271,ospf_make_ls_upd
FNDA:213840,ospf_make_ls_upd
FN:3337,ospf_make_ls_ack
FNDA:134261,ospf_make_ls_ack
FN:3395,ospf_delete_ls_ack_delayed
FNDA:218,ospf_delete_ls_ack_delayed
FN:3414,ospf_hello_send_sub
FNDA:3112609,ospf_hello_send_sub
FN:3467,ospf_poll_send
FNDA:0,ospf_poll_send
FN:3496,ospf_poll_timer
FNDA:0,ospf_poll_timer
FN:3515,ospf_hello_reply_timer
FNDA:0,ospf_hello_reply_timer
FN:3530,ospf_hello_send
FNDA:3457912,ospf_hello_send
FN:3601,ospf_db_desc_send
FNDA:65877,ospf_db_desc_send
FN:3648,ospf_db_desc_resend
FNDA:807,ospf_db_desc_resend
FN:3667,ospf_ls_req_send
FNDA:47541,ospf_ls_req_send
FN:3709,ospf_ls_upd_send_lsa
FNDA:460912,ospf_ls_upd_send_lsa
FN:3735,ospf_ls_upd_packet_new
FNDA:213840,ospf_ls_upd_packet_new
FN:3802,ospf_ls_upd_queue_send
FNDA:213858,ospf_ls_upd_queue_send
FN:3873,ospf_ls_upd_send_queue_event
FNDA:202378,ospf_ls_upd_send_queue_event
FN:3918,ospf_ls_upd_send
FNDA:536492,ospf_ls_upd_send
FN:3985,ospf_ls_ack_send_list
FNDA:134261,ospf_ls_ack_send_list
FN:4025,ospf_ls_ack_send_direct_event
FNDA:107730,ospf_ls_ack_send_direct_event
FN:4036,ospf_ls_ack_send_direct
FNDA:416526,ospf_ls_ack_send_direct
FN:4118,ospf_ls_ack_send_delayed
FNDA:24513,ospf_ls_ack_send_delayed
FN:4176,ospf_proactively_arp
FNDA:323518,ospf_proactively_arp
DA:104,3640395
DA:108,3640395
DA:109,3640395
DA:111,3640395
DA:114,3640395
DA:116,3640395
DA:117,3640395
DA:119,3640395
DA:120,3640395
DA:122,18771
DA:126,18771
DA:127,18771
DA:131,441751
DA:133,441751
DA:134,84915
DA:136,356836
DA:138,441751
DA:140,441751
DA:141,441751
DA:144,3112192
DA:146,3112192
DA:148,3112192
DA:149,3109651
DA:151,3112192
DA:153,3112192
DA:154,3112192
DA:157,3553924
DA:161,3553924
DA:163,3553924
DA:164,3553924
DA:166,3553924
DA:167,3466468
DA:169,3553924
DA:172,3553924
DA:176,7107848
DA:178,7107848
DA:182,60688
DA:187,60707
DA:188,19
DA:189,19
DA:191,60688
DA:192,60688
DA:193,60688
DA:196,18771
DA:198,18771
DA:200,18771
DA:201,18771
DA:203,441751
DA:206,441751
DA:210,441751
DA:212,3112192
DA:216,3112192
DA:220,3112192
DA:222,3553924
DA:226,3553924
DA:228,3553924
DA:229,3553924
DA:230,3553924
DA:232,66684
DA:236,66684
DA:238,0
DA:243,66684
DA:244,66684
DA:246,66684
DA:247,66684
DA:249,66684
DA:253,3934419
DA:255,3934419
DA:257,3934419
DA:258,0
DA:260,3934419
DA:263,3720579
DA:267,3720579
DA:269,3720579
DA:271,3720579
DA:274,202500
DA:278,202500
DA:279,202500
DA:282,202500
DA:283,5549
DA:286,202500
DA:287,202500
DA:289,2699
DA:291,2699
DA:292,2699
DA:293,2699
DA:299,48984
DA:302,48984
DA:304,48984
DA:305,48984
DA:306,48984
DA:307,48984
DA:310,48984
DA:313,48984
DA:321,48984
DA:322,48984
DA:330,48984
DA:331,48984
DA:332,48984
DA:334,48984
DA:335,48984
DA:336,159205
DA:337,159205
DA:339,48984
DA:341,110221
DA:342,110221
DA:348,110221
DA:349,110221
DA:351,110221
DA:353,110221
DA:354,110221
DA:357,48984
DA:358,48984
DA:360,48984
DA:363,48984
DA:364,0
DA:369,48984
DA:370,48984
DA:372,24513
DA:376,24513
DA:377,24513
DA:380,24513
DA:381,24513
DA:382,24513
DA:385,0
DA:394,0
DA:395,0
DA:412,0
DA:415,0
DA:417,0
DA:419,0
DA:420,0
DA:422,0
DA:423,0
DA:424,0
DA:426,0
DA:428,0
DA:430,0
DA:432,0
DA:433,0
DA:439,0
DA:440,0
DA:445,0
DA:446,0
DA:447,0
DA:451,0
DA:452,0
DA:453,0
DA:454,0
DA:457,3039574
DA:459,3039574
DA:468,3039574
DA:475,3039574
DA:478,3039574
DA:479,3039574
DA:482,3039574
DA:484,3039574
DA:485,0
DA:486,0
DA:488,0
DA:491,3039574
DA:492,3039574
DA:493,3039574
DA:497,3039574
DA:498,2317
DA:501,6593498
DA:502,3553924
DA:505,3553924
DA:509,3553924
DA:512,3553924
DA:513,1837755
DA:514,1837755
DA:517,3553924
DA:518,3553924
DA:519,3553924
DA:521,3553924
DA:522,275350
DA:523,3300498
DA:526,3553924
DA:529,3553924
DA:530,3553924
DA:533,3553924
DA:535,3553924
DA:536,3553924
DA:538,3553924
DA:542,3553924
DA:543,3553924
DA:546,3553924
DA:547,3553924
DA:548,253426
DA:550,3553924
DA:553,3553924
DA:554,3553924
DA:555,0
DA:558,3553924
DA:559,3553924
DA:560,3553924
DA:576,3553924
DA:579,3553924
DA:580,3553924
DA:581,0
DA:583,3553924
DA:584,3553924
DA:585,3553924
DA:586,3553924
DA:587,3553924
DA:589,3553924
DA:590,3553924
DA:591,3553924
DA:592,3553924
DA:593,3553924
DA:595,3553924
DA:596,3553924
DA:597,3553924
DA:598,3553924
DA:601,3553924
DA:602,3553924
DA:603,3553924
DA:604,3553924
DA:605,3553924
DA:606,3553924
DA:608,3553924
DA:617,3553924
DA:618,0
DA:619,0
DA:623,3553924
DA:624,3553924
DA:625,3553924
DA:626,3553924
DA:627,0
DA:638,3553924
DA:639,32
DA:647,3553924
DA:648,0
DA:649,0
DA:651,0
DA:652,0
DA:655,0
DA:659,0
DA:660,0
DA:664,3553924
DA:665,3112186
DA:666,3112186
DA:667,3112186
DA:668,66684
DA:669,66684
DA:670,66684
DA:671,26966
DA:672,26966
DA:673,26966
DA:674,213828
DA:675,213828
DA:676,213828
DA:677,134260
DA:678,134260
DA:679,134260
DA:680,0
DA:681,0
DA:685,3553924
DA:689,3553924
DA:690,3553924
DA:691,3466468
DA:692,3466468
DA:694,87456
DA:697,3553924
DA:698,516778
DA:699,516778
DA:704,3039574
DA:705,2428
DA:710,2599853
DA:719,2599853
DA:721,2599853
DA:724,2599853
DA:725,0
DA:726,0
DA:732,11649
DA:736,2599853
DA:737,2599853
DA:738,2599853
DA:743,2599853
DA:744,2177533
DA:745,2177533
DA:746,0
DA:747,2177533
DA:748,11
DA:753,11
DA:757,2599842
DA:758,0
DA:763,0
DA:767,2599842
DA:768,0
DA:769,0
DA:770,0
DA:776,0
DA:780,2599842
DA:781,0
DA:789,2599842
DA:795,0
DA:798,0
DA:802,2599842
DA:803,0
DA:804,0
DA:809,0
DA:815,0
DA:821,2599842
DA:822,0
DA:823,0
DA:824,0
DA:825,0
DA:826,0
DA:831,0
DA:833,0
DA:834,0
DA:842,2599842
DA:843,2599842
DA:844,0
DA:849,0
DA:853,2599842
DA:856,2599842
DA:858,2599842
DA:861,2599842
DA:868,2599842
DA:869,9029
DA:870,4
DA:871,3
DA:872,3
DA:880,2599842
DA:881,9029
DA:882,566
DA:883,566
DA:884,566
DA:885,566
DA:886,566
DA:889,2599276
DA:890,2599276
DA:891,2588204
DA:892,2588204
DA:902,11072
DA:903,11072
DA:905,11072
DA:906,11072
DA:907,11072
DA:908,11072
DA:911,2588204
DA:922,0
DA:923,0
DA:929,2588204
DA:930,700212
DA:931,3928
DA:932,1991
DA:935,2588204
DA:936,13266
DA:938,1545
DA:941,2588204
DA:942,700212
DA:943,2582637
DA:944,1887992
DA:946,7313
DA:949,2588204
DA:950,692669
DA:951,2582141
DA:953,1895535
DA:955,7371
DA:958,2588204
DA:959,3616
DA:963,2588204
DA:964,2588204
DA:965,2588204
DA:977,2588204
DA:978,0
DA:979,0
DA:980,0
DA:984,51614
DA:987,51614
DA:988,51614
DA:989,51614
DA:990,51614
DA:993,51614
DA:1000,51614
DA:1001,209575
DA:1002,157961
DA:1003,157961
DA:1004,157961
DA:1007,157961
DA:1008,0
DA:1011,0
DA:1012,0
DA:1015,157961
DA:1016,0
DA:1017,0
DA:1020,0
DA:1021,0
DA:1024,157961
DA:1025,0
DA:1030,0
DA:1031,0
DA:1039,0
DA:1041,0
DA:1043,0
DA:1044,157961
DA:1045,157961
DA:1049,157961
DA:1052,157961
DA:1055,157961
DA:1056,71572
DA:1059,71572
DA:1061,120925
DA:1078,120925
DA:1079,82409
DA:1080,120925
DA:1081,120925
DA:1082,37036
DA:1087,37036
DA:1088,0
DA:1091,37036
DA:1096,51614
DA:1097,25777
DA:1100,25777
DA:1101,12862
DA:1103,12915
DA:1107,25837
DA:1117,25837
DA:1120,25837
DA:1121,12887
DA:1125,51614
DA:1127,51614
DA:1128,41992
DA:1131,30349
DA:1135,30349
DA:1136,30349
DA:1137,12870
DA:1138,1
DA:1140,30348
DA:1144,66356
DA:1152,66356
DA:1154,66356
DA:1156,66356
DA:1157,66356
DA:1158,66
DA:1160,66
DA:1164,66290
DA:1165,66290
DA:1166,0
DA:1171,0
DA:1190,66290
DA:1191,0
DA:1192,0
DA:1193,0
DA:1194,0
DA:1197,0
DA:1201,66290
DA:1206,0
DA:1208,0
DA:1212,66290
DA:1213,0
DA:1214,0
DA:1220,0
DA:1223,66290
DA:1224,0
DA:1231,66290
DA:1232,818
DA:1235,818
DA:1236,0
DA:1241,818
DA:1242,7882
DA:1243,7882
DA:1247,7882
DA:1248,815
DA:1252,34308
DA:1253,21386
DA:1254,21386
DA:1257,12950
DA:1259,0
DA:1263,12950
DA:1266,12950
DA:1271,8436
DA:1273,0
DA:1276,8436
DA:1280,12922
DA:1281,12920
DA:1282,12915
DA:1284,12915
DA:1288,12915
DA:1290,7
DA:1293,7
DA:1297,25865
DA:1299,25865
DA:1300,0
DA:1301,0
DA:1302,0
DA:1309,0
DA:1310,0
DA:1312,0
DA:1321,25865
DA:1324,25865
DA:1325,25865
DA:1326,25765
DA:1327,25765
DA:1328,1
DA:1330,0
DA:1337,1
DA:1340,1
DA:1342,1
DA:1347,25764
DA:1348,25764
DA:1349,5
DA:1352,5
DA:1353,5
DA:1354,0
DA:1357,5
DA:1361,25759
DA:1362,10
DA:1364,10
DA:1365,10
DA:1369,25749
DA:1370,0
DA:1373,0
DA:1374,0
DA:1378,25749
DA:1379,12862
DA:1380,25749
DA:1381,12887
DA:1382,0
DA:1386,0
DA:1387,0
DA:1391,25749
DA:1392,25749
DA:1393,4584
DA:1395,4584
DA:1396,0
DA:1398,0
DA:1401,0
DA:1403,0
DA:1404,0
DA:1423,0
DA:1424,0
DA:1429,4584
DA:1430,4584
DA:1431,0
DA:1432,0
DA:1435,0
DA:1442,26649
DA:1455,26649
DA:1457,26649
DA:1458,26649
DA:1459,26
DA:1462,53
DA:1466,26623
DA:1467,5230
DA:1468,27
DA:1473,27
DA:1477,26596
DA:1478,26596
DA:1480,104942
DA:1482,78346
DA:1483,78346
DA:1484,78346
DA:1487,78346
DA:1488,0
DA:1489,0
DA:1490,0
DA:1494,78346
DA:1496,78346
DA:1497,0
DA:1498,0
DA:1499,0
DA:1503,78346
DA:1504,0
DA:1508,0
DA:1510,0
DA:1514,78346
DA:1515,78346
DA:1517,78346
DA:1521,26596
DA:1522,26596
DA:1524,26596
DA:1526,0
DA:1531,259714
DA:1541,259714
DA:1543,259714
DA:1544,259714
DA:1546,1027689
DA:1547,767975
DA:1548,767975
DA:1549,767975
DA:1551,767975
DA:1552,0
DA:1555,0
DA:1558,767975
DA:1559,0
DA:1561,0
DA:1565,767975
DA:1566,767975
DA:1573,1
DA:1579,1
DA:1583,767974
DA:1584,0
DA:1587,0
DA:1594,767974
DA:1595,0
DA:1597,767974
DA:1618,0
DA:1619,0
DA:1621,0
DA:1622,0
DA:1626,0
DA:1628,767974
DA:1629,0
DA:1633,0
DA:1637,767974
DA:1639,767974
DA:1642,767974
DA:1643,0
DA:1645,0
DA:1646,0
DA:1647,0
DA:1648,0
DA:1651,767974
DA:1652,767974
DA:1653,767974
DA:1656,767974
DA:1658,767974
DA:1659,0
DA:1663,767974
DA:1666,259714
DA:1670,3986
DA:1675,8467
DA:1676,4481
DA:1678,3986
DA:1679,3986
DA:1682,271068
DA:1689,271068
DA:1696,271068
DA:1699,271068
DA:1700,271068
DA:1701,2921
DA:1704,15340
DA:1708,268147
DA:1709,8433
DA:1710,0
DA:1715,8433
DA:1722,259714
DA:1724,259714
DA:1725,0
DA:1742,1019221
DA:1744,763493
DA:1746,763493
DA:1747,0
DA:1751,763493
DA:1773,763493
DA:1775,0
DA:1777,0
DA:1778,0
DA:1780,0
DA:1783,763493
DA:1784,0
DA:1785,0
DA:1786,0
DA:1788,0
DA:1792,763493
DA:1793,150380
DA:1795,0
DA:1800,0
DA:1803,0
DA:1808,763493
DA:1817,763493
DA:1818,27439
DA:1820,15434
DA:1823,15434
DA:1824,0
DA:1828,15434
DA:1831,748059
DA:1832,0
DA:1842,0
DA:1843,0
DA:1845,0
DA:1846,0
DA:1848,0
DA:1849,0
DA:1851,0
DA:1871,0
DA:1872,0
DA:1873,0
DA:1877,0
DA:1879,0
DA:1881,0
DA:1882,0
DA:1884,0
DA:1900,748059
DA:1903,44246
DA:1905,178592
DA:1907,134346
DA:1908,0
DA:1910,134346
DA:1912,2670
DA:1915,0
DA:1916,0
DA:1918,0
DA:1919,0
DA:1924,0
DA:1925,0
DA:1927,0
DA:1930,44246
DA:1931,0
DA:1942,748059
DA:1943,680278
DA:1945,294511
DA:1946,0
DA:1947,0
DA:1951,0
DA:1955,294511
DA:1957,134515
DA:1960,159996
DA:1961,0
DA:1962,0
DA:1963,0
DA:1966,159996
DA:1976,453548
DA:1977,3986
DA:1978,3986
DA:1984,3986
DA:1986,3986
DA:1987,3986
DA:1994,449562
DA:2007,435446
DA:2009,435446
DA:2010,44237
DA:2016,44237
DA:2017,15105
DA:2018,9883
DA:2021,44237
DA:2028,391209
DA:2029,391209
DA:2041,14116
DA:2043,14116
DA:2044,5545
DA:2045,5545
DA:2046,0
DA:2063,14116
DA:2064,14116
DA:2066,6355
DA:2069,14116
DA:2075,255728
DA:2076,255728
DA:2080,143547
DA:2087,143547
DA:2089,143547
DA:2090,143547
DA:2091,824
DA:2094,824
DA:2097,142723
DA:2098,1174
DA:2099,0
DA:2104,1174
DA:2107,725101
DA:2110,583552
DA:2111,583552
DA:2112,583552
DA:2115,583552
DA:2116,583552
DA:2118,583552
DA:2119,583552
DA:2120,0
DA:2121,0
DA:2122,0
DA:2125,583552
DA:2127,583552
DA:2128,393105
DA:2129,393105
DA:2132,583552
DA:2133,583552
DA:2136,141549
DA:2139,6097340
DA:2146,6097340
DA:2152,6097340
DA:2153,6097340
DA:2154,6097340
DA:2155,6097340
DA:2156,6097340
DA:2158,6097340
DA:2160,6097340
DA:2161,2966687
DA:2162,0
DA:2164,2966687
DA:2166,3130653
DA:2167,0
DA:2171,0
DA:2176,3130653
DA:2177,3130653
DA:2179,3130653
DA:2208,3130653
DA:2210,3130653
DA:2212,3130653
DA:2213,0
DA:2217,0
DA:2220,3130653
DA:2221,0
DA:2224,3130653
DA:2228,9637
DA:2236,9637
DA:2237,821
DA:2238,9113
DA:2245,524
DA:2247,475
DA:2249,49
DA:2251,0
DA:2252,0
DA:2253,0
DA:2255,0
DA:2256,0
DA:2257,0
DA:2258,0
DA:2260,0
DA:2261,0
DA:2262,0
DA:2264,0
DA:2267,0
DA:2271,49
DA:2272,0
DA:2274,49
DA:2277,3119779
DA:2281,3119779
DA:2282,3107473
DA:2284,12306
DA:2290,3107473
DA:2295,3107473
DA:2296,2610818
DA:2297,496655
DA:2300,2610818
DA:2301,0
DA:2302,0
DA:2304,2610818
DA:2306,2610818
DA:2307,2610818
DA:2309,2610818
DA:2310,2610818
DA:2312,0
DA:2317,160275
DA:2321,160275
DA:2323,460950
DA:2324,300675
DA:2325,300675
DA:2326,300675
DA:2327,0
DA:2328,0
DA:2330,0
DA:2332,300675
DA:2333,300675
DA:2334,300675
DA:2336,160275
DA:2337,0
DA:2338,0
DA:2340,0
DA:2342,160275
DA:2347,1548864
DA:2352,1548864
DA:2353,1548864
DA:2354,0
DA:2355,0
DA:2358,0
DA:2360,1548864
DA:2361,293834
DA:2366,293834
DA:2367,293834
DA:2373,293834
DA:2374,0
DA:2376,293834
DA:2377,133559
DA:2379,160275
DA:2381,160275
DA:2382,160275
DA:2384,160275
DA:2385,160275
DA:2387,0
DA:2392,0
DA:2393,0
DA:2394,0
DA:2396,0
DA:2397,0
DA:2403,1255030
DA:2418,1255030
DA:2419,1255030
DA:2420,0
DA:2421,0
DA:2422,0
DA:2424,0
DA:2426,1415305
DA:2427,0
DA:2429,1415305
DA:2436,483387
DA:2443,483387
DA:2445,2032251
DA:2447,1548864
DA:2448,0
DA:2449,0
DA:2452,0
DA:2455,1548864
DA:2456,1548864
DA:2457,0
DA:2458,0
DA:2461,0
DA:2463,1548864
DA:2465,751724
DA:2466,0
DA:2467,0
DA:2470,0
DA:2472,751724
DA:2474,751724
DA:2478,797140
DA:2479,0
DA:2480,0
DA:2484,0
DA:2486,797140
DA:2487,0
DA:2488,0
DA:2490,0
DA:2492,797140
DA:2493,797140
DA:2495,1548864
DA:2498,483387
DA:2499,0
DA:2500,0
DA:2503,0
DA:2505,483387
DA:2509,3130653
DA:2517,3130653
DA:2518,0
DA:2519,0
DA:2521,0
DA:2528,3130653
DA:2529,0
DA:2530,0
DA:2532,0
DA:2534,3130653
DA:2535,3130653
DA:2536,3130653
DA:2538,0
DA:2539,0
DA:2540,0
DA:2543,0
DA:2545,0
DA:2547,3130653
DA:2548,0
DA:2549,0
DA:2553,0
DA:2557,3130653
DA:2558,3130653
DA:2559,3130653
DA:2560,0
DA:2561,0
DA:2565,0
DA:2567,3130653
DA:2568,2620480
DA:2572,2620480
DA:2573,2620480
DA:2575,2620480
DA:2576,2620480
DA:2577,66468
DA:2581,66468
DA:2585,66468
DA:2588,66468
DA:2589,26786
DA:2592,26786
DA:2593,26786
DA:2595,26786
DA:2596,26786
DA:2597,272510
DA:2601,272510
DA:2603,272510
DA:2606,272510
DA:2610,272510
DA:2611,144409
DA:2614,144409
DA:2617,144409
DA:2620,144409
DA:2621,0
DA:2622,0
DA:2623,0
DA:2625,0
DA:2627,3130653
DA:2628,0
DA:2630,3130653
DA:2634,3119779
DA:2638,3119779
DA:2639,12306
DA:2642,12306
DA:2646,3107473
DA:2647,0
DA:2651,0
DA:2656,3107473
DA:2657,0
DA:2659,3107473
DA:2667,6097340
DA:2676,6097340
DA:2678,6097340
DA:2679,6097340
DA:2680,6097340
DA:2681,2966687
DA:2689,3130653
DA:2694,3130653
DA:2701,0
DA:2703,0
DA:2704,0
DA:2705,0
DA:2706,0
DA:2707,0
DA:2711,0
DA:2715,3130653
DA:2722,0
DA:2726,3130653
DA:2727,0
DA:2728,0
DA:2732,0
DA:2736,3130653
DA:2737,0
DA:2738,0
DA:2742,0
DA:2749,0
DA:2751,3130653
DA:2753,3130653
DA:2754,3130653
DA:2755,6261306
DA:2756,3130653
DA:2757,0
DA:2761,3130653
DA:2767,3130653
DA:2768,0
DA:2770,0
DA:2771,0
DA:2774,0
DA:2786,3130653
DA:2787,1210
DA:2788,0
DA:2793,1210
DA:2798,2
DA:2799,2
DA:2801,1210
DA:2809,3129443
DA:2810,5513
DA:2812,5513
DA:2813,0
DA:2816,5513
DA:2818,3123930
DA:2819,1675018
DA:2820,4124
DA:2821,4124
DA:2822,4124
DA:2825,4124
DA:2833,3119806
DA:2834,0
DA:2835,0
DA:2838,0
DA:2839,3119806
DA:2840,0
DA:2846,0
DA:2847,0
DA:2848,0
DA:2849,0
DA:2850,0
DA:2851,0
DA:2852,0
DA:2862,3119806
DA:2863,39932
DA:2864,27
DA:2870,27
DA:2871,27
DA:2872,27
DA:2876,3119779
DA:2877,3119779
DA:2878,12306
DA:2879,0
DA:2882,12306
DA:2886,3107473
DA:2887,0
DA:2888,0
DA:2890,0
DA:2893,0
DA:2896,0
DA:2897,0
DA:2899,0
DA:2900,0
DA:2904,3107473
DA:2907,3107473
DA:2911,3107473
DA:2912,2599853
DA:2913,2599853
DA:2914,2599853
DA:2915,66356
DA:2916,66356
DA:2917,66356
DA:2918,26649
DA:2919,26649
DA:2920,26649
DA:2921,271068
DA:2922,271068
DA:2923,271068
DA:2924,143547
DA:2925,143547
DA:2926,143547
DA:2927,0
DA:2928,0
DA:2932,0
DA:2935,3107473
DA:2939,2975113
DA:2942,2975113
DA:2946,2975113
DA:2949,2975113
DA:2951,6105766
DA:2952,6097340
DA:2953,6097340
DA:2954,6097340
DA:2955,2966687
DA:2956,2966687
DA:2957,3130653
DA:2958,3130653
DA:2964,3573711
DA:2969,3573711
DA:2971,3573711
DA:2972,3573711
DA:2974,3573711
DA:2976,3573711
DA:2977,3573711
DA:2978,3573711
DA:2980,3573711
DA:2982,3573711
DA:2983,3573711
DA:2986,3553136
DA:2991,3553136
DA:2994,3553136
DA:2997,3553136
DA:2998,3553136
DA:3000,0
DA:3003,3553136
DA:3004,3553136
DA:3005,3553136
DA:3006,3553136
DA:3008,3112192
DA:3012,3112192
DA:3015,3112192
DA:3018,3112192
DA:3019,0
DA:3020,3112192
DA:3021,3112192
DA:3023,0
DA:3024,3112192
DA:3027,3112192
DA:3028,93
DA:3030,3112099
DA:3035,3112192
DA:3036,0
DA:3037,3112192
DA:3038,0
DA:3040,3112192
DA:3041,0
DA:3045,3112192
DA:3048,3112192
DA:3051,3112192
DA:3054,3112192
DA:3056,3112192
DA:3059,3112192
DA:3062,11523672
DA:3063,8411480
DA:3065,8411480
DA:3066,2649644
DA:3069,5761836
DA:3070,0
DA:3073,5761836
DA:3074,0
DA:3077,5761836
DA:3078,0
DA:3080,5761836
DA:3081,3112192
DA:3083,4851286
DA:3084,2908302
DA:3085,706660
DA:3086,2822
DA:3090,2649644
DA:3091,0
DA:3094,0
DA:3097,2649644
DA:3098,2649644
DA:3102,3112192
DA:3103,2698
DA:3105,3112192
DA:3108,65877
DA:3112,65877
DA:3119,65877
DA:3120,0
DA:3122,65877
DA:3125,65877
DA:3126,65877
DA:3127,0
DA:3128,0
DA:3129,65877
DA:3130,0
DA:3131,65877
DA:3134,65877
DA:3135,65877
DA:3138,65877
DA:3141,65877
DA:3142,40521
DA:3145,25356
DA:3147,304272
DA:3148,278916
DA:3151,537910
DA:3152,258994
DA:3153,158456
DA:3154,0
DA:3158,0
DA:3159,0
DA:3162,158456
DA:3167,158456
DA:3168,158456
DA:3169,0
DA:3172,158456
DA:3173,158456
DA:3174,158456
DA:3178,158456
DA:3180,158456
DA:3183,158456
DA:3184,158456
DA:3188,158456
DA:3193,25356
DA:3194,25356
DA:3195,65877
DA:3196,38752
DA:3198,38752
DA:3200,27125
DA:3203,65877
DA:3206,78930
DA:3212,78930
DA:3222,78930
DA:3223,0
DA:3225,78930
DA:3226,78930
DA:3227,78930
DA:3229,78930
DA:3230,78930
DA:3232,78930
DA:3233,78930
DA:3236,47541
DA:3239,47541
DA:3240,47541
DA:3246,47541
DA:3248,570492
DA:3249,522951
DA:3250,635253
DA:3251,112302
DA:3252,78930
DA:3255,0
DA:3256,0
DA:3259,47541
DA:3262,646278
DA:3266,646278
DA:3268,646278
DA:3271,213840
DA:3276,213840
DA:3278,213840
DA:3280,213840
DA:3282,213840
DA:3283,0
DA:3285,213840
DA:3286,213840
DA:3287,213840
DA:3290,213840
DA:3292,860118
DA:3296,646279
DA:3297,646279
DA:3299,646279
DA:3300,0
DA:3304,646279
DA:3306,1
DA:3309,1292556
DA:3310,646278
DA:3313,646278
DA:3318,646278
DA:3319,646278
DA:3320,646278
DA:3322,646278
DA:3323,646278
DA:3325,646278
DA:3326,646278
DA:3330,213840
DA:3332,213840
DA:3333,0
DA:3334,213840
DA:3337,134261
DA:3343,134261
DA:3345,134261
DA:3351,134261
DA:3352,109702
DA:3353,109702
DA:3354,109702
DA:3355,109702
DA:3358,674705
DA:3359,542417
DA:3360,542417
DA:3362,542417
DA:3363,418498
DA:3364,1970
DA:3374,540447
DA:3375,3
DA:3377,540444
DA:3378,540444
DA:3380,540444
DA:3381,539344
DA:3382,539344
DA:3383,539344
DA:3387,134261
DA:3395,218
DA:3399,218
DA:3401,1134
DA:3402,916
DA:3403,916
DA:3404,916
DA:3405,0
DA:3407,916
DA:3408,916
DA:3409,916
DA:3410,916
DA:3412,218
DA:3414,3112609
DA:3417,3112609
DA:3420,3112609
DA:3421,417
DA:3422,0
DA:3426,417
DA:3429,3112192
DA:3432,3112192
DA:3435,3112192
DA:3436,3112192
DA:3438,0
DA:3439,0
DA:3443,3112192
DA:3446,3112192
DA:3448,3112192
DA:3450,3112192
DA:3451,0
DA:3452,0
DA:3461,3112192
DA:3464,3112192
DA:3467,0
DA:3471,0
DA:3472,0
DA:3475,0
DA:3476,0
DA:3478,0
DA:3479,0
DA:3481,0
DA:3482,0
DA:3483,0
DA:3485,0
DA:3486,0
DA:3487,0
DA:3489,0
DA:3490,0
DA:3491,0
DA:3493,0
DA:3496,0
DA:3500,0
DA:3501,0
DA:3503,0
DA:3504,0
DA:3507,0
DA:3509,0
DA:3510,0
DA:3512,0
DA:3515,0
DA:3519,0
DA:3520,0
DA:3522,0
DA:3523,0
DA:3526,0
DA:3527,0
DA:3530,3457912
DA:3533,3457912
DA:3534,331756
DA:3536,3148832
DA:3540,63616
DA:3541,40940
DA:3542,40940
DA:3543,9132
DA:3545,31808
DA:3546,22676
DA:3548,9132
DA:3549,0
DA:3555,9132
DA:3556,0
DA:3566,9132
DA:3567,4
DA:3568,4
DA:3569,2
DA:3571,2
DA:3581,9130
DA:3582,1
DA:3583,1
DA:3587,9129
DA:3593,3103480
DA:3594,0
DA:3596,3103480
DA:3601,65877
DA:3605,65877
DA:3607,65877
DA:3608,65877
DA:3611,65877
DA:3614,65877
DA:3617,65877
DA:3620,65877
DA:3623,65877
DA:3624,8142
DA:3626,57735
DA:3629,65877
DA:3632,65877
DA:3636,65877
DA:3637,51755
DA:3638,65877
DA:3639,65877
DA:3640,65877
DA:3641,0
DA:3645,65877
DA:3648,807
DA:3652,807
DA:3655,807
DA:3658,807
DA:3659,807
DA:3660,0
DA:3664,807
DA:3667,47541
DA:3671,47541
DA:3673,47541
DA:3674,47541
DA:3677,47541
DA:3680,47541
DA:3681,47541
DA:3682,20575
DA:3683,20575
DA:3687,26966
DA:3690,26966
DA:3693,26966
DA:3694,3416
DA:3696,23550
DA:3699,26966
DA:3702,26966
DA:3705,26966
DA:3709,460912
DA:3714,460912
DA:3716,460912
DA:3720,460912
DA:3721,4602
DA:3723,456310
DA:3725,460912
DA:3726,460912
DA:3735,213840
DA:3743,213840
DA:3744,213840
DA:3746,213840
DA:3747,213840
DA:3748,0
DA:3749,0
DA:3753,0
DA:3756,0
DA:3757,0
DA:3768,0
DA:3769,0
DA:3770,0
DA:3772,213840
DA:3774,213840
DA:3775,0
DA:3780,0
DA:3781,0
DA:3799,213840
DA:3802,213858
DA:3806,213858
DA:3808,213858
DA:3809,0
DA:3813,213858
DA:3814,18
DA:3816,213840
DA:3819,213840
DA:3824,213840
DA:3827,213840
DA:3830,213840
DA:3833,213840
DA:3834,42234
DA:3836,171606
DA:3839,213840
DA:3841,213840
DA:3844,4602
DA:3845,4602
DA:3846,4600
DA:3847,4600
DA:3849,4602
DA:3865,4602
DA:3866,4602
DA:3869,209238
DA:3873,202378
DA:3875,202378
DA:3879,202378
DA:3881,202378
DA:3883,202378
DA:3884,0
DA:3886,436242
DA:3887,233864
DA:3889,233864
DA:3890,24626
DA:3892,209238
DA:3894,209238
DA:3897,209238
DA:3898,209237
DA:3899,209237
DA:3901,1
DA:3904,202378
DA:3905,1
DA:3906,0
DA:3909,1
DA:3910,1
DA:3914,202378
DA:3915,0
DA:3916,202378
DA:3918,536492
DA:3927,536492
DA:3929,536492
DA:3930,536492
DA:3933,536492
DA:3934,0
DA:3935,536492
DA:3936,139022
DA:3937,397470
DA:3938,75238
DA:3939,322232
DA:3940,272197
DA:3941,50035
DA:3942,0
DA:3944,50035
DA:3946,536492
DA:3947,5472
DA:3948,0
DA:3950,5472
DA:3951,0
DA:3955,536492
DA:3957,536492
DA:3958,211024
DA:3960,325468
DA:3962,1185971
DA:3963,649479
DA:3964,649479
DA:3965,536492
DA:3969,9606
DA:3970,5004
DA:3972,5004
DA:3973,384
DA:3975,4620
DA:3977,4620
DA:3981,531890
DA:3983,536492
DA:3985,134261
DA:3992,134261
DA:3994,134261
DA:3997,134261
DA:4002,134261
DA:4003,109702
DA:4004,109702
DA:4006,24559
DA:4009,134261
DA:4013,134261
DA:4016,134261
DA:4019,134261
DA:4022,134261
DA:4023,134261
DA:4025,107730
DA:4027,107730
DA:4028,107730
DA:4030,107730
DA:4032,217432
DA:4033,109702
DA:4034,107730
DA:4036,416526
DA:4039,416526
DA:4041,416526
DA:4042,0
DA:4057,416526
DA:4061,0
DA:4062,0
DA:4063,0
DA:4064,0
DA:4065,0
DA:4066,0
DA:4067,0
DA:4068,0
DA:4069,0
DA:4070,0
DA:4071,0
DA:4072,0
DA:4080,0
DA:4085,416526
DA:4086,0
DA:4087,0
DA:4091,416526
DA:4100,416526
DA:4101,327821
DA:4102,0
DA:4103,88705
DA:4104,88705
DA:4106,327821
DA:4107,327821
DA:4109,416526
DA:4110,416526
DA:4112,416526
DA:4113,107730
DA:4118,24513
DA:4127,24731
DA:4131,436
DA:4132,994
DA:4133,776
DA:4135,776
DA:4136,279
DA:4138,497
DA:4139,279
DA:4140,263
DA:4146,218
DA:4149,24295
DA:4150,0
DA:4151,24295
DA:4152,13691
DA:4153,10604
DA:4154,6072
DA:4155,4532
DA:4156,0
DA:4158,4532
DA:4160,48591
DA:4161,24296
DA:4164,24513
DA:4176,323518
DA:4178,323518
DA:4179,0
DA:4181,323518
end_of_record
TN:
SF:/home/frr/frr/ospfd/ospf_memory.c
FN:13,_mginit_OSPFD
FNDA:2326,_mginit_OSPFD
FN:13,_mgfini_OSPFD
FNDA:4652,_mgfini_OSPFD
FN:14,_mtinit_OSPF_TOP
FNDA:2326,_mtinit_OSPF_TOP
FN:14,_mtfini_OSPF_TOP
FNDA:4652,_mtfini_OSPF_TOP
FN:15,_mtinit_OSPF_AREA
FNDA:2326,_mtinit_OSPF_AREA
FN:15,_mtfini_OSPF_AREA
FNDA:4652,_mtfini_OSPF_AREA
FN:16,_mtfini_OSPF_AREA_RANGE
FNDA:4652,_mtfini_OSPF_AREA_RANGE
FN:16,_mtinit_OSPF_AREA_RANGE
FNDA:2326,_mtinit_OSPF_AREA_RANGE
FN:17,_mtinit_OSPF_NETWORK
FNDA:2326,_mtinit_OSPF_NETWORK
FN:17,_mtfini_OSPF_NETWORK
FNDA:4652,_mtfini_OSPF_NETWORK
FN:18,_mtinit_OSPF_NEIGHBOR_STATIC
FNDA:2326,_mtinit_OSPF_NEIGHBOR_STATIC
FN:18,_mtfini_OSPF_NEIGHBOR_STATIC
FNDA:4652,_mtfini_OSPF_NEIGHBOR_STATIC
FN:19,_mtinit_OSPF_IF
FNDA:2326,_mtinit_OSPF_IF
FN:19,_mtfini_OSPF_IF
FNDA:4652,_mtfini_OSPF_IF
FN:20,_mtinit_OSPF_NEIGHBOR
FNDA:2326,_mtinit_OSPF_NEIGHBOR
FN:20,_mtfini_OSPF_NEIGHBOR
FNDA:4652,_mtfini_OSPF_NEIGHBOR
FN:21,_mtfini_OSPF_ROUTE
FNDA:4652,_mtfini_OSPF_ROUTE
FN:21,_mtinit_OSPF_ROUTE
FNDA:2326,_mtinit_OSPF_ROUTE
FN:22,_mtinit_OSPF_TMP
FNDA:2326,_mtinit_OSPF_TMP
FN:22,_mtfini_OSPF_TMP
FNDA:4652,_mtfini_OSPF_TMP
FN:23,_mtinit_OSPF_LSA
FNDA:2326,_mtinit_OSPF_LSA
FN:23,_mtfini_OSPF_LSA
FNDA:4652,_mtfini_OSPF_LSA
FN:24,_mtinit_OSPF_LSA_DATA
FNDA:2326,_mtinit_OSPF_LSA_DATA
FN:24,_mtfini_OSPF_LSA_DATA
FNDA:4652,_mtfini_OSPF_LSA_DATA
FN:25,_mtfini_OSPF_LSDB
FNDA:4652,_mtfini_OSPF_LSDB
FN:25,_mtinit_OSPF_LSDB
FNDA:2326,_mtinit_OSPF_LSDB
FN:26,_mtinit_OSPF_PACKET
FNDA:2326,_mtinit_OSPF_PACKET
FN:26,_mtfini_OSPF_PACKET
FNDA:4652,_mtfini_OSPF_PACKET
FN:27,_mtinit_OSPF_FIFO
FNDA:2326,_mtinit_OSPF_FIFO
FN:27,_mtfini_OSPF_FIFO
FNDA:4652,_mtfini_OSPF_FIFO
FN:28,_mtinit_OSPF_VERTEX
FNDA:2326,_mtinit_OSPF_VERTEX
FN:28,_mtfini_OSPF_VERTEX
FNDA:4652,_mtfini_OSPF_VERTEX
FN:29,_mtinit_OSPF_VERTEX_PARENT
FNDA:2326,_mtinit_OSPF_VERTEX_PARENT
FN:29,_mtfini_OSPF_VERTEX_PARENT
FNDA:4652,_mtfini_OSPF_VERTEX_PARENT
FN:30,_mtfini_OSPF_NEXTHOP
FNDA:4652,_mtfini_OSPF_NEXTHOP
FN:30,_mtinit_OSPF_NEXTHOP
FNDA:2326,_mtinit_OSPF_NEXTHOP
FN:31,_mtinit_OSPF_PATH
FNDA:2326,_mtinit_OSPF_PATH
FN:31,_mtfini_OSPF_PATH
FNDA:4652,_mtfini_OSPF_PATH
FN:32,_mtinit_OSPF_VL_DATA
FNDA:2326,_mtinit_OSPF_VL_DATA
FN:32,_mtfini_OSPF_VL_DATA
FNDA:4652,_mtfini_OSPF_VL_DATA
FN:33,_mtinit_OSPF_CRYPT_KEY
FNDA:2326,_mtinit_OSPF_CRYPT_KEY
FN:33,_mtfini_OSPF_CRYPT_KEY
FNDA:4652,_mtfini_OSPF_CRYPT_KEY
FN:34,_mtinit_OSPF_EXTERNAL_INFO
FNDA:2326,_mtinit_OSPF_EXTERNAL_INFO
FN:34,_mtfini_OSPF_EXTERNAL_INFO
FNDA:4652,_mtfini_OSPF_EXTERNAL_INFO
FN:35,_mtfini_OSPF_DISTANCE
FNDA:4652,_mtfini_OSPF_DISTANCE
FN:35,_mtinit_OSPF_DISTANCE
FNDA:2326,_mtinit_OSPF_DISTANCE
FN:36,_mtinit_OSPF_IF_INFO
FNDA:2326,_mtinit_OSPF_IF_INFO
FN:36,_mtfini_OSPF_IF_INFO
FNDA:4652,_mtfini_OSPF_IF_INFO
FN:37,_mtinit_OSPF_IF_PARAMS
FNDA:2326,_mtinit_OSPF_IF_PARAMS
FN:37,_mtfini_OSPF_IF_PARAMS
FNDA:4652,_mtfini_OSPF_IF_PARAMS
FN:38,_mtinit_OSPF_MESSAGE
FNDA:2326,_mtinit_OSPF_MESSAGE
FN:38,_mtfini_OSPF_MESSAGE
FNDA:4652,_mtfini_OSPF_MESSAGE
FN:39,_mtinit_OSPF_MPLS_TE
FNDA:2326,_mtinit_OSPF_MPLS_TE
FN:39,_mtfini_OSPF_MPLS_TE
FNDA:4652,_mtfini_OSPF_MPLS_TE
FN:40,_mtinit_OSPF_ROUTER_INFO
FNDA:2326,_mtinit_OSPF_ROUTER_INFO
FN:40,_mtfini_OSPF_ROUTER_INFO
FNDA:4652,_mtfini_OSPF_ROUTER_INFO
FN:41,_mtinit_OSPF_PCE_PARAMS
FNDA:2326,_mtinit_OSPF_PCE_PARAMS
FN:41,_mtfini_OSPF_PCE_PARAMS
FNDA:4652,_mtfini_OSPF_PCE_PARAMS
FN:42,_mtinit_OSPF_EXT_PARAMS
FNDA:2326,_mtinit_OSPF_EXT_PARAMS
FN:42,_mtfini_OSPF_EXT_PARAMS
FNDA:4652,_mtfini_OSPF_EXT_PARAMS
FN:43,_mtinit_OSPF_SR_PARAMS
FNDA:2326,_mtinit_OSPF_SR_PARAMS
FN:43,_mtfini_OSPF_SR_PARAMS
FNDA:4652,_mtfini_OSPF_SR_PARAMS
FN:44,_mtinit_OSPF_GR_HELPER
FNDA:2326,_mtinit_OSPF_GR_HELPER
FN:44,_mtfini_OSPF_GR_HELPER
FNDA:4652,_mtfini_OSPF_GR_HELPER
FN:45,_mtinit_OSPF_EXTERNAL_RT_AGGR
FNDA:2326,_mtinit_OSPF_EXTERNAL_RT_AGGR
FN:45,_mtfini_OSPF_EXTERNAL_RT_AGGR
FNDA:4652,_mtfini_OSPF_EXTERNAL_RT_AGGR
FN:46,_mtinit_OSPF_P_SPACE
FNDA:2326,_mtinit_OSPF_P_SPACE
FN:46,_mtfini_OSPF_P_SPACE
FNDA:4652,_mtfini_OSPF_P_SPACE
FN:47,_mtinit_OSPF_Q_SPACE
FNDA:2326,_mtinit_OSPF_Q_SPACE
FN:47,_mtfini_OSPF_Q_SPACE
FNDA:4652,_mtfini_OSPF_Q_SPACE
FN:48,_mtinit_OSPF_LSA_LIST
FNDA:2326,_mtinit_OSPF_LSA_LIST
FN:48,_mtfini_OSPF_LSA_LIST
FNDA:4652,_mtfini_OSPF_LSA_LIST
FN:49,_mtfini_OSPF_LSDB_NODE
FNDA:4652,_mtfini_OSPF_LSDB_NODE
FN:49,_mtinit_OSPF_LSDB_NODE
FNDA:2326,_mtinit_OSPF_LSDB_NODE
DA:13,4652
DA:13,2326
DA:14,4652
DA:14,2326
DA:15,4652
DA:15,2326
DA:16,4652
DA:16,2326
DA:17,4652
DA:17,2326
DA:18,4652
DA:18,2326
DA:19,4652
DA:19,2326
DA:20,4652
DA:20,2326
DA:21,4652
DA:21,2326
DA:22,4652
DA:22,2326
DA:23,4652
DA:23,2326
DA:24,4652
DA:24,2326
DA:25,4652
DA:25,2326
DA:26,4652
DA:26,2326
DA:27,4652
DA:27,2326
DA:28,4652
DA:28,2326
DA:29,4652
DA:29,2326
DA:30,4652
DA:30,2326
DA:31,4652
DA:31,2326
DA:32,4652
DA:32,2326
DA:33,4652
DA:33,2326
DA:34,4652
DA:34,2326
DA:35,4652
DA:35,2326
DA:36,4652
DA:36,2326
DA:37,4652
DA:37,2326
DA:38,4652
DA:38,2326
DA:39,4652
DA:39,2326
DA:40,4652
DA:40,2326
DA:41,4652
DA:41,2326
DA:42,4652
DA:42,2326
DA:43,4652
DA:43,2326
DA:44,4652
DA:44,2326
DA:45,4652
DA:45,2326
DA:46,4652
DA:46,2326
DA:47,4652
DA:47,2326
DA:48,4652
DA:48,2326
DA:49,4652
DA:49,2326
end_of_record
TN:
SF:/home/frr/frr/ospfd/ospf_flood.h
FN:41,ospf_lsa_list_init
FNDA:71706,ospf_lsa_list_init
DA:41,71706
end_of_record
SF:/home/frr/frr/lib/prefix.h
FN:339,ipv4_addr_same
FNDA:4658128,ipv4_addr_same
DA:339,4658128
DA:342,4658128
end_of_record
SF:/home/frr/frr/ospfd/ospf_neighbor.c
FN:39,ospf_nbr_key
FNDA:127347,ospf_nbr_key
FN:54,ospf_nbr_new
FNDA:71706,ospf_nbr_new
FN:100,ospf_nbr_free
FNDA:71706,ospf_nbr_free
FN:147,ospf_nbr_delete
FNDA:71706,ospf_nbr_delete
FN:211,ospf_nbr_bidirectional
FNDA:2599276,ospf_nbr_bidirectional
FN:227,ospf_nbr_self_reset
FNDA:55641,ospf_nbr_self_reset
FN:237,ospf_nbr_add_self
FNDA:55641,ospf_nbr_add_self
FN:282,ospf_nbr_count
FNDA:170081,ospf_nbr_count
FN:298,ospf_nbr_count_opaque_capable
FNDA:0,ospf_nbr_count_opaque_capable
FN:320,ospf_nbr_lookup_by_addr
FNDA:584886,ospf_nbr_lookup_by_addr
FN:349,ospf_nbr_lookup_by_routerid
FNDA:97486,ospf_nbr_lookup_by_routerid
FN:365,ospf_renegotiate_optional_capabilities
FNDA:0,ospf_renegotiate_optional_capabilities
FN:411,ospf_nbr_lookup
FNDA:507620,ospf_nbr_lookup
FN:424,ospf_nbr_add
FNDA:16065,ospf_nbr_add
FN:467,ospf_nbr_get
FNDA:2599842,ospf_nbr_get
DA:39,127347
DA:42,127347
DA:43,127347
DA:46,127347
DA:47,127347
DA:48,19105
DA:50,108242
DA:51,127347
DA:54,71706
DA:59,71706
DA:62,71706
DA:65,71706
DA:68,71706
DA:69,71706
DA:70,71706
DA:71,71706
DA:72,71706
DA:75,71706
DA:78,71706
DA:80,71706
DA:82,71706
DA:84,71706
DA:85,71706
DA:86,71706
DA:88,71706
DA:91,71706
DA:92,71706
DA:93,71706
DA:94,71706
DA:95,71706
DA:97,71706
DA:100,71706
DA:103,71706
DA:104,0
DA:108,71706
DA:109,0
DA:112,71706
DA:113,0
DA:116,71706
DA:117,71706
DA:118,71706
DA:121,71706
DA:122,14122
DA:124,71706
DA:125,0
DA:126,0
DA:130,71706
DA:131,71706
DA:132,71706
DA:133,71706
DA:136,71706
DA:138,71706
DA:140,71706
DA:142,71706
DA:143,71706
DA:144,71706
DA:147,71706
DA:153,71706
DA:156,71706
DA:158,71706
DA:159,71706
DA:167,70016
DA:169,70016
DA:170,70016
DA:171,70016
DA:173,0
DA:176,70016
DA:185,1690
DA:186,1690
DA:187,801
DA:189,889
DA:191,1690
DA:192,1690
DA:197,1690
DA:199,1690
DA:200,1690
DA:202,1690
DA:207,71706
DA:208,71706
DA:211,2599276
DA:217,2599276
DA:219,4226596
DA:220,4215524
DA:221,2588204
DA:223,11072
DA:227,55641
DA:229,55641
DA:230,36870
DA:232,55641
DA:233,55641
DA:234,55641
DA:237,55641
DA:242,55641
DA:243,0
DA:246,55641
DA:247,55641
DA:248,55641
DA:249,55641
DA:250,55641
DA:252,55641
DA:253,55641
DA:254,55641
DA:255,55641
DA:256,0
DA:257,0
DA:258,0
DA:259,0
DA:260,0
DA:261,0
DA:262,0
DA:266,55641
DA:268,55641
DA:269,55641
DA:271,0
DA:272,0
DA:275,0
DA:277,55641
DA:278,55641
DA:282,170081
DA:286,170081
DA:288,596064
DA:289,425983
DA:290,298032
DA:292,127951
DA:293,99088
DA:295,170081
DA:298,0
DA:302,0
DA:304,0
DA:305,0
DA:306,0
DA:308,0
DA:309,0
DA:311,0
DA:313,0
DA:320,584886
DA:327,584886
DA:328,584886
DA:329,584886
DA:331,584886
DA:332,584886
DA:333,21453
DA:336,563433
DA:338,563433
DA:339,0
DA:340,0
DA:343,563433
DA:344,563433
DA:346,563433
DA:349,97486
DA:355,242058
DA:356,241817
DA:357,144572
DA:358,97245
DA:359,97245
DA:362,241
DA:365,0
DA:372,0
DA:375,0
DA:381,0
DA:384,0
DA:385,0
DA:386,0
DA:388,0
DA:389,0
DA:390,0
DA:392,0
DA:393,0
DA:395,0
DA:396,0
DA:400,0
DA:405,0
DA:407,0
DA:411,507620
DA:414,507620
DA:416,507620
DA:417,507620
DA:418,74335
DA:421,433285
DA:424,16065
DA:430,16065
DA:431,16065
DA:432,16065
DA:433,16065
DA:435,16065
DA:436,16065
DA:440,566
DA:441,0
DA:442,0
DA:443,0
DA:445,0
DA:446,0
DA:448,0
DA:454,16065
DA:455,0
DA:458,16065
DA:460,16065
DA:461,0
DA:464,16065
DA:467,2599842
DA:475,2599842
DA:476,2599842
DA:478,2599842
DA:479,2599842
DA:480,422320
DA:483,2177522
DA:485,2599842
DA:486,2599842
DA:487,2583777
DA:488,2583777
DA:490,2583777
DA:491,0
DA:492,0
DA:495,16065
DA:498,2599842
DA:500,2599842
end_of_record
SF:/home/frr/frr/lib/zlog.h
FN:78,zlog_ref
FNDA:0,zlog_ref
DA:78,0
DA:83,0
DA:84,0
DA:85,0
DA:86,0
end_of_record
SF:/home/frr/frr/lib/table.h
FN:233,route_unlock_node
FNDA:3387867,route_unlock_node
FN:242,route_node_get_lock_count
FNDA:0,route_node_get_lock_count
DA:233,3387867
DA:235,3387867
DA:236,3387867
DA:238,3387867
DA:239,58726
DA:240,3387867
DA:242,0
DA:244,0
end_of_record
TN:
SF:/home/frr/frr/ospfd/ospf_routemap.c
FN:32,ospf_route_map_update
FNDA:0,ospf_route_map_update
FN:81,ospf_route_map_event
FNDA:0,ospf_route_map_event
FN:111,route_match_ip_nexthop
FNDA:0,route_match_ip_nexthop
FN:136,route_match_ip_nexthop_compile
FNDA:0,route_match_ip_nexthop_compile
FN:142,route_match_ip_nexthop_free
FNDA:0,route_match_ip_nexthop_free
FN:158,route_match_ip_next_hop_prefix_list
FNDA:0,route_match_ip_next_hop_prefix_list
FN:182,route_match_ip_next_hop_prefix_list_compile
FNDA:0,route_match_ip_next_hop_prefix_list_compile
FN:187,route_match_ip_next_hop_prefix_list_free
FNDA:0,route_match_ip_next_hop_prefix_list_free
FN:203,route_match_ip_next_hop_type
FNDA:0,route_match_ip_next_hop_type
FN:219,route_match_ip_next_hop_type_compile
FNDA:0,route_match_ip_next_hop_type_compile
FN:224,route_match_ip_next_hop_type_free
FNDA:0,route_match_ip_next_hop_type_free
FN:241,route_match_ip_address
FNDA:0,route_match_ip_address
FN:261,route_match_ip_address_compile
FNDA:0,route_match_ip_address_compile
FN:267,route_match_ip_address_free
FNDA:0,route_match_ip_address_free
FN:282,route_match_ip_address_prefix_list
FNDA:0,route_match_ip_address_prefix_list
FN:301,route_match_ip_address_prefix_list_compile
FNDA:0,route_match_ip_address_prefix_list_compile
FN:306,route_match_ip_address_prefix_list_free
FNDA:0,route_match_ip_address_prefix_list_free
FN:323,route_match_interface
FNDA:0,route_match_interface
FN:339,route_match_interface_compile
FNDA:0,route_match_interface_compile
FN:345,route_match_interface_free
FNDA:0,route_match_interface_free
FN:360,route_match_tag
FNDA:0,route_match_tag
FN:388,route_set_metric
FNDA:0,route_set_metric
FN:419,route_set_metric_compile
FNDA:0,route_set_metric_compile
FN:454,route_set_metric_free
FNDA:0,route_set_metric_free
FN:470,route_set_min_metric
FNDA:0,route_set_min_metric
FN:491,route_set_min_metric_compile
FNDA:0,route_set_min_metric_compile
FN:508,route_set_min_metric_free
FNDA:0,route_set_min_metric_free
FN:525,route_set_max_metric
FNDA:0,route_set_max_metric
FN:546,route_set_max_metric_compile
FNDA:0,route_set_max_metric_compile
FN:563,route_set_max_metric_free
FNDA:0,route_set_max_metric_free
FN:579,route_set_metric_type
FNDA:0,route_set_metric_type
FN:595,route_set_metric_type_compile
FNDA:0,route_set_metric_type_compile
FN:614,route_set_metric_type_free
FNDA:0,route_set_metric_type_free
FN:628,route_set_tag
FNDA:0,route_set_tag
FN:650,set_metric_type
FNDA:0,set_metric_type
FN:671,no_set_metric_type
FNDA:0,no_set_metric_type
FN:688,ospf_route_map_init
FNDA:2326,ospf_route_map_init
DA:32,0
DA:36,0
DA:39,0
DA:40,0
DA:42,0
DA:44,0
DA:49,0
DA:50,0
DA:51,0
DA:53,0
DA:54,0
DA:55,0
DA:57,0
DA:59,0
DA:60,0
DA:61,0
DA:63,0
DA:64,0
DA:69,0
DA:70,0
DA:71,0
DA:73,0
DA:74,0
DA:81,0
DA:85,0
DA:87,0
DA:88,0
DA:93,0
DA:94,0
DA:95,0
DA:97,0
DA:98,0
DA:99,0
DA:100,0
DA:101,0
DA:106,0
DA:111,0
DA:114,0
DA:117,0
DA:118,0
DA:119,0
DA:121,0
DA:122,0
DA:123,0
DA:124,0
DA:127,0
DA:130,0
DA:131,0
DA:136,0
DA:138,0
DA:142,0
DA:144,0
DA:145,0
DA:158,0
DA:162,0
DA:165,0
DA:166,0
DA:167,0
DA:169,0
DA:170,0
DA:171,0
DA:172,0
DA:175,0
DA:178,0
DA:179,0
DA:182,0
DA:184,0
DA:187,0
DA:189,0
DA:190,0
DA:203,0
DA:206,0
DA:208,0
DA:209,0
DA:210,0
DA:211,0
DA:213,0
DA:214,0
DA:216,0
DA:219,0
DA:221,0
DA:224,0
DA:226,0
DA:227,0
DA:241,0
DA:246,0
DA:247,0
DA:248,0
DA:249,0
DA:252,0
DA:255,0
DA:256,0
DA:261,0
DA:263,0
DA:267,0
DA:269,0
DA:270,0
DA:282,0
DA:287,0
DA:288,0
DA:289,0
DA:290,0
DA:294,0
DA:297,0
DA:298,0
DA:301,0
DA:303,0
DA:306,0
DA:308,0
DA:309,0
DA:323,0
DA:328,0
DA:329,0
DA:331,0
DA:332,0
DA:334,0
DA:339,0
DA:341,0
DA:345,0
DA:347,0
DA:348,0
DA:360,0
DA:365,0
DA:366,0
DA:368,0
DA:388,0
DA:394,0
DA:395,0
DA:398,0
DA:399,0
DA:401,0
DA:403,0
DA:404,0
DA:405,0
DA:406,0
DA:407,0
DA:408,0
DA:410,0
DA:411,0
DA:412,0
DA:413,0
DA:415,0
DA:419,0
DA:423,0
DA:424,0
DA:426,0
DA:427,0
DA:429,0
DA:430,0
DA:432,0
DA:435,0
DA:436,0
DA:437,0
DA:440,0
DA:441,0
DA:442,0
DA:445,0
DA:447,0
DA:448,0
DA:450,0
DA:454,0
DA:456,0
DA:457,0
DA:470,0
DA:476,0
DA:477,0
DA:479,0
DA:481,0
DA:482,0
DA:484,0
DA:485,0
DA:487,0
DA:491,0
DA:496,0
DA:498,0
DA:500,0
DA:501,0
DA:503,0
DA:504,0
DA:508,0
DA:510,0
DA:511,0
DA:525,0
DA:531,0
DA:532,0
DA:534,0
DA:536,0
DA:537,0
DA:539,0
DA:540,0
DA:542,0
DA:546,0
DA:551,0
DA:553,0
DA:555,0
DA:556,0
DA:558,0
DA:559,0
DA:563,0
DA:565,0
DA:566,0
DA:579,0
DA:585,0
DA:586,0
DA:589,0
DA:591,0
DA:595,0
DA:599,0
DA:600,0
DA:601,0
DA:602,0
DA:603,0
DA:605,0
DA:606,0
DA:607,0
DA:609,0
DA:610,0
DA:614,0
DA:616,0
DA:617,0
DA:628,0
DA:633,0
DA:634,0
DA:637,0
DA:639,0
DA:650,0
DA:658,0
DA:660,0
DA:664,0
DA:665,0
DA:667,0
DA:668,0
DA:671,0
DA:680,0
DA:683,0
DA:684,0
DA:688,2326
DA:690,2326
DA:692,2326
DA:693,2326
DA:694,2326
DA:696,2326
DA:697,2326
DA:699,2326
DA:700,2326
DA:702,2326
DA:703,2326
DA:705,2326
DA:706,2326
DA:708,2326
DA:709,2326
DA:711,2326
DA:712,2326
DA:714,2326
DA:715,2326
DA:717,2326
DA:718,2326
DA:720,2326
DA:721,2326
DA:723,2326
DA:724,2326
DA:726,2326
DA:727,2326
DA:729,2326
DA:730,2326
DA:731,2326
DA:732,2326
DA:733,2326
DA:734,2326
DA:735,2326
DA:737,2326
DA:738,2326
DA:739,2326
DA:740,2326
DA:741,2326
DA:743,2326
DA:744,2326
DA:745,2326
end_of_record
SF:/home/frr/frr/lib/zlog.h
FN:78,zlog_ref
FNDA:0,zlog_ref
DA:78,0
DA:83,0
DA:84,0
DA:85,0
DA:86,0
end_of_record
TN:
SF:/home/frr/frr/lib/zlog.h
FN:78,zlog_ref
FNDA:0,zlog_ref
DA:78,0
DA:83,0
DA:84,0
DA:85,0
DA:86,0
end_of_record
SF:/home/frr/frr/lib/monotime.h
FN:62,monotime
FNDA:57368,monotime
DA:62,57368
DA:66,57368
DA:67,57368
DA:68,57368
DA:70,57368
end_of_record
SF:/home/frr/frr/lib/prefix.h
FN:339,ipv4_addr_same
FNDA:3834,ipv4_addr_same
DA:339,3834
DA:342,3834
end_of_record
SF:/home/frr/frr/lib/table.h
FN:233,route_unlock_node
FNDA:9835,route_unlock_node
DA:233,9835
DA:235,9835
DA:236,9835
DA:238,9835
DA:239,0
DA:240,9835
end_of_record
SF:/home/frr/frr/ospfd/ospf_ase.c
FN:33,ospf_find_asbr_route
FNDA:6650,ospf_find_asbr_route
FN:91,ospf_find_asbr_route_through_area
FNDA:3185,ospf_find_asbr_route_through_area
FN:117,ospf_ase_complete_direct_routes
FNDA:0,ospf_ase_complete_direct_routes
FN:128,ospf_ase_forward_address_check
FNDA:0,ospf_ase_forward_address_check
FN:145,ospf_ase_calculate_new_route
FNDA:0,ospf_ase_calculate_new_route
FN:187,ospf_ase_calculate_route
FNDA:0,ospf_ase_calculate_route
FN:459,ospf_ase_route_match_same
FNDA:0,ospf_ase_route_match_same
FN:524,ospf_ase_compare_tables
FNDA:28684,ospf_ase_compare_tables
FN:554,ospf_ase_calculate_timer
FNDA:28684,ospf_ase_calculate_timer
FN:623,ospf_ase_calculate_schedule
FNDA:138242,ospf_ase_calculate_schedule
FN:631,ospf_ase_calculate_timer_add
FNDA:138242,ospf_ase_calculate_timer_add
FN:640,ospf_ase_register_external_lsa
FNDA:0,ospf_ase_register_external_lsa
FN:664,ospf_ase_unregister_external_lsa
FNDA:0,ospf_ase_unregister_external_lsa
FN:692,ospf_ase_external_lsas_finish
FNDA:2326,ospf_ase_external_lsas_finish
FN:709,ospf_ase_incremental_update
FNDA:0,ospf_ase_incremental_update
DA:33,6650
DA:38,6650
DA:43,6650
DA:44,0
DA:46,6650
DA:47,6650
DA:48,0
DA:50,6650
DA:52,6650
DA:55,6650
DA:56,14837
DA:57,8187
DA:58,8187
DA:59,2224
DA:60,2224
DA:61,2098
DA:64,6650
DA:65,4691
DA:66,4691
DA:70,13442
DA:71,6792
DA:72,6792
DA:73,6650
DA:74,142
DA:75,11
DA:76,131
DA:77,131
DA:78,0
DA:82,0
DA:85,6650
DA:86,1959
DA:88,6650
DA:91,3185
DA:98,3185
DA:99,0
DA:101,3185
DA:103,3185
DA:107,3185
DA:109,4003
DA:110,3834
DA:111,3016
DA:114,169
DA:117,0
DA:123,0
DA:124,0
DA:125,0
DA:126,0
DA:128,0
DA:134,0
DA:135,0
DA:136,0
DA:137,0
DA:139,0
DA:141,0
DA:145,0
DA:151,0
DA:153,0
DA:157,0
DA:158,0
DA:160,0
DA:161,0
DA:162,0
DA:165,0
DA:166,0
DA:168,0
DA:169,0
DA:170,0
DA:171,0
DA:172,0
DA:175,0
DA:176,0
DA:177,0
DA:178,0
DA:180,0
DA:182,0
DA:187,0
DA:197,0
DA:198,0
DA:200,0
DA:201,0
DA:202,0
DA:205,0
DA:206,0
DA:207,0
DA:208,0
DA:211,0
DA:212,0
DA:220,0
DA:221,0
DA:222,0
DA:224,0
DA:226,0
DA:227,0
DA:228,0
DA:230,0
DA:235,0
DA:236,0
DA:237,0
DA:239,0
DA:251,0
DA:252,0
DA:253,0
DA:254,0
DA:256,0
DA:257,0
DA:258,0
DA:259,0
DA:261,0
DA:263,0
DA:264,0
DA:265,0
DA:267,0
DA:275,0
DA:276,0
DA:277,0
DA:278,0
DA:280,0
DA:288,0
DA:308,0
DA:309,0
DA:310,0
DA:312,0
DA:315,0
DA:316,0
DA:317,0
DA:319,0
DA:321,0
DA:322,0
DA:323,0
DA:325,0
DA:326,0
DA:327,0
DA:330,0
DA:348,0
DA:358,0
DA:359,0
DA:360,0
DA:364,0
DA:365,0
DA:366,0
DA:367,0
DA:368,0
DA:369,0
DA:370,0
DA:374,0
DA:376,0
DA:378,0
DA:379,0
DA:380,0
DA:383,0
DA:385,0
DA:386,0
DA:387,0
DA:396,0
DA:422,0
DA:423,0
DA:424,0
DA:426,0
DA:427,0
DA:428,0
DA:430,0
DA:431,0
DA:434,0
DA:435,0
DA:436,0
DA:442,0
DA:443,0
DA:444,0
DA:445,0
DA:446,0
DA:451,0
DA:452,0
DA:453,0
DA:455,0
DA:456,0
DA:459,0
DA:470,0
DA:471,0
DA:473,0
DA:474,0
DA:475,0
DA:477,0
DA:479,0
DA:481,0
DA:483,0
DA:484,0
DA:486,0
DA:487,0
DA:488,0
DA:489,0
DA:490,0
DA:491,0
DA:492,0
DA:493,0
DA:494,0
DA:495,0
DA:496,0
DA:497,0
DA:501,0
DA:503,0
DA:504,0
DA:507,0
DA:508,0
DA:509,0
DA:510,0
DA:512,0
DA:513,0
DA:514,0
DA:515,0
DA:518,0
DA:519,0
DA:521,0
DA:524,28684
DA:532,28684
DA:533,0
DA:534,0
DA:535,0
DA:536,0
DA:537,0
DA:539,0
DA:544,28684
DA:545,0
DA:546,0
DA:548,0
DA:549,0
DA:551,28684
DA:554,28684
DA:563,28684
DA:564,28684
DA:566,28684
DA:567,28684
DA:569,28684
DA:572,28684
DA:573,0
DA:576,28684
DA:577,2737
DA:578,2116
DA:579,0
DA:582,2116
DA:583,646
DA:584,0
DA:588,28684
DA:589,0
DA:593,28684
DA:597,28684
DA:598,28684
DA:599,28684
DA:601,28684
DA:603,28684
DA:604,0
DA:616,28684
DA:617,0
DA:618,0
DA:619,0
DA:621,28684
DA:623,138242
DA:625,138242
DA:626,0
DA:628,138242
DA:631,138242
DA:633,138242
DA:634,0
DA:636,138242
DA:640,0
DA:647,0
DA:648,0
DA:649,0
DA:650,0
DA:651,0
DA:653,0
DA:654,0
DA:655,0
DA:657,0
DA:661,0
DA:662,0
DA:664,0
DA:671,0
DA:672,0
DA:673,0
DA:674,0
DA:675,0
DA:677,0
DA:679,0
DA:680,0
DA:681,0
DA:683,0
DA:684,0
DA:685,0
DA:688,0
DA:690,0
DA:692,2326
DA:699,2326
DA:700,0
DA:701,0
DA:702,0
DA:703,0
DA:706,2326
DA:707,2326
DA:709,0
DA:718,0
DA:719,0
DA:720,0
DA:721,0
DA:722,0
DA:726,0
DA:727,0
DA:733,0
DA:734,0
DA:735,0
DA:736,0
DA:737,0
DA:740,0
DA:741,0
DA:742,0
DA:743,0
DA:744,0
DA:746,0
DA:747,0
DA:750,0
DA:751,0
DA:752,0
DA:753,0
DA:754,0
DA:755,0
DA:759,0
DA:762,0
DA:763,0
DA:765,0
DA:767,0
DA:768,0
DA:769,0
DA:771,0
DA:774,0
DA:775,0
DA:776,0
DA:780,0
DA:783,0
DA:784,0
DA:785,0
DA:788,0
end_of_record
TN:
SF:/home/frr/frr/ospfd/ospf_errors.c
FN:177,ospf_error_init
FNDA:2326,ospf_error_init
DA:177,2326
DA:179,2326
DA:180,2326
DA:181,2326
end_of_record
TN:
SF:/home/frr/frr/ospfd/ospf_bfd.c
FN:33,_mtfini_BFD_CONFIG
FNDA:4652,_mtfini_BFD_CONFIG
FN:33,_mtinit_BFD_CONFIG
FNDA:2326,_mtinit_BFD_CONFIG
FN:39,ospf_bfd_trigger_event
FNDA:0,ospf_bfd_trigger_event
FN:47,ospf_bfd_session_change
FNDA:0,ospf_bfd_session_change
FN:70,ospf_neighbor_bfd_apply
FNDA:16065,ospf_neighbor_bfd_apply
FN:102,ospf_interface_bfd_apply
FNDA:11880,ospf_interface_bfd_apply
FN:125,ospf_interface_enable_bfd
FNDA:0,ospf_interface_enable_bfd
FN:139,ospf_interface_disable_bfd
FNDA:11880,ospf_interface_disable_bfd
FN:149,ospf_bfd_write_config
FNDA:0,ospf_bfd_write_config
FN:168,ospf_interface_bfd_show
FNDA:31073,ospf_interface_bfd_show
FN:194,ip_ospf_bfd
FNDA:0,ip_ospf_bfd
FN:208,ip_ospf_bfd_param
FNDA:0,ip_ospf_bfd_param
FN:241,ip_ospf_bfd_prof
FNDA:0,ip_ospf_bfd_prof
FN:267,no_ip_ospf_bfd_prof
FNDA:0,no_ip_ospf_bfd_prof
FN:290,no_ip_ospf_bfd
FNDA:0,no_ip_ospf_bfd
FN:313,ospf_bfd_init
FNDA:2326,ospf_bfd_init
DA:33,4652
DA:33,2326
DA:39,0
DA:41,0
DA:42,0
DA:43,0
DA:44,0
DA:45,0
DA:47,0
DA:51,0
DA:54,0
DA:55,0
DA:56,0
DA:57,0
DA:60,0
DA:64,0
DA:65,0
DA:66,0
DA:68,0
DA:70,16065
DA:72,16065
DA:73,16065
DA:76,16065
DA:77,16065
DA:78,16065
DA:82,0
DA:83,0
DA:84,0
DA:85,0
DA:86,0
DA:90,0
DA:91,0
DA:92,0
DA:93,0
DA:96,0
DA:97,0
DA:99,0
DA:102,11880
DA:111,19922
DA:112,8042
DA:113,8042
DA:114,0
DA:115,0
DA:116,0
DA:117,0
DA:118,0
DA:120,0
DA:123,11880
DA:125,0
DA:127,0
DA:129,0
DA:130,0
DA:133,0
DA:134,0
DA:135,0
DA:136,0
DA:139,11880
DA:142,11880
DA:143,11880
DA:144,11880
DA:149,0
DA:161,0
DA:163,0
DA:164,0
DA:165,0
DA:166,0
DA:168,31073
DA:171,31073
DA:172,31073
DA:175,31073
DA:176,31073
DA:178,0
DA:179,0
DA:180,0
DA:181,0
DA:182,0
DA:183,0
DA:184,0
DA:185,0
DA:186,0
DA:188,0
DA:190,0
DA:194,0
DA:201,0
DA:202,0
DA:203,0
DA:204,0
DA:208,0
DA:222,0
DA:224,0
DA:225,0
DA:226,0
DA:228,0
DA:230,0
DA:231,0
DA:232,0
DA:233,0
DA:234,0
DA:236,0
DA:238,0
DA:241,0
DA:250,0
DA:252,0
DA:254,0
DA:255,0
DA:256,0
DA:257,0
DA:260,0
DA:262,0
DA:264,0
DA:267,0
DA:277,0
DA:280,0
DA:281,0
DA:282,0
DA:284,0
DA:285,0
DA:287,0
DA:290,0
DA:308,0
DA:309,0
DA:310,0
DA:313,2326
DA:315,2326
DA:318,2326
DA:319,2326
DA:320,2326
DA:321,2326
DA:322,2326
DA:323,2326
end_of_record
SF:/home/frr/frr/lib/zlog.h
FN:78,zlog_ref
FNDA:0,zlog_ref
DA:78,0
DA:83,0
DA:84,0
DA:85,0
DA:86,0
end_of_record
TN:
SF:/home/frr/frr/lib/table.h
FN:226,route_lock_node
FNDA:1683,route_lock_node
FN:233,route_unlock_node
FNDA:413421,route_unlock_node
DA:226,1683
DA:228,1683
DA:229,1683
DA:233,413421
DA:235,413421
DA:236,413421
DA:238,413421
DA:239,0
DA:240,413421
end_of_record
SF:/home/frr/frr/ospfd/ospf_ia.c
FN:33,ospf_find_abr_route
FNDA:827846,ospf_find_abr_route
FN:54,ospf_ia_network_route
FNDA:301851,ospf_ia_network_route
FN:104,ospf_ia_router_route
FNDA:5996,ospf_ia_router_route
FN:172,process_summary_lsa
FNDA:2106430,process_summary_lsa
FN:257,ospf_examine_summaries
FNDA:428560,ospf_examine_summaries
FN:269,ospf_area_is_transit
FNDA:551162,ospf_area_is_transit
FN:276,ospf_update_network_route
FNDA:710,ospf_update_network_route
FN:398,ospf_update_router_route
FNDA:0,ospf_update_router_route
FN:494,process_transit_summary_lsa
FNDA:1757,process_transit_summary_lsa
FN:549,ospf_examine_transit_summaries
FNDA:402,ospf_examine_transit_summaries
FN:561,ospf_ia_routing
FNDA:138242,ospf_ia_routing
DA:33,827846
DA:41,827846
DA:42,493187
DA:44,334659
DA:46,409755
DA:47,382979
DA:48,308069
DA:49,307883
DA:51,26776
DA:54,301851
DA:62,301851
DA:63,0
DA:66,301851
DA:69,73889
DA:71,73889
DA:72,73889
DA:73,0
DA:77,73889
DA:79,16774
DA:80,57115
DA:83,1683
DA:84,1683
DA:85,1683
DA:89,1683
DA:92,55432
DA:93,55432
DA:98,227962
DA:99,0
DA:100,227962
DA:104,5996
DA:109,5996
DA:113,5996
DA:114,0
DA:117,5996
DA:119,5996
DA:121,2811
DA:124,3185
DA:126,3185
DA:128,3185
DA:129,3185
DA:132,5996
DA:133,3016
DA:134,0
DA:138,3016
DA:139,209
DA:140,209
DA:144,2807
DA:145,0
DA:146,0
DA:149,0
DA:150,0
DA:151,0
DA:155,2807
DA:156,0
DA:158,2807
DA:159,2807
DA:163,3189
DA:165,3189
DA:166,0
DA:168,3189
DA:172,2106430
DA:175,2106430
DA:182,2106430
DA:183,0
DA:185,2106430
DA:187,2106430
DA:188,0
DA:190,2106430
DA:192,2106430
DA:193,0
DA:195,2106430
DA:196,889656
DA:198,1216774
DA:199,345716
DA:201,871058
DA:202,871058
DA:204,871058
DA:205,858486
DA:207,12572
DA:209,871058
DA:211,871058
DA:212,858486
DA:213,81667
DA:214,43922
DA:220,827136
DA:221,339288
DA:222,0
DA:223,0
DA:225,827136
DA:226,827136
DA:227,827136
DA:228,827136
DA:230,827136
DA:232,827136
DA:233,519289
DA:235,307847
DA:236,307847
DA:237,307847
DA:238,307847
DA:239,307847
DA:240,307847
DA:241,307847
DA:242,307847
DA:243,307847
DA:244,307847
DA:246,307847
DA:247,301851
DA:249,5996
DA:250,5996
DA:251,5996
DA:254,307847
DA:257,428560
DA:265,4451850
DA:266,2106430
DA:267,428560
DA:269,551162
DA:271,551162
DA:272,551162
DA:276,710
DA:287,710
DA:288,710
DA:289,710
DA:290,710
DA:292,710
DA:294,710
DA:295,674
DA:296,0
DA:298,710
DA:301,36
DA:303,36
DA:305,36
DA:306,31
DA:307,0
DA:310,31
DA:311,0
DA:313,31
DA:314,31
DA:315,31
DA:316,31
DA:317,31
DA:318,31
DA:319,31
DA:320,31
DA:321,31
DA:322,31
DA:323,31
DA:325,31
DA:327,5
DA:328,5
DA:329,0
DA:332,5
DA:334,5
DA:335,0
DA:336,0
DA:337,0
DA:338,0
DA:341,5
DA:342,5
DA:343,5
DA:344,5
DA:346,5
DA:347,0
DA:350,5
DA:354,0
DA:355,0
DA:356,0
DA:358,0
DA:362,0
DA:363,0
DA:364,0
DA:365,0
DA:368,0
DA:369,0
DA:370,0
DA:373,0
DA:376,0
DA:377,0
DA:378,0
DA:381,0
DA:382,0
DA:384,0
DA:385,0
DA:386,0
DA:387,0
DA:388,0
DA:398,0
DA:408,0
DA:409,0
DA:410,0
DA:411,0
DA:413,0
DA:415,0
DA:416,0
DA:417,0
DA:419,0
DA:422,0
DA:427,0
DA:428,0
DA:431,0
DA:432,0
DA:434,0
DA:439,0
DA:446,0
DA:447,0
DA:448,0
DA:449,0
DA:450,0
DA:451,0
DA:452,0
DA:453,0
DA:454,0
DA:455,0
DA:456,0
DA:457,0
DA:459,0
DA:465,0
DA:466,0
DA:467,0
DA:469,0
DA:472,0
DA:473,0
DA:474,0
DA:476,0
DA:477,0
DA:479,0
DA:480,0
DA:482,0
DA:483,0
DA:484,0
DA:494,1757
DA:499,1757
DA:504,1757
DA:505,0
DA:507,1757
DA:509,1757
DA:510,0
DA:511,1757
DA:513,1757
DA:514,0
DA:515,0
DA:516,0
DA:519,1757
DA:520,746
DA:521,0
DA:522,746
DA:525,1011
DA:526,301
DA:527,0
DA:528,301
DA:531,710
DA:532,710
DA:534,710
DA:535,710
DA:537,0
DA:539,710
DA:541,710
DA:542,710
DA:544,0
DA:546,710
DA:549,402
DA:557,3736
DA:558,1757
DA:559,402
DA:561,138242
DA:567,138242
DA:568,0
DA:570,138242
DA:571,63335
DA:572,257
DA:573,257
DA:574,0
DA:576,257
DA:577,245
DA:578,0
DA:583,245
DA:585,1082
DA:587,837
DA:588,592
DA:589,0
DA:591,12
DA:592,0
DA:594,257
DA:595,62625
DA:597,62625
DA:598,0
DA:600,62625
DA:603,62625
DA:604,41799
DA:605,0
DA:610,41799
DA:612,145646
DA:614,103847
DA:615,62048
DA:616,0
DA:620,20826
DA:621,0
DA:624,80312
DA:626,59486
DA:629,62625
DA:630,453
DA:631,453
DA:632,0
DA:633,453
DA:636,453
DA:637,157
DA:638,0
DA:642,157
DA:645,1844
DA:646,1391
DA:647,1014
DA:648,1014
DA:650,1006
DA:651,805
DA:653,0
DA:654,201
DA:656,453
DA:657,0
DA:658,0
DA:661,74907
DA:662,0
DA:665,187500
DA:666,112593
DA:668,138242
end_of_record
SF:/home/frr/frr/lib/prefix.h
FN:339,ipv4_addr_same
FNDA:382979,ipv4_addr_same
DA:339,382979
DA:342,382979
end_of_record
SF:/home/frr/frr/lib/zlog.h
FN:78,zlog_ref
FNDA:0,zlog_ref
DA:78,0
DA:83,0
DA:84,0
DA:85,0
DA:86,0
end_of_record
TN:
SF:/home/frr/frr/lib/network.h
FN:99,frr_weak_random
FNDA:218763,frr_weak_random
DA:99,218763
DA:102,218763
end_of_record
SF:/home/frr/frr/lib/table.h
FN:233,route_unlock_node
FNDA:465525,route_unlock_node
DA:233,465525
DA:235,465525
DA:236,465525
DA:238,465525
DA:239,59677
DA:240,465525
end_of_record
SF:/home/frr/frr/lib/prefix.h
FN:339,ipv4_addr_same
FNDA:832938,ipv4_addr_same
FN:514,is_default_prefix4
FNDA:0,is_default_prefix4
DA:339,832938
DA:342,832938
DA:514,0
DA:516,0
DA:517,0
end_of_record
SF:/home/frr/frr/lib/zlog.h
FN:78,zlog_ref
FNDA:2,zlog_ref
DA:78,2
DA:83,2
DA:84,2
DA:85,2
DA:86,2
end_of_record
SF:/home/frr/frr/lib/monotime.h
FN:62,monotime
FNDA:27679530,monotime
FN:82,monotime_since
FNDA:25711568,monotime_since
DA:62,27679530
DA:66,27679530
DA:67,27679530
DA:68,27434501
DA:70,27679530
DA:82,25711568
DA:86,25711568
DA:87,25711568
DA:88,25711568
DA:89,25711568
DA:90,25711568
end_of_record
SF:/home/frr/frr/ospfd/ospf_lsa.c
FN:67,hook_call_ospf_lsa_update
FNDA:330918,hook_call_ospf_lsa_update
FN:68,hook_call_ospf_lsa_delete
FNDA:101704,hook_call_ospf_lsa_delete
FN:70,get_metric
FNDA:2950470,get_metric
FN:83,ospf_check_dna_lsa
FNDA:0,ospf_check_dna_lsa
FN:90,msec2tv
FNDA:0,msec2tv
FN:100,tv2msec
FNDA:0,tv2msec
FN:110,ospf_lsa_refresh_delay
FNDA:0,ospf_lsa_refresh_delay
FN:137,get_age
FNDA:26955364,get_age
FN:160,ospf_lsa_checksum
FNDA:220630,ospf_lsa_checksum
FN:175,ospf_lsa_checksum_valid
FNDA:767975,ospf_lsa_checksum_valid
FN:189,ospf_lsa_new
FNDA:1722933,ospf_lsa_new
FN:208,ospf_lsa_new_and_data
FNDA:1139381,ospf_lsa_new_and_data
FN:220,ospf_lsa_dup
FNDA:0,ospf_lsa_dup
FN:249,ospf_lsa_free
FNDA:1722933,ospf_lsa_free
FN:267,ospf_lsa_lock
FNDA:3811620,ospf_lsa_lock
FN:274,ospf_lsa_unlock
FNDA:5616677,ospf_lsa_unlock
FN:292,ospf_lsa_discard
FNDA:1722933,ospf_lsa_discard
FN:301,ospf_lsa_data_new
FNDA:1139381,ospf_lsa_data_new
FN:307,ospf_lsa_data_dup
FNDA:0,ospf_lsa_data_dup
FN:318,ospf_lsa_data_free
FNDA:1139381,ospf_lsa_data_free
FN:330,dump_lsa_key
FNDA:3988,dump_lsa_key
FN:348,lsa_seqnum_increment
FNDA:173703,lsa_seqnum_increment
FN:357,lsa_header_set
FNDA:213446,lsa_header_set
FN:377,router_lsa_flags
FNDA:138223,router_lsa_flags
FN:424,ospf_nbr_lookup_ptop
FNDA:21397,ospf_nbr_lookup_ptop
FN:452,ospf_link_cost
FNDA:187473,ospf_link_cost
FN:462,link_info_set
FNDA:194893,link_info_set
FN:517,lsa_link_ptop_set
FNDA:21397,lsa_link_ptop_set
FN:572,lsa_link_broadcast_set
FNDA:166076,lsa_link_broadcast_set
FN:625,lsa_link_loopback_set
FNDA:0,lsa_link_loopback_set
FN:640,lsa_link_virtuallink_set
FNDA:0,lsa_link_virtuallink_set
FN:664,lsa_link_ptomp_set
FNDA:0,lsa_link_ptomp_set
FN:709,router_lsa_link_set
FNDA:138223,router_lsa_link_set
FN:752,ospf_router_lsa_body_set
FNDA:138223,ospf_router_lsa_body_set
FN:776,ospf_stub_router_timer
FNDA:0,ospf_stub_router_timer
FN:795,ospf_stub_router_check
FNDA:138223,ospf_stub_router_check
FN:833,ospf_router_lsa_new
FNDA:138223,ospf_router_lsa_new
FN:878,ospf_router_lsa_originate
FNDA:10642,ospf_router_lsa_originate
FN:924,ospf_router_lsa_refresh
FNDA:127581,ospf_router_lsa_refresh
FN:961,ospf_router_lsa_update_area
FNDA:134313,ospf_router_lsa_update_area
FN:976,ospf_router_lsa_update
FNDA:9997,ospf_router_lsa_update
FN:1032,ospf_network_lsa_body_set
FNDA:13664,ospf_network_lsa_body_set
FN:1060,ospf_network_lsa_new
FNDA:23493,ospf_network_lsa_new
FN:1119,ospf_network_lsa_update
FNDA:23493,ospf_network_lsa_update
FN:1160,ospf_network_lsa_refresh
FNDA:6042,ospf_network_lsa_refresh
FN:1216,stream_put_ospf_metric
FNDA:61559,stream_put_ospf_metric
FN:1229,ospf_summary_lsa_body_set
FNDA:60674,ospf_summary_lsa_body_set
FN:1246,ospf_summary_lsa_new
FNDA:60674,ospf_summary_lsa_new
FN:1296,ospf_summary_lsa_prepare_and_flood
FNDA:31988,ospf_summary_lsa_prepare_and_flood
FN:1324,ospf_handle_summarylsa_lsId_chg
FNDA:3,ospf_handle_summarylsa_lsId_chg
FN:1385,ospf_summary_lsa_originate
FNDA:31988,ospf_summary_lsa_originate
FN:1416,ospf_summary_lsa_refresh
FNDA:28686,ospf_summary_lsa_refresh
FN:1453,ospf_summary_asbr_lsa_body_set
FNDA:885,ospf_summary_asbr_lsa_body_set
FN:1466,ospf_summary_asbr_lsa_new
FNDA:885,ospf_summary_asbr_lsa_new
FN:1517,ospf_asbr_summary_lsa_prepare_and_flood
FNDA:528,ospf_asbr_summary_lsa_prepare_and_flood
FN:1547,ospf_summary_asbr_lsa_originate
FNDA:528,ospf_summary_asbr_lsa_originate
FN:1578,ospf_summary_asbr_lsa_refresh
FNDA:357,ospf_summary_asbr_lsa_refresh
FN:1623,ospf_external_lsa_nexthop_get
FNDA:0,ospf_external_lsa_nexthop_get
FN:1657,ospf_get_ip_from_ifp
FNDA:0,ospf_get_ip_from_ifp
FN:1670,ospf_get_nssa_ip
FNDA:0,ospf_get_nssa_ip
FN:1698,metric_type
FNDA:0,metric_type
FN:1708,metric_value
FNDA:0,metric_value
FN:1729,ospf_external_lsa_body_set
FNDA:0,ospf_external_lsa_body_set
FN:1775,ospf_exnl_lsa_prepare_and_flood
FNDA:0,ospf_exnl_lsa_prepare_and_flood
FN:1812,ospf_handle_exnl_lsa_lsId_chg
FNDA:0,ospf_handle_exnl_lsa_lsId_chg
FN:1859,ospf_external_lsa_new
FNDA:0,ospf_external_lsa_new
FN:1906,ospf_install_flood_nssa
FNDA:0,ospf_install_flood_nssa
FN:1998,ospf_lsa_translated_nssa_new
FNDA:0,ospf_lsa_translated_nssa_new
FN:2052,ospf_translated_nssa_originate
FNDA:0,ospf_translated_nssa_originate
FN:2108,ospf_translated_nssa_refresh
FNDA:0,ospf_translated_nssa_refresh
FN:2217,ospf_external_lsa_originate
FNDA:0,ospf_external_lsa_originate
FN:2310,ospf_nssa_lsa_originate
FNDA:0,ospf_nssa_lsa_originate
FN:2362,ospf_nssa_lsa_refresh
FNDA:0,ospf_nssa_lsa_refresh
FN:2403,ospf_default_external_info
FNDA:4011,ospf_default_external_info
FN:2433,ospf_external_lsa_rid_change
FNDA:3639,ospf_external_lsa_rid_change
FN:2520,ospf_nssa_lsa_flush
FNDA:0,ospf_nssa_lsa_flush
FN:2547,ospf_external_lsa_flush
FNDA:0,ospf_external_lsa_flush
FN:2587,ospf_external_lsa_refresh_default
FNDA:372,ospf_external_lsa_refresh_default
FN:2618,ospf_external_lsa_refresh_type
FNDA:0,ospf_external_lsa_refresh_type
FN:2688,ospf_external_lsa_refresh
FNDA:0,ospf_external_lsa_refresh
FN:2767,ospf_router_lsa_install
FNDA:183539,ospf_router_lsa_install
FN:2798,ospf_network_lsa_install
FNDA:30219,ospf_network_lsa_install
FN:2830,ospf_summary_lsa_install
FNDA:157121,ospf_summary_lsa_install
FN:2850,ospf_summary_asbr_lsa_install
FNDA:2563,ospf_summary_asbr_lsa_install
FN:2873,ospf_external_lsa_install
FNDA:0,ospf_external_lsa_install
FN:2915,ospf_discard_from_db
FNDA:373442,ospf_discard_from_db
FN:2952,ospf_lsa_install
FNDA:373442,ospf_lsa_install
FN:3156,ospf_check_nbr_status
FNDA:31794,ospf_check_nbr_status
FN:3179,ospf_maxage_lsa_remover
FNDA:4355,ospf_maxage_lsa_remover
FN:3277,ospf_check_and_gen_init_seq_lsa
FNDA:393105,ospf_check_and_gen_init_seq_lsa
FN:3300,ospf_lsa_maxage_delete
FNDA:373442,ospf_lsa_maxage_delete
FN:3331,ospf_lsa_maxage
FNDA:599382,ospf_lsa_maxage
FN:3377,ospf_lsa_maxage_walker_remover
FNDA:107493,ospf_lsa_maxage_walker_remover
FN:3432,ospf_lsa_maxage_walker
FNDA:3671,ospf_lsa_maxage_walker
FN:3471,ospf_lsa_lookup_by_prefix
FNDA:664992,ospf_lsa_lookup_by_prefix
FN:3500,ospf_lsa_lookup
FNDA:1470823,ospf_lsa_lookup
FN:3526,ospf_lsa_lookup_by_id
FNDA:527692,ospf_lsa_lookup_by_id
FN:3563,ospf_lsa_lookup_by_header
FNDA:1314559,ospf_lsa_lookup_by_header
FN:3589,ospf_lsa_more_recent
FNDA:2184466,ospf_lsa_more_recent
FN:3647,ospf_lsa_different
FNDA:259396,ospf_lsa_different
FN:3689,ospf_lsa_flush_schedule
FNDA:58870,ospf_lsa_flush_schedule
FN:3718,ospf_flush_self_originated_lsas_now
FNDA:5965,ospf_flush_self_originated_lsas_now
FN:3806,ospf_refresh_area_self_lsas
FNDA:0,ospf_refresh_area_self_lsas
FN:3846,ospf_lsa_is_self_originated
FNDA:6636403,ospf_lsa_is_self_originated
FN:3887,ospf_lsa_unique_id
FNDA:32516,ospf_lsa_unique_id
FN:3980,ospf_lsa_action
FNDA:732,ospf_lsa_action
FN:4003,ospf_schedule_lsa_flood_area
FNDA:0,ospf_schedule_lsa_flood_area
FN:4015,ospf_schedule_lsa_flush_area
FNDA:732,ospf_schedule_lsa_flush_area
FN:4029,ospf_lsa_refresh
FNDA:162663,ospf_lsa_refresh
FN:4103,ospf_refresher_register_lsa
FNDA:218763,ospf_refresher_register_lsa
FN:4154,ospf_refresher_unregister_lsa
FNDA:219815,ospf_refresher_unregister_lsa
FN:4171,ospf_lsa_refresh_walker
FNDA:13133,ospf_lsa_refresh_walker
FN:4255,ospf_flush_lsa_from_area
FNDA:1215,ospf_flush_lsa_from_area
DA:67,556176
DA:68,162495
DA:70,2950470
DA:73,2950470
DA:74,2950470
DA:75,2950470
DA:76,2950470
DA:83,0
DA:85,0
DA:87,0
DA:90,0
DA:94,0
DA:95,0
DA:97,0
DA:100,0
DA:104,0
DA:105,0
DA:107,0
DA:110,0
DA:113,0
DA:115,0
DA:116,0
DA:118,0
DA:119,0
DA:121,0
DA:122,0
DA:125,0
DA:126,0
DA:129,0
DA:133,0
DA:137,26955364
DA:148,26955364
DA:149,1243796
DA:151,25711568
DA:152,25711568
DA:160,220630
DA:162,220630
DA:163,220630
DA:166,220630
DA:170,220630
DA:172,220630
DA:175,767975
DA:177,767975
DA:178,767975
DA:181,767975
DA:183,767975
DA:184,767975
DA:189,1722933
DA:193,1722933
DA:195,1722933
DA:196,1722933
DA:197,1722933
DA:198,1722933
DA:199,1722933
DA:200,1722933
DA:201,1722933
DA:202,1722933
DA:203,1722933
DA:205,1722933
DA:208,1139381
DA:212,1139381
DA:213,1139381
DA:214,1139381
DA:216,1139381
DA:220,0
DA:224,0
DA:225,0
DA:227,0
DA:229,0
DA:230,0
DA:231,0
DA:232,0
DA:233,0
DA:239,0
DA:241,0
DA:242,0
DA:245,0
DA:249,1722933
DA:251,1722933
DA:253,1722933
DA:254,0
DA:257,1722933
DA:258,1139381
DA:260,1722933
DA:262,1722933
DA:263,1722933
DA:264,1722933
DA:267,3811620
DA:269,3811620
DA:270,3811620
DA:274,5616677
DA:277,5616677
DA:278,82124
DA:280,5534553
DA:282,5534553
DA:284,5534553
DA:285,1722933
DA:286,1722933
DA:287,1722933
DA:292,1722933
DA:294,1722933
DA:295,1722933
DA:296,1722933
DA:298,1722933
DA:301,1139381
DA:303,1139381
DA:307,0
DA:311,0
DA:312,0
DA:314,0
DA:318,1139381
DA:320,1139381
DA:321,0
DA:324,1139381
DA:325,1139381
DA:330,3988
DA:335,3988
DA:337,3988
DA:338,3988
DA:340,3988
DA:343,0
DA:345,3988
DA:348,173703
DA:352,173703
DA:354,173703
DA:357,213446
DA:362,213446
DA:364,213446
DA:365,213446
DA:366,213446
DA:367,213446
DA:368,213446
DA:369,213446
DA:371,213446
DA:372,213446
DA:377,138223
DA:381,138223
DA:384,138223
DA:385,0
DA:388,138223
DA:391,138223
DA:392,138223
DA:393,1474
DA:394,1080
DA:395,1070
DA:396,622
DA:398,462
DA:401,138223
DA:402,1466
DA:404,136757
DA:405,10927
DA:408,138223
DA:409,63008
DA:414,63008
DA:415,464
DA:416,0
DA:418,138223
DA:424,21397
DA:426,21397
DA:430,53070
DA:431,39093
DA:432,28423
DA:434,10670
DA:435,7420
DA:436,7420
DA:440,21397
DA:441,0
DA:446,21397
DA:452,187473
DA:455,187473
DA:456,187473
DA:458,0
DA:462,194893
DA:470,194893
DA:471,0
DA:474,0
DA:486,0
DA:490,0
DA:491,0
DA:496,0
DA:501,194893
DA:502,194893
DA:503,194893
DA:504,194893
DA:505,194893
DA:507,194893
DA:517,21397
DA:519,21397
DA:522,21397
DA:524,21397
DA:525,0
DA:527,21397
DA:528,21397
DA:529,7420
DA:531,0
DA:536,0
DA:537,0
DA:539,0
DA:541,7420
DA:543,7420
DA:549,21397
DA:550,0
DA:551,0
DA:554,21397
DA:555,21397
DA:559,21397
DA:560,21397
DA:561,21397
DA:562,21397
DA:563,21397
DA:564,21397
DA:568,21397
DA:572,166076
DA:576,166076
DA:579,166076
DA:580,66169
DA:581,0
DA:582,0
DA:584,0
DA:586,66169
DA:587,0
DA:589,66169
DA:590,66169
DA:591,66169
DA:592,66169
DA:595,99907
DA:597,99907
DA:598,80788
DA:599,86538
DA:600,30831
DA:601,0
DA:604,30831
DA:609,69076
DA:610,0
DA:611,0
DA:613,0
DA:615,69076
DA:616,0
DA:618,69076
DA:619,69076
DA:620,69076
DA:621,69076
DA:625,0
DA:630,0
DA:631,0
DA:633,0
DA:634,0
DA:635,0
DA:636,0
DA:640,0
DA:644,0
DA:646,0
DA:647,0
DA:648,0
DA:649,0
DA:650,0
DA:655,0
DA:664,0
DA:666,0
DA:668,0
DA:670,0
DA:672,0
DA:673,0
DA:674,0
DA:677,0
DA:678,0
DA:679,0
DA:682,0
DA:683,0
DA:686,0
DA:687,0
DA:689,0
DA:691,0
DA:694,0
DA:696,0
DA:699,0
DA:700,0
DA:705,0
DA:709,138223
DA:713,138223
DA:715,367462
DA:716,229239
DA:719,229239
DA:720,212530
DA:721,187473
DA:723,187473
DA:724,21397
DA:725,21397
DA:726,21397
DA:727,160483
DA:728,160483
DA:729,160483
DA:730,5593
DA:731,5593
DA:732,5593
DA:733,0
DA:734,0
DA:735,0
DA:736,0
DA:737,0
DA:738,0
DA:739,0
DA:740,0
DA:741,0
DA:743,187473
DA:748,138223
DA:752,138223
DA:758,138223
DA:761,138223
DA:764,138223
DA:767,138223
DA:770,138223
DA:773,138223
DA:774,138223
DA:776,0
DA:778,0
DA:780,0
DA:782,0
DA:787,0
DA:788,0
DA:790,0
DA:792,0
DA:795,138223
DA:802,138223
DA:803,0
DA:804,0
DA:810,138223
DA:812,130358
DA:814,7865
DA:820,7865
DA:822,7865
DA:826,0
DA:828,0
DA:833,138223
DA:835,138223
DA:841,138223
DA:842,0
DA:847,138223
DA:850,138223
DA:852,138223
DA:856,138223
DA:859,138223
DA:860,138223
DA:861,138223
DA:864,138223
DA:866,138223
DA:867,138223
DA:868,138223
DA:871,138223
DA:872,138223
DA:874,138223
DA:878,10642
DA:882,10642
DA:883,0
DA:884,0
DA:887,0
DA:891,10642
DA:892,0
DA:893,0
DA:897,10642
DA:898,0
DA:899,0
DA:900,0
DA:901,0
DA:905,10642
DA:908,10642
DA:911,10642
DA:913,10642
DA:914,0
DA:917,0
DA:920,10642
DA:924,127581
DA:926,127581
DA:930,127581
DA:933,127581
DA:936,127581
DA:939,127581
DA:940,0
DA:941,0
DA:944,127581
DA:946,127581
DA:949,127581
DA:952,127581
DA:953,0
DA:955,0
DA:958,127581
DA:961,134313
DA:963,134313
DA:964,0
DA:967,134313
DA:968,127581
DA:971,6732
DA:973,134313
DA:976,9997
DA:981,9997
DA:982,0
DA:984,30299
DA:985,20302
DA:990,20302
DA:993,20302
DA:994,3910
DA:995,0
DA:999,3910
DA:1003,16392
DA:1004,0
DA:1005,0
DA:1009,0
DA:1010,0
DA:1011,0
DA:1012,0
DA:1016,0
DA:1018,16392
DA:1021,16392
DA:1022,16389
DA:1026,9997
DA:1032,13664
DA:1039,13664
DA:1040,0
DA:1041,0
DA:1042,0
DA:1045,13664
DA:1047,13664
DA:1054,78094
DA:1055,64430
DA:1056,39047
DA:1057,29147
DA:1058,13664
DA:1060,23493
DA:1070,23493
DA:1071,9829
DA:1073,13664
DA:1074,0
DA:1077,13664
DA:1078,13664
DA:1080,13664
DA:1081,13664
DA:1084,13664
DA:1087,13664
DA:1088,13664
DA:1091,13664
DA:1093,13664
DA:1094,13664
DA:1095,13664
DA:1098,13664
DA:1099,13664
DA:1106,13664
DA:1107,11037
DA:1108,11037
DA:1110,2627
DA:1111,2627
DA:1113,13664
DA:1115,13664
DA:1119,23493
DA:1123,23493
DA:1124,0
DA:1125,0
DA:1128,0
DA:1131,23493
DA:1132,6042
DA:1133,6042
DA:1137,17451
DA:1138,17451
DA:1139,9829
DA:1142,7622
DA:1145,7622
DA:1148,7622
DA:1150,7622
DA:1151,0
DA:1154,0
DA:1157,7622
DA:1160,6042
DA:1162,6042
DA:1167,6042
DA:1170,6042
DA:1171,6042
DA:1172,0
DA:1173,0
DA:1176,0
DA:1178,0
DA:1181,6042
DA:1182,0
DA:1185,6042
DA:1188,6042
DA:1191,6042
DA:1192,6042
DA:1193,0
DA:1195,6042
DA:1196,6042
DA:1197,12084
DA:1198,6042
DA:1200,6042
DA:1202,6042
DA:1205,6042
DA:1207,6042
DA:1208,0
DA:1210,0
DA:1213,6042
DA:1216,61559
DA:1222,61559
DA:1223,61559
DA:1224,61559
DA:1225,61559
DA:1226,61559
DA:1229,60674
DA:1234,60674
DA:1237,60674
DA:1240,60674
DA:1243,60674
DA:1244,60674
DA:1246,60674
DA:1255,60674
DA:1257,0
DA:1258,0
DA:1261,0
DA:1264,60674
DA:1265,0
DA:1268,60674
DA:1269,60674
DA:1271,60674
DA:1272,60674
DA:1275,60674
DA:1278,60674
DA:1279,60674
DA:1282,60674
DA:1283,60674
DA:1284,60674
DA:1285,60674
DA:1288,60674
DA:1289,60674
DA:1291,60674
DA:1296,31988
DA:1302,31988
DA:1303,0
DA:1306,31988
DA:1309,31988
DA:1312,31988
DA:1314,31988
DA:1315,0
DA:1318,0
DA:1321,31988
DA:1324,3
DA:1330,3
DA:1331,3
DA:1332,3
DA:1333,3
DA:1334,3
DA:1341,3
DA:1344,3
DA:1345,0
DA:1346,0
DA:1349,3
DA:1351,3
DA:1352,3
DA:1353,3
DA:1354,3
DA:1355,3
DA:1359,3
DA:1360,3
DA:1363,3
DA:1364,3
DA:1365,3
DA:1367,3
DA:1369,3
DA:1371,3
DA:1375,0
DA:1377,0
DA:1381,3
DA:1385,31988
DA:1391,31988
DA:1393,31988
DA:1396,31988
DA:1397,3
DA:1398,0
DA:1400,3
DA:1402,3
DA:1403,31985
DA:1405,0
DA:1406,0
DA:1409,0
DA:1412,31985
DA:1413,31985
DA:1416,28686
DA:1424,28686
DA:1426,28686
DA:1427,28686
DA:1428,28686
DA:1431,28686
DA:1432,0
DA:1434,28686
DA:1436,28686
DA:1439,28686
DA:1442,28686
DA:1443,0
DA:1445,0
DA:1448,28686
DA:1453,885
DA:1457,885
DA:1460,885
DA:1463,885
DA:1464,885
DA:1466,885
DA:1476,885
DA:1478,0
DA:1479,0
DA:1482,0
DA:1485,885
DA:1486,0
DA:1489,885
DA:1490,885
DA:1492,885
DA:1493,885
DA:1496,885
DA:1499,885
DA:1500,885
DA:1503,885
DA:1504,885
DA:1505,885
DA:1506,885
DA:1509,885
DA:1510,885
DA:1512,885
DA:1517,528
DA:1524,528
DA:1525,528
DA:1526,0
DA:1529,528
DA:1532,528
DA:1535,528
DA:1537,528
DA:1538,0
DA:1541,0
DA:1544,528
DA:1547,528
DA:1555,528
DA:1558,528
DA:1559,0
DA:1560,0
DA:1562,0
DA:1564,0
DA:1565,528
DA:1567,0
DA:1568,0
DA:1571,0
DA:1574,528
DA:1575,528
DA:1578,357
DA:1584,357
DA:1587,357
DA:1589,357
DA:1590,0
DA:1591,0
DA:1593,357
DA:1594,357
DA:1595,357
DA:1597,357
DA:1598,0
DA:1600,357
DA:1602,357
DA:1605,357
DA:1607,357
DA:1608,0
DA:1610,357
DA:1611,0
DA:1613,0
DA:1616,357
DA:1623,0
DA:1631,0
DA:1633,0
DA:1634,0
DA:1637,0
DA:1638,0
DA:1639,0
DA:1644,0
DA:1645,0
DA:1646,0
DA:1647,0
DA:1648,0
DA:1650,0
DA:1657,0
DA:1661,0
DA:1663,0
DA:1664,0
DA:1666,0
DA:1670,0
DA:1677,0
DA:1678,0
DA:1680,0
DA:1681,0
DA:1682,0
DA:1683,0
DA:1684,0
DA:1685,0
DA:1686,0
DA:1687,0
DA:1688,0
DA:1689,0
DA:1692,0
DA:1693,0
DA:1695,0
DA:1698,0
DA:1702,0
DA:1704,0
DA:1705,0
DA:1708,0
DA:1712,0
DA:1713,0
DA:1714,0
DA:1715,0
DA:1716,0
DA:1718,0
DA:1719,0
DA:1720,0
DA:1722,0
DA:1725,0
DA:1729,0
DA:1733,0
DA:1741,0
DA:1742,0
DA:1745,0
DA:1746,0
DA:1748,0
DA:1750,0
DA:1752,0
DA:1753,0
DA:1754,0
DA:1757,0
DA:1760,0
DA:1764,0
DA:1767,0
DA:1770,0
DA:1771,0
DA:1775,0
DA:1784,0
DA:1785,0
DA:1788,0
DA:1792,0
DA:1795,0
DA:1796,0
DA:1799,0
DA:1800,0
DA:1801,0
DA:1803,0
DA:1806,0
DA:1807,0
DA:1809,0
DA:1812,0
DA:1820,0
DA:1823,0
DA:1826,0
DA:1827,0
DA:1828,0
DA:1831,0
DA:1833,0
DA:1835,0
DA:1839,0
DA:1840,0
DA:1841,0
DA:1842,0
DA:1843,0
DA:1847,0
DA:1848,0
DA:1851,0
DA:1854,0
DA:1856,0
DA:1859,0
DA:1867,0
DA:1868,0
DA:1869,0
DA:1871,0
DA:1874,0
DA:1875,0
DA:1878,0
DA:1879,0
DA:1882,0
DA:1885,0
DA:1886,0
DA:1887,0
DA:1889,0
DA:1890,0
DA:1891,0
DA:1893,0
DA:1894,0
DA:1896,0
DA:1900,0
DA:1902,0
DA:1906,0
DA:1917,0
DA:1918,0
DA:1935,0
DA:1937,0
DA:1938,0
DA:1941,0
DA:1942,0
DA:1943,0
DA:1946,0
DA:1947,0
DA:1973,0
DA:1975,0
DA:1976,0
DA:1979,0
DA:1980,0
DA:1981,0
DA:1983,0
DA:1984,0
DA:1989,0
DA:1993,0
DA:1998,0
DA:2006,0
DA:2009,0
DA:2010,0
DA:2011,0
DA:2012,0
DA:2013,0
DA:2014,0
DA:2015,0
DA:2016,0
DA:2017,0
DA:2018,0
DA:2019,0
DA:2020,0
DA:2022,0
DA:2024,0
DA:2025,0
DA:2028,0
DA:2031,0
DA:2034,0
DA:2035,0
DA:2036,0
DA:2037,0
DA:2038,0
DA:2039,0
DA:2042,0
DA:2043,0
DA:2046,0
DA:2048,0
DA:2052,0
DA:2059,0
DA:2060,0
DA:2061,0
DA:2063,0
DA:2070,0
DA:2072,0
DA:2073,0
DA:2076,0
DA:2079,0
DA:2082,0
DA:2083,0
DA:2085,0
DA:2086,0
DA:2089,0
DA:2090,0
DA:2093,0
DA:2094,0
DA:2095,0
DA:2096,0
DA:2097,0
DA:2101,0
DA:2102,0
DA:2104,0
DA:2108,0
DA:2112,0
DA:2113,0
DA:2114,0
DA:2117,0
DA:2118,0
DA:2119,0
DA:2120,0
DA:2121,0
DA:2122,0
DA:2123,0
DA:2124,0
DA:2127,0
DA:2129,0
DA:2131,0
DA:2132,0
DA:2133,0
DA:2137,0
DA:2138,0
DA:2147,0
DA:2148,0
DA:2149,0
DA:2151,0
DA:2152,0
DA:2153,0
DA:2154,0
DA:2155,0
DA:2162,0
DA:2163,0
DA:2164,0
DA:2166,0
DA:2170,0
DA:2171,0
DA:2172,0
DA:2175,0
DA:2178,0
DA:2179,0
DA:2180,0
DA:2181,0
DA:2185,0
DA:2188,0
DA:2190,0
DA:2191,0
DA:2194,0
DA:2197,0
DA:2198,0
DA:2199,0
DA:2202,0
DA:2203,0
DA:2206,0
DA:2207,0
DA:2211,0
DA:2213,0
DA:2217,0
DA:2222,0
DA:2223,0
DA:2224,0
DA:2226,0
DA:2265,0
DA:2266,0
DA:2267,0
DA:2270,0
DA:2274,0
DA:2275,0
DA:2276,0
DA:2279,0
DA:2283,0
DA:2286,0
DA:2289,0
DA:2292,0
DA:2294,0
DA:2295,0
DA:2299,0
DA:2300,0
DA:2303,0
DA:2306,0
DA:2310,0
DA:2313,0
DA:2316,0
DA:2317,0
DA:2318,0
DA:2320,0
DA:2323,0
DA:2324,0
DA:2325,0
DA:2328,0
DA:2332,0
DA:2333,0
DA:2334,0
DA:2337,0
DA:2339,0
DA:2340,0
DA:2343,0
DA:2346,0
DA:2349,0
DA:2352,0
DA:2353,0
DA:2355,0
DA:2358,0
DA:2362,0
DA:2366,0
DA:2370,0
DA:2373,0
DA:2376,0
DA:2377,0
DA:2378,0
DA:2381,0
DA:2383,0
DA:2384,0
DA:2385,0
DA:2388,0
DA:2391,0
DA:2394,0
DA:2395,0
DA:2397,0
DA:2400,0
DA:2403,4011
DA:2407,4011
DA:2409,4011
DA:2410,4011
DA:2411,4011
DA:2414,0
DA:2417,0
DA:2418,0
DA:2420,0
DA:2421,0
DA:2422,0
DA:2424,0
DA:2426,0
DA:2427,0
DA:2430,0
DA:2433,3639
DA:2437,3639
DA:2441,123726
DA:2448,120087
DA:2449,120087
DA:2450,120087
DA:2452,0
DA:2456,0
DA:2457,0
DA:2458,0
DA:2460,0
DA:2461,0
DA:2463,0
DA:2464,0
DA:2466,0
DA:2467,0
DA:2469,0
DA:2471,0
DA:2472,0
DA:2474,0
DA:2476,0
DA:2478,0
DA:2479,0
DA:2483,0
DA:2485,0
DA:2490,0
DA:2491,0
DA:2493,0
DA:2495,0
DA:2498,0
DA:2500,0
DA:2502,0
DA:2504,0
DA:2512,3639
DA:2513,3639
DA:2514,0
DA:2517,3639
DA:2520,0
DA:2523,0
DA:2526,0
DA:2527,0
DA:2528,0
DA:2530,0
DA:2531,0
DA:2532,0
DA:2535,0
DA:2537,0
DA:2538,0
DA:2539,0
[...]
DA:512,0
DA:513,0
DA:514,0
DA:518,0
DA:527,0
DA:532,0
DA:535,0
DA:537,0
DA:538,0
DA:539,0
DA:542,0
DA:546,0
DA:550,0
DA:552,0
DA:554,0
DA:555,0
DA:556,0
DA:559,0
DA:561,0
DA:562,0
DA:564,0
DA:566,0
DA:567,0
DA:570,0
DA:571,0
DA:577,0
DA:584,0
DA:586,0
DA:588,0
DA:589,0
DA:590,0
DA:591,0
DA:594,0
DA:595,0
DA:596,0
DA:597,0
DA:601,0
DA:602,0
DA:610,0
DA:611,0
DA:612,0
DA:614,0
DA:615,0
DA:621,0
DA:627,0
DA:629,0
DA:631,0
DA:632,0
DA:633,0
DA:634,0
DA:637,0
DA:639,0
DA:640,0
DA:646,2326
DA:654,2326
DA:656,2326
DA:658,2326
DA:660,2326
DA:661,2326
DA:662,10
DA:663,10
DA:666,2326
DA:667,2326
DA:668,2326
DA:669,2326
DA:673,2326
DA:675,2326
DA:677,2326
DA:681,0
DA:682,0
DA:683,0
DA:684,0
DA:687,0
DA:689,2326
DA:696,0
DA:697,0
DA:698,0
DA:699,0
DA:702,2326
DA:704,2326
DA:705,2326
DA:707,0
DA:710,0
DA:713,0
DA:714,0
DA:716,0
DA:719,0
DA:725,0
DA:728,0
DA:729,0
DA:730,0
DA:732,0
DA:733,0
DA:738,0
DA:739,0
DA:742,0
DA:746,0
DA:747,0
DA:748,0
DA:751,0
DA:757,0
DA:763,0
DA:765,0
DA:767,0
DA:777,0
DA:778,0
DA:779,0
DA:782,0
DA:786,0
DA:788,0
DA:791,0
DA:797,0
DA:800,0
DA:801,0
DA:803,0
DA:804,0
DA:807,0
DA:810,0
DA:812,0
DA:815,0
DA:821,0
DA:823,0
DA:824,0
DA:826,0
DA:827,0
DA:829,0
DA:832,0
DA:833,0
DA:834,0
DA:835,0
DA:837,0
DA:840,2326
DA:842,2326
DA:843,2326
DA:844,2326
DA:845,2326
end_of_record
SF:/home/frr/frr/ospfd/ospf_gr_clippy.c
FN:9,graceful_restart_prepare
FNDA:0,graceful_restart_prepare
FN:50,graceful_restart
FNDA:0,graceful_restart
FN:99,no_graceful_restart
FNDA:0,no_graceful_restart
DA:9,0
DA:37,0
DA:50,0
DA:55,0
DA:57,0
DA:58,0
DA:60,0
DA:61,0
DA:62,0
DA:64,0
DA:67,0
DA:68,0
DA:70,0
DA:71,0
DA:74,0
DA:75,0
DA:76,0
DA:77,0
DA:81,0
DA:82,0
DA:86,0
DA:99,0
DA:104,0
DA:106,0
DA:107,0
DA:109,0
DA:110,0
DA:111,0
DA:113,0
DA:116,0
DA:117,0
DA:119,0
DA:120,0
DA:123,0
DA:124,0
DA:125,0
DA:126,0
DA:130,0
DA:131,0
DA:135,0
end_of_record
SF:/home/frr/frr/lib/table.h
FN:233,route_unlock_node
FNDA:0,route_unlock_node
DA:233,0
DA:235,0
DA:236,0
DA:238,0
DA:239,0
DA:240,0
end_of_record
TN:
SF:/home/frr/frr/lib/prefix.h
FN:339,ipv4_addr_same
FNDA:630108,ipv4_addr_same
DA:339,630108
DA:342,630108
end_of_record
SF:/home/frr/frr/ospfd/ospf_route.c
FN:27,ospf_path_type_name
FNDA:0,ospf_path_type_name
FN:43,ospf_route_new
FNDA:896755,ospf_route_new
FN:56,ospf_route_free
FNDA:896755,ospf_route_free
FN:64,ospf_path_new
FNDA:838514,ospf_path_new
FN:73,ospf_path_dup
FNDA:249639,ospf_path_dup
FN:95,ospf_path_free
FNDA:838514,ospf_path_free
FN:104,ospf_route_delete
FNDA:18728,ospf_route_delete
FN:120,ospf_route_table_free
FNDA:183328,ospf_route_table_free
FN:140,ospf_route_exist_new_table
FNDA:714619,ospf_route_exist_new_table
FN:161,ospf_route_backup_path_same
FNDA:628288,ospf_route_backup_path_same
FN:192,ospf_route_match_same
FNDA:727980,ospf_route_match_same
FN:249,ospf_route_delete_same_ext
FNDA:138242,ospf_route_delete_same_ext
FN:277,ospf_route_delete_uniq
FNDA:135916,ospf_route_delete_uniq
FN:310,ospf_route_install
FNDA:138242,ospf_route_install
FN:351,ospf_intra_add_router
FNDA:156128,ospf_intra_add_router
FN:451,ospf_intra_add_transit
FNDA:108146,ospf_intra_add_transit
FN:518,ospf_intra_add_stub
FNDA:422968,ospf_intra_add_stub
FN:709,ospf_route_table_dump
FNDA:0,ospf_route_table_dump
FN:738,ospf_router_route_table_dump
FNDA:0,ospf_router_route_table_dump
FN:760,ospf_asbr_route_cmp
FNDA:0,ospf_asbr_route_cmp
FN:781,ospf_route_cmp
FNDA:76905,ospf_route_cmp
FN:822,ospf_path_exist
FNDA:309288,ospf_path_exist
FN:836,ospf_route_copy_nexthops_from_vertex
FNDA:309290,ospf_route_copy_nexthops_from_vertex
FN:876,ospf_path_lookup
FNDA:249639,ospf_path_lookup
FN:893,ospf_route_copy_nexthops
FNDA:249639,ospf_route_copy_nexthops
FN:906,ospf_route_subst_nexthops
FNDA:0,ospf_route_subst_nexthops
FN:913,ospf_route_subst
FNDA:16774,ospf_route_subst
FN:924,ospf_route_add
FNDA:227993,ospf_route_add
FN:943,ospf_prune_unreachable_networks
FNDA:138242,ospf_prune_unreachable_networks
FN:968,ospf_prune_unreachable_routers
FNDA:138242,ospf_prune_unreachable_routers
FN:1020,ospf_add_discard_route
FNDA:140523,ospf_add_discard_route
FN:1079,ospf_delete_discard_route
FNDA:163979,ospf_delete_discard_route
DA:27,0
DA:29,0
DA:30,0
DA:31,0
DA:32,0
DA:33,0
DA:34,0
DA:35,0
DA:36,0
DA:37,0
DA:38,0
DA:39,0
DA:43,896755
DA:47,896755
DA:49,896755
DA:50,896755
DA:51,896755
DA:53,896755
DA:56,896755
DA:58,896755
DA:59,896755
DA:61,896755
DA:62,896755
DA:64,838514
DA:68,838514
DA:70,838514
DA:73,249639
DA:78,249639
DA:79,249639
DA:82,249639
DA:83,0
DA:84,0
DA:85,0
DA:86,0
DA:87,0
DA:88,0
DA:89,0
DA:92,249639
DA:95,838514
DA:98,838514
DA:99,0
DA:101,838514
DA:102,838514
DA:104,18728
DA:109,41019
DA:110,22291
DA:111,13363
DA:112,13363
DA:113,13363
DA:114,0
DA:115,0
DA:116,0
DA:118,18728
DA:120,183328
DA:125,1499638
DA:126,1316310
DA:127,727982
DA:129,727982
DA:130,727982
DA:133,183328
DA:134,183328
DA:140,714619
DA:145,714619
DA:146,714619
DA:148,714619
DA:149,714619
DA:150,62081
DA:152,652538
DA:154,652538
DA:155,0
DA:158,652538
DA:161,628288
DA:167,628288
DA:168,628288
DA:170,628288
DA:171,628288
DA:173,0
DA:174,0
DA:176,0
DA:177,0
DA:179,0
DA:180,0
DA:181,0
DA:184,0
DA:185,0
DA:187,0
DA:192,727980
DA:202,727980
DA:203,460
DA:205,727520
DA:206,727520
DA:207,74982
DA:209,652538
DA:211,652538
DA:212,652538
DA:213,632442
DA:214,5251
DA:216,627191
DA:217,627191
DA:218,284
DA:221,626907
DA:222,626907
DA:223,1255195
DA:224,628288
DA:225,628289
DA:226,628289
DA:228,628289
DA:230,1
DA:231,628288
DA:232,0
DA:235,628288
DA:237,0
DA:239,626906
DA:240,0
DA:241,0
DA:243,20096
DA:249,138242
DA:255,138242
DA:256,0
DA:259,1454550
DA:260,1316308
DA:261,727980
DA:262,727980
DA:264,0
DA:265,0
DA:266,0
DA:267,0
DA:268,0
DA:270,0
DA:277,135916
DA:283,1429935
DA:284,1294019
DA:285,714619
DA:286,225213
DA:287,714619
DA:288,714617
DA:290,714617
DA:292,62080
DA:295,62080
DA:297,2
DA:298,2
DA:300,2
DA:302,1
DA:305,1
DA:307,135916
DA:310,138242
DA:317,138242
DA:318,133601
DA:320,138242
DA:321,138242
DA:324,138242
DA:325,135916
DA:326,138242
DA:327,138242
DA:330,1454550
DA:331,1316308
DA:332,727980
DA:333,727980
DA:335,727980
DA:336,101074
DA:338,101074
DA:340,0
DA:341,0
DA:343,0
DA:344,0
DA:346,0
DA:348,138242
DA:351,156128
DA:359,156128
DA:360,0
DA:361,0
DA:363,0
DA:365,156128
DA:367,156128
DA:368,0
DA:370,156128
DA:371,156128
DA:372,80047
DA:374,156128
DA:375,156014
DA:380,156128
DA:381,67690
DA:382,67241
DA:383,0
DA:386,67241
DA:390,88887
DA:391,88438
DA:392,88887
DA:393,10412
DA:399,88887
DA:401,88887
DA:402,88887
DA:403,88887
DA:404,88887
DA:405,88887
DA:406,88887
DA:407,88887
DA:408,88887
DA:409,88887
DA:422,88887
DA:423,88887
DA:424,88887
DA:425,88887
DA:427,88887
DA:428,0
DA:430,88887
DA:433,88887
DA:434,77372
DA:436,11515
DA:438,88887
DA:440,88887
DA:442,88887
DA:443,0
DA:444,0
DA:446,0
DA:451,108146
DA:459,108146
DA:466,108146
DA:467,0
DA:468,0
DA:470,0
DA:472,108146
DA:473,108146
DA:474,108146
DA:475,108146
DA:477,108146
DA:487,108146
DA:490,0
DA:491,0
DA:493,0
DA:494,0
DA:496,0
DA:498,0
DA:501,108146
DA:503,108146
DA:504,108146
DA:505,108146
DA:506,108146
DA:507,108146
DA:508,108146
DA:509,108146
DA:510,108146
DA:512,108146
DA:514,108146
DA:518,422968
DA:527,422968
DA:530,422968
DA:531,0
DA:533,422968
DA:535,422968
DA:536,422968
DA:537,422968
DA:538,422968
DA:540,422968
DA:541,0
DA:547,422968
DA:549,422968
DA:550,0
DA:557,422968
DA:558,0
DA:559,0
DA:560,0
DA:562,31126
DA:565,422968
DA:568,422968
DA:571,31126
DA:573,31126
DA:575,31126
DA:576,0
DA:585,31126
DA:586,31124
DA:587,0
DA:589,31124
DA:605,2
DA:606,1
DA:607,0
DA:610,1
DA:612,1
DA:615,0
DA:616,1
DA:626,1
DA:627,1
DA:628,0
DA:631,1
DA:633,1
DA:635,1
DA:637,1
DA:638,1
DA:642,391842
DA:643,0
DA:645,391842
DA:647,391842
DA:648,391842
DA:649,391842
DA:650,391842
DA:651,391842
DA:652,391842
DA:653,391842
DA:656,391842
DA:657,112255
DA:658,0
DA:660,112255
DA:662,279587
DA:663,0
DA:670,279587
DA:671,279587
DA:673,279587
DA:674,279587
DA:675,0
DA:678,279587
DA:679,279587
DA:681,279587
DA:682,279587
DA:683,279587
DA:685,0
DA:688,279587
DA:690,0
DA:691,0
DA:695,391842
DA:696,0
DA:698,391842
DA:700,391842
DA:701,0
DA:709,0
DA:716,0
DA:717,0
DA:718,0
DA:719,0
DA:720,0
DA:724,0
DA:726,0
DA:729,0
DA:735,0
DA:736,0
DA:738,0
DA:744,0
DA:745,0
DA:746,0
DA:747,0
DA:748,0
DA:753,0
DA:754,0
DA:760,0
DA:765,0
DA:766,0
DA:769,0
DA:770,0
DA:771,0
DA:772,0
DA:774,0
DA:781,76905
DA:784,76905
DA:787,76905
DA:788,34068
DA:790,42837
DA:791,0
DA:793,42837
DA:794,42837
DA:796,42837
DA:797,0
DA:798,0
DA:799,0
DA:801,0
DA:802,0
DA:804,0
DA:805,0
DA:806,0
DA:807,0
DA:809,0
DA:810,0
DA:812,0
DA:813,0
DA:815,0
DA:819,42837
DA:822,309288
DA:828,309288
DA:829,0
DA:830,0
DA:831,0
DA:833,309288
DA:836,309290
DA:844,309290
DA:846,309290
DA:848,618578
DA:849,309288
DA:855,309288
DA:856,309288
DA:858,309288
DA:859,0
DA:860,309288
DA:861,309288
DA:862,309288
DA:864,309288
DA:865,309288
DA:866,309288
DA:868,0
DA:871,309288
DA:874,309290
DA:876,249639
DA:881,251322
DA:882,1683
DA:883,1547
DA:884,136
DA:885,136
DA:886,0
DA:887,0
DA:888,0
DA:890,249639
DA:893,249639
DA:898,249639
DA:900,499278
DA:902,249639
DA:903,249639
DA:904,249639
DA:906,0
DA:909,0
DA:910,0
DA:911,0
DA:913,16774
DA:916,16774
DA:917,16774
DA:919,16774
DA:920,16774
DA:921,16774
DA:922,16774
DA:924,227993
DA:929,227993
DA:931,227993
DA:933,227993
DA:934,0
DA:935,0
DA:936,0
DA:937,0
DA:940,227993
DA:943,138242
DA:948,138242
DA:949,0
DA:951,1454551
DA:952,1316309
DA:953,1316309
DA:954,727981
DA:955,727981
DA:956,1
DA:957,0
DA:960,1
DA:961,1
DA:962,1
DA:966,138242
DA:968,138242
DA:975,138242
DA:976,0
DA:978,249013
DA:979,110771
DA:980,110771
DA:981,30588
DA:983,172050
DA:984,91867
DA:985,0
DA:986,0
DA:988,0
DA:997,0
DA:999,0
DA:1001,0
DA:1003,0
DA:1004,0
DA:1008,80183
DA:1009,0
DA:1010,0
DA:1013,0
DA:1014,0
DA:1015,0
DA:1018,138242
DA:1020,140523
DA:1027,140523
DA:1029,140523
DA:1030,0
DA:1031,0
DA:1032,0
DA:1035,140523
DA:1037,140521
DA:1039,140521
DA:1041,140521
DA:1042,140521
DA:1043,0
DA:1045,140521
DA:1048,0
DA:1049,0
DA:1050,0
DA:1053,0
DA:1056,0
DA:1059,2
DA:1060,0
DA:1062,2
DA:1063,2
DA:1064,2
DA:1065,2
DA:1066,2
DA:1067,2
DA:1068,2
DA:1069,0
DA:1071,2
DA:1072,2
DA:1074,2
DA:1076,2
DA:1079,163979
DA:1085,163979
DA:1086,0
DA:1088,163979
DA:1090,163979
DA:1091,134118
DA:1092,0
DA:1093,134118
DA:1096,29861
DA:1098,29861
DA:1099,24616
DA:1100,0
DA:1101,24616
DA:1104,5245
DA:1105,5245
DA:1106,0
DA:1107,5245
DA:1111,0
DA:1113,0
DA:1114,0
DA:1115,0
DA:1118,0
DA:1120,0
end_of_record
SF:/home/frr/frr/lib/zlog.h
FN:78,zlog_ref
FNDA:0,zlog_ref
DA:78,0
DA:83,0
DA:84,0
DA:85,0
DA:86,0
end_of_record
SF:/home/frr/frr/lib/table.h
FN:226,route_lock_node
FNDA:16774,route_lock_node
FN:233,route_unlock_node
FNDA:2232995,route_unlock_node
DA:226,16774
DA:228,16774
DA:229,16774
DA:233,2232995
DA:235,2232995
DA:236,2232995
DA:238,2232995
DA:239,1
DA:240,2232995
end_of_record
TN:
SF:/home/frr/frr/lib/monotime.h
FN:62,monotime
FNDA:0,monotime
FN:93,monotime_until
FNDA:0,monotime_until
DA:62,0
DA:66,0
DA:67,0
DA:68,0
DA:70,0
DA:93,0
DA:97,0
DA:98,0
DA:99,0
DA:100,0
DA:101,0
end_of_record
SF:/home/frr/frr/lib/zlog.h
FN:78,zlog_ref
FNDA:0,zlog_ref
DA:78,0
DA:83,0
DA:84,0
DA:85,0
DA:86,0
end_of_record
SF:/home/frr/frr/ospfd/ospf_ldp_sync_clippy.c
FN:9,ospf_mpls_ldp_sync
FNDA:0,ospf_mpls_ldp_sync
FN:48,no_ospf_mpls_ldp_sync
FNDA:0,no_ospf_mpls_ldp_sync
FN:89,ospf_mpls_ldp_sync_holddown
FNDA:0,ospf_mpls_ldp_sync_holddown
FN:142,no_ospf_mpls_ldp_sync_holddown
FNDA:0,no_ospf_mpls_ldp_sync_holddown
FN:189,mpls_ldp_sync
FNDA:0,mpls_ldp_sync
FN:228,no_mpls_ldp_sync
FNDA:0,no_mpls_ldp_sync
FN:269,mpls_ldp_sync_holddown
FNDA:0,mpls_ldp_sync_holddown
FN:322,no_mpls_ldp_sync_holddown
FNDA:0,no_mpls_ldp_sync_holddown
FN:370,show_ip_ospf_mpls_ldp_interface
FNDA:0,show_ip_ospf_mpls_ldp_interface
DA:9,0
DA:37,0
DA:48,0
DA:76,0
DA:89,0
DA:94,0
DA:96,0
DA:97,0
DA:99,0
DA:100,0
DA:101,0
DA:103,0
DA:106,0
DA:107,0
DA:109,0
DA:110,0
DA:113,0
DA:114,0
DA:115,0
DA:116,0
DA:120,0
DA:121,0
DA:124,0
DA:125,0
DA:126,0
DA:129,0
DA:142,0
DA:147,0
DA:149,0
DA:150,0
DA:152,0
DA:153,0
DA:154,0
DA:156,0
DA:159,0
DA:160,0
DA:162,0
DA:163,0
DA:166,0
DA:167,0
DA:168,0
DA:169,0
DA:173,0
DA:174,0
DA:178,0
DA:189,0
DA:217,0
DA:228,0
DA:256,0
DA:269,0
DA:274,0
DA:276,0
DA:277,0
DA:279,0
DA:280,0
DA:281,0
DA:283,0
DA:286,0
DA:287,0
DA:289,0
DA:290,0
DA:293,0
DA:294,0
DA:295,0
DA:296,0
DA:300,0
DA:301,0
DA:304,0
DA:305,0
DA:306,0
DA:309,0
DA:322,0
DA:327,0
DA:329,0
DA:330,0
DA:332,0
DA:333,0
DA:334,0
DA:336,0
DA:339,0
DA:340,0
DA:342,0
DA:343,0
DA:346,0
DA:347,0
DA:348,0
DA:349,0
DA:353,0
DA:354,0
DA:358,0
DA:370,0
DA:377,0
DA:379,0
DA:380,0
DA:381,0
DA:386,0
DA:387,0
DA:402,0
end_of_record
SF:/home/frr/frr/ospfd/ospf_ldp_sync.c
FN:36,ospf_ldp_sync_state_update
FNDA:0,ospf_ldp_sync_state_update
FN:62,ospf_ldp_sync_announce_update
FNDA:0,ospf_ldp_sync_announce_update
FN:90,ospf_ldp_sync_state_req_msg
FNDA:0,ospf_ldp_sync_state_req_msg
FN:108,ospf_ldp_sync_if_init
FNDA:18771,ospf_ldp_sync_if_init
FN:143,ospf_ldp_sync_if_start
FNDA:3754,ospf_ldp_sync_if_start
FN:174,ospf_ldp_sync_if_complete
FNDA:0,ospf_ldp_sync_if_complete
FN:198,ospf_ldp_sync_handle_client_close
FNDA:0,ospf_ldp_sync_handle_client_close
FN:225,ospf_ldp_sync_ldp_fail
FNDA:0,ospf_ldp_sync_ldp_fail
FN:250,ospf_ldp_sync_if_down
FNDA:25080,ospf_ldp_sync_if_down
FN:290,ospf_ldp_sync_if_remove
FNDA:0,ospf_ldp_sync_if_remove
FN:320,ospf_ldp_sync_ism_change
FNDA:70351,ospf_ldp_sync_ism_change
FN:342,ospf_ldp_sync_holddown_timer
FNDA:0,ospf_ldp_sync_holddown_timer
FN:366,ospf_ldp_sync_holddown_timer_add
FNDA:0,ospf_ldp_sync_holddown_timer_add
FN:393,ospf_ldp_sync_gbl_exit
FNDA:2326,ospf_ldp_sync_gbl_exit
FN:423,ospf_if_set_ldp_sync_enable
FNDA:0,ospf_if_set_ldp_sync_enable
FN:461,ospf_if_set_ldp_sync_holddown
FNDA:0,ospf_if_set_ldp_sync_holddown
FN:490,ospf_ldp_sync_show_info
FNDA:10128,ospf_ldp_sync_show_info
FN:513,show_ip_ospf_mpls_ldp_interface_sub
FNDA:0,show_ip_ospf_mpls_ldp_interface_sub
FN:614,show_ip_ospf_mpls_ldp_interface_common
FNDA:0,show_ip_ospf_mpls_ldp_interface_common
FN:703,ospf_ldp_sync_write_config
FNDA:7390,ospf_ldp_sync_write_config
FN:715,ospf_ldp_sync_if_write_config
FNDA:0,ospf_ldp_sync_if_write_config
FN:741,ospf_mpls_ldp_sync_magic
FNDA:0,ospf_mpls_ldp_sync_magic
FN:769,no_ospf_mpls_ldp_sync_magic
FNDA:0,no_ospf_mpls_ldp_sync_magic
FN:781,ospf_mpls_ldp_sync_holddown_magic
FNDA:0,ospf_mpls_ldp_sync_holddown_magic
FN:807,no_ospf_mpls_ldp_sync_holddown_magic
FNDA:0,no_ospf_mpls_ldp_sync_holddown_magic
FN:831,mpls_ldp_sync_magic
FNDA:0,mpls_ldp_sync_magic
FN:871,no_mpls_ldp_sync_magic
FNDA:0,no_mpls_ldp_sync_magic
FN:913,mpls_ldp_sync_holddown_magic
FNDA:0,mpls_ldp_sync_holddown_magic
FN:949,no_mpls_ldp_sync_holddown_magic
FNDA:0,no_mpls_ldp_sync_holddown_magic
FN:993,show_ip_ospf_mpls_ldp_interface_magic
FNDA:0,show_ip_ospf_mpls_ldp_interface_magic
FN:1045,ospf_ldp_sync_init
FNDA:2326,ospf_ldp_sync_init
DA:36,0
DA:42,0
DA:43,0
DA:44,0
DA:45,0
DA:48,0
DA:49,0
DA:50,0
DA:52,0
DA:54,0
DA:55,0
DA:57,0
DA:59,0
DA:62,0
DA:69,0
DA:70,0
DA:71,0
DA:72,0
DA:74,0
DA:75,0
DA:77,0
DA:83,0
DA:84,0
DA:85,0
DA:87,0
DA:90,0
DA:94,0
DA:96,0
DA:97,0
DA:98,0
DA:99,0
DA:101,0
DA:103,0
DA:108,18771
DA:112,18771
DA:118,18771
DA:119,18771
DA:121,18771
DA:123,0
DA:124,0
DA:125,0
DA:126,0
DA:128,0
DA:131,0
DA:132,0
DA:134,0
DA:135,0
DA:137,0
DA:138,0
DA:139,0
DA:140,0
DA:143,3754
DA:148,3754
DA:149,0
DA:151,3754
DA:152,3754
DA:160,3754
DA:161,0
DA:162,0
DA:163,0
DA:165,0
DA:166,0
DA:167,0
DA:169,0
DA:170,0
DA:174,0
DA:179,0
DA:180,0
DA:182,0
DA:183,0
DA:190,0
DA:191,0
DA:192,0
DA:193,0
DA:194,0
DA:198,0
DA:205,0
DA:206,0
DA:207,0
DA:208,0
DA:211,0
DA:212,0
DA:218,0
DA:220,0
DA:221,0
DA:222,0
DA:225,0
DA:230,0
DA:231,0
DA:233,0
DA:234,0
DA:241,0
DA:242,0
DA:243,0
DA:244,0
DA:245,0
DA:246,0
DA:250,25080
DA:255,25080
DA:256,0
DA:258,25080
DA:259,25080
DA:261,25080
DA:262,25080
DA:264,0
DA:270,0
DA:271,0
DA:273,0
DA:274,0
DA:276,0
DA:277,0
DA:278,0
DA:279,0
DA:280,0
DA:282,0
DA:284,0
DA:285,0
DA:286,0
DA:290,0
DA:295,0
DA:296,0
DA:297,0
DA:299,0
DA:306,0
DA:308,0
DA:310,0
DA:311,0
DA:312,0
DA:313,0
DA:314,0
DA:315,0
DA:316,0
DA:320,70351
DA:324,70351
DA:325,3754
DA:327,3754
DA:328,3754
DA:329,25080
DA:331,25080
DA:332,25080
DA:333,41517
DA:334,41517
DA:336,70351
DA:342,0
DA:352,0
DA:353,0
DA:354,0
DA:355,0
DA:357,0
DA:359,0
DA:362,0
DA:364,0
DA:366,0
DA:371,0
DA:372,0
DA:379,0
DA:380,0
DA:381,0
DA:383,0
DA:386,0
DA:393,2326
DA:401,2326
DA:403,0
DA:405,0
DA:409,0
DA:410,0
DA:411,0
DA:414,0
DA:415,0
DA:416,0
DA:418,2326
DA:423,0
DA:432,0
DA:433,0
DA:435,0
DA:436,0
DA:437,0
DA:438,0
DA:441,0
DA:442,0
DA:443,0
DA:445,0
DA:447,0
DA:450,0
DA:451,0
DA:452,0
DA:453,0
DA:455,0
DA:456,0
DA:461,0
DA:469,0
DA:470,0
DA:472,0
DA:473,0
DA:474,0
DA:475,0
DA:478,0
DA:479,0
DA:480,0
DA:481,0
DA:483,0
DA:490,10128
DA:494,10128
DA:495,0
DA:496,0
DA:498,0
DA:499,0
DA:501,0
DA:502,0
DA:503,0
DA:506,0
DA:508,0
DA:511,10128
DA:513,0
DA:524,0
DA:525,0
DA:526,0
DA:528,0
DA:529,0
DA:530,0
DA:531,0
DA:534,0
DA:537,0
DA:538,0
DA:541,0
DA:542,0
DA:543,0
DA:546,0
DA:547,0
DA:550,0
DA:551,0
DA:552,0
DA:553,0
DA:557,0
DA:558,0
DA:559,0
DA:560,0
DA:561,0
DA:564,0
DA:565,0
DA:569,0
DA:573,0
DA:577,0
DA:584,0
DA:588,0
DA:589,0
DA:593,0
DA:595,0
DA:596,0
DA:598,0
DA:599,0
DA:600,0
DA:602,0
DA:604,0
DA:605,0
DA:609,0
DA:610,0
DA:614,0
DA:621,0
DA:622,0
DA:624,0
DA:626,0
DA:630,0
DA:631,0
DA:632,0
DA:633,0
DA:634,0
DA:636,0
DA:637,0
DA:638,0
DA:640,0
DA:641,0
DA:643,0
DA:645,0
DA:647,0
DA:651,0
DA:652,0
DA:653,0
DA:660,0
DA:661,0
DA:665,0
DA:666,0
DA:667,0
DA:668,0
DA:670,0
DA:671,0
DA:672,0
DA:674,0
DA:675,0
DA:676,0
DA:678,0
DA:679,0
DA:681,0
DA:683,0
DA:685,0
DA:689,0
DA:690,0
DA:691,0
DA:697,0
DA:703,7390
DA:705,7390
DA:706,0
DA:707,7390
DA:708,0
DA:709,0
DA:710,7390
DA:715,0
DA:721,0
DA:722,0
DA:723,0
DA:725,0
DA:726,0
DA:727,0
DA:729,0
DA:731,0
DA:732,0
DA:733,0
DA:741,0
DA:747,0
DA:748,0
DA:751,0
DA:752,0
DA:753,0
DA:757,0
DA:758,0
DA:760,0
DA:761,0
DA:763,0
DA:764,0
DA:766,0
DA:769,0
DA:776,0
DA:777,0
DA:778,0
DA:781,0
DA:789,0
DA:790,0
DA:793,0
DA:794,0
DA:795,0
DA:798,0
DA:799,0
DA:801,0
DA:802,0
DA:804,0
DA:807,0
DA:816,0
DA:817,0
DA:820,0
DA:821,0
DA:822,0
DA:824,0
DA:825,0
DA:827,0
DA:831,0
DA:839,0
DA:843,0
DA:844,0
DA:845,0
DA:848,0
DA:849,0
DA:850,0
DA:853,0
DA:854,0
DA:855,0
DA:857,0
DA:859,0
DA:860,0
DA:861,0
DA:862,0
DA:863,0
DA:865,0
DA:866,0
DA:868,0
DA:871,0
DA:880,0
DA:884,0
DA:885,0
DA:886,0
DA:889,0
DA:890,0
DA:891,0
DA:894,0
DA:895,0
DA:896,0
DA:898,0
DA:904,0
DA:905,0
DA:906,0
DA:907,0
DA:908,0
DA:910,0
DA:913,0
DA:923,0
DA:927,0
DA:928,0
DA:929,0
DA:932,0
DA:933,0
DA:934,0
DA:937,0
DA:938,0
DA:939,0
DA:941,0
DA:943,0
DA:944,0
DA:946,0
DA:949,0
DA:960,0
DA:965,0
DA:966,0
DA:967,0
DA:970,0
DA:971,0
DA:972,0
DA:975,0
DA:976,0
DA:977,0
DA:978,0
DA:981,0
DA:982,0
DA:983,0
DA:984,0
DA:986,0
DA:988,0
DA:990,0
DA:993,0
DA:1007,0
DA:1008,0
DA:1009,0
DA:1010,0
DA:1011,0
DA:1013,0
DA:1014,0
DA:1016,0
DA:1017,0
DA:1020,0
DA:1021,0
DA:1022,0
DA:1023,0
DA:1025,0
DA:1026,0
DA:1029,0
DA:1030,0
DA:1031,0
DA:1033,0
DA:1034,0
DA:1037,0
DA:1039,0
DA:1040,0
DA:1042,0
DA:1045,2326
DA:1048,2326
DA:1049,2326
DA:1050,2326
DA:1051,2326
DA:1054,2326
DA:1055,2326
DA:1056,2326
DA:1057,2326
DA:1060,2326
DA:1062,2326
DA:1064,2326
end_of_record
SF:/home/frr/frr/lib/if.h
FN:313,if_name_head_RB_NEXT
FNDA:0,if_name_head_RB_NEXT
FN:313,if_name_head_RB_MIN
FNDA:0,if_name_head_RB_MIN
DA:313,0
DA:313,0
end_of_record
SF:/home/frr/frr/ospfd/ospf_ism.h
FN:80,_hook_typecheck_ospf_ism_change
FNDA:2326,_hook_typecheck_ospf_ism_change
DA:80,2326
end_of_record
TN:
SF:/home/frr/frr/ospfd/ospf_dump_api.c
FN:90,ospf_options_dump
FNDA:241327,ospf_options_dump
FN:106,ospf_lsa_header_dump
FNDA:0,ospf_lsa_header_dump
DA:90,241327
DA:94,1689289
DA:95,241327
DA:96,241327
DA:97,241327
DA:98,241327
DA:99,241327
DA:100,241327
DA:101,241327
DA:103,241327
DA:106,0
DA:108,0
DA:110,0
DA:111,0
DA:112,0
DA:114,0
DA:116,0
DA:117,0
DA:118,0
DA:120,0
DA:121,0
DA:122,0
end_of_record
SF:/home/frr/frr/lib/zlog.h
FN:78,zlog_ref
FNDA:0,zlog_ref
DA:78,0
DA:83,0
DA:84,0
DA:85,0
DA:86,0
end_of_record
