TN:
SF:/home/frr/frr/lib/zlog.h
FN:78,zlog_ref
FNDA:0,zlog_ref
DA:78,0
DA:83,0
DA:84,0
DA:85,0
DA:86,0
end_of_record
SF:/home/frr/frr/ospfd/ospf_gr_helper.c
FN:67,ospf_enable_rtr_hash_key
FNDA:0,ospf_enable_rtr_hash_key
FN:74,ospf_enable_rtr_hash_cmp
FNDA:0,ospf_enable_rtr_hash_cmp
FN:82,ospf_enable_rtr_hash_alloc
FNDA:0,ospf_enable_rtr_hash_alloc
FN:92,ospf_disable_rtr_hash_free
FNDA:0,ospf_disable_rtr_hash_free
FN:97,ospf_enable_rtr_hash_destroy
FNDA:28,ospf_enable_rtr_hash_destroy
FN:108,ospf_exit_reason2str
FNDA:0,ospf_exit_reason2str
FN:119,ospf_restart_reason2str
FNDA:0,ospf_restart_reason2str
FN:130,ospf_rejected_reason2str
FNDA:0,ospf_rejected_reason2str
FN:147,ospf_gr_helper_instance_init
FNDA:28,ospf_gr_helper_instance_init
FN:173,ospf_gr_helper_instance_stop
FNDA:28,ospf_gr_helper_instance_stop
FN:187,ospf_gr_helper_init
FNDA:28,ospf_gr_helper_init
FN:211,ospf_gr_helper_stop
FNDA:28,ospf_gr_helper_stop
FN:230,ospf_extract_grace_lsa_fields
FNDA:0,ospf_extract_grace_lsa_fields
FN:332,ospf_handle_grace_timer_expiry
FNDA:0,ospf_handle_grace_timer_expiry
FN:360,ospf_process_grace_lsa
FNDA:0,ospf_process_grace_lsa
FN:554,ospf_check_change_in_rxmt_list
FNDA:0,ospf_check_change_in_rxmt_list
FN:604,ospf_helper_handle_topo_chg
FNDA:0,ospf_helper_handle_topo_chg
FN:669,ospf_gr_helper_exit
FNDA:0,ospf_gr_helper_exit
FN:742,ospf_process_maxage_grace_lsa
FNDA:0,ospf_process_maxage_grace_lsa
FN:799,ospf_gr_helper_support_set
FNDA:0,ospf_gr_helper_support_set
FN:864,ospf_gr_helper_support_set_per_routerid
FNDA:0,ospf_gr_helper_support_set_per_routerid
FN:937,ospf_gr_helper_lsa_check_set
FNDA:0,ospf_gr_helper_lsa_check_set
FN:957,ospf_gr_helper_supported_gracetime_set
FNDA:0,ospf_gr_helper_supported_gracetime_set
FN:976,ospf_gr_helper_set_supported_planned_only_restart
FNDA:0,ospf_gr_helper_set_supported_planned_only_restart
FN:995,show_ospf_grace_lsa_info
FNDA:0,show_ospf_grace_lsa_info
DA:67,0
DA:69,0
DA:71,0
DA:74,0
DA:76,0
DA:77,0
DA:79,0
DA:82,0
DA:86,0
DA:87,0
DA:89,0
DA:92,0
DA:94,0
DA:95,0
DA:97,28
DA:99,28
DA:100,0
DA:102,28
DA:108,0
DA:110,0
DA:111,0
DA:113,0
DA:119,0
DA:121,0
DA:122,0
DA:124,0
DA:130,0
DA:132,0
DA:133,0
DA:135,0
DA:147,28
DA:149,28
DA:150,0
DA:152,28
DA:153,28
DA:154,28
DA:155,28
DA:156,28
DA:157,28
DA:159,28
DA:160,28
DA:162,28
DA:173,28
DA:175,28
DA:176,0
DA:178,28
DA:179,28
DA:187,28
DA:191,28
DA:192,0
DA:194,28
DA:198,28
DA:199,0
DA:203,28
DA:211,28
DA:213,28
DA:214,0
DA:216,28
DA:217,28
DA:230,0
DA:234,0
DA:235,0
DA:239,0
DA:240,0
DA:242,0
DA:245,0
DA:246,0
DA:247,0
DA:249,0
DA:252,0
DA:254,0
DA:255,0
DA:258,0
DA:259,0
DA:260,0
DA:262,0
DA:265,0
DA:266,0
DA:267,0
DA:269,0
DA:271,0
DA:274,0
DA:275,0
DA:276,0
DA:279,0
DA:280,0
DA:281,0
DA:282,0
DA:283,0
DA:284,0
DA:286,0
DA:288,0
DA:291,0
DA:292,0
DA:293,0
DA:295,0
DA:296,0
DA:297,0
DA:298,0
DA:299,0
DA:301,0
DA:303,0
DA:306,0
DA:307,0
DA:308,0
DA:309,0
DA:310,0
DA:311,0
DA:312,0
DA:315,0
DA:319,0
DA:332,0
DA:334,0
DA:336,0
DA:338,0
DA:339,0
DA:360,0
DA:363,0
DA:364,0
DA:365,0
DA:366,0
DA:368,0
DA:369,0
DA:374,0
DA:376,0
DA:377,0
DA:378,0
DA:379,0
DA:382,0
DA:383,0
DA:392,0
DA:393,0
DA:395,0
DA:396,0
DA:397,0
DA:400,0
DA:403,0
DA:406,0
DA:410,0
DA:412,0
DA:413,0
DA:414,0
DA:417,0
DA:419,0
DA:427,0
DA:428,0
DA:429,0
DA:432,0
DA:434,0
DA:440,0
DA:441,0
DA:442,0
DA:443,0
DA:446,0
DA:448,0
DA:454,0
DA:455,0
DA:456,0
DA:457,0
DA:460,0
DA:462,0
DA:466,0
DA:467,0
DA:468,0
DA:471,0
DA:473,0
DA:476,0
DA:477,0
DA:478,0
DA:481,0
DA:483,0
DA:491,0
DA:492,0
DA:493,0
DA:494,0
DA:498,0
DA:501,0
DA:502,0
DA:503,0
DA:505,0
DA:506,0
DA:508,0
DA:509,0
DA:513,0
DA:514,0
DA:522,0
DA:523,0
DA:524,0
DA:525,0
DA:526,0
DA:529,0
DA:531,0
DA:532,0
DA:536,0
DA:540,0
DA:554,0
DA:560,0
DA:561,0
DA:562,0
DA:563,0
DA:564,0
DA:565,0
DA:566,0
DA:567,0
DA:569,0
DA:570,0
DA:571,0
DA:572,0
DA:574,0
DA:575,0
DA:576,0
DA:577,0
DA:579,0
DA:580,0
DA:581,0
DA:582,0
DA:584,0
DA:585,0
DA:586,0
DA:587,0
DA:589,0
DA:604,0
DA:612,0
DA:613,0
DA:615,0
DA:616,0
DA:619,0
DA:621,0
DA:622,0
DA:624,0
DA:625,0
DA:632,0
DA:633,0
DA:634,0
DA:637,0
DA:638,0
DA:640,0
DA:641,0
DA:643,0
DA:645,0
DA:646,0
DA:669,0
DA:672,0
DA:673,0
DA:675,0
DA:676,0
DA:678,0
DA:679,0
DA:683,0
DA:684,0
DA:685,0
DA:686,0
DA:687,0
DA:688,0
DA:690,0
DA:691,0
DA:693,0
DA:696,0
DA:701,0
DA:702,0
DA:707,0
DA:708,0
DA:709,0
DA:713,0
DA:714,0
DA:717,0
DA:720,0
DA:721,0
DA:742,0
DA:745,0
DA:746,0
DA:747,0
DA:748,0
DA:749,0
DA:753,0
DA:755,0
DA:756,0
DA:757,0
DA:758,0
DA:761,0
DA:762,0
DA:769,0
DA:770,0
DA:772,0
DA:773,0
DA:774,0
DA:777,0
DA:780,0
DA:783,0
DA:799,0
DA:805,0
DA:806,0
DA:808,0
DA:813,0
DA:814,0
DA:815,0
DA:817,0
DA:818,0
DA:820,0
DA:821,0
DA:822,0
DA:824,0
DA:825,0
DA:827,0
DA:829,0
DA:830,0
DA:835,0
DA:836,0
DA:838,0
DA:839,0
DA:864,0
DA:873,0
DA:875,0
DA:877,0
DA:879,0
DA:880,0
DA:881,0
DA:887,0
DA:888,0
DA:893,0
DA:894,0
DA:896,0
DA:897,0
DA:899,0
DA:900,0
DA:901,0
DA:903,0
DA:904,0
DA:906,0
DA:908,0
DA:909,0
DA:911,0
DA:912,0
DA:919,0
DA:937,0
DA:939,0
DA:940,0
DA:942,0
DA:957,0
DA:960,0
DA:961,0
DA:976,0
DA:979,0
DA:980,0
DA:995,0
DA:998,0
DA:999,0
DA:1003,0
DA:1004,0
DA:1006,0
DA:1007,0
DA:1009,0
DA:1011,0
DA:1012,0
DA:1013,0
DA:1015,0
DA:1016,0
DA:1019,0
DA:1021,0
DA:1022,0
DA:1024,0
DA:1026,0
DA:1027,0
DA:1029,0
DA:1030,0
DA:1031,0
DA:1032,0
DA:1034,0
DA:1036,0
DA:1039,0
DA:1040,0
DA:1041,0
DA:1043,0
DA:1044,0
DA:1046,0
DA:1048,0
DA:1051,0
DA:1054,0
DA:1055,0
DA:1057,0
DA:1058,0
DA:1061,0
DA:1063,0
DA:1064,0
DA:1065,0
DA:1067,0
DA:1068,0
DA:1070,0
DA:1072,0
DA:1075,0
DA:1078,0
DA:1079,0
DA:1081,0
DA:1082,0
DA:1084,0
DA:1086,0
DA:1089,0
DA:1090,0
DA:1091,0
DA:1093,0
DA:1094,0
DA:1096,0
DA:1098,0
DA:1101,0
DA:1104,0
DA:1105,0
DA:1107,0
DA:1108,0
DA:1111,0
DA:1113,0
DA:1114,0
DA:1115,0
DA:1116,0
DA:1117,0
DA:1119,0
DA:1122,0
end_of_record
TN:
SF:/home/frr/frr/ospfd/ospf_packet.c
FN:104,ospf_packet_new
FNDA:4002,ospf_packet_new
FN:114,ospf_packet_free
FNDA:4002,ospf_packet_free
FN:122,ospf_fifo_new
FNDA:113,ospf_fifo_new
FN:131,ospf_fifo_push
FNDA:1111,ospf_fifo_push
FN:144,ospf_fifo_push_head
FNDA:2625,ospf_fifo_push_head
FN:157,ospf_fifo_pop
FNDA:3735,ospf_fifo_pop
FN:176,ospf_fifo_head
FNDA:7470,ospf_fifo_head
FN:182,ospf_fifo_flush
FNDA:326,ospf_fifo_flush
FN:196,ospf_fifo_free
FNDA:113,ospf_fifo_free
FN:203,ospf_packet_add
FNDA:1111,ospf_packet_add
FN:212,ospf_packet_add_top
FNDA:2625,ospf_packet_add_top
FN:222,ospf_packet_delete
FNDA:3735,ospf_packet_delete
FN:232,ospf_packet_dup
FNDA:220,ospf_packet_dup
FN:253,ospf_packet_authspace
FNDA:4361,ospf_packet_authspace
FN:263,ospf_packet_max
FNDA:3777,ospf_packet_max
FN:274,ospf_ls_req_timer
FNDA:113,ospf_ls_req_timer
FN:289,ospf_ls_req_event
FNDA:14,ospf_ls_req_event
FN:299,ospf_ls_rxmt_timer
FNDA:54,ospf_ls_rxmt_timer
FN:372,ospf_ls_ack_delayed_timer
FNDA:118,ospf_ls_ack_delayed_timer
FN:385,ospf_write_frags
FNDA:0,ospf_write_frags
FN:457,ospf_write
FNDA:2336,ospf_write
FN:710,ospf_hello
FNDA:2382,ospf_hello
FN:984,ospf_db_desc_save_current
FNDA:176,ospf_db_desc_save_current
FN:993,ospf_db_desc_proc
FNDA:176,ospf_db_desc_proc
FN:1131,ospf_db_desc_is_dup
FNDA:88,ospf_db_desc_is_dup
FN:1144,ospf_db_desc
FNDA:220,ospf_db_desc
FN:1442,ospf_ls_req
FNDA:99,ospf_ls_req
FN:1531,ospf_ls_upd_list_lsa
FNDA:536,ospf_ls_upd_list_lsa
FN:1670,ospf_upd_list_clean
FNDA:0,ospf_upd_list_clean
FN:1682,ospf_ls_upd
FNDA:538,ospf_ls_upd
FN:2080,ospf_ls_ack
FNDA:191,ospf_ls_ack
FN:2139,ospf_recv_packet
FNDA:5812,ospf_recv_packet
FN:2228,ospf_associate_packet_vl
FNDA:0,ospf_associate_packet_vl
FN:2277,ospf_check_area_id
FNDA:3430,ospf_check_area_id
FN:2290,ospf_check_network_mask
FNDA:3430,ospf_check_network_mask
FN:2317,ospf_router_lsa_links_examin
FNDA:684,ospf_router_lsa_links_examin
FN:2347,ospf_lsa_examin
FNDA:1179,ospf_lsa_examin
FN:2436,ospf_lsaseq_examin
FNDA:949,ospf_lsaseq_examin
FN:2509,ospf_packet_examin
FNDA:3430,ospf_packet_examin
FN:2634,ospf_verify_header
FNDA:3430,ospf_verify_header
FN:2667,ospf_read_helper
FNDA:5812,ospf_read_helper
FN:2939,ospf_read
FNDA:2382,ospf_read
FN:2964,ospf_make_header
FNDA:3782,ospf_make_header
FN:2986,ospf_fill_header
FNDA:3736,ospf_fill_header
FN:3008,ospf_make_hello
FNDA:2625,ospf_make_hello
FN:3108,ospf_make_db_desc
FNDA:220,ospf_make_db_desc
FN:3206,ospf_make_ls_req_func
FNDA:145,ospf_make_ls_req_func
FN:3236,ospf_make_ls_req
FNDA:145,ospf_make_ls_req
FN:3262,ls_age_increment
FNDA:761,ls_age_increment
FN:3271,ospf_make_ls_upd
FNDA:584,ospf_make_ls_upd
FN:3337,ospf_make_ls_ack
FNDA:208,ospf_make_ls_ack
FN:3395,ospf_delete_ls_ack_delayed
FNDA:0,ospf_delete_ls_ack_delayed
FN:3414,ospf_hello_send_sub
FNDA:2625,ospf_hello_send_sub
FN:3467,ospf_poll_send
FNDA:0,ospf_poll_send
FN:3496,ospf_poll_timer
FNDA:0,ospf_poll_timer
FN:3515,ospf_hello_reply_timer
FNDA:0,ospf_hello_reply_timer
FN:3530,ospf_hello_send
FNDA:2625,ospf_hello_send
FN:3601,ospf_db_desc_send
FNDA:220,ospf_db_desc_send
FN:3648,ospf_db_desc_resend
FNDA:0,ospf_db_desc_resend
FN:3667,ospf_ls_req_send
FNDA:145,ospf_ls_req_send
FN:3709,ospf_ls_upd_send_lsa
FNDA:684,ospf_ls_upd_send_lsa
FN:3735,ospf_ls_upd_packet_new
FNDA:584,ospf_ls_upd_packet_new
FN:3802,ospf_ls_upd_queue_send
FNDA:584,ospf_ls_upd_queue_send
FN:3873,ospf_ls_upd_send_queue_event
FNDA:507,ospf_ls_upd_send_queue_event
FN:3918,ospf_ls_upd_send
FNDA:837,ospf_ls_upd_send
FN:3985,ospf_ls_ack_send_list
FNDA:208,ospf_ls_ack_send_list
FN:4025,ospf_ls_ack_send_direct_event
FNDA:90,ospf_ls_ack_send_direct_event
FN:4036,ospf_ls_ack_send_direct
FNDA:99,ospf_ls_ack_send_direct
FN:4118,ospf_ls_ack_send_delayed
FNDA:118,ospf_ls_ack_send_delayed
FN:4176,ospf_proactively_arp
FNDA:301,ospf_proactively_arp
DA:104,4002
DA:108,4002
DA:109,4002
DA:111,4002
DA:114,4002
DA:116,4002
DA:117,4002
DA:119,4002
DA:120,4002
DA:122,113
DA:126,113
DA:127,113
DA:131,1111
DA:133,1111
DA:134,257
DA:136,854
DA:138,1111
DA:140,1111
DA:141,1111
DA:144,2625
DA:146,2625
DA:148,2625
DA:149,2614
DA:151,2625
DA:153,2625
DA:154,2625
DA:157,3735
DA:161,3735
DA:163,3735
DA:164,3735
DA:166,3735
DA:167,3467
DA:169,3735
DA:172,3735
DA:176,7470
DA:178,7470
DA:182,326
DA:187,327
DA:188,1
DA:189,1
DA:191,326
DA:192,326
DA:193,326
DA:196,113
DA:198,113
DA:200,113
DA:201,113
DA:203,1111
DA:206,1111
DA:210,1111
DA:212,2625
DA:216,2625
DA:220,2625
DA:222,3735
DA:226,3735
DA:228,3735
DA:229,3735
DA:230,3735
DA:232,220
DA:236,220
DA:238,0
DA:243,220
DA:244,220
DA:246,220
DA:247,220
DA:249,220
DA:253,4361
DA:255,4361
DA:257,4361
DA:258,0
DA:260,4361
DA:263,3777
DA:267,3777
DA:269,3777
DA:271,3777
DA:274,113
DA:278,113
DA:279,113
DA:282,113
DA:283,12
DA:286,113
DA:287,113
DA:289,14
DA:291,14
DA:292,14
DA:293,14
DA:299,54
DA:302,54
DA:304,54
DA:305,54
DA:306,54
DA:307,54
DA:310,54
DA:313,54
DA:321,54
DA:322,54
DA:330,54
DA:331,54
DA:332,54
DA:334,54
DA:335,54
DA:336,114
DA:337,114
DA:339,54
DA:341,60
DA:342,60
DA:348,60
DA:349,60
DA:351,60
DA:353,60
DA:354,60
DA:357,54
DA:358,54
DA:360,54
DA:363,54
DA:364,0
DA:369,54
DA:370,54
DA:372,118
DA:376,118
DA:377,118
DA:380,118
DA:381,118
DA:382,118
DA:385,0
DA:394,0
DA:395,0
DA:412,0
DA:415,0
DA:417,0
DA:419,0
DA:420,0
DA:422,0
DA:423,0
DA:424,0
DA:426,0
DA:428,0
DA:430,0
DA:432,0
DA:433,0
DA:439,0
DA:440,0
DA:445,0
DA:446,0
DA:447,0
DA:451,0
DA:452,0
DA:453,0
DA:454,0
DA:457,2336
DA:459,2336
DA:468,2336
DA:475,2336
DA:478,2336
DA:479,2336
DA:482,2336
DA:484,2336
DA:485,0
DA:486,0
DA:488,0
DA:491,2336
DA:492,2336
DA:493,2336
DA:497,2336
DA:498,28
DA:501,6071
DA:502,3735
DA:505,3735
DA:509,3735
DA:512,3735
DA:513,3735
DA:514,3735
DA:517,3735
DA:518,3735
DA:519,3735
DA:521,3735
DA:522,63
DA:523,3680
DA:526,3735
DA:529,3735
DA:530,3735
DA:533,3735
DA:535,3735
DA:536,3735
DA:538,3735
DA:542,3735
DA:543,3735
DA:546,3735
DA:547,3735
DA:548,55
DA:550,3735
DA:553,3735
DA:554,3735
DA:555,0
DA:558,3735
DA:559,3735
DA:560,3735
DA:576,3735
DA:579,3735
DA:580,3735
DA:581,0
DA:583,3735
DA:584,3735
DA:585,3735
DA:586,3735
DA:587,3735
DA:589,3735
DA:590,3735
DA:591,3735
DA:592,3735
DA:593,3735
DA:595,3735
DA:596,3735
DA:597,3735
DA:598,3735
DA:601,3735
DA:602,3735
DA:603,3735
DA:604,3735
DA:605,3735
DA:606,3735
DA:608,3735
DA:617,3735
DA:618,0
DA:619,0
DA:623,3735
DA:624,3735
DA:625,3735
DA:626,3735
DA:627,0
DA:638,3735
DA:639,0
DA:647,3735
DA:648,0
DA:649,0
DA:651,0
DA:652,0
DA:655,0
DA:659,0
DA:660,0
DA:664,3735
DA:665,2624
DA:666,2624
DA:667,2624
DA:668,220
DA:669,220
DA:670,220
DA:671,99
DA:672,99
DA:673,99
DA:674,584
DA:675,584
DA:676,584
DA:677,208
DA:678,208
DA:679,208
DA:680,0
DA:681,0
DA:685,3735
DA:689,3735
DA:690,3735
DA:691,3467
DA:692,3467
DA:694,268
DA:697,3735
DA:698,1399
DA:699,1399
DA:704,2336
DA:705,0
DA:710,2382
DA:719,2382
DA:721,2382
DA:724,2382
DA:725,0
DA:726,0
DA:732,46
DA:736,2382
DA:737,2382
DA:738,2382
DA:743,2382
DA:744,102
DA:745,102
DA:746,0
DA:747,102
DA:748,0
DA:753,0
DA:757,2382
DA:758,0
DA:763,0
DA:767,2382
DA:768,102
DA:769,102
DA:770,0
DA:776,0
DA:780,2382
DA:781,0
DA:789,2382
DA:795,0
DA:798,0
DA:802,2382
DA:803,0
DA:804,0
DA:809,0
DA:815,0
DA:821,2382
DA:822,0
DA:823,0
DA:824,0
DA:825,0
DA:826,0
DA:831,0
DA:833,0
DA:834,0
DA:842,2382
DA:843,2382
DA:844,0
DA:849,0
DA:853,2382
DA:856,2382
DA:858,2382
DA:861,2382
DA:868,2382
DA:869,0
DA:870,0
DA:871,0
DA:872,0
DA:880,2382
DA:881,0
DA:882,0
DA:883,0
DA:884,0
DA:885,0
DA:886,0
DA:889,2382
DA:890,2382
DA:891,2336
DA:892,2336
DA:902,46
DA:903,46
DA:905,46
DA:906,46
DA:907,46
DA:908,46
DA:911,2336
DA:922,0
DA:923,0
DA:929,2336
DA:930,23
DA:931,4
DA:932,0
DA:935,2336
DA:936,36
DA:938,0
DA:941,2336
DA:942,23
DA:943,2332
DA:944,2313
DA:946,4
DA:949,2336
DA:950,26
DA:951,2332
DA:953,2310
DA:955,5
DA:958,2336
DA:959,0
DA:963,2336
DA:964,2336
DA:965,2336
DA:977,2336
DA:978,0
DA:979,0
DA:980,0
DA:984,176
DA:987,176
DA:988,176
DA:989,176
DA:990,176
DA:993,176
DA:1000,176
DA:1001,350
DA:1002,174
DA:1003,174
DA:1004,174
DA:1007,174
DA:1008,0
DA:1011,0
DA:1012,0
DA:1015,174
DA:1016,0
DA:1017,0
DA:1020,0
DA:1021,0
DA:1024,174
DA:1025,0
DA:1030,0
DA:1031,0
DA:1039,0
DA:1041,0
DA:1043,0
DA:1044,174
DA:1045,174
DA:1049,174
DA:1052,174
DA:1055,174
DA:1056,133
DA:1059,133
DA:1061,145
DA:1078,145
DA:1079,69
DA:1080,145
DA:1081,145
DA:1082,29
DA:1087,29
DA:1088,0
DA:1091,29
DA:1096,176
DA:1097,88
DA:1100,88
DA:1101,44
DA:1103,44
DA:1107,88
DA:1117,88
DA:1120,88
DA:1121,44
DA:1125,176
DA:1127,176
DA:1128,133
DA:1131,88
DA:1135,88
DA:1136,88
DA:1137,44
DA:1138,0
DA:1140,88
DA:1144,220
DA:1152,220
DA:1154,220
DA:1156,220
DA:1157,220
DA:1158,0
DA:1160,0
DA:1164,220
DA:1165,220
DA:1166,0
DA:1171,0
DA:1190,220
DA:1191,0
DA:1192,0
DA:1193,0
DA:1194,0
DA:1197,0
DA:1201,220
DA:1206,0
DA:1208,0
DA:1212,220
DA:1213,0
DA:1214,0
DA:1220,0
DA:1223,220
DA:1224,0
DA:1231,220
DA:1232,3
DA:1235,3
DA:1236,0
DA:1241,3
DA:1242,38
DA:1243,38
DA:1247,38
DA:1248,0
DA:1252,129
DA:1253,85
DA:1254,85
DA:1257,44
DA:1259,0
DA:1263,44
DA:1266,44
DA:1271,41
DA:1273,0
DA:1276,41
DA:1280,44
DA:1281,44
DA:1282,44
DA:1284,44
DA:1288,44
DA:1290,0
DA:1293,0
DA:1297,88
DA:1299,88
DA:1300,0
DA:1301,0
DA:1302,0
DA:1309,0
DA:1310,0
DA:1312,0
DA:1321,88
DA:1324,88
DA:1325,88
DA:1326,88
DA:1327,88
DA:1328,0
DA:1330,0
DA:1337,0
DA:1340,0
DA:1342,0
DA:1347,88
DA:1348,88
DA:1349,0
DA:1352,0
DA:1353,0
DA:1354,0
DA:1357,0
DA:1361,88
DA:1362,0
DA:1364,0
DA:1365,0
DA:1369,88
DA:1370,0
DA:1373,0
DA:1374,0
DA:1378,88
DA:1379,44
DA:1380,88
DA:1381,44
DA:1382,0
DA:1386,0
DA:1387,0
DA:1391,88
DA:1392,88
DA:1393,0
DA:1395,0
DA:1396,0
DA:1398,0
DA:1401,0
DA:1403,0
DA:1404,0
DA:1423,0
DA:1424,0
DA:1429,0
DA:1430,0
DA:1431,0
DA:1432,0
DA:1435,0
DA:1442,99
DA:1455,99
DA:1457,99
DA:1458,99
DA:1459,0
DA:1462,0
DA:1466,99
DA:1467,12
DA:1468,0
DA:1473,0
DA:1477,99
DA:1478,99
DA:1480,244
DA:1482,145
DA:1483,145
DA:1484,145
DA:1487,145
DA:1488,0
DA:1489,0
DA:1490,0
DA:1494,145
DA:1496,145
DA:1497,0
DA:1498,0
DA:1499,0
DA:1503,145
DA:1504,0
DA:1508,0
DA:1510,0
DA:1514,145
DA:1515,145
DA:1517,145
DA:1521,99
DA:1522,99
DA:1524,99
DA:1526,0
DA:1531,536
DA:1541,536
DA:1543,536
DA:1544,536
DA:1546,1251
DA:1547,715
DA:1548,715
DA:1549,715
DA:1551,715
DA:1552,0
DA:1555,0
DA:1558,715
DA:1559,0
DA:1561,0
DA:1565,715
DA:1566,715
DA:1573,0
DA:1579,0
DA:1583,715
DA:1584,0
DA:1587,0
DA:1594,715
DA:1595,0
DA:1597,715
DA:1618,0
DA:1619,0
DA:1621,0
DA:1622,0
DA:1626,0
DA:1628,715
DA:1629,0
DA:1633,0
DA:1637,715
DA:1639,715
DA:1642,715
DA:1643,0
DA:1645,0
DA:1646,0
DA:1647,0
DA:1648,0
DA:1651,715
DA:1652,715
DA:1653,715
DA:1656,715
DA:1658,715
DA:1659,0
DA:1663,715
DA:1666,536
DA:1670,0
DA:1675,0
DA:1676,0
DA:1678,0
DA:1679,0
DA:1682,538
DA:1689,538
DA:1696,538
DA:1699,538
DA:1700,538
DA:1701,0
DA:1704,2
DA:1708,538
DA:1709,2
DA:1710,0
DA:1715,2
DA:1722,536
DA:1724,536
DA:1725,0
DA:1742,1251
DA:1744,715
DA:1746,715
DA:1747,0
DA:1751,715
DA:1773,715
DA:1775,0
DA:1777,0
DA:1778,0
DA:1780,0
DA:1783,715
DA:1784,0
DA:1785,0
DA:1786,0
DA:1788,0
DA:1792,715
DA:1793,682
DA:1795,0
DA:1800,0
DA:1803,0
DA:1808,715
DA:1817,715
DA:1818,0
DA:1820,0
DA:1823,0
DA:1824,0
DA:1828,0
DA:1831,715
DA:1832,0
DA:1842,0
DA:1843,0
DA:1845,0
DA:1846,0
DA:1848,0
DA:1849,0
DA:1851,0
DA:1871,0
DA:1872,0
DA:1873,0
DA:1877,0
DA:1879,0
DA:1881,0
DA:1882,0
DA:1884,0
DA:1900,715
DA:1903,10
DA:1905,31
DA:1907,21
DA:1908,0
DA:1910,21
DA:1912,0
DA:1915,0
DA:1916,0
DA:1918,0
DA:1919,0
DA:1924,0
DA:1925,0
DA:1927,0
DA:1930,10
DA:1931,0
DA:1942,715
DA:1943,619
DA:1945,561
DA:1946,0
DA:1947,0
DA:1951,0
DA:1955,561
DA:1957,310
DA:1960,251
DA:1961,0
DA:1962,0
DA:1963,0
DA:1966,251
DA:1976,154
DA:1977,0
DA:1978,0
DA:1984,0
DA:1986,0
DA:1987,0
DA:1994,154
DA:2007,144
DA:2009,144
DA:2010,45
DA:2016,45
DA:2017,0
DA:2018,0
DA:2021,45
DA:2028,99
DA:2029,99
DA:2041,10
DA:2043,10
DA:2044,0
DA:2045,0
DA:2046,0
DA:2063,10
DA:2064,10
DA:2066,7
DA:2069,10
DA:2075,536
DA:2076,536
DA:2080,191
DA:2087,191
DA:2089,191
DA:2090,191
DA:2091,0
DA:2094,0
DA:2097,191
DA:2098,0
DA:2099,0
DA:2104,0
DA:2107,479
DA:2110,288
DA:2111,288
DA:2112,288
DA:2115,288
DA:2116,288
DA:2118,288
DA:2119,288
DA:2120,0
DA:2121,0
DA:2122,0
DA:2125,288
DA:2127,288
DA:2128,156
DA:2129,156
DA:2132,288
DA:2133,288
DA:2136,191
DA:2139,5812
DA:2146,5812
DA:2152,5812
DA:2153,5812
DA:2154,5812
DA:2155,5812
DA:2156,5812
DA:2158,5812
DA:2160,5812
DA:2161,2382
DA:2162,0
DA:2164,2382
DA:2166,3430
DA:2167,0
DA:2171,0
DA:2176,3430
DA:2177,3430
DA:2179,3430
DA:2208,3430
DA:2210,3430
DA:2212,3430
DA:2213,0
DA:2217,0
DA:2220,3430
DA:2221,0
DA:2224,3430
DA:2228,0
DA:2236,0
DA:2237,0
DA:2238,0
DA:2245,0
DA:2247,0
DA:2249,0
DA:2251,0
DA:2252,0
DA:2253,0
DA:2255,0
DA:2256,0
DA:2257,0
DA:2258,0
DA:2260,0
DA:2261,0
DA:2262,0
DA:2264,0
DA:2267,0
DA:2271,0
DA:2272,0
DA:2274,0
DA:2277,3430
DA:2281,3430
DA:2282,3430
DA:2284,0
DA:2290,3430
DA:2295,3430
DA:2296,203
DA:2297,3227
DA:2300,203
DA:2301,0
DA:2302,0
DA:2304,203
DA:2306,203
DA:2307,203
DA:2309,203
DA:2310,203
DA:2312,0
DA:2317,684
DA:2321,684
DA:2323,2600
DA:2324,1916
DA:2325,1916
DA:2326,1916
DA:2327,0
DA:2328,0
DA:2330,0
DA:2332,1916
DA:2333,1916
DA:2334,1916
DA:2336,684
DA:2337,0
DA:2338,0
DA:2340,0
DA:2342,684
DA:2347,1179
DA:2352,1179
DA:2353,1179
DA:2354,0
DA:2355,0
DA:2358,0
DA:2360,1179
DA:2361,1106
DA:2366,1106
DA:2367,1106
DA:2373,1106
DA:2374,0
DA:2376,1106
DA:2377,422
DA:2379,684
DA:2381,684
DA:2382,684
DA:2384,684
DA:2385,684
DA:2387,0
DA:2392,0
DA:2393,0
DA:2394,0
DA:2396,0
DA:2397,0
DA:2403,73
DA:2418,73
DA:2419,73
DA:2420,0
DA:2421,0
DA:2422,0
DA:2424,0
DA:2426,757
DA:2427,0
DA:2429,757
DA:2436,949
DA:2443,949
DA:2445,2128
DA:2447,1179
DA:2448,0
DA:2449,0
DA:2452,0
DA:2455,1179
DA:2456,1179
DA:2457,0
DA:2458,0
DA:2461,0
DA:2463,1179
DA:2465,462
DA:2466,0
DA:2467,0
DA:2470,0
DA:2472,462
DA:2474,462
DA:2478,717
DA:2479,0
DA:2480,0
DA:2484,0
DA:2486,717
DA:2487,0
DA:2488,0
DA:2490,0
DA:2492,717
DA:2493,717
DA:2495,1179
DA:2498,949
DA:2499,0
DA:2500,0
DA:2503,0
DA:2505,949
DA:2509,3430
DA:2517,3430
DA:2518,0
DA:2519,0
DA:2521,0
DA:2528,3430
DA:2529,0
DA:2530,0
DA:2532,0
DA:2534,3430
DA:2535,3430
DA:2536,3430
DA:2538,0
DA:2539,0
DA:2540,0
DA:2543,0
DA:2545,0
DA:2547,3430
DA:2548,0
DA:2549,0
DA:2553,0
DA:2557,3430
DA:2558,3430
DA:2559,3430
DA:2560,0
DA:2561,0
DA:2565,0
DA:2567,3430
DA:2568,2382
DA:2572,2382
DA:2573,2382
DA:2575,2382
DA:2576,2382
DA:2577,220
DA:2581,220
DA:2585,220
DA:2588,220
DA:2589,99
DA:2592,99
DA:2593,99
DA:2595,99
DA:2596,99
DA:2597,538
DA:2601,538
DA:2603,538
DA:2606,538
DA:2610,538
DA:2611,191
DA:2614,191
DA:2617,191
DA:2620,191
DA:2621,0
DA:2622,0
DA:2623,0
DA:2625,0
DA:2627,3430
DA:2628,0
DA:2630,3430
DA:2634,3430
DA:2638,3430
DA:2639,0
DA:2642,0
DA:2646,3430
DA:2647,0
DA:2651,0
DA:2656,3430
DA:2657,0
DA:2659,3430
DA:2667,5812
DA:2676,5812
DA:2678,5812
DA:2679,5812
DA:2680,5812
DA:2681,2382
DA:2689,3430
DA:2694,3430
DA:2701,0
DA:2703,0
DA:2704,0
DA:2705,0
DA:2706,0
DA:2707,0
DA:2711,0
DA:2715,3430
DA:2722,0
DA:2726,3430
DA:2727,0
DA:2728,0
DA:2732,0
DA:2736,3430
DA:2737,0
DA:2738,0
DA:2742,0
DA:2749,0
DA:2751,3430
DA:2753,3430
DA:2754,3430
DA:2755,6860
DA:2756,3430
DA:2757,0
DA:2761,3430
DA:2767,3430
DA:2768,0
DA:2770,0
DA:2771,0
DA:2774,0
DA:2786,3430
DA:2787,0
DA:2788,0
DA:2793,0
DA:2798,0
DA:2799,0
DA:2801,0
DA:2809,3430
DA:2810,0
DA:2812,0
DA:2813,0
DA:2816,0
DA:2818,3430
DA:2819,3367
DA:2820,0
DA:2821,0
DA:2822,0
DA:2825,0
DA:2833,3430
DA:2834,0
DA:2835,0
DA:2838,0
DA:2839,3430
DA:2840,0
DA:2846,0
DA:2847,0
DA:2848,0
DA:2849,0
DA:2850,0
DA:2851,0
DA:2852,0
DA:2862,3430
DA:2863,12
DA:2864,0
DA:2870,0
DA:2871,0
DA:2872,0
DA:2876,3430
DA:2877,3430
DA:2878,0
DA:2879,0
DA:2882,0
DA:2886,3430
DA:2887,0
DA:2888,0
DA:2890,0
DA:2893,0
DA:2896,0
DA:2897,0
DA:2899,0
DA:2900,0
DA:2904,3430
DA:2907,3430
DA:2911,3430
DA:2912,2382
DA:2913,2382
DA:2914,2382
DA:2915,220
DA:2916,220
DA:2917,220
DA:2918,99
DA:2919,99
DA:2920,99
DA:2921,538
DA:2922,538
DA:2923,538
DA:2924,191
DA:2925,191
DA:2926,191
DA:2927,0
DA:2928,0
DA:2932,0
DA:2935,3430
DA:2939,2382
DA:2942,2382
DA:2946,2382
DA:2949,2382
DA:2951,5812
DA:2952,5812
DA:2953,5812
DA:2954,5812
DA:2955,2382
DA:2956,2382
DA:2957,3430
DA:2958,3430
DA:2964,3782
DA:2969,3782
DA:2971,3782
DA:2972,3782
DA:2974,3782
DA:2976,3782
DA:2977,3782
DA:2978,3782
DA:2980,3782
DA:2982,3782
DA:2983,3782
DA:2986,3736
DA:2991,3736
DA:2994,3736
DA:2997,3736
DA:2998,3736
DA:3000,0
DA:3003,3736
DA:3004,3736
DA:3005,3736
DA:3006,3736
DA:3008,2625
DA:3012,2625
DA:3015,2625
DA:3018,2625
DA:3019,2528
DA:3020,97
DA:3021,97
DA:3023,2528
DA:3024,2625
DA:3027,2625
DA:3028,97
DA:3030,2528
DA:3035,2625
DA:3036,0
DA:3037,2625
DA:3038,0
DA:3040,2625
DA:3041,0
DA:3045,2625
DA:3048,2625
DA:3051,2625
DA:3054,2625
DA:3056,2625
DA:3059,2625
DA:3062,10106
DA:3063,7481
DA:3065,7481
DA:3066,2428
DA:3069,5053
DA:3070,0
DA:3073,5053
DA:3074,0
DA:3077,5053
DA:3078,0
DA:3080,5053
DA:3081,2625
DA:3083,2502
DA:3084,99
DA:3085,25
DA:3086,4
DA:3090,2428
DA:3091,0
DA:3094,0
DA:3097,2428
DA:3098,2428
DA:3102,2625
DA:3103,3
DA:3105,2625
DA:3108,220
DA:3112,220
DA:3119,220
DA:3120,0
DA:3122,220
DA:3125,220
DA:3126,220
DA:3127,0
DA:3128,0
DA:3129,220
DA:3130,0
DA:3131,220
DA:3134,220
DA:3135,220
DA:3138,220
DA:3141,220
DA:3142,132
DA:3145,88
DA:3147,1056
DA:3148,968
DA:3151,1223
DA:3152,255
DA:3153,174
DA:3154,0
DA:3158,0
DA:3159,0
DA:3162,174
DA:3167,174
DA:3168,174
DA:3169,0
DA:3172,174
DA:3173,174
DA:3174,174
DA:3178,174
DA:3180,174
DA:3183,174
DA:3184,174
DA:3188,174
DA:3193,88
DA:3194,88
DA:3195,220
DA:3196,132
DA:3198,132
DA:3200,88
DA:3203,220
DA:3206,145
DA:3212,145
DA:3222,145
DA:3223,0
DA:3225,145
DA:3226,145
DA:3227,145
DA:3229,145
DA:3230,145
DA:3232,145
DA:3233,145
DA:3236,145
DA:3239,145
DA:3240,145
DA:3246,145
DA:3248,1740
DA:3249,1595
DA:3250,1783
DA:3251,188
DA:3252,145
DA:3255,0
DA:3256,0
DA:3259,145
DA:3262,761
DA:3266,761
DA:3268,761
DA:3271,584
DA:3276,584
DA:3278,584
DA:3280,584
DA:3282,584
DA:3283,0
DA:3285,584
DA:3286,584
DA:3287,584
DA:3290,584
DA:3292,1345
DA:3296,761
DA:3297,761
DA:3299,761
DA:3300,0
DA:3304,761
DA:3306,0
DA:3309,1522
DA:3310,761
DA:3313,761
DA:3318,761
DA:3319,761
DA:3320,761
DA:3322,761
DA:3323,761
DA:3325,761
DA:3326,761
DA:3330,584
DA:3332,584
DA:3333,0
DA:3334,584
DA:3337,208
DA:3343,208
DA:3345,208
DA:3351,208
DA:3352,90
DA:3353,90
DA:3354,90
DA:3355,90
DA:3358,509
DA:3359,301
DA:3360,301
DA:3362,301
DA:3363,99
DA:3364,0
DA:3374,301
DA:3375,0
DA:3377,301
DA:3378,301
DA:3380,301
DA:3381,301
DA:3382,301
DA:3383,301
DA:3387,208
DA:3395,0
DA:3399,0
DA:3401,0
DA:3402,0
DA:3403,0
DA:3404,0
DA:3405,0
DA:3407,0
DA:3408,0
DA:3409,0
DA:3410,0
DA:3412,0
DA:3414,2625
DA:3417,2625
DA:3420,2625
DA:3421,0
DA:3422,0
DA:3426,0
DA:3429,2625
DA:3432,2625
DA:3435,2625
DA:3436,2625
DA:3438,0
DA:3439,0
DA:3443,2625
DA:3446,2625
DA:3448,2625
DA:3450,2625
DA:3451,0
DA:3452,0
DA:3461,2625
DA:3464,2625
DA:3467,0
DA:3471,0
DA:3472,0
DA:3475,0
DA:3476,0
DA:3478,0
DA:3479,0
DA:3481,0
DA:3482,0
DA:3483,0
DA:3485,0
DA:3486,0
DA:3487,0
DA:3489,0
DA:3490,0
DA:3491,0
DA:3493,0
DA:3496,0
DA:3500,0
DA:3501,0
DA:3503,0
DA:3504,0
DA:3507,0
DA:3509,0
DA:3510,0
DA:3512,0
DA:3515,0
DA:3519,0
DA:3520,0
DA:3522,0
DA:3523,0
DA:3526,0
DA:3527,0
DA:3530,2625
DA:3533,2625
DA:3534,0
DA:3536,2625
DA:3540,0
DA:3541,0
DA:3542,0
DA:3543,0
DA:3545,0
DA:3546,0
DA:3548,0
DA:3549,0
DA:3555,0
DA:3556,0
DA:3566,0
DA:3567,0
DA:3568,0
DA:3569,0
DA:3571,0
DA:3581,0
DA:3582,0
DA:3583,0
DA:3587,0
DA:3593,2625
DA:3594,0
DA:3596,2625
DA:3601,220
DA:3605,220
DA:3607,220
DA:3608,220
DA:3611,220
DA:3614,220
DA:3617,220
DA:3620,220
DA:3623,220
DA:3624,200
DA:3626,20
DA:3629,220
DA:3632,220
DA:3636,220
DA:3637,132
DA:3638,220
DA:3639,220
DA:3640,220
DA:3641,0
DA:3645,220
DA:3648,0
DA:3652,0
DA:3655,0
DA:3658,0
DA:3659,0
DA:3660,0
DA:3664,0
DA:3667,145
DA:3671,145
DA:3673,145
DA:3674,145
DA:3677,145
DA:3680,145
DA:3681,145
DA:3682,46
DA:3683,46
DA:3687,99
DA:3690,99
DA:3693,99
DA:3694,91
DA:3696,8
DA:3699,99
DA:3702,99
DA:3705,99
DA:3709,684
DA:3714,684
DA:3716,684
DA:3720,684
DA:3721,72
DA:3723,612
DA:3725,684
DA:3726,684
DA:3735,584
DA:3743,584
DA:3744,584
DA:3746,584
DA:3747,584
DA:3748,0
DA:3749,0
DA:3753,0
DA:3756,0
DA:3757,0
DA:3768,0
DA:3769,0
DA:3770,0
DA:3772,584
DA:3774,584
DA:3775,0
DA:3780,0
DA:3781,0
DA:3799,584
DA:3802,584
DA:3806,584
DA:3808,584
DA:3809,0
DA:3813,584
DA:3814,0
DA:3816,584
DA:3819,584
DA:3824,584
DA:3827,584
DA:3830,584
DA:3833,584
DA:3834,533
DA:3836,51
DA:3839,584
DA:3841,584
DA:3844,72
DA:3845,72
DA:3846,72
DA:3847,72
DA:3849,72
DA:3865,72
DA:3866,72
DA:3869,512
DA:3873,507
DA:3875,507
DA:3879,507
DA:3881,507
DA:3883,507
DA:3884,0
DA:3886,1024
DA:3887,517
DA:3889,517
DA:3890,5
DA:3892,512
DA:3894,512
DA:3897,512
DA:3898,512
DA:3899,512
DA:3901,0
DA:3904,507
DA:3905,0
DA:3906,0
DA:3909,0
DA:3910,0
DA:3914,507
DA:3915,0
DA:3916,507
DA:3918,837
DA:3927,837
DA:3929,837
DA:3930,837
DA:3933,837
DA:3934,0
DA:3935,837
DA:3936,762
DA:3937,75
DA:3938,21
DA:3939,54
DA:3940,49
DA:3941,5
DA:3942,0
DA:3944,5
DA:3946,837
DA:3947,0
DA:3948,0
DA:3950,0
DA:3951,0
DA:3955,837
DA:3957,837
DA:3958,577
DA:3960,260
DA:3962,1726
DA:3963,889
DA:3964,889
DA:3965,837
DA:3969,144
DA:3970,72
DA:3972,72
DA:3973,0
DA:3975,72
DA:3977,72
DA:3981,765
DA:3983,837
DA:3985,208
DA:3992,208
DA:3994,208
DA:3997,208
DA:4002,208
DA:4003,90
DA:4004,90
DA:4006,118
DA:4009,208
DA:4013,208
DA:4016,208
DA:4019,208
DA:4022,208
DA:4023,208
DA:4025,90
DA:4027,90
DA:4028,90
DA:4030,90
DA:4032,180
DA:4033,90
DA:4034,90
DA:4036,99
DA:4039,99
DA:4041,99
DA:4042,0
DA:4057,99
DA:4061,0
DA:4062,0
DA:4063,0
DA:4064,0
DA:4065,0
DA:4066,0
DA:4067,0
DA:4068,0
DA:4069,0
DA:4070,0
DA:4071,0
DA:4072,0
DA:4080,0
DA:4085,99
DA:4086,0
DA:4087,0
DA:4091,99
DA:4100,99
DA:4101,8
DA:4102,0
DA:4103,91
DA:4104,91
DA:4106,8
DA:4107,8
DA:4109,99
DA:4110,99
DA:4112,99
DA:4113,90
DA:4118,118
DA:4127,118
DA:4131,0
DA:4132,0
DA:4133,0
DA:4135,0
DA:4136,0
DA:4138,0
DA:4139,0
DA:4140,0
DA:4146,0
DA:4149,118
DA:4150,0
DA:4151,118
DA:4152,11
DA:4153,107
DA:4154,104
DA:4155,3
DA:4156,0
DA:4158,3
DA:4160,236
DA:4161,118
DA:4164,118
DA:4176,301
DA:4178,301
DA:4179,0
DA:4181,301
end_of_record
SF:/home/frr/frr/lib/checksum.h
FN:35,in_cksum
FNDA:3736,in_cksum
DA:35,3736
DA:39,3736
DA:40,3736
DA:41,3736
end_of_record
SF:/home/frr/frr/lib/typesafe.h
FN:304,typesafe_dlist_add
FNDA:159,typesafe_dlist_add
DA:304,159
DA:324,159
DA:326,159
DA:327,159
DA:328,159
DA:329,159
DA:330,159
DA:331,159
end_of_record
SF:/home/frr/frr/lib/zlog.h
FN:78,zlog_ref
FNDA:44,zlog_ref
DA:78,44
DA:83,44
DA:84,44
DA:85,44
DA:86,44
end_of_record
SF:/home/frr/frr/lib/prefix.h
FN:339,ipv4_addr_same
FNDA:20107,ipv4_addr_same
DA:339,20107
DA:342,20107
end_of_record
SF:/home/frr/frr/lib/frrevent.h
FN:304,event_is_scheduled
FNDA:2625,event_is_scheduled
DA:304,2625
DA:306,2625
DA:307,0
DA:309,2625
end_of_record
SF:/home/frr/frr/lib/table.h
FN:233,route_unlock_node
FNDA:772,route_unlock_node
DA:233,772
DA:235,772
DA:236,772
DA:238,772
DA:239,512
DA:240,772
end_of_record
SF:/home/frr/frr/ospfd/ospf_flood.h
FN:41,ospf_lsa_list_count
FNDA:534,ospf_lsa_list_count
FN:41,ospf_lsa_list_next_safe
FNDA:509,ospf_lsa_list_next_safe
FN:41,ospf_lsa_list_next
FNDA:301,ospf_lsa_list_next
FN:41,ospf_lsa_list_first
FNDA:502,ospf_lsa_list_first
FN:41,ospf_lsa_list_const_next
FNDA:301,ospf_lsa_list_const_next
FN:41,ospf_lsa_list_const_first
FNDA:502,ospf_lsa_list_const_first
FN:41,ospf_lsa_list_del
FNDA:361,ospf_lsa_list_del
FN:41,ospf_lsa_list_add_tail
FNDA:159,ospf_lsa_list_add_tail
DA:41,534
DA:41,509
DA:41,301
DA:41,502
DA:41,301
DA:41,502
DA:41,361
DA:41,159
end_of_record
SF:/home/frr/frr/lib/monotime.h
FN:62,monotime
FNDA:284,monotime
FN:82,monotime_since
FNDA:10,monotime_since
DA:62,284
DA:66,284
DA:67,284
DA:68,284
DA:70,284
DA:82,10
DA:86,10
DA:87,10
DA:88,10
DA:89,0
DA:90,10
end_of_record
TN:
SF:/home/frr/frr/ospfd/ospf_memory.c
FN:13,_mginit_OSPFD
FNDA:28,_mginit_OSPFD
FN:13,_mgfini_OSPFD
FNDA:56,_mgfini_OSPFD
FN:14,_mtinit_OSPF_TOP
FNDA:28,_mtinit_OSPF_TOP
FN:14,_mtfini_OSPF_TOP
FNDA:56,_mtfini_OSPF_TOP
FN:15,_mtinit_OSPF_AREA
FNDA:28,_mtinit_OSPF_AREA
FN:15,_mtfini_OSPF_AREA
FNDA:56,_mtfini_OSPF_AREA
FN:16,_mtfini_OSPF_AREA_RANGE
FNDA:56,_mtfini_OSPF_AREA_RANGE
FN:16,_mtinit_OSPF_AREA_RANGE
FNDA:28,_mtinit_OSPF_AREA_RANGE
FN:17,_mtinit_OSPF_NETWORK
FNDA:28,_mtinit_OSPF_NETWORK
FN:17,_mtfini_OSPF_NETWORK
FNDA:56,_mtfini_OSPF_NETWORK
FN:18,_mtinit_OSPF_NEIGHBOR_STATIC
FNDA:28,_mtinit_OSPF_NEIGHBOR_STATIC
FN:18,_mtfini_OSPF_NEIGHBOR_STATIC
FNDA:56,_mtfini_OSPF_NEIGHBOR_STATIC
FN:19,_mtinit_OSPF_IF
FNDA:28,_mtinit_OSPF_IF
FN:19,_mtfini_OSPF_IF
FNDA:56,_mtfini_OSPF_IF
FN:20,_mtinit_OSPF_NEIGHBOR
FNDA:28,_mtinit_OSPF_NEIGHBOR
FN:20,_mtfini_OSPF_NEIGHBOR
FNDA:56,_mtfini_OSPF_NEIGHBOR
FN:21,_mtfini_OSPF_ROUTE
FNDA:56,_mtfini_OSPF_ROUTE
FN:21,_mtinit_OSPF_ROUTE
FNDA:28,_mtinit_OSPF_ROUTE
FN:22,_mtinit_OSPF_TMP
FNDA:28,_mtinit_OSPF_TMP
FN:22,_mtfini_OSPF_TMP
FNDA:56,_mtfini_OSPF_TMP
FN:23,_mtinit_OSPF_LSA
FNDA:28,_mtinit_OSPF_LSA
FN:23,_mtfini_OSPF_LSA
FNDA:56,_mtfini_OSPF_LSA
FN:24,_mtinit_OSPF_LSA_DATA
FNDA:28,_mtinit_OSPF_LSA_DATA
FN:24,_mtfini_OSPF_LSA_DATA
FNDA:56,_mtfini_OSPF_LSA_DATA
FN:25,_mtfini_OSPF_LSDB
FNDA:56,_mtfini_OSPF_LSDB
FN:25,_mtinit_OSPF_LSDB
FNDA:28,_mtinit_OSPF_LSDB
FN:26,_mtinit_OSPF_PACKET
FNDA:28,_mtinit_OSPF_PACKET
FN:26,_mtfini_OSPF_PACKET
FNDA:56,_mtfini_OSPF_PACKET
FN:27,_mtinit_OSPF_FIFO
FNDA:28,_mtinit_OSPF_FIFO
FN:27,_mtfini_OSPF_FIFO
FNDA:56,_mtfini_OSPF_FIFO
FN:28,_mtinit_OSPF_VERTEX
FNDA:28,_mtinit_OSPF_VERTEX
FN:28,_mtfini_OSPF_VERTEX
FNDA:56,_mtfini_OSPF_VERTEX
FN:29,_mtinit_OSPF_VERTEX_PARENT
FNDA:28,_mtinit_OSPF_VERTEX_PARENT
FN:29,_mtfini_OSPF_VERTEX_PARENT
FNDA:56,_mtfini_OSPF_VERTEX_PARENT
FN:30,_mtfini_OSPF_NEXTHOP
FNDA:56,_mtfini_OSPF_NEXTHOP
FN:30,_mtinit_OSPF_NEXTHOP
FNDA:28,_mtinit_OSPF_NEXTHOP
FN:31,_mtinit_OSPF_PATH
FNDA:28,_mtinit_OSPF_PATH
FN:31,_mtfini_OSPF_PATH
FNDA:56,_mtfini_OSPF_PATH
FN:32,_mtinit_OSPF_VL_DATA
FNDA:28,_mtinit_OSPF_VL_DATA
FN:32,_mtfini_OSPF_VL_DATA
FNDA:56,_mtfini_OSPF_VL_DATA
FN:33,_mtinit_OSPF_CRYPT_KEY
FNDA:28,_mtinit_OSPF_CRYPT_KEY
FN:33,_mtfini_OSPF_CRYPT_KEY
FNDA:56,_mtfini_OSPF_CRYPT_KEY
FN:34,_mtinit_OSPF_EXTERNAL_INFO
FNDA:28,_mtinit_OSPF_EXTERNAL_INFO
FN:34,_mtfini_OSPF_EXTERNAL_INFO
FNDA:56,_mtfini_OSPF_EXTERNAL_INFO
FN:35,_mtfini_OSPF_DISTANCE
FNDA:56,_mtfini_OSPF_DISTANCE
FN:35,_mtinit_OSPF_DISTANCE
FNDA:28,_mtinit_OSPF_DISTANCE
FN:36,_mtinit_OSPF_IF_INFO
FNDA:28,_mtinit_OSPF_IF_INFO
FN:36,_mtfini_OSPF_IF_INFO
FNDA:56,_mtfini_OSPF_IF_INFO
FN:37,_mtinit_OSPF_IF_PARAMS
FNDA:28,_mtinit_OSPF_IF_PARAMS
FN:37,_mtfini_OSPF_IF_PARAMS
FNDA:56,_mtfini_OSPF_IF_PARAMS
FN:38,_mtinit_OSPF_MESSAGE
FNDA:28,_mtinit_OSPF_MESSAGE
FN:38,_mtfini_OSPF_MESSAGE
FNDA:56,_mtfini_OSPF_MESSAGE
FN:39,_mtinit_OSPF_MPLS_TE
FNDA:28,_mtinit_OSPF_MPLS_TE
FN:39,_mtfini_OSPF_MPLS_TE
FNDA:56,_mtfini_OSPF_MPLS_TE
FN:40,_mtinit_OSPF_ROUTER_INFO
FNDA:28,_mtinit_OSPF_ROUTER_INFO
FN:40,_mtfini_OSPF_ROUTER_INFO
FNDA:56,_mtfini_OSPF_ROUTER_INFO
FN:41,_mtinit_OSPF_PCE_PARAMS
FNDA:28,_mtinit_OSPF_PCE_PARAMS
FN:41,_mtfini_OSPF_PCE_PARAMS
FNDA:56,_mtfini_OSPF_PCE_PARAMS
FN:42,_mtinit_OSPF_EXT_PARAMS
FNDA:28,_mtinit_OSPF_EXT_PARAMS
FN:42,_mtfini_OSPF_EXT_PARAMS
FNDA:56,_mtfini_OSPF_EXT_PARAMS
FN:43,_mtinit_OSPF_SR_PARAMS
FNDA:28,_mtinit_OSPF_SR_PARAMS
FN:43,_mtfini_OSPF_SR_PARAMS
FNDA:56,_mtfini_OSPF_SR_PARAMS
FN:44,_mtinit_OSPF_GR_HELPER
FNDA:28,_mtinit_OSPF_GR_HELPER
FN:44,_mtfini_OSPF_GR_HELPER
FNDA:56,_mtfini_OSPF_GR_HELPER
FN:45,_mtinit_OSPF_EXTERNAL_RT_AGGR
FNDA:28,_mtinit_OSPF_EXTERNAL_RT_AGGR
FN:45,_mtfini_OSPF_EXTERNAL_RT_AGGR
FNDA:56,_mtfini_OSPF_EXTERNAL_RT_AGGR
FN:46,_mtinit_OSPF_P_SPACE
FNDA:28,_mtinit_OSPF_P_SPACE
FN:46,_mtfini_OSPF_P_SPACE
FNDA:56,_mtfini_OSPF_P_SPACE
FN:47,_mtinit_OSPF_Q_SPACE
FNDA:28,_mtinit_OSPF_Q_SPACE
FN:47,_mtfini_OSPF_Q_SPACE
FNDA:56,_mtfini_OSPF_Q_SPACE
FN:48,_mtinit_OSPF_LSA_LIST
FNDA:28,_mtinit_OSPF_LSA_LIST
FN:48,_mtfini_OSPF_LSA_LIST
FNDA:56,_mtfini_OSPF_LSA_LIST
FN:49,_mtfini_OSPF_LSDB_NODE
FNDA:56,_mtfini_OSPF_LSDB_NODE
FN:49,_mtinit_OSPF_LSDB_NODE
FNDA:28,_mtinit_OSPF_LSDB_NODE
DA:13,56
DA:13,28
DA:14,56
DA:14,28
DA:15,56
DA:15,28
DA:16,56
DA:16,28
DA:17,56
DA:17,28
DA:18,56
DA:18,28
DA:19,56
DA:19,28
DA:20,56
DA:20,28
DA:21,56
DA:21,28
DA:22,56
DA:22,28
DA:23,56
DA:23,28
DA:24,56
DA:24,28
DA:25,56
DA:25,28
DA:26,56
DA:26,28
DA:27,56
DA:27,28
DA:28,56
DA:28,28
DA:29,56
DA:29,28
DA:30,56
DA:30,28
DA:31,56
DA:31,28
DA:32,56
DA:32,28
DA:33,56
DA:33,28
DA:34,56
DA:34,28
DA:35,56
DA:35,28
DA:36,56
DA:36,28
DA:37,56
DA:37,28
DA:38,56
DA:38,28
DA:39,56
DA:39,28
DA:40,56
DA:40,28
DA:41,56
DA:41,28
DA:42,56
DA:42,28
DA:43,56
DA:43,28
DA:44,56
DA:44,28
DA:45,56
DA:45,28
DA:46,56
DA:46,28
DA:47,56
DA:47,28
DA:48,56
DA:48,28
DA:49,56
DA:49,28
end_of_record
TN:
SF:/home/frr/frr/lib/prefix.h
FN:339,ipv4_addr_same
FNDA:5272,ipv4_addr_same
DA:339,5272
DA:342,5272
end_of_record
SF:/home/frr/frr/lib/table.h
FN:233,route_unlock_node
FNDA:4238,route_unlock_node
FN:242,route_node_get_lock_count
FNDA:0,route_node_get_lock_count
DA:233,4238
DA:235,4238
DA:236,4238
DA:238,4238
DA:239,251
DA:240,4238
DA:242,0
DA:244,0
end_of_record
SF:/home/frr/frr/ospfd/ospf_flood.h
FN:41,ospf_lsa_list_init
FNDA:329,ospf_lsa_list_init
DA:41,329
end_of_record
SF:/home/frr/frr/ospfd/ospf_neighbor.c
FN:39,ospf_nbr_key
FNDA:570,ospf_nbr_key
FN:54,ospf_nbr_new
FNDA:329,ospf_nbr_new
FN:100,ospf_nbr_free
FNDA:329,ospf_nbr_free
FN:147,ospf_nbr_delete
FNDA:329,ospf_nbr_delete
FN:211,ospf_nbr_bidirectional
FNDA:2382,ospf_nbr_bidirectional
FN:227,ospf_nbr_self_reset
FNDA:241,ospf_nbr_self_reset
FN:237,ospf_nbr_add_self
FNDA:241,ospf_nbr_add_self
FN:282,ospf_nbr_count
FNDA:744,ospf_nbr_count
FN:298,ospf_nbr_count_opaque_capable
FNDA:0,ospf_nbr_count_opaque_capable
FN:320,ospf_nbr_lookup_by_addr
FNDA:133,ospf_nbr_lookup_by_addr
FN:349,ospf_nbr_lookup_by_routerid
FNDA:1153,ospf_nbr_lookup_by_routerid
FN:365,ospf_renegotiate_optional_capabilities
FNDA:0,ospf_renegotiate_optional_capabilities
FN:411,ospf_nbr_lookup
FNDA:1048,ospf_nbr_lookup
FN:424,ospf_nbr_add
FNDA:88,ospf_nbr_add
FN:467,ospf_nbr_get
FNDA:2382,ospf_nbr_get
DA:39,570
DA:42,570
DA:43,570
DA:46,570
DA:47,570
DA:48,428
DA:50,142
DA:51,570
DA:54,329
DA:59,329
DA:62,329
DA:65,329
DA:68,329
DA:69,329
DA:70,329
DA:71,329
DA:72,329
DA:75,329
DA:78,329
DA:80,329
DA:82,329
DA:84,329
DA:85,329
DA:86,329
DA:88,329
DA:91,329
DA:92,329
DA:93,329
DA:94,329
DA:95,329
DA:97,329
DA:100,329
DA:103,329
DA:104,0
DA:108,329
DA:109,0
DA:112,329
DA:113,0
DA:116,329
DA:117,329
DA:118,329
DA:121,329
DA:122,88
DA:124,329
DA:125,0
DA:126,0
DA:130,329
DA:131,329
DA:132,329
DA:133,329
DA:136,329
DA:138,329
DA:140,329
DA:142,329
DA:143,329
DA:144,329
DA:147,329
DA:153,329
DA:156,329
DA:158,329
DA:159,329
DA:167,329
DA:169,329
DA:170,329
DA:171,329
DA:173,0
DA:176,329
DA:185,0
DA:186,0
DA:187,0
DA:189,0
DA:191,0
DA:192,0
DA:197,0
DA:199,0
DA:200,0
DA:202,0
DA:207,329
DA:208,329
DA:211,2382
DA:217,2382
DA:219,2416
DA:220,2370
DA:221,2336
DA:223,46
DA:227,241
DA:229,241
DA:230,128
DA:232,241
DA:233,241
DA:234,241
DA:237,241
DA:242,241
DA:243,0
DA:246,241
DA:247,241
DA:248,241
DA:249,241
DA:250,241
DA:252,241
DA:253,241
DA:254,241
DA:255,241
DA:256,0
DA:257,0
DA:258,0
DA:259,0
DA:260,0
DA:261,0
DA:262,0
DA:266,241
DA:268,241
DA:269,241
DA:271,0
DA:272,0
DA:275,0
DA:277,241
DA:278,241
DA:282,744
DA:286,744
DA:288,2442
DA:289,1698
DA:290,1221
DA:292,477
DA:293,461
DA:295,744
DA:298,0
DA:302,0
DA:304,0
DA:305,0
DA:306,0
DA:308,0
DA:309,0
DA:311,0
DA:313,0
DA:320,133
DA:327,133
DA:328,133
DA:329,133
DA:331,133
DA:332,133
DA:333,0
DA:336,133
DA:338,133
DA:339,0
DA:340,0
DA:343,133
DA:344,133
DA:346,133
DA:349,1153
DA:355,2834
DA:356,2834
DA:357,1681
DA:358,1153
DA:359,1153
DA:362,0
DA:365,0
DA:372,0
DA:375,0
DA:381,0
DA:384,0
DA:385,0
DA:386,0
DA:388,0
DA:389,0
DA:390,0
DA:392,0
DA:393,0
DA:395,0
DA:396,0
DA:400,0
DA:405,0
DA:407,0
DA:411,1048
DA:414,1048
DA:416,1048
DA:417,1048
DA:418,947
DA:421,101
DA:424,88
DA:430,88
DA:431,88
DA:432,88
DA:433,88
DA:435,88
DA:436,88
DA:440,0
DA:441,0
DA:442,0
DA:443,0
DA:445,0
DA:446,0
DA:448,0
DA:454,88
DA:455,0
DA:458,88
DA:460,88
DA:461,0
DA:464,88
DA:467,2382
DA:475,2382
DA:476,2382
DA:478,2382
DA:479,2382
DA:480,2280
DA:483,102
DA:485,2382
DA:486,2382
DA:487,2294
DA:488,2294
DA:490,2294
DA:491,0
DA:492,0
DA:495,88
DA:498,2382
DA:500,2382
end_of_record
SF:/home/frr/frr/lib/zlog.h
FN:78,zlog_ref
FNDA:0,zlog_ref
DA:78,0
DA:83,0
DA:84,0
DA:85,0
DA:86,0
end_of_record
TN:
SF:/home/frr/frr/lib/zlog.h
FN:78,zlog_ref
FNDA:0,zlog_ref
DA:78,0
DA:83,0
DA:84,0
DA:85,0
DA:86,0
end_of_record
SF:/home/frr/frr/ospfd/ospf_routemap.c
FN:32,ospf_route_map_update
FNDA:0,ospf_route_map_update
FN:81,ospf_route_map_event
FNDA:0,ospf_route_map_event
FN:111,route_match_ip_nexthop
FNDA:0,route_match_ip_nexthop
FN:136,route_match_ip_nexthop_compile
FNDA:0,route_match_ip_nexthop_compile
FN:142,route_match_ip_nexthop_free
FNDA:0,route_match_ip_nexthop_free
FN:158,route_match_ip_next_hop_prefix_list
FNDA:0,route_match_ip_next_hop_prefix_list
FN:182,route_match_ip_next_hop_prefix_list_compile
FNDA:0,route_match_ip_next_hop_prefix_list_compile
FN:187,route_match_ip_next_hop_prefix_list_free
FNDA:0,route_match_ip_next_hop_prefix_list_free
FN:203,route_match_ip_next_hop_type
FNDA:0,route_match_ip_next_hop_type
FN:219,route_match_ip_next_hop_type_compile
FNDA:0,route_match_ip_next_hop_type_compile
FN:224,route_match_ip_next_hop_type_free
FNDA:0,route_match_ip_next_hop_type_free
FN:241,route_match_ip_address
FNDA:0,route_match_ip_address
FN:261,route_match_ip_address_compile
FNDA:0,route_match_ip_address_compile
FN:267,route_match_ip_address_free
FNDA:0,route_match_ip_address_free
FN:282,route_match_ip_address_prefix_list
FNDA:0,route_match_ip_address_prefix_list
FN:301,route_match_ip_address_prefix_list_compile
FNDA:0,route_match_ip_address_prefix_list_compile
FN:306,route_match_ip_address_prefix_list_free
FNDA:0,route_match_ip_address_prefix_list_free
FN:323,route_match_interface
FNDA:0,route_match_interface
FN:339,route_match_interface_compile
FNDA:0,route_match_interface_compile
FN:345,route_match_interface_free
FNDA:0,route_match_interface_free
FN:360,route_match_tag
FNDA:0,route_match_tag
FN:388,route_set_metric
FNDA:0,route_set_metric
FN:419,route_set_metric_compile
FNDA:0,route_set_metric_compile
FN:454,route_set_metric_free
FNDA:0,route_set_metric_free
FN:470,route_set_min_metric
FNDA:0,route_set_min_metric
FN:491,route_set_min_metric_compile
FNDA:0,route_set_min_metric_compile
FN:508,route_set_min_metric_free
FNDA:0,route_set_min_metric_free
FN:525,route_set_max_metric
FNDA:0,route_set_max_metric
FN:546,route_set_max_metric_compile
FNDA:0,route_set_max_metric_compile
FN:563,route_set_max_metric_free
FNDA:0,route_set_max_metric_free
FN:579,route_set_metric_type
FNDA:0,route_set_metric_type
FN:595,route_set_metric_type_compile
FNDA:0,route_set_metric_type_compile
FN:614,route_set_metric_type_free
FNDA:0,route_set_metric_type_free
FN:628,route_set_tag
FNDA:0,route_set_tag
FN:650,set_metric_type
FNDA:0,set_metric_type
FN:671,no_set_metric_type
FNDA:0,no_set_metric_type
FN:688,ospf_route_map_init
FNDA:28,ospf_route_map_init
DA:32,0
DA:36,0
DA:39,0
DA:40,0
DA:42,0
DA:44,0
DA:49,0
DA:50,0
DA:51,0
DA:53,0
DA:54,0
DA:55,0
DA:57,0
DA:59,0
DA:60,0
DA:61,0
DA:63,0
DA:64,0
DA:69,0
DA:70,0
DA:71,0
DA:73,0
DA:74,0
DA:81,0
DA:85,0
DA:87,0
DA:88,0
DA:93,0
DA:94,0
DA:95,0
DA:97,0
DA:98,0
DA:99,0
DA:100,0
DA:101,0
DA:106,0
DA:111,0
DA:114,0
DA:117,0
DA:118,0
DA:119,0
DA:121,0
DA:122,0
DA:123,0
DA:124,0
DA:127,0
DA:130,0
DA:131,0
DA:136,0
DA:138,0
DA:142,0
DA:144,0
DA:145,0
DA:158,0
DA:162,0
DA:165,0
DA:166,0
DA:167,0
DA:169,0
DA:170,0
DA:171,0
DA:172,0
DA:175,0
DA:178,0
DA:179,0
DA:182,0
DA:184,0
DA:187,0
DA:189,0
DA:190,0
DA:203,0
DA:206,0
DA:208,0
DA:209,0
DA:210,0
DA:211,0
DA:213,0
DA:214,0
DA:216,0
DA:219,0
DA:221,0
DA:224,0
DA:226,0
DA:227,0
DA:241,0
DA:246,0
DA:247,0
DA:248,0
DA:249,0
DA:252,0
DA:255,0
DA:256,0
DA:261,0
DA:263,0
DA:267,0
DA:269,0
DA:270,0
DA:282,0
DA:287,0
DA:288,0
DA:289,0
DA:290,0
DA:294,0
DA:297,0
DA:298,0
DA:301,0
DA:303,0
DA:306,0
DA:308,0
DA:309,0
DA:323,0
DA:328,0
DA:329,0
DA:331,0
DA:332,0
DA:334,0
DA:339,0
DA:341,0
DA:345,0
DA:347,0
DA:348,0
DA:360,0
DA:365,0
DA:366,0
DA:368,0
DA:388,0
DA:394,0
DA:395,0
DA:398,0
DA:399,0
DA:401,0
DA:403,0
DA:404,0
DA:405,0
DA:406,0
DA:407,0
DA:408,0
DA:410,0
DA:411,0
DA:412,0
DA:413,0
DA:415,0
DA:419,0
DA:423,0
DA:424,0
DA:426,0
DA:427,0
DA:429,0
DA:430,0
DA:432,0
DA:435,0
DA:436,0
DA:437,0
DA:440,0
DA:441,0
DA:442,0
DA:445,0
DA:447,0
DA:448,0
DA:450,0
DA:454,0
DA:456,0
DA:457,0
DA:470,0
DA:476,0
DA:477,0
DA:479,0
DA:481,0
DA:482,0
DA:484,0
DA:485,0
DA:487,0
DA:491,0
DA:496,0
DA:498,0
DA:500,0
DA:501,0
DA:503,0
DA:504,0
DA:508,0
DA:510,0
DA:511,0
DA:525,0
DA:531,0
DA:532,0
DA:534,0
DA:536,0
DA:537,0
DA:539,0
DA:540,0
DA:542,0
DA:546,0
DA:551,0
DA:553,0
DA:555,0
DA:556,0
DA:558,0
DA:559,0
DA:563,0
DA:565,0
DA:566,0
DA:579,0
DA:585,0
DA:586,0
DA:589,0
DA:591,0
DA:595,0
DA:599,0
DA:600,0
DA:601,0
DA:602,0
DA:603,0
DA:605,0
DA:606,0
DA:607,0
DA:609,0
DA:610,0
DA:614,0
DA:616,0
DA:617,0
DA:628,0
DA:633,0
DA:634,0
DA:637,0
DA:639,0
DA:650,0
DA:658,0
DA:660,0
DA:664,0
DA:665,0
DA:667,0
DA:668,0
DA:671,0
DA:680,0
DA:683,0
DA:684,0
DA:688,28
DA:690,28
DA:692,28
DA:693,28
DA:694,28
DA:696,28
DA:697,28
DA:699,28
DA:700,28
DA:702,28
DA:703,28
DA:705,28
DA:706,28
DA:708,28
DA:709,28
DA:711,28
DA:712,28
DA:714,28
DA:715,28
DA:717,28
DA:718,28
DA:720,28
DA:721,28
DA:723,28
DA:724,28
DA:726,28
DA:727,28
DA:729,28
DA:730,28
DA:731,28
DA:732,28
DA:733,28
DA:734,28
DA:735,28
DA:737,28
DA:738,28
DA:739,28
DA:740,28
DA:741,28
DA:743,28
DA:744,28
DA:745,28
end_of_record
TN:
SF:/home/frr/frr/lib/prefix.h
FN:339,ipv4_addr_same
FNDA:0,ipv4_addr_same
DA:339,0
DA:342,0
end_of_record
SF:/home/frr/frr/lib/monotime.h
FN:62,monotime
FNDA:194,monotime
DA:62,194
DA:66,194
DA:67,194
DA:68,194
DA:70,194
end_of_record
SF:/home/frr/frr/lib/table.h
FN:233,route_unlock_node
FNDA:7,route_unlock_node
DA:233,7
DA:235,7
DA:236,7
DA:238,7
DA:239,0
DA:240,7
end_of_record
SF:/home/frr/frr/ospfd/ospf_ase.c
FN:33,ospf_find_asbr_route
FNDA:7,ospf_find_asbr_route
FN:91,ospf_find_asbr_route_through_area
FNDA:0,ospf_find_asbr_route_through_area
FN:117,ospf_ase_complete_direct_routes
FNDA:0,ospf_ase_complete_direct_routes
FN:128,ospf_ase_forward_address_check
FNDA:0,ospf_ase_forward_address_check
FN:145,ospf_ase_calculate_new_route
FNDA:0,ospf_ase_calculate_new_route
FN:187,ospf_ase_calculate_route
FNDA:0,ospf_ase_calculate_route
FN:459,ospf_ase_route_match_same
FNDA:0,ospf_ase_route_match_same
FN:524,ospf_ase_compare_tables
FNDA:97,ospf_ase_compare_tables
FN:554,ospf_ase_calculate_timer
FNDA:97,ospf_ase_calculate_timer
FN:623,ospf_ase_calculate_schedule
FNDA:260,ospf_ase_calculate_schedule
FN:631,ospf_ase_calculate_timer_add
FNDA:260,ospf_ase_calculate_timer_add
FN:640,ospf_ase_register_external_lsa
FNDA:0,ospf_ase_register_external_lsa
FN:664,ospf_ase_unregister_external_lsa
FNDA:0,ospf_ase_unregister_external_lsa
FN:692,ospf_ase_external_lsas_finish
FNDA:28,ospf_ase_external_lsas_finish
FN:709,ospf_ase_incremental_update
FNDA:0,ospf_ase_incremental_update
DA:33,7
DA:38,7
DA:43,7
DA:44,0
DA:46,7
DA:47,7
DA:48,0
DA:50,7
DA:52,7
DA:55,7
DA:56,14
DA:57,7
DA:58,7
DA:59,2
DA:60,2
DA:61,2
DA:64,7
DA:65,5
DA:66,5
DA:70,14
DA:71,7
DA:72,7
DA:73,7
DA:74,0
DA:75,0
DA:76,0
DA:77,0
DA:78,0
DA:82,0
DA:85,7
DA:86,2
DA:88,7
DA:91,0
DA:98,0
DA:99,0
DA:101,0
DA:103,0
DA:107,0
DA:109,0
DA:110,0
DA:111,0
DA:114,0
DA:117,0
DA:123,0
DA:124,0
DA:125,0
DA:126,0
DA:128,0
DA:134,0
DA:135,0
DA:136,0
DA:137,0
DA:139,0
DA:141,0
DA:145,0
DA:151,0
DA:153,0
DA:157,0
DA:158,0
DA:160,0
DA:161,0
DA:162,0
DA:165,0
DA:166,0
DA:168,0
DA:169,0
DA:170,0
DA:171,0
DA:172,0
DA:175,0
DA:176,0
DA:177,0
DA:178,0
DA:180,0
DA:182,0
DA:187,0
DA:197,0
DA:198,0
DA:200,0
DA:201,0
DA:202,0
DA:205,0
DA:206,0
DA:207,0
DA:208,0
DA:211,0
DA:212,0
DA:220,0
DA:221,0
DA:222,0
DA:224,0
DA:226,0
DA:227,0
DA:228,0
DA:230,0
DA:235,0
DA:236,0
DA:237,0
DA:239,0
DA:251,0
DA:252,0
DA:253,0
DA:254,0
DA:256,0
DA:257,0
DA:258,0
DA:259,0
DA:261,0
DA:263,0
DA:264,0
DA:265,0
DA:267,0
DA:275,0
DA:276,0
DA:277,0
DA:278,0
DA:280,0
DA:288,0
DA:308,0
DA:309,0
DA:310,0
DA:312,0
DA:315,0
DA:316,0
DA:317,0
DA:319,0
DA:321,0
DA:322,0
DA:323,0
DA:325,0
DA:326,0
DA:327,0
DA:330,0
DA:348,0
DA:358,0
DA:359,0
DA:360,0
DA:364,0
DA:365,0
DA:366,0
DA:367,0
DA:368,0
DA:369,0
DA:370,0
DA:374,0
DA:376,0
DA:378,0
DA:379,0
DA:380,0
DA:383,0
DA:385,0
DA:386,0
DA:387,0
DA:396,0
DA:422,0
DA:423,0
DA:424,0
DA:426,0
DA:427,0
DA:428,0
DA:430,0
DA:431,0
DA:434,0
DA:435,0
DA:436,0
DA:442,0
DA:443,0
DA:444,0
DA:445,0
DA:446,0
DA:451,0
DA:452,0
DA:453,0
DA:455,0
DA:456,0
DA:459,0
DA:470,0
DA:471,0
DA:473,0
DA:474,0
DA:475,0
DA:477,0
DA:479,0
DA:481,0
DA:483,0
DA:484,0
DA:486,0
DA:487,0
DA:488,0
DA:489,0
DA:490,0
DA:491,0
DA:492,0
DA:493,0
DA:494,0
DA:495,0
DA:496,0
DA:497,0
DA:501,0
DA:503,0
DA:504,0
DA:507,0
DA:508,0
DA:509,0
DA:510,0
DA:512,0
DA:513,0
DA:514,0
DA:515,0
DA:518,0
DA:519,0
DA:521,0
DA:524,97
DA:532,97
DA:533,0
DA:534,0
DA:535,0
DA:536,0
DA:537,0
DA:539,0
DA:544,97
DA:545,0
DA:546,0
DA:548,0
DA:549,0
DA:551,97
DA:554,97
DA:563,97
DA:564,97
DA:566,97
DA:567,97
DA:569,97
DA:572,97
DA:573,0
DA:576,97
DA:577,0
DA:578,0
DA:579,0
DA:582,0
DA:583,0
DA:584,0
DA:588,97
DA:589,0
DA:593,97
DA:597,97
DA:598,97
DA:599,97
DA:601,97
DA:603,97
DA:604,0
DA:616,97
DA:617,0
DA:618,0
DA:619,0
DA:621,97
DA:623,260
DA:625,260
DA:626,0
DA:628,260
DA:631,260
DA:633,260
DA:634,0
DA:636,260
DA:640,0
DA:647,0
DA:648,0
DA:649,0
DA:650,0
DA:651,0
DA:653,0
DA:654,0
DA:655,0
DA:657,0
DA:661,0
DA:662,0
DA:664,0
DA:671,0
DA:672,0
DA:673,0
DA:674,0
DA:675,0
DA:677,0
DA:679,0
DA:680,0
DA:681,0
DA:683,0
DA:684,0
DA:685,0
DA:688,0
DA:690,0
DA:692,28
DA:699,28
DA:700,0
DA:701,0
DA:702,0
DA:703,0
DA:706,28
DA:707,28
DA:709,0
DA:718,0
DA:719,0
DA:720,0
DA:721,0
DA:722,0
DA:726,0
DA:727,0
DA:733,0
DA:734,0
DA:735,0
DA:736,0
DA:737,0
DA:740,0
DA:741,0
DA:742,0
DA:743,0
DA:744,0
DA:746,0
DA:747,0
DA:750,0
DA:751,0
DA:752,0
DA:753,0
DA:754,0
DA:755,0
DA:759,0
DA:762,0
DA:763,0
DA:765,0
DA:767,0
DA:768,0
DA:769,0
DA:771,0
DA:774,0
DA:775,0
DA:776,0
DA:780,0
DA:783,0
DA:784,0
DA:785,0
DA:788,0
end_of_record
SF:/home/frr/frr/lib/zlog.h
FN:78,zlog_ref
FNDA:0,zlog_ref
DA:78,0
DA:83,0
DA:84,0
DA:85,0
DA:86,0
end_of_record
TN:
SF:/home/frr/frr/ospfd/ospf_errors.c
FN:177,ospf_error_init
FNDA:28,ospf_error_init
DA:177,28
DA:179,28
DA:180,28
DA:181,28
end_of_record
TN:
SF:/home/frr/frr/ospfd/ospf_bfd.c
FN:33,_mtfini_BFD_CONFIG
FNDA:56,_mtfini_BFD_CONFIG
FN:33,_mtinit_BFD_CONFIG
FNDA:28,_mtinit_BFD_CONFIG
FN:39,ospf_bfd_trigger_event
FNDA:0,ospf_bfd_trigger_event
FN:47,ospf_bfd_session_change
FNDA:0,ospf_bfd_session_change
FN:70,ospf_neighbor_bfd_apply
FNDA:88,ospf_neighbor_bfd_apply
FN:102,ospf_interface_bfd_apply
FNDA:114,ospf_interface_bfd_apply
FN:125,ospf_interface_enable_bfd
FNDA:0,ospf_interface_enable_bfd
FN:139,ospf_interface_disable_bfd
FNDA:114,ospf_interface_disable_bfd
FN:149,ospf_bfd_write_config
FNDA:0,ospf_bfd_write_config
FN:168,ospf_interface_bfd_show
FNDA:0,ospf_interface_bfd_show
FN:194,ip_ospf_bfd
FNDA:0,ip_ospf_bfd
FN:208,ip_ospf_bfd_param
FNDA:0,ip_ospf_bfd_param
FN:241,ip_ospf_bfd_prof
FNDA:0,ip_ospf_bfd_prof
FN:267,no_ip_ospf_bfd_prof
FNDA:0,no_ip_ospf_bfd_prof
FN:290,no_ip_ospf_bfd
FNDA:0,no_ip_ospf_bfd
FN:313,ospf_bfd_init
FNDA:28,ospf_bfd_init
DA:33,56
DA:33,28
DA:39,0
DA:41,0
DA:42,0
DA:43,0
DA:44,0
DA:45,0
DA:47,0
DA:51,0
DA:54,0
DA:55,0
DA:56,0
DA:57,0
DA:60,0
DA:64,0
DA:65,0
DA:66,0
DA:68,0
DA:70,88
DA:72,88
DA:73,88
DA:76,88
DA:77,88
DA:78,88
DA:82,0
DA:83,0
DA:84,0
DA:85,0
DA:86,0
DA:90,0
DA:91,0
DA:92,0
DA:93,0
DA:96,0
DA:97,0
DA:99,0
DA:102,114
DA:111,224
DA:112,110
DA:113,110
DA:114,0
DA:115,0
DA:116,0
DA:117,0
DA:118,0
DA:120,0
DA:123,114
DA:125,0
DA:127,0
DA:129,0
DA:130,0
DA:133,0
DA:134,0
DA:135,0
DA:136,0
DA:139,114
DA:142,114
DA:143,114
DA:144,114
DA:149,0
DA:161,0
DA:163,0
DA:164,0
DA:165,0
DA:166,0
DA:168,0
DA:171,0
DA:172,0
DA:175,0
DA:176,0
DA:178,0
DA:179,0
DA:180,0
DA:181,0
DA:182,0
DA:183,0
DA:184,0
DA:185,0
DA:186,0
DA:188,0
DA:190,0
DA:194,0
DA:201,0
DA:202,0
DA:203,0
DA:204,0
DA:208,0
DA:222,0
DA:224,0
DA:225,0
DA:226,0
DA:228,0
DA:230,0
DA:231,0
DA:232,0
DA:233,0
DA:234,0
DA:236,0
DA:238,0
DA:241,0
DA:250,0
DA:252,0
DA:254,0
DA:255,0
DA:256,0
DA:257,0
DA:260,0
DA:262,0
DA:264,0
DA:267,0
DA:277,0
DA:280,0
DA:281,0
DA:282,0
DA:284,0
DA:285,0
DA:287,0
DA:290,0
DA:308,0
DA:309,0
DA:310,0
DA:313,28
DA:315,28
DA:318,28
DA:319,28
DA:320,28
DA:321,28
DA:322,28
DA:323,28
end_of_record
SF:/home/frr/frr/lib/zlog.h
FN:78,zlog_ref
FNDA:0,zlog_ref
DA:78,0
DA:83,0
DA:84,0
DA:85,0
DA:86,0
end_of_record
TN:
SF:/home/frr/frr/lib/prefix.h
FN:339,ipv4_addr_same
FNDA:17,ipv4_addr_same
DA:339,17
DA:342,17
end_of_record
SF:/home/frr/frr/lib/table.h
FN:226,route_lock_node
FNDA:0,route_lock_node
FN:233,route_unlock_node
FNDA:17,route_unlock_node
DA:226,0
DA:228,0
DA:229,0
DA:233,17
DA:235,17
DA:236,17
DA:238,17
DA:239,0
DA:240,17
end_of_record
SF:/home/frr/frr/ospfd/ospf_ia.c
FN:33,ospf_find_abr_route
FNDA:47,ospf_find_abr_route
FN:54,ospf_ia_network_route
FNDA:13,ospf_ia_network_route
FN:104,ospf_ia_router_route
FNDA:4,ospf_ia_router_route
FN:172,process_summary_lsa
FNDA:82,process_summary_lsa
FN:257,ospf_examine_summaries
FNDA:516,ospf_examine_summaries
FN:269,ospf_area_is_transit
FNDA:5,ospf_area_is_transit
FN:276,ospf_update_network_route
FNDA:0,ospf_update_network_route
FN:398,ospf_update_router_route
FNDA:0,ospf_update_router_route
FN:494,process_transit_summary_lsa
FNDA:0,process_transit_summary_lsa
FN:549,ospf_examine_transit_summaries
FNDA:0,ospf_examine_transit_summaries
FN:561,ospf_ia_routing
FNDA:260,ospf_ia_routing
DA:33,47
DA:41,47
DA:42,30
DA:44,17
DA:46,17
DA:47,17
DA:48,17
DA:49,17
DA:51,0
DA:54,13
DA:62,13
DA:63,0
DA:66,13
DA:69,0
DA:71,0
DA:72,0
DA:73,0
DA:77,0
DA:79,0
DA:80,0
DA:83,0
DA:84,0
DA:85,0
DA:89,0
DA:92,0
DA:93,0
DA:98,13
DA:99,0
DA:100,13
DA:104,4
DA:109,4
DA:113,4
DA:114,0
DA:117,4
DA:119,4
DA:121,4
DA:124,0
DA:126,0
DA:128,0
DA:129,0
DA:132,4
DA:133,0
DA:134,0
DA:138,0
DA:139,0
DA:140,0
DA:144,0
DA:145,0
DA:146,0
DA:149,0
DA:150,0
DA:151,0
DA:155,0
DA:156,0
DA:158,0
DA:159,0
DA:163,4
DA:165,4
DA:166,0
DA:168,4
DA:172,82
DA:175,82
DA:182,82
DA:183,0
DA:185,82
DA:187,82
DA:188,0
DA:190,82
DA:192,82
DA:193,0
DA:195,82
DA:196,21
DA:198,61
DA:199,14
DA:201,47
DA:202,47
DA:204,47
DA:205,35
DA:207,12
DA:209,47
DA:211,47
DA:212,35
DA:213,0
DA:214,0
DA:220,47
DA:221,0
DA:222,0
DA:223,0
DA:225,47
DA:226,47
DA:227,47
DA:228,47
DA:230,47
DA:232,47
DA:233,30
DA:235,17
DA:236,17
DA:237,17
DA:238,17
DA:239,17
DA:240,17
DA:241,17
DA:242,17
DA:243,17
DA:244,17
DA:246,17
DA:247,13
DA:249,4
DA:250,4
DA:251,4
DA:254,17
DA:257,516
DA:265,637
DA:266,82
DA:267,516
DA:269,5
DA:271,5
DA:272,5
DA:276,0
DA:287,0
DA:288,0
DA:289,0
DA:290,0
DA:292,0
DA:294,0
DA:295,0
DA:296,0
DA:298,0
DA:301,0
DA:303,0
DA:305,0
DA:306,0
DA:307,0
DA:310,0
DA:311,0
DA:313,0
DA:314,0
DA:315,0
DA:316,0
DA:317,0
DA:318,0
DA:319,0
DA:320,0
DA:321,0
DA:322,0
DA:323,0
DA:325,0
DA:327,0
DA:328,0
DA:329,0
DA:332,0
DA:334,0
DA:335,0
DA:336,0
DA:337,0
DA:338,0
DA:341,0
DA:342,0
DA:343,0
DA:344,0
DA:346,0
DA:347,0
DA:350,0
DA:354,0
DA:355,0
DA:356,0
DA:358,0
DA:362,0
DA:363,0
DA:364,0
DA:365,0
DA:368,0
DA:369,0
DA:370,0
DA:373,0
DA:376,0
DA:377,0
DA:378,0
DA:381,0
DA:382,0
DA:384,0
DA:385,0
DA:386,0
DA:387,0
DA:388,0
DA:398,0
DA:408,0
DA:409,0
DA:410,0
DA:411,0
DA:413,0
DA:415,0
DA:416,0
DA:417,0
DA:419,0
DA:422,0
DA:427,0
DA:428,0
DA:431,0
DA:432,0
DA:434,0
DA:439,0
DA:446,0
DA:447,0
DA:448,0
DA:449,0
DA:450,0
DA:451,0
DA:452,0
DA:453,0
DA:454,0
DA:455,0
DA:456,0
DA:457,0
DA:459,0
DA:465,0
DA:466,0
DA:467,0
DA:469,0
DA:472,0
DA:473,0
DA:474,0
DA:476,0
DA:477,0
DA:479,0
DA:480,0
DA:482,0
DA:483,0
DA:484,0
DA:494,0
DA:499,0
DA:504,0
DA:505,0
DA:507,0
DA:509,0
DA:510,0
DA:511,0
DA:513,0
DA:514,0
DA:515,0
DA:516,0
DA:519,0
DA:520,0
DA:521,0
DA:522,0
DA:525,0
DA:526,0
DA:527,0
DA:528,0
DA:531,0
DA:532,0
DA:534,0
DA:535,0
DA:537,0
DA:539,0
DA:541,0
DA:542,0
DA:544,0
DA:546,0
DA:549,0
DA:557,0
DA:558,0
DA:559,0
DA:561,260
DA:567,260
DA:568,0
DA:570,260
DA:571,7
DA:572,0
DA:573,0
DA:574,0
DA:576,0
DA:577,0
DA:578,0
DA:583,0
DA:585,0
DA:587,0
DA:588,0
DA:589,0
DA:591,0
DA:592,0
DA:594,0
DA:595,7
DA:597,7
DA:598,0
DA:600,7
DA:603,7
DA:604,5
DA:605,0
DA:610,5
DA:612,15
DA:614,10
DA:615,5
DA:616,0
DA:620,2
DA:621,0
DA:624,6
DA:626,4
DA:629,7
DA:630,0
DA:631,0
DA:632,0
DA:633,0
DA:636,0
DA:637,0
DA:638,0
DA:642,0
DA:645,0
DA:646,0
DA:647,0
DA:648,0
DA:650,0
DA:651,0
DA:653,0
DA:654,0
DA:656,0
DA:657,0
DA:658,0
DA:661,253
DA:662,0
DA:665,502
DA:666,249
DA:668,260
end_of_record
SF:/home/frr/frr/lib/zlog.h
FN:78,zlog_ref
FNDA:0,zlog_ref
DA:78,0
DA:83,0
DA:84,0
DA:85,0
DA:86,0
end_of_record
TN:
SF:/home/frr/frr/lib/table.h
FN:233,route_unlock_node
FNDA:520,route_unlock_node
DA:233,520
DA:235,520
DA:236,520
DA:238,520
DA:239,40
DA:240,520
end_of_record
SF:/home/frr/frr/lib/monotime.h
FN:62,monotime
FNDA:20607,monotime
FN:82,monotime_since
FNDA:18516,monotime_since
DA:62,20607
DA:66,20607
DA:67,20607
DA:68,20130
DA:70,20607
DA:82,18516
DA:86,18516
DA:87,18516
DA:88,18516
DA:89,18516
DA:90,18516
end_of_record
SF:/home/frr/frr/ospfd/ospf_lsa.c
FN:67,hook_call_ospf_lsa_update
FNDA:667,hook_call_ospf_lsa_update
FN:68,hook_call_ospf_lsa_delete
FNDA:64,hook_call_ospf_lsa_delete
FN:70,get_metric
FNDA:117,get_metric
FN:83,ospf_check_dna_lsa
FNDA:0,ospf_check_dna_lsa
FN:90,msec2tv
FNDA:0,msec2tv
FN:100,tv2msec
FNDA:0,tv2msec
FN:110,ospf_lsa_refresh_delay
FNDA:0,ospf_lsa_refresh_delay
FN:137,get_age
FNDA:18516,get_age
FN:160,ospf_lsa_checksum
FNDA:437,ospf_lsa_checksum
FN:175,ospf_lsa_checksum_valid
FNDA:715,ospf_lsa_checksum_valid
FN:189,ospf_lsa_new
FNDA:1614,ospf_lsa_new
FN:208,ospf_lsa_new_and_data
FNDA:1326,ospf_lsa_new_and_data
FN:220,ospf_lsa_dup
FNDA:0,ospf_lsa_dup
FN:249,ospf_lsa_free
FNDA:1614,ospf_lsa_free
FN:267,ospf_lsa_lock
FNDA:4646,ospf_lsa_lock
FN:274,ospf_lsa_unlock
FNDA:6488,ospf_lsa_unlock
FN:292,ospf_lsa_discard
FNDA:1614,ospf_lsa_discard
FN:301,ospf_lsa_data_new
FNDA:1326,ospf_lsa_data_new
FN:307,ospf_lsa_data_dup
FNDA:0,ospf_lsa_data_dup
FN:318,ospf_lsa_data_free
FNDA:1326,ospf_lsa_data_free
FN:330,dump_lsa_key
FNDA:0,dump_lsa_key
FN:348,lsa_seqnum_increment
FNDA:368,lsa_seqnum_increment
FN:357,lsa_header_set
FNDA:437,lsa_header_set
FN:377,router_lsa_flags
FNDA:420,router_lsa_flags
FN:424,ospf_nbr_lookup_ptop
FNDA:715,ospf_nbr_lookup_ptop
FN:452,ospf_link_cost
FNDA:788,ospf_link_cost
FN:462,link_info_set
FNDA:669,link_info_set
FN:517,lsa_link_ptop_set
FNDA:715,lsa_link_ptop_set
FN:572,lsa_link_broadcast_set
FNDA:73,lsa_link_broadcast_set
FN:625,lsa_link_loopback_set
FNDA:255,lsa_link_loopback_set
FN:640,lsa_link_virtuallink_set
FNDA:0,lsa_link_virtuallink_set
FN:664,lsa_link_ptomp_set
FNDA:0,lsa_link_ptomp_set
FN:709,router_lsa_link_set
FNDA:420,router_lsa_link_set
FN:752,ospf_router_lsa_body_set
FNDA:420,ospf_router_lsa_body_set
FN:776,ospf_stub_router_timer
FNDA:0,ospf_stub_router_timer
FN:795,ospf_stub_router_check
FNDA:420,ospf_stub_router_check
FN:833,ospf_router_lsa_new
FNDA:420,ospf_router_lsa_new
FN:878,ospf_router_lsa_originate
FNDA:58,ospf_router_lsa_originate
FN:924,ospf_router_lsa_refresh
FNDA:362,ospf_router_lsa_refresh
FN:961,ospf_router_lsa_update_area
FNDA:414,ospf_router_lsa_update_area
FN:976,ospf_router_lsa_update
FNDA:38,ospf_router_lsa_update
FN:1032,ospf_network_lsa_body_set
FNDA:8,ospf_network_lsa_body_set
FN:1060,ospf_network_lsa_new
FNDA:12,ospf_network_lsa_new
FN:1119,ospf_network_lsa_update
FNDA:12,ospf_network_lsa_update
FN:1160,ospf_network_lsa_refresh
FNDA:3,ospf_network_lsa_refresh
FN:1216,stream_put_ospf_metric
FNDA:9,stream_put_ospf_metric
FN:1229,ospf_summary_lsa_body_set
FNDA:6,ospf_summary_lsa_body_set
FN:1246,ospf_summary_lsa_new
FNDA:6,ospf_summary_lsa_new
FN:1296,ospf_summary_lsa_prepare_and_flood
FNDA:6,ospf_summary_lsa_prepare_and_flood
FN:1324,ospf_handle_summarylsa_lsId_chg
FNDA:0,ospf_handle_summarylsa_lsId_chg
FN:1385,ospf_summary_lsa_originate
FNDA:6,ospf_summary_lsa_originate
FN:1416,ospf_summary_lsa_refresh
FNDA:0,ospf_summary_lsa_refresh
FN:1453,ospf_summary_asbr_lsa_body_set
FNDA:3,ospf_summary_asbr_lsa_body_set
FN:1466,ospf_summary_asbr_lsa_new
FNDA:3,ospf_summary_asbr_lsa_new
FN:1517,ospf_asbr_summary_lsa_prepare_and_flood
FNDA:3,ospf_asbr_summary_lsa_prepare_and_flood
FN:1547,ospf_summary_asbr_lsa_originate
FNDA:3,ospf_summary_asbr_lsa_originate
FN:1578,ospf_summary_asbr_lsa_refresh
FNDA:0,ospf_summary_asbr_lsa_refresh
FN:1623,ospf_external_lsa_nexthop_get
FNDA:0,ospf_external_lsa_nexthop_get
FN:1657,ospf_get_ip_from_ifp
FNDA:0,ospf_get_ip_from_ifp
FN:1670,ospf_get_nssa_ip
FNDA:0,ospf_get_nssa_ip
FN:1698,metric_type
FNDA:0,metric_type
FN:1708,metric_value
FNDA:0,metric_value
FN:1729,ospf_external_lsa_body_set
FNDA:0,ospf_external_lsa_body_set
FN:1775,ospf_exnl_lsa_prepare_and_flood
FNDA:0,ospf_exnl_lsa_prepare_and_flood
FN:1812,ospf_handle_exnl_lsa_lsId_chg
FNDA:0,ospf_handle_exnl_lsa_lsId_chg
FN:1859,ospf_external_lsa_new
FNDA:0,ospf_external_lsa_new
FN:1906,ospf_install_flood_nssa
FNDA:0,ospf_install_flood_nssa
FN:1998,ospf_lsa_translated_nssa_new
FNDA:0,ospf_lsa_translated_nssa_new
FN:2052,ospf_translated_nssa_originate
FNDA:0,ospf_translated_nssa_originate
FN:2108,ospf_translated_nssa_refresh
FNDA:0,ospf_translated_nssa_refresh
FN:2217,ospf_external_lsa_originate
FNDA:0,ospf_external_lsa_originate
FN:2310,ospf_nssa_lsa_originate
FNDA:0,ospf_nssa_lsa_originate
FN:2362,ospf_nssa_lsa_refresh
FNDA:0,ospf_nssa_lsa_refresh
FN:2403,ospf_default_external_info
FNDA:28,ospf_default_external_info
FN:2433,ospf_external_lsa_rid_change
FNDA:28,ospf_external_lsa_rid_change
FN:2520,ospf_nssa_lsa_flush
FNDA:0,ospf_nssa_lsa_flush
FN:2547,ospf_external_lsa_flush
FNDA:1,ospf_external_lsa_flush
FN:2587,ospf_external_lsa_refresh_default
FNDA:0,ospf_external_lsa_refresh_default
FN:2618,ospf_external_lsa_refresh_type
FNDA:0,ospf_external_lsa_refresh_type
FN:2688,ospf_external_lsa_refresh
FNDA:0,ospf_external_lsa_refresh
FN:2767,ospf_router_lsa_install
FNDA:646,ospf_router_lsa_install
FN:2798,ospf_network_lsa_install
FNDA:15,ospf_network_lsa_install
FN:2830,ospf_summary_lsa_install
FNDA:18,ospf_summary_lsa_install
FN:2850,ospf_summary_asbr_lsa_install
FNDA:9,ospf_summary_asbr_lsa_install
FN:2873,ospf_external_lsa_install
FNDA:0,ospf_external_lsa_install
FN:2915,ospf_discard_from_db
FNDA:688,ospf_discard_from_db
FN:2952,ospf_lsa_install
FNDA:688,ospf_lsa_install
FN:3156,ospf_check_nbr_status
FNDA:28,ospf_check_nbr_status
FN:3179,ospf_maxage_lsa_remover
FNDA:28,ospf_maxage_lsa_remover
FN:3277,ospf_check_and_gen_init_seq_lsa
FNDA:156,ospf_check_and_gen_init_seq_lsa
FN:3300,ospf_lsa_maxage_delete
FNDA:688,ospf_lsa_maxage_delete
FN:3331,ospf_lsa_maxage
FNDA:74,ospf_lsa_maxage
FN:3377,ospf_lsa_maxage_walker_remover
FNDA:41,ospf_lsa_maxage_walker_remover
FN:3432,ospf_lsa_maxage_walker
FNDA:4,ospf_lsa_maxage_walker
FN:3471,ospf_lsa_lookup_by_prefix
FNDA:34,ospf_lsa_lookup_by_prefix
FN:3500,ospf_lsa_lookup
FNDA:2062,ospf_lsa_lookup
FN:3526,ospf_lsa_lookup_by_id
FNDA:117,ospf_lsa_lookup_by_id
FN:3563,ospf_lsa_lookup_by_header
FNDA:1045,ospf_lsa_lookup_by_header
FN:3589,ospf_lsa_more_recent
FNDA:1869,ospf_lsa_more_recent
FN:3647,ospf_lsa_different
FNDA:548,ospf_lsa_different
FN:3689,ospf_lsa_flush_schedule
FNDA:21,ospf_lsa_flush_schedule
FN:3718,ospf_flush_self_originated_lsas_now
FNDA:56,ospf_flush_self_originated_lsas_now
FN:3806,ospf_refresh_area_self_lsas
FNDA:0,ospf_refresh_area_self_lsas
FN:3846,ospf_lsa_is_self_originated
FNDA:702,ospf_lsa_is_self_originated
FN:3887,ospf_lsa_unique_id
FNDA:9,ospf_lsa_unique_id
FN:3980,ospf_lsa_action
FNDA:0,ospf_lsa_action
FN:4003,ospf_schedule_lsa_flood_area
FNDA:0,ospf_schedule_lsa_flood_area
FN:4015,ospf_schedule_lsa_flush_area
FNDA:0,ospf_schedule_lsa_flush_area
FN:4029,ospf_lsa_refresh
FNDA:365,ospf_lsa_refresh
FN:4103,ospf_refresher_register_lsa
FNDA:437,ospf_refresher_register_lsa
FN:4154,ospf_refresher_unregister_lsa
FNDA:437,ospf_refresher_unregister_lsa
FN:4171,ospf_lsa_refresh_walker
FNDA:20,ospf_lsa_refresh_walker
FN:4255,ospf_flush_lsa_from_area
FNDA:0,ospf_flush_lsa_from_area
DA:67,1334
DA:68,128
DA:70,117
DA:73,117
DA:74,117
DA:75,117
DA:76,117
DA:83,0
DA:85,0
DA:87,0
DA:90,0
DA:94,0
DA:95,0
DA:97,0
DA:100,0
DA:104,0
DA:105,0
DA:107,0
DA:110,0
DA:113,0
DA:115,0
DA:116,0
DA:118,0
DA:119,0
DA:121,0
DA:122,0
DA:125,0
DA:126,0
DA:129,0
DA:133,0
DA:137,18516
DA:148,18516
DA:149,0
DA:151,18516
DA:152,18516
DA:160,437
DA:162,437
DA:163,437
DA:166,437
DA:170,437
DA:172,437
DA:175,715
DA:177,715
DA:178,715
DA:181,715
DA:183,715
DA:184,715
DA:189,1614
DA:193,1614
DA:195,1614
DA:196,1614
DA:197,1614
DA:198,1614
DA:199,1614
DA:200,1614
DA:201,1614
DA:202,1614
DA:203,1614
DA:205,1614
DA:208,1326
DA:212,1326
DA:213,1326
DA:214,1326
DA:216,1326
DA:220,0
DA:224,0
DA:225,0
DA:227,0
DA:229,0
DA:230,0
DA:231,0
DA:232,0
DA:233,0
DA:239,0
DA:241,0
DA:242,0
DA:245,0
DA:249,1614
DA:251,1614
DA:253,1614
DA:254,0
DA:257,1614
DA:258,1326
DA:260,1614
DA:262,1614
DA:263,1614
DA:264,1614
DA:267,4646
DA:269,4646
DA:270,4646
DA:274,6488
DA:277,6488
DA:278,228
DA:280,6260
DA:282,6260
DA:284,6260
DA:285,1614
DA:286,1614
DA:287,1614
DA:292,1614
DA:294,1614
DA:295,1614
DA:296,1614
DA:298,1614
DA:301,1326
DA:303,1326
DA:307,0
DA:311,0
DA:312,0
DA:314,0
DA:318,1326
DA:320,1326
DA:321,0
DA:324,1326
DA:325,1326
DA:330,0
DA:335,0
DA:337,0
DA:338,0
DA:340,0
DA:343,0
DA:345,0
DA:348,368
DA:352,368
DA:354,368
DA:357,437
DA:362,437
DA:364,437
DA:365,437
DA:366,437
DA:367,437
DA:368,437
DA:369,437
DA:371,437
DA:372,437
DA:377,420
DA:381,420
DA:384,420
DA:385,0
DA:388,420
DA:391,420
DA:392,420
DA:393,0
DA:394,0
DA:395,0
DA:396,0
DA:398,0
DA:401,420
DA:402,0
DA:404,420
DA:405,33
DA:408,420
DA:409,15
DA:414,15
DA:415,0
DA:416,0
DA:418,420
DA:424,715
DA:426,715
DA:430,1809
DA:431,1435
DA:432,998
DA:434,437
DA:435,341
DA:436,341
DA:440,715
DA:441,0
DA:446,715
DA:452,788
DA:455,788
DA:456,788
DA:458,0
DA:462,669
DA:470,669
DA:471,0
DA:474,0
DA:486,0
DA:490,0
DA:491,0
DA:496,0
DA:501,669
DA:502,669
DA:503,669
DA:504,669
DA:505,669
DA:507,669
DA:517,715
DA:519,715
DA:522,715
DA:524,715
DA:525,0
DA:527,715
DA:528,715
DA:529,341
DA:531,341
DA:536,341
DA:537,341
DA:539,341
DA:541,0
DA:543,0
DA:549,715
DA:550,0
DA:551,0
DA:554,715
DA:555,715
DA:559,0
DA:560,0
DA:561,0
DA:562,0
DA:563,0
DA:564,0
DA:568,715
DA:572,73
DA:576,73
DA:579,73
DA:580,41
DA:581,0
DA:582,0
DA:584,0
DA:586,41
DA:587,0
DA:589,41
DA:590,41
DA:591,41
DA:592,41
DA:595,32
DA:597,32
DA:598,19
DA:599,29
DA:600,21
DA:601,0
DA:604,21
DA:609,11
DA:610,0
DA:611,0
DA:613,0
DA:615,11
DA:616,0
DA:618,11
DA:619,11
DA:620,11
DA:621,11
DA:625,255
DA:630,255
DA:631,0
DA:633,255
DA:634,255
DA:635,255
DA:636,255
DA:640,0
DA:644,0
DA:646,0
DA:647,0
DA:648,0
DA:649,0
DA:650,0
DA:655,0
DA:664,0
DA:666,0
DA:668,0
DA:670,0
DA:672,0
DA:673,0
DA:674,0
DA:677,0
DA:678,0
DA:679,0
DA:682,0
DA:683,0
DA:686,0
DA:687,0
DA:689,0
DA:691,0
DA:694,0
DA:696,0
DA:699,0
DA:700,0
DA:705,0
DA:709,420
DA:713,420
DA:715,1591
DA:716,1171
DA:719,1171
DA:720,1142
DA:721,1043
DA:723,1043
DA:724,715
DA:725,715
DA:726,715
DA:727,73
DA:728,73
DA:729,73
DA:730,0
DA:731,0
DA:732,0
DA:733,0
DA:734,0
DA:735,0
DA:736,0
DA:737,0
DA:738,0
DA:739,0
DA:740,255
DA:741,255
DA:743,1043
DA:748,420
DA:752,420
DA:758,420
DA:761,420
DA:764,420
DA:767,420
DA:770,420
DA:773,420
DA:774,420
DA:776,0
DA:778,0
DA:780,0
DA:782,0
DA:787,0
DA:788,0
DA:790,0
DA:792,0
DA:795,420
DA:802,420
DA:803,0
DA:804,0
DA:810,420
DA:812,391
DA:814,29
DA:820,29
DA:822,29
DA:826,0
DA:828,0
DA:833,420
DA:835,420
DA:841,420
DA:842,0
DA:847,420
DA:850,420
DA:852,420
DA:856,420
DA:859,420
DA:860,420
DA:861,420
DA:864,420
DA:866,420
DA:867,420
DA:868,420
DA:871,420
DA:872,420
DA:874,420
DA:878,58
DA:882,58
DA:883,0
DA:884,0
DA:887,0
DA:891,58
DA:892,0
DA:893,0
DA:897,58
DA:898,0
DA:899,0
DA:900,0
DA:901,0
DA:905,58
DA:908,58
DA:911,58
DA:913,58
DA:914,0
DA:917,0
DA:920,58
DA:924,362
DA:926,362
DA:930,362
DA:933,362
DA:936,362
DA:939,362
DA:940,0
DA:941,0
DA:944,362
DA:946,362
DA:949,362
DA:952,362
DA:953,0
DA:955,0
DA:958,362
DA:961,414
DA:963,414
DA:964,0
DA:967,414
DA:968,362
DA:971,52
DA:973,414
DA:976,38
DA:981,38
DA:982,0
DA:984,47
DA:985,9
DA:990,9
DA:993,9
DA:994,6
DA:995,0
DA:999,6
DA:1003,3
DA:1004,0
DA:1005,0
DA:1009,0
DA:1010,0
DA:1011,0
DA:1012,0
DA:1016,0
DA:1018,3
DA:1021,3
DA:1022,3
DA:1026,38
DA:1032,8
DA:1039,8
DA:1040,0
DA:1041,0
DA:1042,0
DA:1045,8
DA:1047,8
DA:1054,42
DA:1055,34
DA:1056,21
DA:1057,15
DA:1058,8
DA:1060,12
DA:1070,12
DA:1071,4
DA:1073,8
DA:1074,0
DA:1077,8
DA:1078,8
DA:1080,8
DA:1081,8
DA:1084,8
DA:1087,8
DA:1088,8
DA:1091,8
DA:1093,8
DA:1094,8
DA:1095,8
DA:1098,8
DA:1099,8
DA:1106,8
DA:1107,3
DA:1108,3
DA:1110,5
DA:1111,5
DA:1113,8
DA:1115,8
DA:1119,12
DA:1123,12
DA:1124,0
DA:1125,0
DA:1128,0
DA:1131,12
DA:1132,3
DA:1133,3
DA:1137,9
DA:1138,9
DA:1139,4
DA:1142,5
DA:1145,5
DA:1148,5
DA:1150,5
DA:1151,0
DA:1154,0
DA:1157,5
DA:1160,3
DA:1162,3
DA:1167,3
DA:1170,3
DA:1171,3
DA:1172,0
DA:1173,0
DA:1176,0
DA:1178,0
DA:1181,3
DA:1182,0
DA:1185,3
DA:1188,3
DA:1191,3
DA:1192,3
DA:1193,0
DA:1195,3
DA:1196,3
DA:1197,6
DA:1198,3
DA:1200,3
DA:1202,3
DA:1205,3
DA:1207,3
DA:1208,0
DA:1210,0
DA:1213,3
DA:1216,9
DA:1222,9
DA:1223,9
DA:1224,9
DA:1225,9
DA:1226,9
DA:1229,6
DA:1234,6
DA:1237,6
DA:1240,6
DA:1243,6
DA:1244,6
DA:1246,6
DA:1255,6
DA:1257,0
DA:1258,0
DA:1261,0
DA:1264,6
DA:1265,0
DA:1268,6
DA:1269,6
DA:1271,6
DA:1272,6
DA:1275,6
DA:1278,6
DA:1279,6
DA:1282,6
DA:1283,6
DA:1284,6
DA:1285,6
DA:1288,6
DA:1289,6
DA:1291,6
DA:1296,6
DA:1302,6
DA:1303,0
DA:1306,6
DA:1309,6
DA:1312,6
DA:1314,6
DA:1315,0
DA:1318,0
DA:1321,6
DA:1324,0
DA:1330,0
DA:1331,0
DA:1332,0
DA:1333,0
DA:1334,0
DA:1341,0
DA:1344,0
DA:1345,0
DA:1346,0
DA:1349,0
DA:1351,0
DA:1352,0
DA:1353,0
DA:1354,0
DA:1355,0
DA:1359,0
DA:1360,0
DA:1363,0
DA:1364,0
DA:1365,0
DA:1367,0
DA:1369,0
DA:1371,0
DA:1375,0
DA:1377,0
DA:1381,0
DA:1385,6
DA:1391,6
DA:1393,6
DA:1396,6
DA:1397,0
DA:1398,0
DA:1400,0
DA:1402,0
DA:1403,6
DA:1405,0
DA:1406,0
DA:1409,0
DA:1412,6
DA:1413,6
DA:1416,0
DA:1424,0
DA:1426,0
DA:1427,0
DA:1428,0
DA:1431,0
DA:1432,0
DA:1434,0
DA:1436,0
DA:1439,0
DA:1442,0
DA:1443,0
DA:1445,0
DA:1448,0
DA:1453,3
DA:1457,3
DA:1460,3
DA:1463,3
DA:1464,3
DA:1466,3
DA:1476,3
DA:1478,0
DA:1479,0
DA:1482,0
DA:1485,3
DA:1486,0
DA:1489,3
DA:1490,3
DA:1492,3
DA:1493,3
DA:1496,3
DA:1499,3
DA:1500,3
DA:1503,3
DA:1504,3
DA:1505,3
DA:1506,3
DA:1509,3
DA:1510,3
DA:1512,3
DA:1517,3
DA:1524,3
DA:1525,3
DA:1526,0
DA:1529,3
DA:1532,3
DA:1535,3
DA:1537,3
DA:1538,0
DA:1541,0
DA:1544,3
DA:1547,3
DA:1555,3
DA:1558,3
DA:1559,0
DA:1560,0
DA:1562,0
DA:1564,0
DA:1565,3
DA:1567,0
DA:1568,0
DA:1571,0
DA:1574,3
DA:1575,3
DA:1578,0
DA:1584,0
DA:1587,0
DA:1589,0
DA:1590,0
DA:1591,0
DA:1593,0
DA:1594,0
DA:1595,0
DA:1597,0
DA:1598,0
DA:1600,0
DA:1602,0
DA:1605,0
DA:1607,0
DA:1608,0
DA:1610,0
DA:1611,0
DA:1613,0
DA:1616,0
DA:1623,0
DA:1631,0
DA:1633,0
DA:1634,0
DA:1637,0
DA:1638,0
DA:1639,0
DA:1644,0
DA:1645,0
DA:1646,0
DA:1647,0
DA:1648,0
DA:1650,0
DA:1657,0
DA:1661,0
DA:1663,0
DA:1664,0
DA:1666,0
DA:1670,0
DA:1677,0
DA:1678,0
DA:1680,0
DA:1681,0
DA:1682,0
DA:1683,0
DA:1684,0
DA:1685,0
DA:1686,0
DA:1687,0
DA:1688,0
DA:1689,0
DA:1692,0
DA:1693,0
DA:1695,0
DA:1698,0
DA:1702,0
DA:1704,0
DA:1705,0
DA:1708,0
DA:1712,0
DA:1713,0
DA:1714,0
DA:1715,0
DA:1716,0
DA:1718,0
DA:1719,0
DA:1720,0
DA:1722,0
DA:1725,0
DA:1729,0
DA:1733,0
DA:1741,0
DA:1742,0
DA:1745,0
DA:1746,0
DA:1748,0
DA:1750,0
DA:1752,0
DA:1753,0
DA:1754,0
DA:1757,0
DA:1760,0
DA:1764,0
DA:1767,0
DA:1770,0
DA:1771,0
DA:1775,0
DA:1784,0
DA:1785,0
DA:1788,0
DA:1792,0
DA:1795,0
DA:1796,0
DA:1799,0
DA:1800,0
DA:1801,0
DA:1803,0
DA:1806,0
DA:1807,0
DA:1809,0
DA:1812,0
DA:1820,0
DA:1823,0
DA:1826,0
DA:1827,0
DA:1828,0
DA:1831,0
DA:1833,0
DA:1835,0
DA:1839,0
DA:1840,0
DA:1841,0
DA:1842,0
DA:1843,0
DA:1847,0
DA:1848,0
DA:1851,0
DA:1854,0
DA:1856,0
DA:1859,0
DA:1867,0
DA:1868,0
DA:1869,0
DA:1871,0
DA:1874,0
DA:1875,0
DA:1878,0
DA:1879,0
DA:1882,0
DA:1885,0
DA:1886,0
DA:1887,0
DA:1889,0
DA:1890,0
DA:1891,0
DA:1893,0
DA:1894,0
DA:1896,0
DA:1900,0
DA:1902,0
DA:1906,0
DA:1917,0
DA:1918,0
DA:1935,0
DA:1937,0
DA:1938,0
DA:1941,0
DA:1942,0
DA:1943,0
DA:1946,0
DA:1947,0
DA:1973,0
DA:1975,0
DA:1976,0
DA:1979,0
DA:1980,0
DA:1981,0
DA:1983,0
DA:1984,0
DA:1989,0
DA:1993,0
DA:1998,0
DA:2006,0
DA:2009,0
DA:2010,0
DA:2011,0
DA:2012,0
DA:2013,0
DA:2014,0
DA:2015,0
DA:2016,0
DA:2017,0
DA:2018,0
DA:2019,0
DA:2020,0
DA:2022,0
DA:2024,0
DA:2025,0
DA:2028,0
DA:2031,0
DA:2034,0
DA:2035,0
DA:2036,0
DA:2037,0
DA:2038,0
DA:2039,0
DA:2042,0
DA:2043,0
DA:2046,0
DA:2048,0
DA:2052,0
DA:2059,0
DA:2060,0
DA:2061,0
DA:2063,0
DA:2070,0
DA:2072,0
DA:2073,0
DA:2076,0
DA:2079,0
DA:2082,0
DA:2083,0
DA:2085,0
DA:2086,0
DA:2089,0
DA:2090,0
DA:2093,0
DA:2094,0
DA:2095,0
DA:2096,0
DA:2097,0
DA:2101,0
DA:2102,0
DA:2104,0
DA:2108,0
DA:2112,0
DA:2113,0
DA:2114,0
DA:2117,0
DA:2118,0
DA:2119,0
DA:2120,0
DA:2121,0
DA:2122,0
DA:2123,0
DA:2124,0
DA:2127,0
DA:2129,0
DA:2131,0
DA:2132,0
DA:2133,0
DA:2137,0
DA:2138,0
DA:2147,0
DA:2148,0
DA:2149,0
DA:2151,0
DA:2152,0
DA:2153,0
DA:2154,0
DA:2155,0
DA:2162,0
DA:2163,0
DA:2164,0
DA:2166,0
DA:2170,0
DA:2171,0
DA:2172,0
DA:2175,0
DA:2178,0
DA:2179,0
DA:2180,0
DA:2181,0
DA:2185,0
DA:2188,0
DA:2190,0
DA:2191,0
DA:2194,0
DA:2197,0
DA:2198,0
DA:2199,0
DA:2202,0
DA:2203,0
DA:2206,0
DA:2207,0
DA:2211,0
DA:2213,0
DA:2217,0
DA:2222,0
DA:2223,0
DA:2224,0
DA:2226,0
DA:2265,0
DA:2266,0
DA:2267,0
DA:2270,0
DA:2274,0
DA:2275,0
DA:2276,0
DA:2279,0
DA:2283,0
DA:2286,0
DA:2289,0
DA:2292,0
DA:2294,0
DA:2295,0
DA:2299,0
DA:2300,0
DA:2303,0
DA:2306,0
DA:2310,0
DA:2313,0
DA:2316,0
DA:2317,0
DA:2318,0
DA:2320,0
DA:2323,0
DA:2324,0
DA:2325,0
DA:2328,0
DA:2332,0
DA:2333,0
DA:2334,0
DA:2337,0
DA:2339,0
DA:2340,0
DA:2343,0
DA:2346,0
DA:2349,0
DA:2352,0
DA:2353,0
DA:2355,0
DA:2358,0
DA:2362,0
DA:2366,0
DA:2370,0
DA:2373,0
DA:2376,0
DA:2377,0
DA:2378,0
DA:2381,0
DA:2383,0
DA:2384,0
DA:2385,0
DA:2388,0
DA:2391,0
DA:2394,0
DA:2395,0
DA:2397,0
DA:2400,0
DA:2403,28
DA:2407,28
DA:2409,28
DA:2410,28
DA:2411,28
DA:2414,0
DA:2417,0
DA:2418,0
DA:2420,0
DA:2421,0
DA:2422,0
DA:2424,0
DA:2426,0
DA:2427,0
DA:2430,0
DA:2433,28
DA:2437,28
DA:2441,952
DA:2448,924
DA:2449,924
DA:2450,924
DA:2452,0
DA:2456,0
DA:2457,0
DA:2458,0
DA:2460,0
DA:2461,0
DA:2463,0
DA:2464,0
DA:2466,0
DA:2467,0
DA:2469,0
DA:2471,0
DA:2472,0
DA:2474,0
DA:2476,0
DA:2478,0
DA:2479,0
DA:2483,0
DA:2485,0
DA:2490,0
DA:2491,0
DA:2493,0
DA:2495,0
DA:2498,0
DA:2500,0
DA:2502,0
DA:2504,0
DA:2512,28
DA:2513,28
DA:2514,0
DA:2517,28
DA:2520,0
DA:2523,0
DA:2526,0
DA:2527,0
DA:2528,0
DA:2530,0
DA:2531,0
DA:2532,0
DA:2535,0
DA:2537,0
DA:2538,0
DA:2539,0
DA:2540,0
DA:2544,0
DA:2547,1
DA:2553,1
DA:2554,0
DA:2557,1
DA:2558,1
DA:2559,0
DA:2562,1
DA:2568,0
DA:2569,0
DA:2570,0
DA:2572,0
DA:2574,0
DA:2577,0
DA:2580,0
DA:2583,0
DA:2584,0
DA:2587,0
DA:2593,0
DA:2594,0
DA:2595,0
DA:2597,0
DA:2598,0
DA:2600,0
DA:2601,0
DA:2602,0
DA:2604,0
DA:2606,0
DA:2607,0
DA:2608,0
DA:2610,0
DA:2611,0
DA:2612,0
DA:2613,0
DA:2614,0
DA:2616,0
DA:2618,0
DA:2624,0
DA:2625,0
DA:2627,0
DA:2629,0
DA:2631,0
DA:2632,0
DA:2633,0
DA:2634,0
DA:2635,0
DA:2639,0
DA:2641,0
DA:2643,0
DA:2647,0
DA:2650,0
DA:2652,0
DA:2655,0
DA:2658,0
DA:2663,0
DA:2666,0
DA:2668,0
DA:2669,0
DA:2671,0
DA:2675,0
DA:2677,0
DA:2678,0
DA:2688,0
DA:2694,0
DA:2697,0
DA:2698,0
DA:2699,0
DA:2700,0
DA:2705,0
DA:2707,0
DA:2710,0
DA:2711,0
DA:2712,0
DA:2715,0
DA:2719,0
DA:2722,0
DA:2724,0
DA:2726,0
DA:2727,0
DA:2728,0
DA:2730,0
DA:2733,0
DA:2735,0
DA:2738,0
DA:2741,0
DA:2742,0
DA:2749,0
DA:2750,0
DA:2753,0
DA:2754,0
DA:2756,0
DA:2759,0
DA:2767,646
DA:2769,646
DA:2777,646
DA:2783,420
DA:2784,0
DA:2787,420
DA:2788,420
DA:2790,420
DA:2792,646
DA:2793,488
DA:2794,646
DA:2798,15
DA:2809,15
DA:2815,8
DA:2816,0
DA:2818,8
DA:2819,8
DA:2820,8
DA:2822,15
DA:2823,13
DA:2825,15
DA:2830,18
DA:2832,18
DA:2840,12
DA:2843,18
DA:2844,6
DA:2846,18
DA:2850,9
DA:2854,9
DA:2861,6
DA:2866,9
DA:2867,3
DA:2869,9
DA:2873,0
DA:2877,0
DA:2879,0
DA:2885,0
DA:2886,0
DA:2889,0
DA:2893,0
DA:2894,0
DA:2901,0
DA:2902,0
DA:2909,0
DA:2910,0
DA:2912,0
DA:2915,688
DA:2920,688
DA:2921,0
DA:2923,688
DA:2925,688
DA:2926,0
DA:2928,688
DA:2929,32
DA:2931,688
DA:2932,0
DA:2933,0
DA:2934,0
DA:2935,0
DA:2936,0
DA:2937,0
DA:2938,0
DA:2939,0
DA:2940,0
DA:2941,0
DA:2942,0
DA:2943,688
DA:2944,688
DA:2945,688
DA:2948,688
DA:2949,688
DA:2952,688
DA:2955,688
DA:2956,688
DA:2957,688
DA:2961,688
DA:2963,0
DA:2964,0
DA:2965,0
DA:2967,0
DA:2968,0
DA:2969,0
DA:2971,0
DA:2972,0
DA:2973,688
DA:2974,688
DA:2975,688
DA:2976,688
DA:2979,688
DA:3005,688
DA:3008,688
DA:3009,688
DA:3017,528
DA:3018,0
DA:3019,0
DA:3020,0
DA:3023,528
DA:3036,688
DA:3037,0
DA:3038,0
DA:3040,0
DA:3041,0
DA:3042,0
DA:3044,0
DA:3045,0
DA:3049,0
DA:3052,0
DA:3053,0
DA:3056,0
DA:3058,0
DA:3063,688
DA:3064,548
DA:3067,688
DA:3068,437
DA:3071,688
DA:3072,688
DA:3075,688
DA:3076,646
DA:3077,646
DA:3078,646
DA:3079,15
DA:3080,15
DA:3081,15
DA:3082,15
DA:3083,18
DA:3084,18
DA:3085,18
DA:3086,9
DA:3087,9
DA:3088,9
DA:3089,0
DA:3090,0
DA:3091,0
DA:3092,0
DA:3093,0
DA:3094,0
DA:3103,0
DA:3104,0
DA:3105,0
DA:3106,0
DA:3107,0
DA:3108,0
DA:3109,0
DA:3112,688
DA:3113,0
DA:3117,688
DA:3118,0
DA:3119,0
DA:3122,0
DA:3125,0
DA:3126,0
DA:3127,0
DA:3132,0
DA:3140,688
DA:3141,21
DA:3142,0
DA:3144,21
DA:3149,667
DA:3152,688
DA:3156,28
DA:3161,124
DA:3165,97
DA:3166,271
DA:3167,199
DA:3168,136
DA:3169,136
DA:3170,1
DA:3171,1
DA:3175,27
DA:3179,28
DA:3181,28
DA:3184,28
DA:3186,28
DA:3188,28
DA:3189,0
DA:3191,28
DA:3193,28
DA:3194,122
DA:3195,95
DA:3196,95
DA:3197,34
DA:3205,61
DA:3206,37
DA:3207,37
DA:3211,24
DA:3212,0
DA:3214,0
DA:3216,0
DA:3220,24
DA:3221,5
DA:3222,0
DA:3228,24
DA:3229,0
DA:3233,24
DA:3234,0
DA:3235,0
DA:3238,0
DA:3242,24
DA:3243,24
DA:3247,24
DA:3248,0
DA:3252,0
DA:3254,24
DA:3255,24
DA:3257,0
DA:3258,0
DA:3269,28
DA:3270,28
DA:3277,156
DA:3280,156
DA:3281,156
DA:3283,156
DA:3285,156
DA:3286,0
DA:3287,156
DA:3288,0
DA:3290,156
DA:3293,0
DA:3295,0
DA:3297,0
DA:3300,688
DA:3305,688
DA:3306,688
DA:3307,688
DA:3308,688
DA:3310,688
DA:3311,64
DA:3312,64
DA:3313,64
DA:3314,64
DA:3315,64
DA:3318,64
DA:3320,624
DA:3321,0
DA:3324,688
DA:3331,74
DA:3338,74
DA:3339,10
DA:3340,0
DA:3343,10
DA:3346,64
DA:3347,64
DA:3348,64
DA:3349,64
DA:3351,64
DA:3352,64
DA:3353,0
DA:3354,0
DA:3358,0
DA:3360,64
DA:3361,64
DA:3364,64
DA:3365,0
DA:3371,64
DA:3373,64
DA:3377,41
DA:3381,41
DA:3382,0
DA:3384,41
DA:3388,11
DA:3389,5
DA:3390,0
DA:3393,5
DA:3394,0
DA:3411,0
DA:3412,0
DA:3414,0
DA:3415,0
DA:3416,5
DA:3417,5
DA:3419,5
DA:3421,5
DA:3424,41
DA:3425,5
DA:3426,0
DA:3428,41
DA:3432,4
DA:3434,4
DA:3440,4
DA:3442,9
DA:3443,26
DA:3444,13
DA:3445,14
DA:3446,7
DA:3447,28
DA:3448,14
DA:3449,14
DA:3450,7
DA:3451,5
DA:3452,0
DA:3453,5
DA:3454,0
DA:3455,5
DA:3456,0
DA:3460,4
DA:3461,4
DA:3462,0
DA:3463,4
DA:3464,0
DA:3467,4
DA:3469,4
DA:3471,34
DA:3482,34
DA:3483,34
DA:3484,9
DA:3486,25
DA:3488,25
DA:3490,25
DA:3491,4
DA:3492,4
DA:3493,4
DA:3494,0
DA:3497,25
DA:3500,2062
DA:3504,2062
DA:3505,0
DA:3507,2062
DA:3508,2062
DA:3515,2062
DA:3516,0
DA:3518,0
DA:3519,0
DA:3520,0
DA:3523,0
DA:3526,117
DA:3532,117
DA:3533,66
DA:3534,66
DA:3535,51
DA:3536,64
DA:3537,13
DA:3538,63
DA:3539,57
DA:3540,50
DA:3541,50
DA:3543,1
DA:3544,0
DA:3548,0
DA:3549,0
DA:3555,0
DA:3556,0
DA:3557,0
DA:3560,1
DA:3563,1045
DA:3575,1045
DA:3578,1045
DA:3579,172
DA:3580,0
DA:3583,1045
DA:3589,1869
DA:3594,1869
DA:3595,0
DA:3596,1869
DA:3597,715
DA:3598,1154
DA:3599,0
DA:3602,1154
DA:3603,1154
DA:3604,1154
DA:3605,130
DA:3606,1024
DA:3607,538
DA:3610,486
DA:3611,486
DA:3612,0
DA:3615,486
DA:3616,0
DA:3617,486
DA:3618,24
DA:3621,462
DA:3622,0
DA:3623,462
DA:3624,0
DA:3627,462
DA:3647,548
DA:3651,548
DA:3652,548
DA:3653,548
DA:3654,548
DA:3656,548
DA:3657,0
DA:3659,548
DA:3660,28
DA:3662,520
DA:3663,21
DA:3665,499
DA:3666,312
DA:3668,187
DA:3669,0
DA:3671,187
DA:3672,187
DA:3673,0
DA:3675,187
DA:3676,0
DA:3678,187
DA:3679,187
DA:3681,187
DA:3682,187
DA:3684,27
DA:3686,160
DA:3689,21
DA:3691,21
DA:3692,12
DA:3694,9
DA:3695,0
DA:3700,9
DA:3702,9
DA:3704,0
DA:3707,0
DA:3708,0
DA:3709,9
DA:3710,9
DA:3711,9
DA:3712,9
DA:3715,9
DA:3718,56
DA:3727,56
DA:3729,56
DA:3731,85
DA:3732,29
DA:3733,29
DA:3734,0
DA:3739,29
DA:3740,29
DA:3741,29
DA:3742,29
DA:3745,127
DA:3746,98
DA:3747,2
DA:3748,2
DA:3749,0
DA:3754,2
DA:3756,2
DA:3757,2
DA:3758,2
DA:3760,2
DA:3761,2
DA:3762,2
DA:3763,2
DA:3767,98
DA:3768,98
DA:3769,98
DA:3772,52
DA:3773,14
DA:3774,38
DA:3775,7
DA:3776,29
DA:3777,0
DA:3778,29
DA:3779,0
DA:3782,56
DA:3783,28
DA:3784,0
DA:3785,28
DA:3786,0
DA:3793,56
DA:3794,28
DA:3795,28
DA:3798,56
DA:3806,0
DA:3814,0
DA:3815,0
DA:3817,0
DA:3818,0
DA:3820,0
DA:3821,0
DA:3822,0
DA:3824,0
DA:3825,0
DA:3826,0
DA:3827,0
DA:3828,0
DA:3829,0
DA:3830,0
DA:3831,0
DA:3832,0
DA:3833,0
DA:3834,0
DA:3835,0
DA:3836,0
DA:3837,0
DA:3838,0
DA:3839,0
DA:3840,0
DA:3841,0
DA:3846,702
DA:3852,702
DA:3853,451
DA:3856,251
DA:3859,251
DA:3860,0
DA:3863,251
DA:3864,226
DA:3865,0
DA:3868,251
DA:3869,22
DA:3871,15
DA:3872,15
DA:3873,15
DA:3877,0
DA:3879,0
DA:3883,251
DA:3887,9
DA:3894,9
DA:3897,9
DA:3898,9
DA:3899,0
DA:3906,0
DA:3907,0
DA:3908,0
DA:3912,0
DA:3913,0
DA:3914,0
DA:3924,0
DA:3926,0
DA:3927,0
DA:3929,0
DA:3930,0
DA:3931,0
DA:3934,0
DA:3935,0
DA:3952,0
DA:3953,0
DA:3955,0
DA:3956,0
DA:3957,0
DA:3960,0
DA:3961,0
DA:3963,0
DA:3967,9
DA:3980,0
DA:3984,0
DA:3986,0
DA:3987,0
DA:3990,0
DA:3991,0
DA:3992,0
DA:3993,0
DA:3994,0
DA:3995,0
DA:3996,0
DA:3999,0
DA:4000,0
DA:4001,0
DA:4003,0
DA:4007,0
DA:4008,0
DA:4009,0
DA:4010,0
DA:4012,0
DA:4013,0
DA:4015,0
DA:4019,0
DA:4020,0
DA:4021,0
DA:4022,0
DA:4024,0
DA:4025,0
DA:4029,365
DA:4033,365
DA:4037,365
DA:4038,365
DA:4039,365
DA:4041,365
DA:4043,362
DA:4044,362
DA:4045,362
DA:4046,3
DA:4047,3
DA:4048,3
DA:4049,0
DA:4050,0
DA:4051,0
DA:4052,0
DA:4053,0
DA:4054,0
DA:4055,0
DA:4060,0
DA:4061,0
DA:4062,0
DA:4063,0
DA:4065,0
DA:4066,0
DA:4067,0
DA:4068,0
DA:4069,0
DA:4072,0
DA:4074,0
DA:4077,0
DA:4078,0
DA:4079,0
DA:4080,0
DA:4081,0
DA:4082,0
DA:4084,0
DA:4086,0
DA:4089,0
DA:4091,0
DA:4092,0
DA:4095,0
DA:4096,0
DA:4097,0
DA:4098,0
DA:4100,365
DA:4103,437
DA:4107,437
DA:4108,437
DA:4110,437
DA:4112,437
DA:4113,437
DA:4114,437
DA:4115,437
DA:4123,437
DA:4124,437
DA:4126,874
DA:4127,437
DA:4128,437
DA:4130,437
DA:4131,437
DA:4133,437
DA:4134,0
DA:4139,437
DA:4140,422
[...]
FN:719,ospf_gr_prepare
FNDA:0,ospf_gr_prepare
FN:767,graceful_restart_prepare_magic
FNDA:0,graceful_restart_prepare_magic
FN:791,graceful_restart_magic
FNDA:0,graceful_restart_magic
FN:815,no_graceful_restart_magic
FNDA:0,no_graceful_restart_magic
FN:840,ospf_gr_init
FNDA:28,ospf_gr_init
DA:39,0
DA:46,0
DA:47,0
DA:48,0
DA:51,0
DA:55,0
DA:60,0
DA:61,0
DA:62,0
DA:65,0
DA:66,0
DA:67,0
DA:68,0
DA:71,0
DA:72,0
DA:73,0
DA:74,0
DA:77,0
DA:78,0
DA:79,0
DA:80,0
DA:81,0
DA:82,0
DA:84,0
DA:87,0
DA:99,0
DA:101,0
DA:103,0
DA:104,0
DA:105,0
DA:107,0
DA:108,0
DA:109,0
DA:112,0
DA:115,0
DA:118,0
DA:119,0
DA:122,0
DA:124,0
DA:125,0
DA:128,0
DA:129,0
DA:130,0
DA:131,0
DA:132,0
DA:134,0
DA:138,0
DA:145,0
DA:146,0
DA:147,0
DA:148,0
DA:151,0
DA:152,0
DA:153,0
DA:154,0
DA:157,0
DA:158,0
DA:161,0
DA:162,0
DA:163,0
DA:165,0
DA:173,0
DA:174,0
DA:175,0
DA:176,0
DA:177,0
DA:178,0
DA:179,0
DA:180,0
DA:183,0
DA:184,0
DA:185,0
DA:186,0
DA:190,0
DA:194,0
DA:198,0
DA:203,0
DA:207,0
DA:208,0
DA:209,0
DA:213,0
DA:216,0
DA:219,0
DA:224,0
DA:225,0
DA:227,0
DA:228,0
DA:230,0
DA:238,0
DA:240,0
DA:242,0
DA:243,0
DA:244,0
DA:245,0
DA:253,0
DA:254,0
DA:262,0
DA:274,0
DA:275,0
DA:276,0
DA:277,0
DA:280,0
DA:281,0
DA:284,0
DA:289,0
DA:290,0
DA:293,0
DA:294,0
DA:295,0
DA:299,0
DA:301,0
DA:304,0
DA:309,0
DA:310,0
DA:311,0
DA:313,0
DA:314,0
DA:316,0
DA:317,0
DA:320,0
DA:323,0
DA:327,0
DA:328,0
DA:329,0
DA:331,0
DA:332,0
DA:335,0
DA:336,0
DA:338,0
DA:340,0
DA:341,0
DA:343,0
DA:344,0
DA:345,0
DA:350,0
DA:352,0
DA:353,0
DA:354,0
DA:356,0
DA:357,0
DA:358,0
DA:361,0
DA:368,0
DA:373,0
DA:374,0
DA:375,0
DA:376,0
DA:378,0
DA:381,0
DA:384,0
DA:385,0
DA:386,0
DA:393,0
DA:399,0
DA:400,0
DA:401,0
DA:402,0
DA:405,0
DA:410,0
DA:416,0
DA:417,0
DA:418,0
DA:419,0
DA:422,0
DA:426,0
DA:431,0
DA:432,0
DA:433,0
DA:434,0
DA:436,0
DA:439,0
DA:442,0
DA:445,0
DA:452,0
DA:453,0
DA:459,0
DA:460,0
DA:461,0
DA:464,0
DA:465,0
DA:466,0
DA:467,0
DA:470,0
DA:471,0
DA:477,0
DA:478,0
DA:484,0
DA:485,0
DA:486,0
DA:487,0
DA:490,0
DA:494,0
DA:497,0
DA:499,0
DA:501,0
DA:502,0
DA:504,0
DA:505,0
DA:506,0
DA:507,0
DA:508,0
DA:509,0
DA:510,0
DA:511,0
DA:512,0
DA:513,0
DA:514,0
DA:518,0
DA:527,0
DA:532,0
DA:535,0
DA:537,0
DA:538,0
DA:539,0
DA:542,0
DA:546,0
DA:550,0
DA:552,0
DA:554,0
DA:555,0
DA:556,0
DA:559,0
DA:561,0
DA:562,0
DA:564,0
DA:566,0
DA:567,0
DA:570,0
DA:571,0
DA:577,0
DA:584,0
DA:586,0
DA:588,0
DA:589,0
DA:590,0
DA:591,0
DA:594,0
DA:595,0
DA:596,0
DA:597,0
DA:601,0
DA:602,0
DA:610,0
DA:611,0
DA:612,0
DA:614,0
DA:615,0
DA:621,0
DA:627,0
DA:629,0
DA:631,0
DA:632,0
DA:633,0
DA:634,0
DA:637,0
DA:639,0
DA:640,0
DA:646,28
DA:654,28
DA:656,28
DA:658,28
DA:660,28
DA:661,28
DA:662,28
DA:663,28
DA:666,28
DA:667,28
DA:668,28
DA:669,28
DA:673,28
DA:675,28
DA:677,28
DA:681,0
DA:682,0
DA:683,0
DA:684,0
DA:687,0
DA:689,28
DA:696,0
DA:697,0
DA:698,0
DA:699,0
DA:702,28
DA:704,28
DA:705,28
DA:707,0
DA:710,0
DA:713,0
DA:714,0
DA:716,0
DA:719,0
DA:725,0
DA:728,0
DA:729,0
DA:730,0
DA:732,0
DA:733,0
DA:738,0
DA:739,0
DA:742,0
DA:746,0
DA:747,0
DA:748,0
DA:751,0
DA:757,0
DA:763,0
DA:765,0
DA:767,0
DA:777,0
DA:778,0
DA:779,0
DA:782,0
DA:786,0
DA:788,0
DA:791,0
DA:797,0
DA:800,0
DA:801,0
DA:803,0
DA:804,0
DA:807,0
DA:810,0
DA:812,0
DA:815,0
DA:821,0
DA:823,0
DA:824,0
DA:826,0
DA:827,0
DA:829,0
DA:832,0
DA:833,0
DA:834,0
DA:835,0
DA:837,0
DA:840,28
DA:842,28
DA:843,28
DA:844,28
DA:845,28
end_of_record
TN:
SF:/home/frr/frr/lib/zlog.h
FN:78,zlog_ref
FNDA:0,zlog_ref
DA:78,0
DA:83,0
DA:84,0
DA:85,0
DA:86,0
end_of_record
SF:/home/frr/frr/lib/table.h
FN:226,route_lock_node
FNDA:0,route_lock_node
FN:233,route_unlock_node
FNDA:1281,route_unlock_node
DA:226,0
DA:228,0
DA:229,0
DA:233,1281
DA:235,1281
DA:236,1281
DA:238,1281
DA:239,0
DA:240,1281
end_of_record
SF:/home/frr/frr/ospfd/ospf_route.c
FN:27,ospf_path_type_name
FNDA:0,ospf_path_type_name
FN:43,ospf_route_new
FNDA:540,ospf_route_new
FN:56,ospf_route_free
FNDA:540,ospf_route_free
FN:64,ospf_path_new
FNDA:629,ospf_path_new
FN:73,ospf_path_dup
FNDA:17,ospf_path_dup
FN:95,ospf_path_free
FNDA:629,ospf_path_free
FN:104,ospf_route_delete
FNDA:84,ospf_route_delete
FN:120,ospf_route_table_free
FNDA:413,ospf_route_table_free
FN:140,ospf_route_exist_new_table
FNDA:439,ospf_route_exist_new_table
FN:161,ospf_route_backup_path_same
FNDA:407,ospf_route_backup_path_same
FN:192,ospf_route_match_same
FNDA:515,ospf_route_match_same
FN:249,ospf_route_delete_same_ext
FNDA:260,ospf_route_delete_same_ext
FN:277,ospf_route_delete_uniq
FNDA:232,ospf_route_delete_uniq
FN:310,ospf_route_install
FNDA:260,ospf_route_install
FN:351,ospf_intra_add_router
FNDA:239,ospf_intra_add_router
FN:451,ospf_intra_add_transit
FNDA:28,ospf_intra_add_transit
FN:518,ospf_intra_add_stub
FNDA:474,ospf_intra_add_stub
FN:709,ospf_route_table_dump
FNDA:0,ospf_route_table_dump
FN:738,ospf_router_route_table_dump
FNDA:0,ospf_router_route_table_dump
FN:760,ospf_asbr_route_cmp
FNDA:0,ospf_asbr_route_cmp
FN:781,ospf_route_cmp
FNDA:0,ospf_route_cmp
FN:822,ospf_path_exist
FNDA:374,ospf_path_exist
FN:836,ospf_route_copy_nexthops_from_vertex
FNDA:285,ospf_route_copy_nexthops_from_vertex
FN:876,ospf_path_lookup
FNDA:17,ospf_path_lookup
FN:893,ospf_route_copy_nexthops
FNDA:17,ospf_route_copy_nexthops
FN:906,ospf_route_subst_nexthops
FNDA:0,ospf_route_subst_nexthops
FN:913,ospf_route_subst
FNDA:0,ospf_route_subst
FN:924,ospf_route_add
FNDA:13,ospf_route_add
FN:943,ospf_prune_unreachable_networks
FNDA:260,ospf_prune_unreachable_networks
FN:968,ospf_prune_unreachable_routers
FNDA:260,ospf_prune_unreachable_routers
FN:1020,ospf_add_discard_route
FNDA:0,ospf_add_discard_route
FN:1079,ospf_delete_discard_route
FNDA:0,ospf_delete_discard_route
DA:27,0
DA:29,0
DA:30,0
DA:31,0
DA:32,0
DA:33,0
DA:34,0
DA:35,0
DA:36,0
DA:37,0
DA:38,0
DA:39,0
DA:43,540
DA:47,540
DA:49,540
DA:50,540
DA:51,540
DA:53,540
DA:56,540
DA:58,540
DA:59,540
DA:61,540
DA:62,540
DA:64,629
DA:68,629
DA:70,629
DA:73,17
DA:78,17
DA:79,17
DA:82,17
DA:83,0
DA:84,0
DA:85,0
DA:86,0
DA:87,0
DA:88,0
DA:89,0
DA:92,17
DA:95,629
DA:98,629
DA:99,0
DA:101,629
DA:102,629
DA:104,84
DA:109,208
DA:110,124
DA:111,76
DA:112,76
DA:113,76
DA:114,0
DA:115,0
DA:116,0
DA:118,84
DA:120,413
DA:125,1211
DA:126,798
DA:127,515
DA:129,515
DA:130,515
DA:133,413
DA:134,413
DA:140,439
DA:145,439
DA:146,439
DA:148,439
DA:149,439
DA:150,56
DA:152,383
DA:154,383
DA:155,0
DA:158,383
DA:161,407
DA:167,407
DA:168,407
DA:170,407
DA:171,407
DA:173,0
DA:174,0
DA:176,0
DA:177,0
DA:179,0
DA:180,0
DA:181,0
DA:184,0
DA:185,0
DA:187,0
DA:192,515
DA:202,515
DA:203,0
DA:205,515
DA:206,515
DA:207,132
DA:209,383
DA:211,383
DA:212,383
DA:213,381
DA:214,11
DA:216,370
DA:217,370
DA:218,7
DA:221,363
DA:222,363
DA:223,770
DA:224,407
DA:225,407
DA:226,407
DA:228,407
DA:230,0
DA:231,407
DA:232,0
DA:235,407
DA:237,0
DA:239,363
DA:240,0
DA:241,0
DA:243,2
DA:249,260
DA:255,260
DA:256,0
DA:259,1058
DA:260,798
DA:261,515
DA:262,515
DA:264,0
DA:265,0
DA:266,0
DA:267,0
DA:268,0
DA:270,0
DA:277,232
DA:283,906
DA:284,674
DA:285,439
DA:286,13
DA:287,439
DA:288,439
DA:290,439
DA:292,56
DA:295,56
DA:297,0
DA:298,0
DA:300,0
DA:302,0
DA:305,0
DA:307,232
DA:310,260
DA:317,260
DA:318,204
DA:320,260
DA:321,260
DA:324,260
DA:325,232
DA:326,260
DA:327,260
DA:330,1058
DA:331,798
DA:332,515
DA:333,515
DA:335,515
DA:336,152
DA:338,152
DA:340,0
DA:341,0
DA:343,0
DA:344,0
DA:346,0
DA:348,260
DA:351,239
DA:359,239
DA:360,0
DA:361,0
DA:363,0
DA:365,239
DA:367,239
DA:368,0
DA:370,239
DA:371,239
DA:372,5
DA:374,239
DA:375,239
DA:380,239
DA:381,231
DA:382,218
DA:383,0
DA:386,218
DA:390,21
DA:391,8
DA:392,21
DA:393,21
DA:399,21
DA:401,21
DA:402,21
DA:403,21
DA:404,21
DA:405,21
DA:406,21
DA:407,21
DA:408,21
DA:409,21
DA:422,21
DA:423,21
DA:424,21
DA:425,21
DA:427,21
DA:428,0
DA:430,21
DA:433,21
DA:434,21
DA:436,0
DA:438,21
DA:440,21
DA:442,21
DA:443,0
DA:444,0
DA:446,0
DA:451,28
DA:459,28
DA:466,28
DA:467,0
DA:468,0
DA:470,0
DA:472,28
DA:473,28
DA:474,28
DA:475,28
DA:477,28
DA:487,28
DA:490,0
DA:491,0
DA:493,0
DA:494,0
DA:496,0
DA:498,0
DA:501,28
DA:503,28
DA:504,28
DA:505,28
DA:506,28
DA:507,28
DA:508,28
DA:509,28
DA:510,28
DA:512,28
DA:514,28
DA:518,474
DA:527,474
DA:530,474
DA:531,0
DA:533,474
DA:535,474
DA:536,474
DA:537,474
DA:538,474
DA:540,474
DA:541,0
DA:547,474
DA:549,474
DA:550,0
DA:557,474
DA:558,154
DA:559,0
DA:560,0
DA:562,0
DA:565,474
DA:568,474
DA:571,0
DA:573,0
DA:575,0
DA:576,0
DA:585,0
DA:586,0
DA:587,0
DA:589,0
DA:605,0
DA:606,0
DA:607,0
DA:610,0
DA:612,0
DA:615,0
DA:616,0
DA:626,0
DA:627,0
DA:628,0
DA:631,0
DA:633,0
DA:635,0
DA:637,0
DA:638,0
DA:642,474
DA:643,0
DA:645,474
DA:647,474
DA:648,474
DA:649,474
DA:650,474
DA:651,474
DA:652,474
DA:653,474
DA:656,474
DA:657,236
DA:658,0
DA:660,236
DA:662,238
DA:663,0
DA:670,238
DA:671,238
DA:673,238
DA:674,238
DA:675,0
DA:678,238
DA:679,238
DA:681,238
DA:682,238
DA:683,238
DA:685,0
DA:688,238
DA:690,0
DA:691,0
DA:695,474
DA:696,0
DA:698,474
DA:700,474
DA:701,0
DA:709,0
DA:716,0
DA:717,0
DA:718,0
DA:719,0
DA:720,0
DA:724,0
DA:726,0
DA:729,0
DA:735,0
DA:736,0
DA:738,0
DA:744,0
DA:745,0
DA:746,0
DA:747,0
DA:748,0
DA:753,0
DA:754,0
DA:760,0
DA:765,0
DA:766,0
DA:769,0
DA:770,0
DA:771,0
DA:772,0
DA:774,0
DA:781,0
DA:784,0
DA:787,0
DA:788,0
DA:790,0
DA:791,0
DA:793,0
DA:794,0
DA:796,0
DA:797,0
DA:798,0
DA:799,0
DA:801,0
DA:802,0
DA:804,0
DA:805,0
DA:806,0
DA:807,0
DA:809,0
DA:810,0
DA:812,0
DA:813,0
DA:815,0
DA:819,0
DA:822,374
DA:828,469
DA:829,95
DA:830,83
DA:831,0
DA:833,374
DA:836,285
DA:844,285
DA:846,285
DA:848,659
DA:849,374
DA:855,374
DA:856,374
DA:858,374
DA:859,0
DA:860,374
DA:861,374
DA:862,374
DA:864,374
DA:865,374
DA:866,374
DA:868,307
DA:871,374
DA:874,285
DA:876,17
DA:881,17
DA:882,0
DA:883,0
DA:884,0
DA:885,0
DA:886,0
DA:887,0
DA:888,0
DA:890,17
DA:893,17
DA:898,17
DA:900,34
DA:902,17
DA:903,17
DA:904,17
DA:906,0
DA:909,0
DA:910,0
DA:911,0
DA:913,0
DA:916,0
DA:917,0
DA:919,0
DA:920,0
DA:921,0
DA:922,0
DA:924,13
DA:929,13
DA:931,13
DA:933,13
DA:934,0
DA:935,0
DA:936,0
DA:937,0
DA:940,13
DA:943,260
DA:948,260
DA:949,0
DA:951,1058
DA:952,798
DA:953,798
DA:954,515
DA:955,515
DA:956,0
DA:957,0
DA:960,0
DA:961,0
DA:962,0
DA:966,260
DA:968,260
DA:975,260
DA:976,0
DA:978,296
DA:979,36
DA:980,36
DA:981,11
DA:983,50
DA:984,25
DA:985,0
DA:986,0
DA:988,0
DA:997,0
DA:999,0
DA:1001,0
DA:1003,0
DA:1004,0
DA:1008,25
DA:1009,0
DA:1010,0
DA:1013,0
DA:1014,0
DA:1015,0
DA:1018,260
DA:1020,0
DA:1027,0
DA:1029,0
DA:1030,0
DA:1031,0
DA:1032,0
DA:1035,0
DA:1037,0
DA:1039,0
DA:1041,0
DA:1042,0
DA:1043,0
DA:1045,0
DA:1048,0
DA:1049,0
DA:1050,0
DA:1053,0
DA:1056,0
DA:1059,0
DA:1060,0
DA:1062,0
DA:1063,0
DA:1064,0
DA:1065,0
DA:1066,0
DA:1067,0
DA:1068,0
DA:1069,0
DA:1071,0
DA:1072,0
DA:1074,0
DA:1076,0
DA:1079,0
DA:1085,0
DA:1086,0
DA:1088,0
DA:1090,0
DA:1091,0
DA:1092,0
DA:1093,0
DA:1096,0
DA:1098,0
DA:1099,0
DA:1100,0
DA:1101,0
DA:1104,0
DA:1105,0
DA:1106,0
DA:1107,0
DA:1111,0
DA:1113,0
DA:1114,0
DA:1115,0
DA:1118,0
DA:1120,0
end_of_record
SF:/home/frr/frr/lib/prefix.h
FN:339,ipv4_addr_same
FNDA:502,ipv4_addr_same
DA:339,502
DA:342,502
end_of_record
TN:
SF:/home/frr/frr/lib/monotime.h
FN:62,monotime
FNDA:0,monotime
FN:93,monotime_until
FNDA:0,monotime_until
DA:62,0
DA:66,0
DA:67,0
DA:68,0
DA:70,0
DA:93,0
DA:97,0
DA:98,0
DA:99,0
DA:100,0
DA:101,0
end_of_record
SF:/home/frr/frr/ospfd/ospf_ism.h
FN:80,_hook_typecheck_ospf_ism_change
FNDA:28,_hook_typecheck_ospf_ism_change
DA:80,28
end_of_record
SF:/home/frr/frr/lib/if.h
FN:313,if_name_head_RB_NEXT
FNDA:0,if_name_head_RB_NEXT
FN:313,if_name_head_RB_MIN
FNDA:0,if_name_head_RB_MIN
DA:313,0
DA:313,0
end_of_record
SF:/home/frr/frr/ospfd/ospf_ldp_sync_clippy.c
FN:9,ospf_mpls_ldp_sync
FNDA:0,ospf_mpls_ldp_sync
FN:48,no_ospf_mpls_ldp_sync
FNDA:0,no_ospf_mpls_ldp_sync
FN:89,ospf_mpls_ldp_sync_holddown
FNDA:0,ospf_mpls_ldp_sync_holddown
FN:142,no_ospf_mpls_ldp_sync_holddown
FNDA:0,no_ospf_mpls_ldp_sync_holddown
FN:189,mpls_ldp_sync
FNDA:0,mpls_ldp_sync
FN:228,no_mpls_ldp_sync
FNDA:0,no_mpls_ldp_sync
FN:269,mpls_ldp_sync_holddown
FNDA:0,mpls_ldp_sync_holddown
FN:322,no_mpls_ldp_sync_holddown
FNDA:0,no_mpls_ldp_sync_holddown
FN:370,show_ip_ospf_mpls_ldp_interface
FNDA:0,show_ip_ospf_mpls_ldp_interface
DA:9,0
DA:37,0
DA:48,0
DA:76,0
DA:89,0
DA:94,0
DA:96,0
DA:97,0
DA:99,0
DA:100,0
DA:101,0
DA:103,0
DA:106,0
DA:107,0
DA:109,0
DA:110,0
DA:113,0
DA:114,0
DA:115,0
DA:116,0
DA:120,0
DA:121,0
DA:124,0
DA:125,0
DA:126,0
DA:129,0
DA:142,0
DA:147,0
DA:149,0
DA:150,0
DA:152,0
DA:153,0
DA:154,0
DA:156,0
DA:159,0
DA:160,0
DA:162,0
DA:163,0
DA:166,0
DA:167,0
DA:168,0
DA:169,0
DA:173,0
DA:174,0
DA:178,0
DA:189,0
DA:217,0
DA:228,0
DA:256,0
DA:269,0
DA:274,0
DA:276,0
DA:277,0
DA:279,0
DA:280,0
DA:281,0
DA:283,0
DA:286,0
DA:287,0
DA:289,0
DA:290,0
DA:293,0
DA:294,0
DA:295,0
DA:296,0
DA:300,0
DA:301,0
DA:304,0
DA:305,0
DA:306,0
DA:309,0
DA:322,0
DA:327,0
DA:329,0
DA:330,0
DA:332,0
DA:333,0
DA:334,0
DA:336,0
DA:339,0
DA:340,0
DA:342,0
DA:343,0
DA:346,0
DA:347,0
DA:348,0
DA:349,0
DA:353,0
DA:354,0
DA:358,0
DA:370,0
DA:377,0
DA:379,0
DA:380,0
DA:381,0
DA:386,0
DA:387,0
DA:402,0
end_of_record
SF:/home/frr/frr/lib/zlog.h
FN:78,zlog_ref
FNDA:0,zlog_ref
DA:78,0
DA:83,0
DA:84,0
DA:85,0
DA:86,0
end_of_record
SF:/home/frr/frr/ospfd/ospf_ldp_sync.c
FN:36,ospf_ldp_sync_state_update
FNDA:0,ospf_ldp_sync_state_update
FN:62,ospf_ldp_sync_announce_update
FNDA:0,ospf_ldp_sync_announce_update
FN:90,ospf_ldp_sync_state_req_msg
FNDA:0,ospf_ldp_sync_state_req_msg
FN:108,ospf_ldp_sync_if_init
FNDA:113,ospf_ldp_sync_if_init
FN:143,ospf_ldp_sync_if_start
FNDA:80,ospf_ldp_sync_if_start
FN:174,ospf_ldp_sync_if_complete
FNDA:0,ospf_ldp_sync_if_complete
FN:198,ospf_ldp_sync_handle_client_close
FNDA:0,ospf_ldp_sync_handle_client_close
FN:225,ospf_ldp_sync_ldp_fail
FNDA:0,ospf_ldp_sync_ldp_fail
FN:250,ospf_ldp_sync_if_down
FNDA:113,ospf_ldp_sync_if_down
FN:290,ospf_ldp_sync_if_remove
FNDA:0,ospf_ldp_sync_if_remove
FN:320,ospf_ldp_sync_ism_change
FNDA:237,ospf_ldp_sync_ism_change
FN:342,ospf_ldp_sync_holddown_timer
FNDA:0,ospf_ldp_sync_holddown_timer
FN:366,ospf_ldp_sync_holddown_timer_add
FNDA:0,ospf_ldp_sync_holddown_timer_add
FN:393,ospf_ldp_sync_gbl_exit
FNDA:28,ospf_ldp_sync_gbl_exit
FN:423,ospf_if_set_ldp_sync_enable
FNDA:0,ospf_if_set_ldp_sync_enable
FN:461,ospf_if_set_ldp_sync_holddown
FNDA:0,ospf_if_set_ldp_sync_holddown
FN:490,ospf_ldp_sync_show_info
FNDA:4,ospf_ldp_sync_show_info
FN:513,show_ip_ospf_mpls_ldp_interface_sub
FNDA:0,show_ip_ospf_mpls_ldp_interface_sub
FN:614,show_ip_ospf_mpls_ldp_interface_common
FNDA:0,show_ip_ospf_mpls_ldp_interface_common
FN:703,ospf_ldp_sync_write_config
FNDA:0,ospf_ldp_sync_write_config
FN:715,ospf_ldp_sync_if_write_config
FNDA:0,ospf_ldp_sync_if_write_config
FN:741,ospf_mpls_ldp_sync_magic
FNDA:0,ospf_mpls_ldp_sync_magic
FN:769,no_ospf_mpls_ldp_sync_magic
FNDA:0,no_ospf_mpls_ldp_sync_magic
FN:781,ospf_mpls_ldp_sync_holddown_magic
FNDA:0,ospf_mpls_ldp_sync_holddown_magic
FN:807,no_ospf_mpls_ldp_sync_holddown_magic
FNDA:0,no_ospf_mpls_ldp_sync_holddown_magic
FN:831,mpls_ldp_sync_magic
FNDA:0,mpls_ldp_sync_magic
FN:871,no_mpls_ldp_sync_magic
FNDA:0,no_mpls_ldp_sync_magic
FN:913,mpls_ldp_sync_holddown_magic
FNDA:0,mpls_ldp_sync_holddown_magic
FN:949,no_mpls_ldp_sync_holddown_magic
FNDA:0,no_mpls_ldp_sync_holddown_magic
FN:993,show_ip_ospf_mpls_ldp_interface_magic
FNDA:0,show_ip_ospf_mpls_ldp_interface_magic
FN:1045,ospf_ldp_sync_init
FNDA:28,ospf_ldp_sync_init
DA:36,0
DA:42,0
DA:43,0
DA:44,0
DA:45,0
DA:48,0
DA:49,0
DA:50,0
DA:52,0
DA:54,0
DA:55,0
DA:57,0
DA:59,0
DA:62,0
DA:69,0
DA:70,0
DA:71,0
DA:72,0
DA:74,0
DA:75,0
DA:77,0
DA:83,0
DA:84,0
DA:85,0
DA:87,0
DA:90,0
DA:94,0
DA:96,0
DA:97,0
DA:98,0
DA:99,0
DA:101,0
DA:103,0
DA:108,113
DA:112,113
DA:118,113
DA:119,89
DA:121,113
DA:123,0
DA:124,0
DA:125,0
DA:126,0
DA:128,0
DA:131,0
DA:132,0
DA:134,0
DA:135,0
DA:137,0
DA:138,0
DA:139,0
DA:140,0
DA:143,80
DA:148,80
DA:149,0
DA:151,80
DA:152,80
DA:160,80
DA:161,0
DA:162,0
DA:163,0
DA:165,0
DA:166,0
DA:167,0
DA:169,0
DA:170,0
DA:174,0
DA:179,0
DA:180,0
DA:182,0
DA:183,0
DA:190,0
DA:191,0
DA:192,0
DA:193,0
DA:194,0
DA:198,0
DA:205,0
DA:206,0
DA:207,0
DA:208,0
DA:211,0
DA:212,0
DA:218,0
DA:220,0
DA:221,0
DA:222,0
DA:225,0
DA:230,0
DA:231,0
DA:233,0
DA:234,0
DA:241,0
DA:242,0
DA:243,0
DA:244,0
DA:245,0
DA:246,0
DA:250,113
DA:255,113
DA:256,24
DA:258,89
DA:259,89
DA:261,89
DA:262,89
DA:264,0
DA:270,0
DA:271,0
DA:273,0
DA:274,0
DA:276,0
DA:277,0
DA:278,0
DA:279,0
DA:280,0
DA:282,0
DA:284,0
DA:285,0
DA:286,0
DA:290,0
DA:295,0
DA:296,0
DA:297,0
DA:299,0
DA:306,0
DA:308,0
DA:310,0
DA:311,0
DA:312,0
DA:313,0
DA:314,0
DA:315,0
DA:316,0
DA:320,237
DA:324,237
DA:325,80
DA:327,80
DA:328,80
DA:329,113
DA:331,113
DA:332,113
DA:333,44
DA:334,44
DA:336,237
DA:342,0
DA:352,0
DA:353,0
DA:354,0
DA:355,0
DA:357,0
DA:359,0
DA:362,0
DA:364,0
DA:366,0
DA:371,0
DA:372,0
DA:379,0
DA:380,0
DA:381,0
DA:383,0
DA:386,0
DA:393,28
DA:401,28
DA:403,0
DA:405,0
DA:409,0
DA:410,0
DA:411,0
DA:414,0
DA:415,0
DA:416,0
DA:418,28
DA:423,0
DA:432,0
DA:433,0
DA:435,0
DA:436,0
DA:437,0
DA:438,0
DA:441,0
DA:442,0
DA:443,0
DA:445,0
DA:447,0
DA:450,0
DA:451,0
DA:452,0
DA:453,0
DA:455,0
DA:456,0
DA:461,0
DA:469,0
DA:470,0
DA:472,0
DA:473,0
DA:474,0
DA:475,0
DA:478,0
DA:479,0
DA:480,0
DA:481,0
DA:483,0
DA:490,4
DA:494,4
DA:495,0
DA:496,0
DA:498,0
DA:499,0
DA:501,0
DA:502,0
DA:503,0
DA:506,0
DA:508,0
DA:511,4
DA:513,0
DA:524,0
DA:525,0
DA:526,0
DA:528,0
DA:529,0
DA:530,0
DA:531,0
DA:534,0
DA:537,0
DA:538,0
DA:541,0
DA:542,0
DA:543,0
DA:546,0
DA:547,0
DA:550,0
DA:551,0
DA:552,0
DA:553,0
DA:557,0
DA:558,0
DA:559,0
DA:560,0
DA:561,0
DA:564,0
DA:565,0
DA:569,0
DA:573,0
DA:577,0
DA:584,0
DA:588,0
DA:589,0
DA:593,0
DA:595,0
DA:596,0
DA:598,0
DA:599,0
DA:600,0
DA:602,0
DA:604,0
DA:605,0
DA:609,0
DA:610,0
DA:614,0
DA:621,0
DA:622,0
DA:624,0
DA:626,0
DA:630,0
DA:631,0
DA:632,0
DA:633,0
DA:634,0
DA:636,0
DA:637,0
DA:638,0
DA:640,0
DA:641,0
DA:643,0
DA:645,0
DA:647,0
DA:651,0
DA:652,0
DA:653,0
DA:660,0
DA:661,0
DA:665,0
DA:666,0
DA:667,0
DA:668,0
DA:670,0
DA:671,0
DA:672,0
DA:674,0
DA:675,0
DA:676,0
DA:678,0
DA:679,0
DA:681,0
DA:683,0
DA:685,0
DA:689,0
DA:690,0
DA:691,0
DA:697,0
DA:703,0
DA:705,0
DA:706,0
DA:707,0
DA:708,0
DA:709,0
DA:710,0
DA:715,0
DA:721,0
DA:722,0
DA:723,0
DA:725,0
DA:726,0
DA:727,0
DA:729,0
DA:731,0
DA:732,0
DA:733,0
DA:741,0
DA:747,0
DA:748,0
DA:751,0
DA:752,0
DA:753,0
DA:757,0
DA:758,0
DA:760,0
DA:761,0
DA:763,0
DA:764,0
DA:766,0
DA:769,0
DA:776,0
DA:777,0
DA:778,0
DA:781,0
DA:789,0
DA:790,0
DA:793,0
DA:794,0
DA:795,0
DA:798,0
DA:799,0
DA:801,0
DA:802,0
DA:804,0
DA:807,0
DA:816,0
DA:817,0
DA:820,0
DA:821,0
DA:822,0
DA:824,0
DA:825,0
DA:827,0
DA:831,0
DA:839,0
DA:843,0
DA:844,0
DA:845,0
DA:848,0
DA:849,0
DA:850,0
DA:853,0
DA:854,0
DA:855,0
DA:857,0
DA:859,0
DA:860,0
DA:861,0
DA:862,0
DA:863,0
DA:865,0
DA:866,0
DA:868,0
DA:871,0
DA:880,0
DA:884,0
DA:885,0
DA:886,0
DA:889,0
DA:890,0
DA:891,0
DA:894,0
DA:895,0
DA:896,0
DA:898,0
DA:904,0
DA:905,0
DA:906,0
DA:907,0
DA:908,0
DA:910,0
DA:913,0
DA:923,0
DA:927,0
DA:928,0
DA:929,0
DA:932,0
DA:933,0
DA:934,0
DA:937,0
DA:938,0
DA:939,0
DA:941,0
DA:943,0
DA:944,0
DA:946,0
DA:949,0
DA:960,0
DA:965,0
DA:966,0
DA:967,0
DA:970,0
DA:971,0
DA:972,0
DA:975,0
DA:976,0
DA:977,0
DA:978,0
DA:981,0
DA:982,0
DA:983,0
DA:984,0
DA:986,0
DA:988,0
DA:990,0
DA:993,0
DA:1007,0
DA:1008,0
DA:1009,0
DA:1010,0
DA:1011,0
DA:1013,0
DA:1014,0
DA:1016,0
DA:1017,0
DA:1020,0
DA:1021,0
DA:1022,0
DA:1023,0
DA:1025,0
DA:1026,0
DA:1029,0
DA:1030,0
DA:1031,0
DA:1033,0
DA:1034,0
DA:1037,0
DA:1039,0
DA:1040,0
DA:1042,0
DA:1045,28
DA:1048,28
DA:1049,28
DA:1050,28
DA:1051,28
DA:1054,28
DA:1055,28
DA:1056,28
DA:1057,28
DA:1060,28
DA:1062,28
DA:1064,28
end_of_record
TN:
SF:/home/frr/frr/lib/zlog.h
FN:78,zlog_ref
FNDA:0,zlog_ref
DA:78,0
DA:83,0
DA:84,0
DA:85,0
DA:86,0
end_of_record
SF:/home/frr/frr/ospfd/ospf_dump_api.c
FN:90,ospf_options_dump
FNDA:0,ospf_options_dump
FN:106,ospf_lsa_header_dump
FNDA:0,ospf_lsa_header_dump
DA:90,0
DA:94,0
DA:95,0
DA:96,0
DA:97,0
DA:98,0
DA:99,0
DA:100,0
DA:101,0
DA:103,0
DA:106,0
DA:108,0
DA:110,0
DA:111,0
DA:112,0
DA:114,0
DA:116,0
DA:117,0
DA:118,0
DA:120,0
DA:121,0
DA:122,0
end_of_record
