TN:
SF:/home/frr/frr/isisd/isis_errors.c
FN:45,isis_error_init
FNDA:8,isis_error_init
DA:45,8
DA:47,8
DA:48,8
end_of_record
TN:
SF:/home/frr/frr/lib/zlog.h
FN:68,zlog
FNDA:0,zlog
FN:78,zlog_ref
FNDA:0,zlog_ref
DA:68,0
DA:72,0
DA:73,0
DA:74,0
DA:75,0
DA:78,0
DA:83,0
DA:84,0
DA:85,0
DA:86,0
end_of_record
SF:/home/frr/frr/lib/monotime.h
FN:149,frrtime_to_interval
FNDA:0,frrtime_to_interval
DA:149,0
DA:154,0
DA:156,0
DA:157,0
DA:159,0
DA:160,0
DA:163,0
DA:164,0
DA:165,0
end_of_record
SF:/home/frr/frr/lib/network.h
FN:99,frr_weak_random
FNDA:4402,frr_weak_random
DA:99,4402
DA:102,4402
end_of_record
SF:/home/frr/frr/isisd/isis_misc.c
FN:45,dotformat2buff
FNDA:24,dotformat2buff
FN:95,sysid2buff
FNDA:147,sysid2buff
FN:133,nlpid2str
FNDA:2850,nlpid2str
FN:158,nlpid2string
FNDA:13,nlpid2string
FN:178,string2circuit_t
FNDA:0,string2circuit_t
FN:196,circuit_state2string
FNDA:16,circuit_state2string
FN:212,circuit_type2string
FNDA:16,circuit_type2string
FN:228,circuit_t2string
FNDA:77,circuit_t2string
FN:244,syst2string
FNDA:0,syst2string
FN:262,isis_hello_padding2string
FNDA:8,isis_hello_padding2string
FN:275,time2string
FNDA:162,time2string
FN:329,isis_jitter
FNDA:4402,isis_jitter
FN:354,newprefix2inaddr
FNDA:0,newprefix2inaddr
FN:368,print_sys_hostname
FNDA:743,print_sys_hostname
FN:398,zlog_dump_data
FNDA:0,zlog_dump_data
FN:454,log_multiline
FNDA:0,log_multiline
FN:477,log_uptime
FNDA:0,log_uptime
FN:497,vty_multiline
FNDA:8,vty_multiline
FN:520,vty_out_timestr
FNDA:0,vty_out_timestr
DA:45,24
DA:47,24
DA:48,24
DA:50,24
DA:52,24
DA:53,24
DA:54,24
DA:56,0
DA:59,744
DA:60,720
DA:62,240
DA:63,0
DA:64,0
DA:66,240
DA:67,240
DA:68,240
DA:71,480
DA:72,0
DA:73,0
DA:76,480
DA:77,480
DA:78,480
DA:79,480
DA:81,0
DA:82,0
DA:85,480
DA:86,480
DA:89,24
DA:95,147
DA:97,147
DA:98,147
DA:101,147
DA:103,147
DA:104,147
DA:107,0
DA:108,0
DA:110,0
DA:111,0
DA:112,0
DA:114,0
DA:115,0
DA:117,0
DA:118,0
DA:119,0
DA:120,0
DA:122,0
DA:123,0
DA:126,0
DA:127,0
DA:130,0
DA:133,2850
DA:136,2850
DA:137,1425
DA:138,1425
DA:139,1425
DA:140,1425
DA:141,0
DA:142,0
DA:143,0
DA:144,0
DA:145,0
DA:146,0
DA:147,0
DA:148,0
DA:149,0
DA:158,13
DA:162,13
DA:164,39
DA:165,52
DA:166,26
DA:167,26
DA:168,26
DA:169,13
DA:172,13
DA:178,0
DA:181,0
DA:182,0
DA:184,0
DA:185,0
DA:187,0
DA:188,0
DA:190,0
DA:191,0
DA:193,0
DA:196,16
DA:199,16
DA:200,0
DA:201,0
DA:202,0
DA:203,0
DA:204,16
DA:205,16
DA:206,0
DA:207,0
DA:212,16
DA:215,16
DA:216,0
DA:217,0
DA:218,16
DA:219,16
DA:220,0
DA:221,0
DA:222,0
DA:223,0
DA:228,77
DA:230,77
DA:231,42
DA:232,42
DA:233,35
DA:234,35
DA:235,0
DA:236,0
DA:237,0
DA:238,0
DA:244,0
DA:246,0
DA:247,0
DA:248,0
DA:249,0
DA:250,0
DA:251,0
DA:252,0
DA:253,0
DA:254,0
DA:255,0
DA:256,0
DA:262,8
DA:264,8
DA:265,0
DA:266,0
DA:267,0
DA:268,0
DA:269,8
DA:270,8
DA:272,0
DA:275,162
DA:279,162
DA:281,162
DA:282,0
DA:284,162
DA:285,0
DA:286,0
DA:288,162
DA:289,162
DA:290,0
DA:291,0
DA:293,162
DA:294,162
DA:295,0
DA:296,0
DA:298,162
DA:299,162
DA:300,0
DA:301,0
DA:303,162
DA:304,162
DA:305,0
DA:306,0
DA:308,162
DA:309,162
DA:310,1
DA:311,1
DA:313,162
DA:314,162
DA:315,162
DA:316,162
DA:319,162
DA:329,4402
DA:333,4402
DA:334,0
DA:336,4402
DA:337,0
DA:345,4402
DA:347,4402
DA:349,4402
DA:351,4402
DA:354,0
DA:356,0
DA:357,0
DA:358,0
DA:359,0
DA:361,0
DA:368,743
DA:371,743
DA:373,743
DA:375,743
DA:376,0
DA:379,743
DA:380,743
DA:381,383
DA:383,360
DA:384,360
DA:385,360
DA:386,360
DA:387,360
DA:390,0
DA:391,0
DA:398,0
DA:408,0
DA:409,0
DA:410,0
DA:411,0
DA:412,0
DA:414,0
DA:415,0
DA:416,0
DA:417,0
DA:420,0
DA:421,0
DA:424,0
DA:425,0
DA:428,0
DA:429,0
DA:430,0
DA:432,0
DA:434,0
DA:436,0
DA:437,0
DA:438,0
DA:440,0
DA:441,0
DA:442,0
DA:443,0
DA:445,0
DA:449,0
DA:450,0
DA:451,0
DA:454,0
DA:460,0
DA:461,0
DA:462,0
DA:464,0
DA:465,0
DA:467,0
DA:468,0
DA:469,0
DA:470,0
DA:473,0
DA:474,0
DA:477,0
DA:480,0
DA:481,0
DA:482,0
DA:484,0
DA:485,0
DA:487,0
DA:488,0
DA:491,0
DA:492,0
DA:494,0
DA:497,8
DA:503,8
DA:504,8
DA:505,8
DA:507,8
DA:508,0
DA:510,8
DA:511,103
DA:512,95
DA:513,95
DA:516,8
DA:517,8
DA:520,0
DA:522,0
DA:525,0
DA:527,0
DA:529,0
DA:530,0
end_of_record
TN:
SF:/home/frr/frr/lib/table.h
FN:233,route_unlock_node
FNDA:300,route_unlock_node
DA:233,300
DA:235,300
DA:236,300
DA:238,300
DA:239,28
DA:240,300
end_of_record
SF:/home/frr/frr/isisd/isis_redist.c
FN:31,_mtinit_ISIS_EXT_ROUTE
FNDA:8,_mtinit_ISIS_EXT_ROUTE
FN:31,_mtfini_ISIS_EXT_ROUTE
FNDA:16,_mtfini_ISIS_EXT_ROUTE
FN:32,_mtinit_ISIS_EXT_INFO
FNDA:8,_mtinit_ISIS_EXT_INFO
FN:32,_mtfini_ISIS_EXT_INFO
FNDA:16,_mtfini_ISIS_EXT_INFO
FN:33,_mtinit_ISIS_RMAP_NAME
FNDA:8,_mtinit_ISIS_RMAP_NAME
FN:33,_mtfini_ISIS_RMAP_NAME
FNDA:16,_mtfini_ISIS_RMAP_NAME
FN:34,_mtfini_ISIS_REDISTRIBUTE
FNDA:16,_mtfini_ISIS_REDISTRIBUTE
FN:34,_mtinit_ISIS_REDISTRIBUTE
FNDA:8,_mtinit_ISIS_REDISTRIBUTE
FN:36,redist_protocol
FNDA:1151,redist_protocol
FN:47,afi_skt_for_redist_protocol
FNDA:0,afi_skt_for_redist_protocol
FN:58,afi_for_redist_protocol
FNDA:72,afi_for_redist_protocol
FN:69,get_ext_info
FNDA:196,get_ext_info
FN:76,isis_redist_lookup
FNDA:360,isis_redist_lookup
FN:94,isis_redist_get
FNDA:37,isis_redist_get
FN:115,get_ext_reach
FNDA:514,get_ext_reach
FN:125,isis_redist_install
FNDA:246,isis_redist_install
FN:159,isis_redist_uninstall
FNDA:9,isis_redist_uninstall
FN:190,isis_redist_update_ext_reach
FNDA:246,isis_redist_update_ext_reach
FN:219,isis_redist_ensure_default
FNDA:0,isis_redist_ensure_default
FN:252,_isis_redist_table_is_present
FNDA:1,_isis_redist_table_is_present
FN:266,_isis_redist_table_get_first_cb
FNDA:0,_isis_redist_table_get_first_cb
FN:275,isis_redist_table_get_first
FNDA:1,isis_redist_table_get_first
FN:287,isis_redist_table_is_present
FNDA:3,isis_redist_table_is_present
FN:300,isis_redist_add
FNDA:138,isis_redist_add
FN:352,isis_redist_delete
FNDA:21,isis_redist_delete
FN:408,isis_redist_routemap_set
FNDA:37,isis_redist_routemap_set
FN:424,isis_redist_free
FNDA:8,isis_redist_free
FN:444,isis_redist_update
FNDA:0,isis_redist_update
FN:479,isis_redist_set
FNDA:37,isis_redist_set
FN:537,isis_redist_unset
FNDA:9,isis_redist_unset
FN:590,isis_redist_area_finish
FNDA:8,isis_redist_area_finish
FN:812,isis_redist_config_write
FNDA:0,isis_redist_config_write
FN:884,isis_redist_init
FNDA:8,isis_redist_init
DA:31,16
DA:31,8
DA:32,16
DA:32,8
DA:33,16
DA:33,8
DA:34,16
DA:34,8
DA:36,1151
DA:38,1151
DA:39,711
DA:40,440
DA:41,440
DA:43,0
DA:47,0
DA:49,0
DA:50,0
DA:51,0
DA:52,0
DA:54,0
DA:58,72
DA:60,72
DA:61,40
DA:62,32
DA:63,32
DA:65,0
DA:69,196
DA:71,196
DA:73,196
DA:76,360
DA:80,360
DA:84,360
DA:85,295
DA:88,263
DA:89,259
DA:91,101
DA:94,37
DA:100,37
DA:101,37
DA:102,2
DA:104,35
DA:105,35
DA:106,27
DA:108,35
DA:109,35
DA:111,35
DA:112,35
DA:115,514
DA:117,514
DA:119,514
DA:125,246
DA:130,246
DA:131,246
DA:134,246
DA:135,0
DA:138,0
DA:141,246
DA:142,246
DA:143,148
DA:146,148
DA:147,148
DA:149,98
DA:152,98
DA:153,98
DA:159,9
DA:163,9
DA:164,9
DA:167,9
DA:168,0
DA:171,0
DA:174,9
DA:175,9
DA:176,0
DA:178,9
DA:180,9
DA:181,0
DA:183,9
DA:184,9
DA:185,9
DA:190,246
DA:199,246
DA:200,246
DA:202,246
DA:203,0
DA:204,0
DA:205,0
DA:209,246
DA:210,0
DA:211,0
DA:213,246
DA:214,246
DA:216,0
DA:217,246
DA:219,0
DA:222,0
DA:226,0
DA:227,0
DA:228,0
DA:229,0
DA:230,0
DA:231,0
DA:232,0
DA:233,0
DA:235,0
DA:237,0
DA:238,0
DA:239,0
DA:240,0
DA:243,0
DA:244,0
DA:246,0
DA:247,0
DA:248,0
DA:249,0
DA:252,1
DA:254,1
DA:257,1
DA:258,1
DA:259,0
DA:262,1
DA:263,1
DA:266,0
DA:269,0
DA:271,0
DA:272,0
DA:275,1
DA:278,1
DA:280,1
DA:281,1
DA:283,1
DA:284,1
DA:287,3
DA:290,3
DA:291,3
DA:292,3
DA:294,3
DA:296,3
DA:300,138
DA:304,138
DA:305,138
DA:313,138
DA:316,138
DA:317,0
DA:319,0
DA:322,138
DA:323,138
DA:324,78
DA:326,60
DA:329,138
DA:330,138
DA:331,138
DA:332,138
DA:333,138
DA:335,138
DA:336,0
DA:337,0
DA:340,276
DA:341,414
DA:342,276
DA:344,276
DA:345,37
DA:347,239
DA:352,21
DA:355,21
DA:356,21
DA:363,21
DA:366,21
DA:367,0
DA:372,0
DA:374,0
DA:377,21
DA:378,0
DA:380,0
DA:383,21
DA:384,21
DA:385,2
DA:388,2
DA:389,0
DA:390,2
DA:392,19
DA:394,38
DA:395,57
DA:396,38
DA:398,38
DA:399,29
DA:401,9
DA:404,19
DA:405,19
DA:408,37
DA:411,37
DA:412,0
DA:413,0
DA:414,0
DA:417,37
DA:418,0
DA:419,0
DA:420,0
DA:422,37
DA:424,8
DA:429,24
DA:430,16
DA:431,0
DA:433,84
DA:434,68
DA:435,68
DA:436,41
DA:439,16
DA:440,16
DA:442,8
DA:444,0
DA:451,0
DA:452,0
DA:453,0
DA:455,0
DA:456,0
DA:457,0
DA:458,0
DA:459,0
DA:463,0
DA:465,0
DA:466,0
DA:467,0
DA:470,0
DA:471,0
DA:474,0
DA:479,37
DA:483,37
DA:484,37
DA:491,37
DA:492,37
DA:493,37
DA:495,37
DA:496,26
DA:499,111
DA:500,74
DA:501,16
DA:505,37
DA:506,37
DA:508,37
DA:509,0
DA:511,37
DA:512,58
DA:513,21
DA:514,14
DA:515,13
DA:519,13
DA:521,13
DA:522,0
DA:523,0
DA:524,0
DA:527,13
DA:528,6
DA:531,7
DA:535,37
DA:537,9
DA:540,9
DA:542,9
DA:546,9
DA:548,9
DA:549,0
DA:551,9
DA:553,9
DA:554,9
DA:555,9
DA:557,9
DA:558,0
DA:560,0
DA:563,39
DA:564,30
DA:565,12
DA:566,19
DA:569,19
DA:571,19
DA:572,0
DA:573,0
DA:574,0
DA:577,19
DA:578,1
DA:581,18
DA:582,18
DA:585,9
DA:586,9
DA:587,9
DA:590,8
DA:600,24
DA:601,48
DA:602,1120
DA:603,1088
DA:604,1088
DA:605,1088
DA:606,1061
DA:607,53
DA:609,26
DA:610,26
DA:612,26
DA:614,26
DA:615,26
DA:616,26
DA:617,26
DA:619,27
DA:621,32
DA:622,6
DA:623,26
DA:624,144
DA:625,118
DA:626,71
DA:628,26
DA:629,26
DA:631,8
DA:812,0
DA:817,0
DA:823,0
DA:824,0
DA:825,0
DA:826,0
DA:828,0
DA:830,0
DA:831,0
DA:832,0
DA:834,0
DA:835,0
DA:836,0
DA:837,0
DA:838,0
DA:839,0
DA:840,0
DA:841,0
DA:842,0
DA:844,0
DA:845,0
DA:846,0
DA:847,0
DA:848,0
DA:849,0
DA:851,0
DA:852,0
DA:854,0
DA:855,0
DA:860,0
DA:861,0
DA:863,0
DA:864,0
DA:865,0
DA:866,0
DA:867,0
DA:869,0
DA:870,0
DA:871,0
DA:872,0
DA:873,0
DA:874,0
DA:875,0
DA:876,0
DA:877,0
DA:878,0
DA:881,0
DA:884,8
DA:893,8
end_of_record
SF:/home/frr/frr/lib/zlog.h
FN:78,zlog_ref
FNDA:161,zlog_ref
DA:78,161
DA:83,161
DA:84,161
DA:85,161
DA:86,161
end_of_record
SF:/home/frr/frr/lib/prefix.h
FN:514,is_default_prefix4
FNDA:105,is_default_prefix4
FN:520,is_default_prefix6
FNDA:54,is_default_prefix6
FN:527,is_default_prefix
FNDA:159,is_default_prefix
DA:514,105
DA:516,105
DA:517,210
DA:520,54
DA:522,54
DA:523,108
DA:527,159
DA:529,159
DA:530,0
DA:532,159
DA:533,105
DA:534,105
DA:535,54
DA:536,54
DA:539,0
end_of_record
TN:
SF:/home/frr/frr/isisd/isis_adjacency.h
FN:117,_hook_typecheck_isis_adj_state_change_hook
FNDA:16,_hook_typecheck_isis_adj_state_change_hook
FN:118,_hook_typecheck_isis_adj_ip_enabled_hook
FNDA:16,_hook_typecheck_isis_adj_ip_enabled_hook
FN:121,_hook_typecheck_isis_adj_ip_disabled_hook
FNDA:16,_hook_typecheck_isis_adj_ip_disabled_hook
DA:117,16
DA:118,16
DA:121,16
end_of_record
SF:/home/frr/frr/isisd/isis_lsp.h
FN:51,lspdb_next
FNDA:0,lspdb_next
FN:51,lspdb_first
FNDA:0,lspdb_first
FN:51,lspdb_const_next
FNDA:0,lspdb_const_next
FN:51,lspdb_const_first
FNDA:0,lspdb_const_first
DA:51,0
DA:51,0
DA:51,0
DA:51,0
end_of_record
SF:/home/frr/frr/isisd/isis_srv6.c
FN:24,_mtinit_ISIS_SRV6_SID
FNDA:8,_mtinit_ISIS_SRV6_SID
FN:24,_mtfini_ISIS_SRV6_SID
FNDA:16,_mtfini_ISIS_SRV6_SID
FN:25,_mtinit_ISIS_SRV6_INFO
FNDA:8,_mtinit_ISIS_SRV6_INFO
FN:25,_mtfini_ISIS_SRV6_INFO
FNDA:16,_mtfini_ISIS_SRV6_INFO
FN:33,isis_srv6_sid_structure2subsubtlv
FNDA:0,isis_srv6_sid_structure2subsubtlv
FN:56,isis_srv6_end_sid2subtlv
FNDA:0,isis_srv6_end_sid2subtlv
FN:75,isis_srv6_locator2tlv
FNDA:0,isis_srv6_locator2tlv
FN:98,isis_srv6_locator_unset
FNDA:0,isis_srv6_locator_unset
FN:188,isis_srv6_interface_set
FNDA:0,isis_srv6_interface_set
FN:234,isis_srv6_sid_alloc
FNDA:0,isis_srv6_sid_alloc
FN:258,isis_srv6_sid_free
FNDA:0,isis_srv6_sid_free
FN:269,isis_area_delete_backup_srv6_endx_sids
FNDA:0,isis_area_delete_backup_srv6_endx_sids
FN:290,srv6_endx_sid_add_single
FNDA:0,srv6_endx_sid_add_single
FN:410,srv6_endx_sid_add
FNDA:0,srv6_endx_sid_add
FN:420,srv6_endx_sid_del
FNDA:0,srv6_endx_sid_del
FN:461,isis_srv6_endx_sid_find
FNDA:0,isis_srv6_endx_sid_find
FN:481,srv6_adj_state_change
FNDA:80,srv6_adj_state_change
FN:508,srv6_adj_ip_enabled
FNDA:66,srv6_adj_ip_enabled
FN:530,srv6_adj_ip_disabled
FNDA:6,srv6_adj_ip_disabled
FN:553,show_node
FNDA:0,show_node
FN:599,show_srv6_node
FNDA:0,show_srv6_node
FN:628,isis_srv6_ifp_up_notify
FNDA:1,isis_srv6_ifp_up_notify
FN:666,isis_srv6_locators_request
FNDA:8,isis_srv6_locators_request
FN:686,isis_srv6_area_init
FNDA:8,isis_srv6_area_init
FN:738,isis_srv6_area_term
FNDA:8,isis_srv6_area_term
FN:769,isis_srv6_init
FNDA:8,isis_srv6_init
FN:782,isis_srv6_term
FNDA:8,isis_srv6_term
DA:24,16
DA:24,8
DA:25,16
DA:25,8
DA:33,0
DA:38,0
DA:41,0
DA:44,0
DA:47,0
DA:48,0
DA:56,0
DA:60,0
DA:63,0
DA:66,0
DA:67,0
DA:75,0
DA:79,0
DA:82,0
DA:85,0
DA:88,0
DA:89,0
DA:98,0
DA:105,0
DA:107,0
DA:109,0
DA:110,0
DA:114,0
DA:115,0
DA:122,0
DA:129,0
DA:130,0
DA:132,0
DA:133,0
DA:137,0
DA:143,0
DA:144,0
DA:145,0
DA:147,0
DA:151,0
DA:152,0
DA:153,0
DA:154,0
DA:157,0
DA:159,0
DA:164,0
DA:165,0
DA:169,0
DA:170,0
DA:173,0
DA:178,0
DA:180,0
DA:188,0
DA:193,0
DA:194,0
DA:196,0
DA:198,0
DA:201,0
DA:204,0
DA:205,0
DA:206,0
DA:209,0
DA:211,0
DA:212,0
DA:213,0
DA:217,0
DA:218,0
DA:219,0
DA:234,0
DA:238,0
DA:240,0
DA:241,0
DA:243,0
DA:245,0
DA:247,0
DA:248,0
DA:249,0
DA:250,0
DA:251,0
DA:252,0
DA:253,0
DA:255,0
DA:258,0
DA:260,0
DA:261,0
DA:269,0
DA:274,0
DA:275,0
DA:276,0
DA:277,0
DA:278,0
DA:290,0
DA:293,0
DA:294,0
DA:299,0
DA:303,0
DA:304,0
DA:306,0
DA:310,0
DA:311,0
DA:313,0
DA:315,0
DA:318,0
DA:319,0
DA:321,0
DA:322,0
DA:324,0
DA:326,0
DA:328,0
DA:329,0
DA:330,0
DA:331,0
DA:332,0
DA:333,0
DA:334,0
DA:335,0
DA:336,0
DA:338,0
DA:340,0
DA:342,0
DA:343,0
DA:344,0
DA:346,0
DA:347,0
DA:348,0
DA:349,0
DA:350,0
DA:351,0
DA:353,0
DA:356,0
DA:357,0
DA:358,0
DA:359,0
DA:360,0
DA:361,0
DA:362,0
DA:363,0
DA:364,0
DA:365,0
DA:366,0
DA:368,0
DA:369,0
DA:370,0
DA:371,0
DA:372,0
DA:373,0
DA:374,0
DA:375,0
DA:377,0
DA:380,0
DA:381,0
DA:382,0
DA:383,0
DA:384,0
DA:385,0
DA:386,0
DA:387,0
DA:388,0
DA:389,0
DA:390,0
DA:391,0
DA:392,0
DA:394,0
DA:398,0
DA:399,0
DA:400,0
DA:402,0
DA:410,0
DA:412,0
DA:413,0
DA:420,0
DA:422,0
DA:423,0
DA:425,0
DA:427,0
DA:430,0
DA:431,0
DA:432,0
DA:433,0
DA:434,0
DA:435,0
DA:436,0
DA:437,0
DA:438,0
DA:440,0
DA:443,0
DA:444,0
DA:446,0
DA:450,0
DA:451,0
DA:452,0
DA:453,0
DA:461,0
DA:467,0
DA:468,0
DA:469,0
DA:471,0
DA:481,80
DA:486,80
DA:487,80
DA:489,0
DA:490,0
DA:492,0
DA:493,0
DA:495,0
DA:508,66
DA:511,66
DA:513,66
DA:515,0
DA:517,0
DA:530,6
DA:536,6
DA:538,6
DA:540,0
DA:541,0
DA:543,0
DA:553,0
DA:558,0
DA:561,0
DA:562,0
DA:565,0
DA:566,0
DA:567,0
DA:568,0
DA:570,0
DA:573,0
DA:574,0
DA:575,0
DA:576,0
DA:577,0
DA:579,0
DA:580,0
DA:582,0
DA:583,0
DA:584,0
DA:585,0
DA:589,0
DA:592,0
DA:593,0
DA:594,0
DA:596,0
DA:597,0
DA:599,0
DA:611,0
DA:612,0
DA:613,0
DA:614,0
DA:615,0
DA:616,0
DA:617,0
DA:619,0
DA:620,0
DA:621,0
DA:625,0
DA:628,1
DA:630,1
DA:635,1
DA:636,0
DA:639,2
DA:641,1
DA:642,1
DA:645,0
DA:646,0
DA:648,0
DA:651,0
DA:652,0
DA:653,0
DA:657,1
DA:666,8
DA:668,8
DA:672,8
DA:673,8
DA:675,0
DA:676,0
DA:677,0
DA:678,0
DA:686,8
DA:690,8
DA:691,0
DA:693,8
DA:695,8
DA:699,8
DA:700,8
DA:704,8
DA:705,8
DA:706,8
DA:708,8
DA:709,8
DA:710,8
DA:711,8
DA:713,8
DA:714,8
DA:715,8
DA:726,8
DA:729,8
DA:730,8
DA:738,8
DA:740,8
DA:745,8
DA:748,8
DA:749,0
DA:751,0
DA:754,8
DA:755,0
DA:756,8
DA:758,8
DA:759,8
DA:762,8
DA:763,8
DA:764,8
DA:769,8
DA:771,8
DA:774,8
DA:775,8
DA:776,8
DA:777,8
DA:782,8
DA:785,8
DA:786,8
DA:787,8
DA:788,8
end_of_record
SF:/home/frr/frr/lib/zlog.h
FN:78,zlog_ref
FNDA:0,zlog_ref
DA:78,0
DA:83,0
DA:84,0
DA:85,0
DA:86,0
end_of_record
TN:
SF:/home/frr/frr/lib/zlog.h
FN:78,zlog_ref
FNDA:0,zlog_ref
DA:78,0
DA:83,0
DA:84,0
DA:85,0
DA:86,0
end_of_record
SF:/home/frr/frr/isisd/isis_circuit.c
FN:52,_mtinit_ISIS_CIRCUIT
FNDA:8,_mtinit_ISIS_CIRCUIT
FN:52,_mtfini_ISIS_CIRCUIT
FNDA:16,_mtfini_ISIS_CIRCUIT
FN:56,hook_call_isis_if_new_hook
FNDA:66,hook_call_isis_if_new_hook
FN:64,hook_call_isis_circuit_new_hook
FNDA:19,hook_call_isis_circuit_new_hook
FN:65,hook_call_isis_circuit_del_hook
FNDA:19,hook_call_isis_circuit_del_hook
FN:67,isis_circuit_enable
FNDA:43,isis_circuit_enable
FN:82,isis_circuit_disable
FNDA:15,isis_circuit_disable
FN:94,isis_circuit_new
FNDA:15,isis_circuit_new
FN:186,isis_circuit_del
FNDA:15,isis_circuit_del
FN:222,isis_circuit_configure
FNDA:19,isis_circuit_configure
FN:251,isis_circuit_deconfigure
FNDA:19,isis_circuit_deconfigure
FN:272,circuit_scan_by_ifp
FNDA:355,circuit_scan_by_ifp
FN:277,hook_call_isis_circuit_add_addr_hook
FNDA:47,hook_call_isis_circuit_add_addr_hook
FN:280,isis_circuit_add_addr
FNDA:97,isis_circuit_add_addr
FN:367,isis_circuit_del_addr
FNDA:47,isis_circuit_del_addr
FN:460,isis_circuit_id_gen
FNDA:17,isis_circuit_id_gen
FN:490,isis_circuit_if_add
FNDA:16,isis_circuit_if_add
FN:516,isis_circuit_if_del
FNDA:16,isis_circuit_if_del
FN:529,isis_circuit_if_bind
FNDA:15,isis_circuit_if_bind
FN:543,isis_circuit_if_unbind
FNDA:15,isis_circuit_if_unbind
FN:553,isis_circuit_update_all_srmflags
FNDA:40,isis_circuit_update_all_srmflags
FN:581,isis_circuit_pdu_size
FNDA:4524,isis_circuit_pdu_size
FN:586,isis_circuit_lfa_enabled
FNDA:64,isis_circuit_lfa_enabled
FN:593,isis_circuit_switchover_routes
FNDA:44,isis_circuit_switchover_routes
FN:612,isis_circuit_stream
FNDA:4505,isis_circuit_stream
FN:625,isis_circuit_prepare
FNDA:1595,isis_circuit_prepare
FN:637,isis_circuit_up
FNDA:20,isis_circuit_up
FN:781,isis_circuit_down
FNDA:20,isis_circuit_down
FN:934,circuit_update_nlpids
FNDA:30,circuit_update_nlpids
FN:949,isis_circuit_print_json
FNDA:16,isis_circuit_print_json
FN:1089,isis_circuit_print_vty
FNDA:0,isis_circuit_print_vty
FN:1447,isis_circuit_af_set
FNDA:30,isis_circuit_af_set
FN:1471,isis_circuit_passive_set
FNDA:1,isis_circuit_passive_set
FN:1491,isis_circuit_metric_set
FNDA:0,isis_circuit_metric_set
FN:1520,isis_circuit_passwd_unset
FNDA:0,isis_circuit_passwd_unset
FN:1526,isis_circuit_passwd_set
FNDA:0,isis_circuit_passwd_set
FN:1546,isis_circuit_passwd_cleartext_set
FNDA:0,isis_circuit_passwd_cleartext_set
FN:1553,isis_circuit_passwd_hmac_md5_set
FNDA:0,isis_circuit_passwd_hmac_md5_set
FN:1560,isis_circuit_circ_type_set
FNDA:4,isis_circuit_circ_type_set
FN:1578,isis_circuit_mt_enabled_set
FNDA:0,isis_circuit_mt_enabled_set
FN:1594,isis_if_new_hook
FNDA:22,isis_if_new_hook
FN:1599,isis_if_delete_hook
FNDA:22,isis_if_delete_hook
FN:1607,isis_ifp_create
FNDA:66,isis_ifp_create
FN:1619,isis_ifp_up
FNDA:1,isis_ifp_up
FN:1634,isis_ifp_down
FNDA:2,isis_ifp_down
FN:1654,isis_ifp_destroy
FNDA:0,isis_ifp_destroy
FN:1665,isis_reset_hello_timer
FNDA:0,isis_reset_hello_timer
FN:1705,isis_circuit_init
FNDA:8,isis_circuit_init
DA:52,16
DA:52,8
DA:56,132
DA:64,19
DA:65,19
DA:67,43
DA:69,43
DA:70,43
DA:72,43
DA:73,15
DA:74,15
DA:75,15
DA:78,43
DA:79,43
DA:80,43
DA:82,15
DA:84,15
DA:85,15
DA:87,15
DA:88,15
DA:90,15
DA:91,0
DA:92,15
DA:94,15
DA:99,15
DA:101,15
DA:107,15
DA:109,15
DA:111,15
DA:113,15
DA:115,15
DA:117,15
DA:119,15
DA:121,15
DA:123,15
DA:125,15
DA:127,15
DA:129,15
DA:131,15
DA:133,15
DA:135,15
DA:137,15
DA:139,15
DA:142,45
DA:143,30
DA:144,30
DA:163,15
DA:165,15
DA:166,15
DA:167,15
DA:169,15
DA:170,15
DA:172,15
DA:174,15
DA:176,15
DA:177,15
DA:178,15
DA:180,15
DA:181,1
DA:183,15
DA:186,15
DA:188,15
DA:189,0
DA:191,15
DA:192,15
DA:194,15
DA:196,15
DA:198,15
DA:200,15
DA:201,15
DA:202,15
DA:204,15
DA:205,15
DA:206,15
DA:208,15
DA:209,0
DA:210,0
DA:213,15
DA:214,15
DA:217,15
DA:219,15
DA:222,19
DA:225,19
DA:226,19
DA:227,19
DA:236,19
DA:237,5
DA:242,19
DA:244,19
DA:246,19
DA:248,19
DA:251,19
DA:254,19
DA:257,19
DA:258,19
DA:261,19
DA:264,19
DA:265,19
DA:266,19
DA:267,19
DA:269,19
DA:272,355
DA:274,355
DA:277,94
DA:280,97
DA:287,97
DA:288,44
DA:289,44
DA:290,44
DA:291,0
DA:293,44
DA:294,28
DA:295,28
DA:296,28
DA:298,16
DA:299,16
DA:300,16
DA:301,16
DA:304,16
DA:305,0
DA:306,0
DA:307,0
DA:310,16
DA:311,16
DA:321,69
DA:322,53
DA:323,0
DA:325,67
DA:326,36
DA:327,36
DA:328,22
DA:329,32
DA:330,1
DA:331,1
DA:332,0
DA:334,31
DA:335,31
DA:336,31
DA:338,31
DA:339,15
DA:341,16
DA:343,16
DA:344,0
DA:345,0
DA:347,0
DA:350,31
DA:351,31
DA:362,47
DA:364,47
DA:367,47
DA:370,47
DA:372,47
DA:373,47
DA:375,47
DA:376,16
DA:377,16
DA:378,16
DA:380,16
DA:381,16
DA:383,16
DA:385,16
DA:386,16
DA:387,16
DA:388,16
DA:389,1
DA:392,0
DA:395,0
DA:397,0
DA:399,0
DA:401,0
DA:404,16
DA:406,47
DA:407,31
DA:408,31
DA:409,31
DA:411,31
DA:412,15
DA:414,15
DA:416,15
DA:418,15
DA:419,15
DA:420,15
DA:421,15
DA:424,16
DA:426,16
DA:428,16
DA:430,16
DA:431,16
DA:432,16
DA:433,16
DA:437,31
DA:438,0
DA:441,0
DA:443,0
DA:445,0
DA:446,0
DA:447,0
DA:449,0
DA:450,0
DA:451,31
DA:452,2
DA:455,31
DA:457,47
DA:460,17
DA:471,17
DA:474,17
DA:475,17
DA:476,17
DA:477,0
DA:480,17
DA:481,0
DA:483,0
DA:486,17
DA:487,17
DA:490,16
DA:494,16
DA:495,0
DA:496,1
DA:497,1
DA:498,15
DA:499,15
DA:500,0
DA:502,15
DA:503,0
DA:504,0
DA:507,0
DA:508,0
DA:509,0
DA:512,18
DA:513,2
DA:514,16
DA:516,16
DA:520,16
DA:523,63
DA:524,47
DA:526,16
DA:527,16
DA:529,15
DA:531,15
DA:532,15
DA:533,15
DA:534,0
DA:536,15
DA:537,15
DA:538,0
DA:540,15
DA:541,15
DA:543,15
DA:545,15
DA:546,15
DA:547,15
DA:548,15
DA:549,15
DA:550,15
DA:551,15
DA:553,40
DA:560,40
DA:561,40
DA:562,40
DA:563,120
DA:564,80
DA:565,36
DA:567,44
DA:568,0
DA:570,163
DA:571,119
DA:572,41
DA:575,78
DA:579,40
DA:581,4524
DA:583,4524
DA:586,64
DA:588,128
DA:589,128
DA:590,64
DA:593,44
DA:598,44
DA:599,0
DA:601,44
DA:602,85
DA:603,41
DA:604,0
DA:606,67
DA:607,23
DA:608,0
DA:612,4505
DA:614,4505
DA:616,4505
DA:617,38
DA:619,4467
DA:620,0
DA:621,4467
DA:623,4505
DA:625,1595
DA:628,1595
DA:635,1595
DA:637,20
DA:642,20
DA:644,20
DA:645,0
DA:647,20
DA:648,1
DA:654,1
DA:655,0
DA:656,0
DA:657,1
DA:658,0
DA:660,1
DA:663,19
DA:664,0
DA:676,19
DA:677,17
DA:678,17
DA:679,17
DA:680,0
DA:683,0
DA:689,17
DA:690,0
DA:692,17
DA:702,17
DA:703,17
DA:715,51
DA:716,34
DA:717,17
DA:719,17
DA:720,17
DA:722,17
DA:730,2
DA:734,2
DA:735,2
DA:739,19
DA:740,10
DA:745,19
DA:746,10
DA:752,19
DA:753,19
DA:754,0
DA:755,0
DA:759,19
DA:760,19
DA:762,19
DA:764,19
DA:766,19
DA:768,19
DA:769,0
DA:771,19
DA:775,19
DA:778,19
DA:781,20
DA:785,20
DA:788,20
DA:791,20
DA:792,0
DA:793,0
DA:794,0
DA:795,0
DA:796,0
DA:799,0
DA:802,0
DA:803,0
DA:804,0
DA:806,0
DA:807,0
DA:811,0
DA:813,0
DA:814,0
DA:815,0
DA:817,0
DA:818,0
DA:822,0
DA:828,20
DA:830,20
DA:832,17
DA:833,9
DA:834,9
DA:836,17
DA:837,9
DA:838,9
DA:841,17
DA:842,17
DA:843,17
DA:845,17
DA:846,16
DA:847,16
DA:849,17
DA:850,4
DA:851,4
DA:853,17
DA:854,17
DA:855,17
DA:856,1
DA:857,1
DA:859,17
DA:860,17
DA:861,17
DA:863,17
DA:864,17
DA:865,17
DA:866,17
DA:867,17
DA:868,17
DA:869,17
DA:870,17
DA:872,17
DA:874,17
DA:875,3
DA:876,2
DA:877,2
DA:878,2
DA:885,20
DA:886,19
DA:888,20
DA:891,20
DA:892,20
DA:893,20
DA:894,20
DA:895,20
DA:897,20
DA:898,19
DA:899,19
DA:903,20
DA:904,20
DA:905,11
DA:906,20
DA:907,11
DA:910,20
DA:911,20
DA:914,20
DA:915,19
DA:916,19
DA:919,20
DA:920,19
DA:921,19
DA:924,20
DA:925,19
DA:926,19
DA:929,20
DA:931,20
DA:934,30
DA:936,30
DA:938,30
DA:939,30
DA:940,30
DA:942,30
DA:943,15
DA:944,15
DA:946,30
DA:949,16
DA:959,16
DA:960,16
DA:961,8
DA:962,8
DA:963,8
DA:964,8
DA:965,8
DA:966,8
DA:967,8
DA:968,8
DA:970,8
DA:974,16
DA:978,8
DA:979,8
DA:980,8
DA:981,8
DA:982,8
DA:983,8
DA:984,8
DA:985,0
DA:988,8
DA:990,8
DA:991,8
DA:993,8
DA:995,8
DA:996,8
DA:997,8
DA:1000,8
DA:1001,8
DA:1002,24
DA:1003,16
DA:1004,8
DA:1005,8
DA:1006,8
DA:1008,8
DA:1009,8
DA:1010,8
DA:1012,0
DA:1013,0
DA:1014,8
DA:1015,8
DA:1016,8
DA:1017,8
DA:1018,8
DA:1019,8
DA:1020,8
DA:1022,8
DA:1023,8
DA:1024,8
DA:1027,8
DA:1028,8
DA:1029,8
DA:1030,8
DA:1031,8
DA:1032,8
DA:1034,8
DA:1035,8
DA:1038,8
DA:1039,8
DA:1040,8
DA:1041,8
DA:1046,8
DA:1049,8
DA:1050,8
DA:1051,8
DA:1053,16
DA:1055,8
DA:1057,8
DA:1061,8
DA:1062,8
DA:1063,8
DA:1065,16
DA:1067,8
DA:1069,8
DA:1073,8
DA:1074,8
DA:1075,8
DA:1077,16
DA:1079,8
DA:1081,8
DA:1086,16
DA:1089,0
DA:1092,0
DA:1093,0
DA:1094,0
DA:1095,0
DA:1096,0
DA:1097,0
DA:1098,0
DA:1101,0
DA:1105,0
DA:1106,0
DA:1107,0
DA:1108,0
DA:1109,0
DA:1111,0
DA:1112,0
DA:1113,0
DA:1114,0
DA:1116,0
DA:1117,0
DA:1118,0
DA:1119,0
DA:1120,0
DA:1121,0
DA:1122,0
DA:1123,0
DA:1126,0
DA:1127,0
DA:1128,0
DA:1129,0
DA:1130,0
DA:1131,0
DA:1134,0
DA:1136,0
DA:1137,0
DA:1139,0
DA:1140,0
DA:1141,0
DA:1142,0
DA:1144,0
DA:1145,0
DA:1149,0
DA:1152,0
DA:1153,0
DA:1154,0
DA:1155,0
DA:1158,0
DA:1159,0
DA:1160,0
DA:1161,0
DA:1162,0
DA:1163,0
DA:1166,0
DA:1168,0
DA:1169,0
DA:1171,0
DA:1172,0
DA:1173,0
DA:1174,0
DA:1176,0
DA:1177,0
DA:1181,0
DA:1184,0
DA:1185,0
DA:1186,0
DA:1188,0
DA:1190,0
DA:1191,0
DA:1192,0
DA:1194,0
DA:1196,0
DA:1197,0
DA:1198,0
DA:1200,0
DA:1203,0
DA:1205,0
DA:1447,30
DA:1450,30
DA:1451,30
DA:1452,30
DA:1455,30
DA:1456,0
DA:1458,30
DA:1459,30
DA:1460,30
DA:1462,30
DA:1463,2
DA:1464,2
DA:1466,2
DA:1467,2
DA:1471,1
DA:1473,1
DA:1474,1
DA:1476,0
DA:1477,0
DA:1479,0
DA:1480,0
DA:1482,0
DA:1483,0
DA:1484,0
DA:1485,0
DA:1488,0
DA:1491,0
DA:1494,0
DA:1495,0
DA:1496,0
DA:1498,0
DA:1499,0
DA:1500,0
DA:1504,0
DA:1505,0
DA:1511,0
DA:1512,0
DA:1513,0
DA:1514,0
DA:1515,0
DA:1517,0
DA:1520,0
DA:1522,0
DA:1523,0
DA:1526,0
DA:1531,0
DA:1532,0
DA:1534,0
DA:1535,0
DA:1536,0
DA:1539,0
DA:1540,0
DA:1542,0
DA:1543,0
DA:1546,0
DA:1549,0
DA:1553,0
DA:1556,0
DA:1560,4
DA:1562,4
DA:1563,0
DA:1565,4
DA:1566,0
DA:1567,0
DA:1569,4
DA:1571,4
DA:1572,4
DA:1573,4
DA:1574,4
DA:1578,0
DA:1583,0
DA:1584,0
DA:1585,0
DA:1586,0
DA:1587,0
DA:1591,0
DA:1594,22
DA:1596,22
DA:1599,22
DA:1601,22
DA:1602,15
DA:1604,22
DA:1607,66
DA:1609,66
DA:1611,66
DA:1612,42
DA:1614,66
DA:1616,66
DA:1619,1
DA:1621,1
DA:1623,1
DA:1624,1
DA:1625,1
DA:1629,1
DA:1631,1
DA:1634,2
DA:1637,2
DA:1639,2
DA:1640,2
DA:1641,1
DA:1642,3
DA:1643,2
DA:1646,1
DA:1648,1
DA:1651,2
DA:1654,0
DA:1656,0
DA:1658,0
DA:1659,0
DA:1661,0
DA:1665,0
DA:1670,0
DA:1672,0
DA:1674,0
DA:1677,0
DA:1678,0
DA:1679,0
DA:1680,0
DA:1684,0
DA:1686,0
DA:1689,0
DA:1690,0
DA:1691,0
DA:1692,0
DA:1695,0
DA:1697,0
DA:1700,0
DA:1701,0
DA:1703,0
DA:1705,8
DA:1708,8
DA:1709,8
DA:1715,8
DA:1717,8
DA:1718,8
DA:1719,8
DA:1720,8
DA:1721,8
end_of_record
SF:/home/frr/frr/lib/json.h
FN:63,json_object_string_addf
FNDA:8,json_object_string_addf
DA:63,8
DA:69,8
DA:70,8
DA:71,8
DA:72,8
end_of_record
SF:/home/frr/frr/isisd/isis_lsp.h
FN:51,lspdb_count
FNDA:44,lspdb_count
FN:51,lspdb_next
FNDA:119,lspdb_next
FN:51,lspdb_first
FNDA:44,lspdb_first
FN:51,lspdb_const_next
FNDA:119,lspdb_const_next
FN:51,lspdb_const_first
FNDA:44,lspdb_const_first
DA:51,44
DA:51,119
DA:51,44
DA:51,119
DA:51,44
end_of_record
SF:/home/frr/frr/lib/if.h
FN:383,_hook_typecheck_if_add
FNDA:8,_hook_typecheck_if_add
FN:384,_hook_typecheck_if_del
FNDA:8,_hook_typecheck_if_del
FN:391,_hook_typecheck_if_real
FNDA:8,_hook_typecheck_if_real
FN:392,_hook_typecheck_if_unreal
FNDA:8,_hook_typecheck_if_unreal
FN:401,_hook_typecheck_if_up
FNDA:8,_hook_typecheck_if_up
FN:402,_hook_typecheck_if_down
FNDA:8,_hook_typecheck_if_down
FN:462,if_connected_next_safe
FNDA:63,if_connected_next_safe
FN:462,if_connected_next
FNDA:49,if_connected_next
FN:462,if_connected_first
FNDA:32,if_connected_first
FN:462,if_connected_const_next
FNDA:49,if_connected_const_next
FN:462,if_connected_const_first
FNDA:32,if_connected_const_first
DA:383,8
DA:384,8
DA:391,8
DA:392,8
DA:401,8
DA:402,8
DA:462,63
DA:462,49
DA:462,32
DA:462,49
DA:462,32
end_of_record
TN:
SF:/home/frr/frr/lib/mpls.h
FN:134,label2vni
FNDA:0,label2vni
FN:183,label2str
FNDA:0,label2str
DA:134,0
DA:136,0
DA:139,0
DA:141,0
DA:142,0
DA:143,0
DA:145,0
DA:183,0
DA:186,0
DA:187,0
DA:188,0
DA:191,0
DA:192,0
DA:193,0
DA:194,0
DA:195,0
DA:196,0
DA:197,0
DA:198,0
DA:199,0
DA:200,0
DA:201,0
DA:202,0
DA:203,0
DA:204,0
DA:205,0
DA:206,0
DA:207,0
DA:208,0
DA:209,0
DA:210,0
DA:211,0
DA:212,0
DA:213,0
DA:214,0
DA:215,0
DA:216,0
DA:217,0
DA:218,0
DA:220,0
DA:221,0
end_of_record
SF:/home/frr/frr/isisd/isis_spf_private.h
FN:82,isis_vertex_queue_hash_key
FNDA:23869,isis_vertex_queue_hash_key
FN:98,isis_vertex_queue_hash_cmp
FNDA:6626,isis_vertex_queue_hash_cmp
FN:121,isis_vertex_queue_tent_cmp
FNDA:6627,isis_vertex_queue_tent_cmp
FN:149,isis_vertex_queue_skiplist
FNDA:51,isis_vertex_queue_skiplist
FN:155,isis_vertex_queue_init
FNDA:102,isis_vertex_queue_init
FN:181,isis_vertex_queue_clear
FNDA:1086,isis_vertex_queue_clear
FN:201,isis_vertex_queue_free
FNDA:102,isis_vertex_queue_free
FN:216,isis_vertex_queue_count
FNDA:4030,isis_vertex_queue_count
FN:222,isis_vertex_queue_append
FNDA:3163,isis_vertex_queue_append
FN:236,isis_vertex_queue_last
FNDA:0,isis_vertex_queue_last
FN:247,isis_vertex_queue_insert
FNDA:3066,isis_vertex_queue_insert
FN:263,isis_vertex_queue_pop
FNDA:2671,isis_vertex_queue_pop
FN:279,isis_vertex_queue_delete
FNDA:395,isis_vertex_queue_delete
FN:364,isis_vertex_id_init
FNDA:19674,isis_vertex_id_init
FN:379,isis_find_vertex
FNDA:16116,isis_find_vertex
FN:390,lsp_for_vertex
FNDA:580,lsp_for_vertex
DA:82,23869
DA:84,23869
DA:86,23869
DA:89,18547
DA:90,18547
DA:91,18547
DA:94,5322
DA:98,6626
DA:100,6626
DA:102,6626
DA:103,1350
DA:105,5276
DA:106,4152
DA:107,0
DA:109,4152
DA:110,4152
DA:111,4152
DA:114,1124
DA:121,6627
DA:124,6627
DA:125,6627
DA:127,6627
DA:128,1195
DA:130,5432
DA:131,1367
DA:133,4065
DA:134,917
DA:136,3148
DA:137,71
DA:139,3077
DA:140,2175
DA:142,902
DA:143,2
DA:145,900
DA:149,51
DA:151,51
DA:155,102
DA:158,102
DA:159,51
DA:160,51
DA:162,51
DA:163,51
DA:165,102
DA:167,102
DA:181,1086
DA:183,1086
DA:185,1086
DA:187,543
DA:189,0
DA:190,0
DA:192,543
DA:194,543
DA:195,543
DA:196,543
DA:198,1086
DA:201,102
DA:203,102
DA:205,102
DA:206,102
DA:208,102
DA:209,51
DA:210,51
DA:212,51
DA:213,102
DA:216,4030
DA:218,4030
DA:222,3163
DA:225,3163
DA:227,3163
DA:231,3163
DA:232,3163
DA:233,3163
DA:236,0
DA:240,0
DA:241,0
DA:242,0
DA:243,0
DA:247,3066
DA:250,3066
DA:251,3066
DA:252,3066
DA:254,3066
DA:257,3066
DA:258,3066
DA:259,3066
DA:263,2671
DA:265,2671
DA:269,2671
DA:270,0
DA:272,2671
DA:273,2671
DA:275,2671
DA:279,395
DA:282,395
DA:284,395
DA:285,395
DA:286,395
DA:364,19674
DA:367,19674
DA:369,19674
DA:370,4510
DA:371,15164
DA:372,15164
DA:374,0
DA:376,19674
DA:379,16116
DA:385,16116
DA:386,16116
DA:390,580
DA:395,580
DA:397,580
DA:398,580
DA:400,580
DA:402,580
DA:403,570
DA:405,10
end_of_record
SF:/home/frr/frr/isisd/isis_spf.c
FN:52,_mtinit_ISIS_SPFTREE
FNDA:8,_mtinit_ISIS_SPFTREE
FN:52,_mtfini_ISIS_SPFTREE
FNDA:16,_mtfini_ISIS_SPFTREE
FN:53,_mtinit_ISIS_SPF_RUN
FNDA:8,_mtinit_ISIS_SPF_RUN
FN:53,_mtfini_ISIS_SPF_RUN
FNDA:16,_mtfini_ISIS_SPF_RUN
FN:54,_mtinit_ISIS_SPF_ADJ
FNDA:8,_mtinit_ISIS_SPF_ADJ
FN:54,_mtfini_ISIS_SPF_ADJ
FNDA:16,_mtfini_ISIS_SPF_ADJ
FN:55,_mtinit_ISIS_VERTEX
FNDA:8,_mtinit_ISIS_VERTEX
FN:55,_mtfini_ISIS_VERTEX
FNDA:16,_mtfini_ISIS_VERTEX
FN:56,_mtfini_ISIS_VERTEX_ADJ
FNDA:16,_mtfini_ISIS_VERTEX_ADJ
FN:56,_mtinit_ISIS_VERTEX_ADJ
FNDA:8,_mtinit_ISIS_VERTEX_ADJ
FN:66,speaks
FNDA:612,speaks
FN:83,remove_excess_adjs
FNDA:0,remove_excess_adjs
FN:136,vtype2string
FNDA:388,vtype2string
FN:165,vid2string
FNDA:780,vid2string
FN:182,prefix_sid_cmp
FNDA:0,prefix_sid_cmp
FN:196,prefix_sid_key_make
FNDA:395,prefix_sid_key_make
FN:203,isis_spf_prefix_sid_lookup
FNDA:0,isis_spf_prefix_sid_lookup
FN:212,isis_vertex_adj_free
FNDA:1834,isis_vertex_adj_free
FN:219,isis_vertex_new
FNDA:3558,isis_vertex_new
FN:242,isis_vertex_del
FNDA:3558,isis_vertex_del
FN:253,isis_vertex_adj_add
FNDA:1834,isis_vertex_adj_add
FN:281,isis_vertex_adj_del
FNDA:971,isis_vertex_adj_del
FN:299,isis_vertex_adj_exists
FNDA:48,isis_vertex_adj_exists
FN:320,isis_spf_adj_free
FNDA:560,isis_spf_adj_free
FN:327,_isis_spftree_init
FNDA:51,_isis_spftree_init
FN:352,isis_spftree_new
FNDA:51,isis_spftree_new
FN:379,_isis_spftree_del
FNDA:51,_isis_spftree_del
FN:404,isis_spftree_del
FNDA:51,isis_spftree_del
FN:415,isis_spftree_clear
FNDA:0,isis_spftree_clear
FN:422,isis_spftree_adj_del
FNDA:273,isis_spftree_adj_del
FN:435,spftree_area_init
FNDA:11,spftree_area_init
FN:452,spftree_area_del
FNDA:8,spftree_area_del
FN:466,spf_adj_state_change
FNDA:80,spf_adj_state_change
FN:495,isis_root_system_lsp
FNDA:492,isis_root_system_lsp
FN:513,isis_spf_add_root
FNDA:492,isis_spf_add_root
FN:538,vertex_add_parent_firsthop
FNDA:0,vertex_add_parent_firsthop
FN:546,vertex_update_firsthops
FNDA:0,vertex_update_firsthops
FN:562,isis_spf_add2tent
FNDA:3066,isis_spf_add2tent
FN:671,isis_spf_add_local
FNDA:2194,isis_spf_add_local
FN:715,process_N
FNDA:2547,process_N
FN:833,isis_spf_process_lsp
FNDA:850,isis_spf_process_lsp
FN:1229,adj_find
FNDA:284,adj_find
FN:1258,isis_spf_preload_tent_ip_reach_cb
FNDA:1914,isis_spf_preload_tent_ip_reach_cb
FN:1311,isis_spf_preload_tent
FNDA:492,isis_spf_preload_tent
FN:1368,spf_adj_find_reverse_metric_cb
FNDA:0,spf_adj_find_reverse_metric_cb
FN:1388,spf_adj_get_reverse_metrics
FNDA:0,spf_adj_get_reverse_metrics
FN:1435,spf_adj_list_parse_tlv
FNDA:848,spf_adj_list_parse_tlv
FN:1514,spf_adj_list_parse_lsp
FNDA:772,spf_adj_list_parse_lsp
FN:1586,isis_spf_build_adj_list
FNDA:492,isis_spf_build_adj_list
FN:1607,add_to_paths
FNDA:2671,add_to_paths
FN:1630,init_spt
FNDA:492,init_spt
FN:1648,spf_prefix_priority
FNDA:1951,spf_prefix_priority
FN:1681,spf_path_process
FNDA:3023,spf_path_process
FN:1797,isis_spf_loop
FNDA:492,isis_spf_loop
FN:1854,isis_run_hopcount_spf
FNDA:0,isis_run_hopcount_spf
FN:1891,isis_run_spf
FNDA:492,isis_run_spf
FN:2008,isis_run_spf_with_protection
FNDA:492,isis_run_spf_with_protection
FN:2021,isis_spf_verify_routes
FNDA:768,isis_spf_verify_routes
FN:2038,isis_spf_invalidate_routes
FNDA:789,isis_spf_invalidate_routes
FN:2055,isis_spf_switchover_routes
FNDA:0,isis_spf_switchover_routes
FN:2064,isis_run_spf_cb
FNDA:246,isis_run_spf_cb
FN:2137,isis_run_spf_arg
FNDA:263,isis_run_spf_arg
FN:2147,isis_spf_timer_free
FNDA:17,isis_spf_timer_free
FN:2152,_isis_spf_schedule
FNDA:355,_isis_spf_schedule
FN:2231,isis_print_paths
FNDA:102,isis_print_paths
FN:2347,isis_print_spftree
FNDA:104,isis_print_spftree
FN:2379,show_isis_topology_common
FNDA:26,show_isis_topology_common
FN:2526,show_isis_topology
FNDA:26,show_isis_topology
FN:2638,show_isis_flex_algo_display_eag
FNDA:0,show_isis_flex_algo_display_eag
FN:2654,show_isis_flex_algo_common
FNDA:0,show_isis_flex_algo_common
FN:2776,show_isis_flex_algo
FNDA:0,show_isis_flex_algo
FN:2818,isis_print_route
FNDA:0,isis_print_route
FN:2952,isis_print_routes
FNDA:0,isis_print_routes
FN:3029,show_isis_route_common
FNDA:0,show_isis_route_common
FN:3190,show_isis_route_all_algos
FNDA:0,show_isis_route_all_algos
FN:3223,show_isis_route
FNDA:0,show_isis_route
FN:3338,isis_print_frr_summary_line
FNDA:0,isis_print_frr_summary_line
FN:3355,isis_print_frr_summary_line_coverage
FNDA:0,isis_print_frr_summary_line_coverage
FN:3371,isis_print_frr_summary
FNDA:0,isis_print_frr_summary
FN:3464,show_isis_frr_summary_common
FNDA:0,show_isis_frr_summary_common
FN:3500,show_isis_frr_summary
FNDA:0,show_isis_frr_summary
FN:3548,isis_spf_init
FNDA:8,isis_spf_init
FN:3561,isis_spf_print
FNDA:0,isis_spf_print
FN:3574,isis_spf_print_json
FNDA:18,isis_spf_print_json
DA:52,16
DA:52,8
DA:53,16
DA:53,8
DA:54,16
DA:54,8
DA:55,16
DA:55,8
DA:56,16
DA:56,8
DA:66,612
DA:68,918
DA:69,918
DA:70,306
DA:71,612
DA:72,306
DA:74,0
DA:83,0
DA:85,0
DA:86,0
DA:89,0
DA:92,0
DA:93,0
DA:95,0
DA:96,0
DA:97,0
DA:98,0
DA:100,0
DA:101,0
DA:102,0
DA:104,0
DA:105,0
DA:107,0
DA:109,0
DA:110,0
DA:111,0
DA:113,0
DA:114,0
DA:116,0
DA:117,0
DA:118,0
DA:121,0
DA:122,0
DA:124,0
DA:125,0
DA:126,0
DA:127,0
DA:131,0
DA:133,0
DA:136,388
DA:138,388
DA:139,0
DA:140,0
DA:141,10
DA:142,10
DA:143,0
DA:144,0
DA:145,50
DA:146,50
DA:147,0
DA:148,0
DA:149,110
DA:150,110
DA:151,0
DA:152,0
DA:153,70
DA:154,70
DA:155,148
DA:156,148
DA:157,0
DA:158,0
DA:159,0
DA:160,0
DA:165,780
DA:167,780
DA:168,452
DA:169,452
DA:170,452
DA:173,328
DA:174,328
DA:176,328
DA:179,0
DA:182,0
DA:184,0
DA:185,0
DA:187,0
DA:189,0
DA:191,0
DA:193,0
DA:196,395
DA:198,395
DA:200,395
DA:203,0
DA:206,0
DA:208,0
DA:209,0
DA:212,1834
DA:214,1834
DA:216,1834
DA:217,1834
DA:219,3558
DA:225,3558
DA:227,3558
DA:229,3558
DA:230,3558
DA:231,3558
DA:233,3558
DA:234,0
DA:239,3558
DA:242,3558
DA:244,3558
DA:245,3558
DA:246,3558
DA:248,3558
DA:249,3558
DA:250,3558
DA:253,1834
DA:259,1834
DA:260,1834
DA:261,1834
DA:262,0
DA:263,0
DA:264,0
DA:268,0
DA:269,0
DA:270,0
DA:271,0
DA:272,0
DA:273,0
DA:276,1834
DA:278,1834
DA:281,971
DA:287,971
DA:288,0
DA:290,1407
DA:291,436
DA:292,175
DA:293,175
DA:296,971
DA:299,48
DA:306,66
DA:307,22
DA:308,0
DA:310,0
DA:312,22
DA:313,4
DA:317,44
DA:320,560
DA:322,560
DA:324,560
DA:325,560
DA:327,51
DA:329,51
DA:330,51
DA:331,51
DA:332,51
DA:333,51
DA:334,51
DA:335,102
DA:336,51
DA:337,51
DA:338,51
DA:340,51
DA:341,51
DA:342,51
DA:343,51
DA:344,51
DA:345,51
DA:346,0
DA:347,0
DA:349,51
DA:352,51
DA:358,51
DA:360,51
DA:361,51
DA:362,51
DA:363,51
DA:364,51
DA:365,51
DA:366,51
DA:367,51
DA:368,51
DA:369,51
DA:370,51
DA:371,51
DA:372,51
DA:374,51
DA:376,51
DA:379,51
DA:383,51
DA:384,51
DA:385,51
DA:386,51
DA:387,51
DA:388,51
DA:389,0
DA:390,0
DA:392,51
DA:393,51
DA:394,51
DA:395,51
DA:396,51
DA:397,51
DA:398,51
DA:399,51
DA:400,51
DA:401,51
DA:402,51
DA:404,51
DA:406,51
DA:408,51
DA:410,51
DA:411,51
DA:415,0
DA:417,0
DA:418,0
DA:419,0
DA:422,273
DA:427,273
DA:428,0
DA:429,273
DA:430,1244
DA:431,971
DA:432,273
DA:435,11
DA:437,44
DA:438,99
DA:439,66
DA:440,6
DA:441,60
DA:442,9
DA:444,51
DA:445,51
DA:446,51
DA:450,11
DA:452,8
DA:454,32
DA:455,72
DA:456,48
DA:457,3
DA:458,45
DA:459,0
DA:461,45
DA:464,8
DA:466,80
DA:468,80
DA:470,80
DA:471,26
DA:474,216
DA:475,486
DA:476,324
DA:477,51
DA:478,273
DA:479,0
DA:480,273
DA:485,54
DA:486,0
DA:488,54
DA:495,492
DA:501,492
DA:502,492
DA:503,492
DA:504,492
DA:505,492
DA:506,492
DA:507,0
DA:513,492
DA:520,492
DA:521,492
DA:524,492
DA:535,492
DA:538,0
DA:540,0
DA:541,0
DA:543,0
DA:544,0
DA:546,0
DA:549,0
DA:550,0
DA:552,0
DA:553,0
DA:555,0
DA:562,3066
DA:571,3066
DA:572,3066
DA:573,0
DA:577,0
DA:579,3066
DA:580,3066
DA:581,0
DA:585,0
DA:588,3066
DA:589,3066
DA:590,3066
DA:591,3066
DA:592,0
DA:598,0
DA:599,0
DA:600,0
DA:601,0
DA:602,0
DA:611,0
DA:615,0
DA:616,0
DA:617,0
DA:618,0
DA:619,0
DA:621,0
DA:622,0
DA:625,0
DA:626,0
DA:627,0
DA:628,0
DA:629,0
DA:633,0
DA:638,3066
DA:639,3066
DA:642,3066
DA:643,0
DA:645,3066
DA:646,4576
DA:649,3020
DA:650,1510
DA:652,1556
DA:653,6
DA:667,3066
DA:668,3066
DA:671,2194
DA:679,2194
DA:681,2194
DA:683,970
DA:684,970
DA:685,274
DA:687,274
DA:692,970
DA:694,970
DA:695,0
DA:696,970
DA:698,0
DA:699,970
DA:700,0
DA:702,0
DA:705,0
DA:706,0
DA:707,0
DA:711,1224
DA:712,1224
DA:715,2547
DA:724,2547
DA:726,2547
DA:727,0
DA:728,0
DA:731,2547
DA:732,1703
DA:733,1703
DA:734,1703
DA:735,1703
DA:739,2547
DA:740,2547
DA:741,0
DA:744,0
DA:745,0
DA:746,0
DA:750,2547
DA:751,2547
DA:761,647
DA:762,647
DA:765,1900
DA:767,1900
DA:781,453
DA:784,100
DA:786,48
DA:788,48
DA:789,44
DA:791,44
DA:796,52
DA:798,0
DA:800,52
DA:802,52
DA:803,0
DA:804,52
DA:805,52
DA:806,52
DA:807,401
DA:808,6
DA:811,395
DA:812,395
DA:813,395
DA:826,1842
DA:827,1842
DA:833,850
DA:838,850
DA:839,850
DA:843,850
DA:846,850
DA:848,850
DA:849,0
DA:850,0
DA:852,0
DA:855,850
DA:856,0
DA:858,850
DA:859,0
DA:860,0
DA:862,850
DA:863,332
DA:864,332
DA:866,0
DA:867,0
DA:870,850
DA:871,332
DA:872,332
DA:873,1182
DA:875,850
DA:876,850
DA:877,0
DA:879,850
DA:880,0
DA:881,0
DA:891,850
DA:892,806
DA:893,806
DA:895,0
DA:896,0
DA:897,0
DA:898,0
DA:899,0
DA:903,0
DA:904,0
DA:906,0
DA:907,0
DA:908,0
DA:910,0
DA:911,0
DA:912,0
DA:913,0
DA:916,0
DA:921,806
DA:922,806
DA:923,806
DA:924,806
DA:926,0
DA:927,0
DA:930,806
DA:932,806
DA:933,2172
DA:936,1366
DA:937,1044
DA:939,476
DA:940,890
DA:941,328
DA:943,46
DA:946,844
DA:947,0
DA:948,0
DA:949,0
DA:951,0
DA:954,844
DA:955,844
DA:958,844
DA:959,844
DA:960,844
DA:963,844
DA:969,850
DA:970,166
DA:971,166
DA:972,0
DA:973,0
DA:974,0
DA:976,0
DA:977,0
DA:978,0
DA:980,0
DA:981,0
DA:984,0
DA:986,0
DA:987,0
DA:988,0
DA:989,0
DA:990,0
DA:991,0
DA:997,850
DA:998,0
DA:1000,850
DA:1002,166
DA:1003,166
DA:1005,0
DA:1006,0
DA:1008,166
DA:1009,166
DA:1012,166
DA:1015,166
DA:1016,967
DA:1017,801
DA:1018,801
DA:1019,801
DA:1022,801
DA:1023,801
DA:1024,0
DA:1025,0
DA:1026,0
DA:1027,0
DA:1030,0
DA:1031,0
DA:1032,0
DA:1035,0
DA:1036,0
DA:1037,0
DA:1038,0
DA:1039,0
DA:1040,0
DA:1041,0
DA:1042,0
DA:1045,0
DA:1046,0
DA:1047,0
DA:1054,0
DA:1057,801
DA:1058,801
DA:1059,801
DA:1063,850
DA:1065,166
DA:1066,166
DA:1068,0
DA:1069,0
DA:1072,166
DA:1074,166
DA:1075,914
DA:1076,748
DA:1077,1496
DA:1078,748
DA:1079,748
DA:1080,748
DA:1081,748
DA:1082,748
DA:1084,748
DA:1085,0
DA:1086,0
DA:1087,0
DA:1089,0
DA:1096,0
DA:1098,0
DA:1102,748
DA:1103,748
DA:1104,0
DA:1105,0
DA:1106,0
DA:1107,0
DA:1110,0
DA:1111,0
DA:1112,0
DA:1115,0
DA:1116,0
DA:1117,0
DA:1118,0
DA:1119,0
DA:1120,0
DA:1121,0
DA:1122,0
DA:1125,0
DA:1126,0
DA:1127,0
DA:1134,0
DA:1137,748
DA:1138,748
DA:1139,748
DA:1144,166
DA:1145,166
DA:1148,166
DA:1150,166
DA:1151,166
DA:1153,0
DA:1154,0
DA:1156,0
DA:1157,0
DA:1158,0
DA:1159,0
DA:1160,0
DA:1161,0
DA:1170,0
DA:1172,0
DA:1173,0
DA:1174,0
DA:1175,0
DA:1176,0
DA:1181,0
DA:1182,0
DA:1183,0
DA:1187,850
DA:1194,850
DA:1195,266
DA:1196,266
DA:1197,266
DA:1198,154
DA:1199,154
DA:1200,0
DA:1205,154
DA:1206,77
DA:1207,77
DA:1209,77
DA:1210,77
DA:1212,154
DA:1216,850
DA:1217,850
DA:1219,0
DA:1221,850
DA:1222,0
DA:1223,0
DA:1226,850
DA:1229,284
DA:1235,386
DA:1236,382
DA:1237,98
DA:1238,284
DA:1239,0
DA:1240,284
DA:1241,4
DA:1242,280
DA:1243,0
DA:1244,280
DA:1245,280
DA:1246,0
DA:1247,280
DA:1250,4
DA:1258,1914
DA:1263,1914
DA:1264,1914
DA:1265,1914
DA:1268,1914
DA:1270,1914
DA:1271,0
DA:1273,1914
DA:1274,1914
DA:1275,1914
DA:1276,1914
DA:1278,1914
DA:1279,979
DA:1281,935
DA:1284,1914
DA:1285,0
DA:1286,0
DA:1287,0
DA:1290,0
DA:1291,0
DA:1293,0
DA:1294,0
DA:1301,0
DA:1304,1914
DA:1305,1914
DA:1308,1914
DA:1311,492
DA:1320,492
DA:1321,492
DA:1322,492
DA:1323,492
DA:1324,492
DA:1329,1052
DA:1333,560
DA:1334,274
DA:1336,286
DA:1338,560
DA:1339,0
DA:1340,0
DA:1342,0
DA:1345,1120
DA:1347,560
DA:1348,560
DA:1349,280
DA:1350,280
DA:1354,280
DA:1356,280
DA:1357,280
DA:1358,280
DA:1361,492
DA:1368,0
DA:1373,0
DA:1375,0
DA:1376,0
DA:1378,0
DA:1380,0
DA:1388,0
DA:1393,0
DA:1400,0
DA:1401,0
DA:1404,0
DA:1405,0
DA:1406,0
DA:1407,0
DA:1408,0
DA:1410,0
DA:1411,0
DA:1412,0
DA:1416,0
DA:1417,0
DA:1419,0
DA:1420,0
DA:1421,0
DA:1422,0
DA:1425,0
DA:1427,0
DA:1428,0
DA:1429,0
DA:1431,0
DA:1433,0
DA:1435,848
DA:1445,848
DA:1448,848
DA:1449,288
DA:1452,568
DA:1453,568
DA:1454,568
DA:1455,568
DA:1456,4
DA:1458,4
DA:1461,564
DA:1462,564
DA:1463,564
DA:1464,278
DA:1466,278
DA:1467,278
DA:1469,286
DA:1470,564
DA:1471,0
DA:1472,564
DA:1473,564
DA:1474,0
DA:1475,564
DA:1476,564
DA:1477,564
DA:1480,564
DA:1481,564
DA:1484,284
DA:1486,284
DA:1487,4
DA:1488,4
DA:1491,280
DA:1492,280
DA:1496,560
DA:1498,560
DA:1501,280
DA:1502,280
DA:1503,280
DA:1504,280
DA:1505,280
DA:1506,280
DA:1510,560
DA:1511,280
DA:1514,772
DA:1519,772
DA:1525,772
DA:1526,0
DA:1529,772
DA:1530,772
DA:1531,772
DA:1532,772
DA:1534,772
DA:1535,0
DA:1536,0
DA:1538,0
DA:1542,772
DA:1543,772
DA:1545,0
DA:1546,0
DA:1547,772
DA:1548,772
DA:1549,772
DA:1551,1620
DA:1557,848
DA:1558,0
DA:1559,0
DA:1560,0
DA:1562,0
DA:1565,848
DA:1566,848
DA:1573,772
DA:1574,0
DA:1577,772
DA:1578,0
DA:1579,0
DA:1581,0
DA:1586,492
DA:1589,492
DA:1591,492
DA:1592,492
DA:1594,492
DA:1596,492
DA:1597,492
DA:1599,492
DA:1600,0
DA:1601,492
DA:1607,2671
DA:1614,2671
DA:1615,0
DA:1616,2671
DA:1630,492
DA:1633,492
DA:1634,492
DA:1635,492
DA:1636,492
DA:1637,492
DA:1638,492
DA:1639,492
DA:1640,492
DA:1641,492
DA:1644,492
DA:1645,492
DA:1648,1951
DA:1650,1951
DA:1651,1951
DA:1653,1951
DA:1654,7804
DA:1656,5853
DA:1658,5853
DA:1659,5853
DA:1660,3072
DA:1661,3072
DA:1662,3072
DA:1663,2781
DA:1664,2781
DA:1665,2781
DA:1666,0
DA:1667,0
DA:1670,5853
DA:1671,0
DA:1675,1951
DA:1676,815
DA:1678,1136
DA:1681,3023
DA:1684,3023
DA:1685,3023
DA:1688,3023
DA:1689,0
DA:1690,0
DA:1693,0
DA:1694,0
DA:1696,0
DA:1697,0
DA:1698,0
DA:1700,0
DA:1701,0
DA:1707,3023
DA:1708,1951
DA:1711,1951
DA:1712,1951
DA:1713,3892
DA:1715,1941
DA:1716,1941
DA:1718,1941
DA:1719,0
DA:1721,0
DA:1722,0
DA:1723,0
DA:1724,0
DA:1731,0
DA:1733,0
DA:1734,1941
DA:1736,1941
DA:1739,1941
DA:1740,0
DA:1741,0
DA:1742,0
DA:1743,0
DA:1744,0
DA:1745,0
DA:1747,0
DA:1748,0
DA:1749,0
DA:1751,0
DA:1752,0
DA:1753,1941
DA:1755,1941
DA:1756,1941
DA:1762,1941
DA:1764,829
DA:1765,829
DA:1767,4
DA:1769,1941
DA:1775,1941
DA:1777,1941
DA:1789,10
DA:1790,0
DA:1797,492
DA:1804,3163
DA:1805,2671
DA:1814,2671
DA:1815,2671
DA:1816,2091
DA:1818,580
DA:1819,580
DA:1820,10
DA:1822,10
DA:1825,570
DA:1830,3655
DA:1832,3163
DA:1833,672
DA:1835,672
DA:1837,140
DA:1838,532
DA:1839,2491
DA:1847,2491
DA:1850,3023
DA:1852,492
DA:1854,0
DA:1858,0
DA:1859,0
DA:1864,0
DA:1865,0
DA:1869,0
DA:1870,0
DA:1875,0
DA:1877,0
DA:1881,0
DA:1886,0
DA:1888,0
DA:1891,492
DA:1898,492
DA:1904,492
DA:1906,492
DA:1907,492
DA:1908,0
DA:1910,0
DA:1914,492
DA:1915,246
DA:1916,246
DA:1917,246
DA:1918,246
DA:1919,246
DA:1921,246
DA:1922,0
DA:1924,246
DA:1925,246
DA:1926,0
DA:1927,0
DA:1928,0
DA:1929,0
DA:1930,0
DA:1933,0
DA:1944,492
DA:1945,0
DA:1946,0
DA:1947,0
DA:1948,0
DA:1949,0
DA:1951,0
DA:1953,0
DA:1955,0
DA:1956,0
DA:1957,0
DA:1958,0
DA:1959,0
DA:1963,0
DA:1971,492
DA:1973,492
DA:1975,492
DA:1976,492
DA:1981,492
DA:1982,38
DA:1983,0
DA:1987,492
DA:1992,492
DA:1993,0
DA:1994,0
DA:1998,492
DA:2000,492
DA:2001,492
DA:2002,492
DA:2003,492
DA:2004,492
DA:2005,492
DA:2008,492
DA:2012,492
DA:2013,492
DA:2016,492
DA:2017,492
DA:2018,0
DA:2019,492
DA:2021,768
DA:2024,768
DA:2025,141
DA:2026,141
DA:2027,627
DA:2028,6
DA:2029,6
DA:2031,621
DA:2032,621
DA:2033,621
DA:2034,621
DA:2036,768
DA:2038,789
DA:2042,789
DA:2046,789
DA:2047,789
DA:2048,789
DA:2049,789
DA:2050,1578
DA:2051,789
DA:2052,789
DA:2053,789
DA:2055,0
DA:2060,0
DA:2062,0
DA:2064,246
DA:2066,246
DA:2067,246
DA:2068,246
DA:2069,246
DA:2077,246
DA:2079,246
DA:2080,0
DA:2081,0
DA:2083,0
DA:2086,246
DA:2087,246
DA:2089,246
DA:2090,0
DA:2093,246
DA:2094,246
DA:2095,246
DA:2097,246
DA:2099,0
DA:2100,0
DA:2101,0
DA:2104,246
DA:2106,246
DA:2107,246
DA:2108,246
DA:2110,246
DA:2112,0
DA:2113,0
DA:2114,0
DA:2117,246
DA:2119,246
DA:2120,0
DA:2121,0
DA:2122,0
DA:2125,246
DA:2126,246
DA:2128,246
DA:2131,681
DA:2132,435
DA:2134,246
DA:2137,263
DA:2139,263
DA:2141,263
DA:2142,263
DA:2144,263
DA:2147,17
DA:2149,17
DA:2150,17
DA:2152,355
DA:2160,355
DA:2161,355
DA:2162,1420
DA:2163,1065
DA:2164,1065
DA:2165,1065
DA:2166,442
DA:2169,355
DA:2170,0
DA:2172,355
DA:2173,355
DA:2175,355
DA:2176,0
DA:2181,355
DA:2182,355
DA:2188,0
DA:2189,0
DA:2190,0
DA:2192,0
DA:2195,0
DA:2198,355
DA:2199,92
DA:2203,263
DA:2204,91
DA:2209,172
DA:2211,172
DA:2212,0
DA:2215,0
DA:2218,91
DA:2221,263
DA:2224,263
DA:2225,0
DA:2228,263
DA:2231,102
DA:2247,102
DA:2248,102
DA:2249,102
DA:2250,102
DA:2251,102
DA:2252,102
DA:2254,608
DA:2255,506
DA:2256,178
DA:2258,118
DA:2261,118
DA:2264,388
DA:2265,388
DA:2266,388
DA:2270,388
DA:2272,388
DA:2274,388
DA:2276,388
DA:2277,780
DA:2279,392
DA:2280,392
DA:2281,173
DA:2282,173
DA:2284,219
DA:2287,392
DA:2288,392
DA:2289,392
DA:2291,0
DA:2294,392
DA:2296,4
DA:2302,4
DA:2303,4
DA:2304,4
DA:2307,392
DA:2308,173
DA:2310,346
DA:2311,173
DA:2312,173
DA:2314,173
DA:2315,173
DA:2319,392
DA:2320,392
DA:2321,219
DA:2322,219
DA:2324,392
DA:2327,392
DA:2330,392
DA:2332,388
DA:2336,102
DA:2337,0
DA:2338,0
DA:2339,0
DA:2341,102
DA:2344,102
DA:2345,102
DA:2347,104
DA:2350,104
DA:2352,104
DA:2353,2
DA:2355,102
DA:2356,51
DA:2357,51
DA:2358,51
DA:2359,51
DA:2360,51
DA:2361,51
DA:2362,0
DA:2363,0
DA:2364,0
DA:2365,0
DA:2366,0
DA:2370,102
DA:2371,0
DA:2374,102
DA:2375,102
DA:2376,0
DA:2379,26
DA:2390,26
DA:2393,26
DA:2394,0
DA:2396,26
DA:2397,26
DA:2399,52
DA:2406,26
DA:2407,26
DA:2408,0
DA:2409,0
DA:2410,0
DA:2411,0
DA:2413,26
DA:2416,26
DA:2417,26
DA:2418,26
DA:2419,26
DA:2420,26
DA:2422,0
DA:2423,0
DA:2426,0
DA:2427,0
DA:2430,0
DA:2433,78
DA:2434,52
DA:2435,0
DA:2437,52
DA:2438,52
DA:2439,52
DA:2440,52
DA:2442,52
DA:2445,52
DA:2446,52
DA:2448,52
DA:2449,0
DA:2450,0
DA:2453,52
DA:2454,52
DA:2456,52
DA:2458,52
DA:2459,51
DA:2464,52
DA:2465,52
DA:2467,52
DA:2468,0
DA:2469,0
DA:2472,52
DA:2473,52
DA:2474,52
DA:2476,52
DA:2477,51
DA:2482,52
DA:2483,0
DA:2485,0
DA:2486,0
DA:2488,0
DA:2491,0
DA:2492,0
DA:2493,0
DA:2495,0
DA:2496,0
DA:2501,52
DA:2502,52
DA:2503,52
DA:2507,26
DA:2508,0
DA:2510,0
DA:2512,0
DA:2513,0
DA:2514,0
DA:2515,0
DA:2519,0
DA:2521,26
DA:2522,0
DA:2526,26
DA:2547,26
DA:2549,26
DA:2550,26
DA:2551,26
DA:2552,26
DA:2553,26
DA:2554,26
DA:2555,26
DA:2556,26
DA:2559,26
DA:2561,26
DA:2562,26
DA:2563,0
DA:2564,26
DA:2565,0
DA:2566,26
DA:2567,0
DA:2568,0
DA:2570,0
DA:2574,26
DA:2575,0
DA:2576,0
DA:2578,26
DA:2580,26
DA:2581,26
DA:2583,26
DA:2584,0
DA:2585,0
DA:2586,0
DA:2587,0
DA:2588,0
DA:2589,0
DA:2591,0
DA:2595,0
DA:2596,0
DA:2599,0
DA:2600,0
DA:2602,0
DA:2603,0
DA:2606,0
DA:2608,26
DA:2609,26
DA:2610,0
DA:2611,26
DA:2612,0
DA:2613,0
DA:2614,0
DA:2615,0
DA:2619,26
DA:2621,26
DA:2622,26
DA:2623,26
DA:2624,26
DA:2626,0
DA:2627,26
DA:2628,26
DA:2631,26
DA:2634,26
DA:2638,0
DA:2642,0
DA:2643,0
DA:2645,0
DA:2648,0
DA:2649,0
DA:2650,0
DA:2652,0
DA:2654,0
DA:2666,0
DA:2667,0
DA:2669,0
DA:2676,0
DA:2677,0
DA:2678,0
DA:2679,0
DA:2681,0
DA:2682,0
DA:2683,0
DA:2685,0
DA:2686,0
DA:2688,0
DA:2689,0
DA:2691,0
DA:2692,0
DA:2693,0
DA:2694,0
DA:2696,0
DA:2697,0
DA:2698,0
DA:2699,0
DA:2700,0
DA:2701,0
DA:2702,0
DA:2705,0
DA:2706,0
DA:2708,0
DA:2709,0
DA:2710,0
DA:2712,0
DA:2714,0
DA:2715,0
DA:2716,0
DA:2720,0
DA:2722,0
DA:2723,0
DA:2724,0
DA:2725,0
DA:2727,0
DA:2731,0
DA:2732,0
DA:2733,0
DA:2735,0
DA:2736,0
DA:2740,0
DA:2741,0
DA:2742,0
DA:2744,0
DA:2745,0
DA:2746,0
DA:2747,0
DA:2748,0
DA:2749,0
DA:2752,0
DA:2753,0
DA:2754,0
DA:2757,0
DA:2758,0
DA:2759,0
DA:2762,0
DA:2763,0
DA:2764,0
DA:2767,0
DA:2768,0
DA:2771,0
DA:2776,0
DA:2787,0
DA:2788,0
DA:2789,0
DA:2790,0
DA:2793,0
DA:2794,0
DA:2795,0
DA:2798,0
DA:2799,0
DA:2801,0
DA:2803,0
DA:2805,0
DA:2806,0
DA:2807,0
DA:2808,0
DA:2810,0
DA:2811,0
DA:2812,0
DA:2814,0
DA:2818,0
DA:2824,0
DA:2827,0
DA:2828,0
DA:2829,0
DA:2835,0
DA:2836,0
DA:2838,0
DA:2840,0
DA:2841,0
DA:2844,0
DA:2848,0
DA:2849,0
DA:2851,0
DA:2854,0
DA:2855,0
DA:2856,0
DA:2858,0
DA:2859,0
DA:2861,0
DA:2864,0
DA:2865,0
DA:2866,0
DA:2869,0
DA:2872,0
DA:2873,0
DA:2878,0
DA:2880,0
DA:2884,0
DA:2886,0
DA:2887,0
DA:2888,0
DA:2889,0
DA:2890,0
DA:2893,0
DA:2897,0
DA:2898,0
DA:2900,0
DA:2903,0
DA:2904,0
DA:2908,0
DA:2911,0
DA:2912,0
DA:2916,0
DA:2918,0
DA:2925,0
DA:2926,0
DA:2927,0
DA:2928,0
DA:2930,0
DA:2931,0
DA:2934,0
DA:2939,0
DA:2940,0
DA:2943,0
DA:2947,0
DA:2950,0
DA:2952,0
DA:2958,0
DA:2959,0
DA:2961,0
DA:2962,0
DA:2964,0
DA:2965,0
DA:2966,0
DA:2967,0
DA:2968,0
DA:2969,0
DA:2970,0
DA:2971,0
DA:2972,0
DA:2973,0
DA:2974,0
DA:2975,0
DA:2979,0
DA:2980,0
DA:2984,0
DA:2985,0
DA:2986,0
DA:2990,0
DA:2991,0
DA:2992,0
DA:2993,0
DA:2994,0
DA:2996,0
DA:2997,0
DA:2999,0
DA:3000,0
DA:3001,0
DA:3004,0
DA:3005,0
DA:3006,0
DA:3008,0
DA:3013,0
DA:3016,0
DA:3017,0
DA:3018,0
DA:3019,0
DA:3020,0
DA:3026,0
DA:3029,0
DA:3034,0
DA:3044,0
DA:3045,0
DA:3047,0
DA:3048,0
DA:3050,0
DA:3057,0
DA:3058,0
DA:3059,0
DA:3060,0
DA:3061,0
DA:3062,0
DA:3064,0
DA:3068,0
DA:3069,0
DA:3070,0
DA:3071,0
DA:3072,0
DA:3074,0
DA:3075,0
DA:3077,0
DA:3078,0
DA:3081,0
DA:3084,0
DA:3085,0
DA:3086,0
DA:3088,0
DA:3089,0
DA:3090,0
DA:3091,0
DA:3093,0
DA:3097,0
DA:3098,0
DA:3100,0
DA:3101,0
DA:3102,0
DA:3105,0
DA:3106,0
DA:3108,0
DA:3110,0
DA:3111,0
DA:3114,0
DA:3117,0
DA:3120,0
DA:3121,0
DA:3125,0
DA:3126,0
DA:3128,0
DA:3129,0
DA:3130,0
DA:3133,0
DA:3134,0
DA:3136,0
DA:3138,0
DA:3139,0
DA:3142,0
DA:3145,0
DA:3148,0
DA:3149,0
DA:3153,0
DA:3154,0
DA:3156,0
DA:3157,0
DA:3159,0
DA:3162,0
DA:3163,0
DA:3165,0
DA:3167,0
DA:3168,0
DA:3171,0
DA:3173,0
DA:3176,0
DA:3177,0
DA:3182,0
DA:3183,0
DA:3184,0
DA:3190,0
DA:3196,0
DA:3198,0
DA:3199,0
DA:3200,0
DA:3203,0
DA:3204,0
DA:3205,0
DA:3206,0
DA:3207,0
DA:3208,0
DA:3209,0
DA:3210,0
DA:3211,0
DA:3213,0
DA:3215,0
DA:3218,0
DA:3219,0
DA:3220,0
DA:3223,0
DA:3251,0
DA:3252,0
DA:3253,0
DA:3254,0
DA:3255,0
DA:3256,0
DA:3257,0
DA:3258,0
DA:3259,0
DA:3261,0
DA:3262,0
DA:3263,0
DA:3264,0
DA:3265,0
DA:3267,0
DA:3269,0
DA:3270,0
DA:3271,0
DA:3274,0
DA:3275,0
DA:3276,0
DA:3277,0
DA:3280,0
DA:3281,0
DA:3282,0
DA:3284,0
DA:3288,0
DA:3289,0
DA:3291,0
DA:3292,0
DA:3293,0
DA:3294,0
DA:3298,0
DA:3302,0
DA:3303,0
DA:3305,0
DA:3306,0
DA:3309,0
DA:3311,0
DA:3312,0
DA:3313,0
DA:3314,0
DA:3317,0
DA:3320,0
DA:3321,0
DA:3322,0
DA:3323,0
DA:3327,0
DA:3328,0
DA:3329,0
DA:3332,0
DA:3335,0
DA:3338,0
DA:3344,0
DA:3345,0
DA:3346,0
DA:3347,0
DA:3348,0
DA:3350,0
DA:3352,0
DA:3355,0
DA:3361,0
DA:3362,0
DA:3363,0
DA:3364,0
DA:3365,0
DA:3367,0
DA:3369,0
DA:3371,0
DA:3376,0
DA:3377,0
DA:3378,0
DA:3379,0
DA:3380,0
DA:3383,0
DA:3384,0
DA:3386,0
DA:3387,0
DA:3388,0
DA:3389,0
DA:3390,0
DA:3391,0
DA:3392,0
DA:3393,0
DA:3394,0
DA:3395,0
DA:3396,0
DA:3397,0
DA:3401,0
DA:3405,0
DA:3406,0
DA:3409,0
DA:3410,0
DA:3411,0
DA:3412,0
DA:3415,0
DA:3416,0
DA:3417,0
DA:3418,0
DA:3419,0
DA:3420,0
DA:3421,0
DA:3423,0
DA:3424,0
DA:3426,0
DA:3427,0
DA:3428,0
DA:3429,0
DA:3430,0
DA:3432,0
DA:3433,0
DA:3435,0
DA:3436,0
DA:3439,0
DA:3440,0
DA:3442,0
DA:3445,0
DA:3446,0
DA:3447,0
DA:3448,0
DA:3449,0
DA:3450,0
DA:3451,0
DA:3452,0
DA:3453,0
DA:3454,0
DA:3458,0
DA:3459,0
DA:3460,0
DA:3461,0
DA:3464,0
DA:3470,0
DA:3471,0
DA:3473,0
DA:3474,0
DA:3475,0
DA:3477,0
DA:3478,0
DA:3479,0
DA:3481,0
DA:3482,0
DA:3484,0
DA:3486,0
DA:3487,0
DA:3489,0
DA:3491,0
DA:3492,0
DA:3494,0
DA:3500,0
DA:3519,0
DA:3520,0
DA:3521,0
DA:3523,0
DA:3524,0
DA:3525,0
DA:3526,0
DA:3527,0
DA:3529,0
DA:3531,0
DA:3532,0
DA:3533,0
DA:3536,0
DA:3537,0
DA:3538,0
DA:3539,0
DA:3541,0
DA:3542,0
DA:3543,0
DA:3545,0
DA:3548,8
DA:3551,8
DA:3553,8
DA:3554,8
DA:3555,8
DA:3558,8
DA:3559,8
DA:3561,0
DA:3563,0
DA:3565,0
DA:3566,0
DA:3567,0
DA:3569,0
DA:3572,0
DA:3573,0
DA:3574,18
DA:3578,18
DA:3579,18
DA:3580,18
DA:3581,18
DA:3582,18
DA:3583,18
DA:3584,18
DA:3585,18
end_of_record
SF:/home/frr/frr/lib/zlog.h
FN:78,zlog_ref
FNDA:14,zlog_ref
DA:78,14
DA:83,14
DA:84,14
DA:85,14
DA:86,14
end_of_record
SF:/home/frr/frr/lib/prefix.h
FN:542,is_host_route
FNDA:1951,is_host_route
DA:542,1951
DA:544,1951
DA:545,1024
DA:546,927
DA:547,927
DA:548,0
end_of_record
SF:/home/frr/frr/lib/monotime.h
FN:62,monotime
FNDA:1339,monotime
FN:149,frrtime_to_interval
FNDA:18,frrtime_to_interval
DA:62,1339
DA:66,1339
DA:67,1339
DA:68,984
DA:70,1339
DA:149,18
DA:154,18
DA:156,18
DA:157,18
DA:159,0
DA:160,0
DA:163,0
DA:164,0
DA:165,18
end_of_record
SF:/home/frr/frr/isisd/isis_adjacency.h
FN:117,_hook_typecheck_isis_adj_state_change_hook
FNDA:8,_hook_typecheck_isis_adj_state_change_hook
DA:117,8
end_of_record
TN:
SF:/home/frr/frr/isisd/isis_affinitymap.c
FN:14,isis_affinity_map_update
FNDA:0,isis_affinity_map_update
FN:60,isis_affinity_map_init
FNDA:8,isis_affinity_map_init
DA:14,0
DA:17,0
DA:23,0
DA:24,0
DA:26,0
DA:27,0
DA:28,0
DA:30,0
DA:32,0
DA:34,0
DA:36,0
DA:38,0
DA:40,0
DA:42,0
DA:44,0
DA:46,0
DA:48,0
DA:50,0
DA:52,0
DA:55,0
DA:56,0
DA:60,8
DA:62,8
DA:64,8
DA:65,8
end_of_record
TN:
SF:/home/frr/frr/lib/frrevent.h
FN:304,event_is_scheduled
FNDA:0,event_is_scheduled
DA:304,0
DA:306,0
DA:307,0
DA:309,0
end_of_record
SF:/home/frr/frr/lib/zlog.h
FN:78,zlog_ref
FNDA:8,zlog_ref
DA:78,8
DA:83,8
DA:84,8
DA:85,8
DA:86,8
end_of_record
SF:/home/frr/frr/isisd/isis_main.c
FN:103,terminate
FNDA:8,terminate
FN:129,sighup
FNDA:0,sighup
FN:139,sigint
FNDA:0,sigint
FN:145,sigterm
FNDA:8,sigterm
FN:151,sigusr1
FNDA:0,sigusr1
FN:194,isis_config_finish
FNDA:0,isis_config_finish
FN:206,isis_config_end_timeout
FNDA:0,isis_config_end_timeout
FN:213,isis_config_start
FNDA:0,isis_config_start
FN:220,isis_config_end
FNDA:0,isis_config_end
FN:242,_xref_init
FNDA:8,_xref_init
FN:271,main
FNDA:8,main
DA:103,8
DA:105,8
DA:106,8
DA:107,8
DA:108,8
DA:110,8
DA:111,8
DA:112,8
DA:114,8
DA:115,8
DA:129,0
DA:131,0
DA:134,0
DA:135,0
DA:139,0
DA:141,0
DA:142,0
DA:145,8
DA:147,8
DA:148,8
DA:151,0
DA:153,0
DA:154,0
DA:155,0
DA:194,0
DA:200,0
DA:201,0
DA:202,0
DA:204,0
DA:206,0
DA:208,0
DA:210,0
DA:211,0
DA:213,0
DA:215,0
DA:216,0
DA:218,0
DA:220,0
DA:225,0
DA:226,0
DA:228,0
DA:229,0
DA:242,8
DA:271,8
DA:274,8
DA:275,8
DA:280,8
DA:282,8
DA:288,8
DA:290,8
DA:291,8
DA:293,0
DA:294,0
DA:295,0
DA:296,0
DA:297,0
DA:298,0
DA:299,0
DA:301,0
DA:302,0
DA:303,0
DA:304,0
DA:305,0
DA:306,0
DA:313,8
DA:315,8
DA:319,8
DA:320,8
DA:321,8
DA:322,0
DA:327,8
DA:328,8
DA:329,8
DA:330,8
DA:331,8
DA:332,8
DA:333,8
DA:334,8
DA:335,8
DA:336,8
DA:337,8
DA:338,8
DA:343,8
DA:345,8
DA:346,8
DA:347,8
DA:348,8
DA:349,8
DA:350,8
DA:351,8
DA:352,8
DA:355,8
DA:358,8
DA:359,8
DA:360,8
DA:361,8
DA:363,8
DA:364,8
DA:367,0
end_of_record
TN:
SF:/home/frr/frr/lib/zlog.h
FN:78,zlog_ref
FNDA:0,zlog_ref
DA:78,0
DA:83,0
DA:84,0
DA:85,0
DA:86,0
end_of_record
SF:/home/frr/frr/lib/monotime.h
FN:62,monotime
FNDA:0,monotime
DA:62,0
DA:66,0
DA:67,0
DA:68,0
DA:70,0
end_of_record
SF:/home/frr/frr/isisd/fabricd.c
FN:22,_mtinit_FABRICD_STATE
FNDA:8,_mtinit_FABRICD_STATE
FN:22,_mtfini_FABRICD_STATE
FNDA:16,_mtfini_FABRICD_STATE
FN:23,_mtinit_FABRICD_NEIGHBOR
FNDA:8,_mtinit_FABRICD_NEIGHBOR
FN:23,_mtfini_FABRICD_NEIGHBOR
FNDA:16,_mtfini_FABRICD_NEIGHBOR
FN:24,_mtinit_FABRICD_FLOODING_INFO
FNDA:8,_mtinit_FABRICD_FLOODING_INFO
FN:24,_mtfini_FABRICD_FLOODING_INFO
FNDA:16,_mtfini_FABRICD_FLOODING_INFO
FN:67,neighbor_entry_new
FNDA:0,neighbor_entry_new
FN:79,neighbor_entry_del
FNDA:0,neighbor_entry_del
FN:84,neighbor_entry_del_void
FNDA:0,neighbor_entry_del_void
FN:89,neighbor_lists_clear
FNDA:0,neighbor_lists_clear
FN:97,neighbor_entry_hash_key
FNDA:0,neighbor_entry_hash_key
FN:104,neighbor_entry_hash_cmp
FNDA:0,neighbor_entry_hash_cmp
FN:111,neighbor_entry_list_cmp
FNDA:0,neighbor_entry_list_cmp
FN:118,neighbor_entry_lookup_list
FNDA:0,neighbor_entry_lookup_list
FN:136,neighbor_entry_lookup_hash
FNDA:0,neighbor_entry_lookup_hash
FN:151,fabricd_handle_adj_state_change
FNDA:80,fabricd_handle_adj_state_change
FN:181,neighbors_neighbors_update
FNDA:0,neighbors_neighbors_update
FN:203,fabricd_new
FNDA:0,fabricd_new
FN:226,fabricd_finish
FNDA:0,fabricd_finish
FN:240,fabricd_initial_sync_timeout
FNDA:0,fabricd_initial_sync_timeout
FN:252,fabricd_initial_sync_hello
FNDA:5,fabricd_initial_sync_hello
FN:281,fabricd_initial_sync_is_in_progress
FNDA:198,fabricd_initial_sync_is_in_progress
FN:295,fabricd_initial_sync_is_complete
FNDA:127,fabricd_initial_sync_is_complete
FN:305,fabricd_initial_sync_circuit
FNDA:1646,fabricd_initial_sync_circuit
FN:314,fabricd_initial_sync_finish
FNDA:0,fabricd_initial_sync_finish
FN:334,fabricd_calculate_fabric_tier
FNDA:0,fabricd_calculate_fabric_tier
FN:395,fabricd_tier_set_timer
FNDA:0,fabricd_tier_set_timer
FN:402,fabricd_tier_calculation_cb
FNDA:0,fabricd_tier_calculation_cb
FN:419,fabricd_bump_tier_calculation_timer
FNDA:0,fabricd_bump_tier_calculation_timer
FN:437,fabricd_set_tier
FNDA:0,fabricd_set_tier
FN:449,fabricd_run_spf
FNDA:246,fabricd_run_spf
FN:461,fabricd_spftree
FNDA:80,fabricd_spftree
FN:471,fabricd_configure_tier
FNDA:0,fabricd_configure_tier
FN:482,fabricd_tier
FNDA:2,fabricd_tier
FN:492,fabricd_write_settings
FNDA:0,fabricd_write_settings
FN:514,move_to_queue
FNDA:0,move_to_queue
FN:538,mark_neighbor_as_present
FNDA:0,mark_neighbor_as_present
FN:545,handle_firsthops
FNDA:0,handle_firsthops
FN:572,lsp_for_neighbor
FNDA:0,lsp_for_neighbor
FN:586,fabricd_free_lsp_flooding_info
FNDA:0,fabricd_free_lsp_flooding_info
FN:591,fabricd_lsp_reset_flooding_info
FNDA:0,fabricd_lsp_reset_flooding_info
FN:617,fabricd_lsp_flood
FNDA:0,fabricd_lsp_flood
FN:698,fabricd_trigger_csnp
FNDA:164,fabricd_trigger_csnp
FN:722,fabricd_ip_addrs
FNDA:2524,fabricd_ip_addrs
FN:746,fabricd_lsp_free
FNDA:59,fabricd_lsp_free
FN:758,fabricd_update_lsp_no_flood
FNDA:0,fabricd_update_lsp_no_flood
FN:768,fabricd_configure_triggered_csnp
FNDA:0,fabricd_configure_triggered_csnp
FN:780,fabricd_init
FNDA:8,fabricd_init
DA:22,16
DA:22,8
DA:23,16
DA:23,8
DA:24,16
DA:24,8
DA:67,0
DA:70,0
DA:73,0
DA:74,0
DA:76,0
DA:79,0
DA:81,0
DA:82,0
DA:84,0
DA:86,0
DA:87,0
DA:89,0
DA:91,0
DA:92,0
DA:94,0
DA:95,0
DA:97,0
DA:99,0
DA:101,0
DA:104,0
DA:106,0
DA:108,0
DA:111,0
DA:113,0
DA:115,0
DA:118,0
DA:121,0
DA:123,0
DA:127,0
DA:128,0
DA:130,0
DA:131,0
DA:133,0
DA:136,0
DA:139,0
DA:141,0
DA:143,0
DA:145,0
DA:146,0
DA:148,0
DA:151,80
DA:153,80
DA:155,80
DA:156,80
DA:158,0
DA:159,0
DA:164,0
DA:165,0
DA:166,0
DA:168,0
DA:170,0
DA:171,0
DA:173,0
DA:175,0
DA:178,0
DA:181,0
DA:183,0
DA:188,0
DA:189,0
DA:190,0
DA:192,0
DA:193,0
DA:195,0
DA:197,0
DA:199,0
DA:201,0
DA:203,0
DA:205,0
DA:207,0
DA:208,0
DA:210,0
DA:211,0
DA:214,0
DA:216,0
DA:220,0
DA:222,0
DA:223,0
DA:226,0
DA:228,0
DA:230,0
DA:232,0
DA:234,0
DA:235,0
DA:236,0
DA:237,0
DA:238,0
DA:240,0
DA:242,0
DA:244,0
DA:245,0
DA:248,0
DA:249,0
DA:250,0
DA:252,5
DA:254,5
DA:256,5
DA:257,5
DA:259,0
DA:260,0
DA:262,0
DA:264,0
DA:266,0
DA:267,0
DA:268,0
DA:270,0
DA:272,0
DA:274,0
DA:275,0
DA:281,198
DA:283,198
DA:285,198
DA:286,198
DA:288,0
DA:289,0
DA:290,0
DA:292,0
DA:295,127
DA:297,127
DA:299,127
DA:300,127
DA:302,0
DA:305,1646
DA:307,1646
DA:308,1646
DA:309,1646
DA:311,0
DA:314,0
DA:316,0
DA:318,0
DA:319,0
DA:321,0
DA:322,0
DA:324,0
DA:326,0
DA:327,0
DA:328,0
DA:334,0
DA:336,0
DA:339,0
DA:340,0
DA:344,0
DA:345,0
DA:347,0
DA:348,0
DA:349,0
DA:350,0
DA:351,0
DA:353,0
DA:354,0
DA:357,0
DA:358,0
DA:359,0
DA:362,0
DA:367,0
DA:370,0
DA:372,0
DA:373,0
DA:374,0
DA:375,0
DA:377,0
DA:382,0
DA:383,0
DA:385,0
DA:386,0
DA:388,0
DA:391,0
DA:392,0
DA:395,0
DA:397,0
DA:399,0
DA:400,0
DA:402,0
DA:404,0
DA:405,0
DA:407,0
DA:408,0
DA:409,0
DA:411,0
DA:413,0
DA:414,0
DA:419,0
DA:422,0
DA:423,0
DA:424,0
DA:430,0
DA:432,0
DA:437,0
DA:439,0
DA:440,0
DA:442,0
DA:443,0
DA:445,0
DA:446,0
DA:449,246
DA:451,246
DA:453,246
DA:454,246
DA:456,0
DA:457,0
DA:458,0
DA:461,80
DA:463,80
DA:465,80
DA:466,80
DA:468,0
DA:471,0
DA:473,0
DA:475,0
DA:476,0
DA:478,0
DA:479,0
DA:482,2
DA:484,2
DA:486,2
DA:487,2
DA:489,0
DA:492,0
DA:494,0
DA:495,0
DA:497,0
DA:498,0
DA:500,0
DA:501,0
DA:502,0
DA:505,0
DA:506,0
DA:507,0
DA:508,0
DA:511,0
DA:514,0
DA:517,0
DA:519,0
DA:520,0
DA:522,0
DA:523,0
DA:528,0
DA:529,0
DA:531,0
DA:534,0
DA:535,0
DA:538,0
DA:540,0
DA:542,0
DA:543,0
DA:545,0
DA:547,0
DA:548,0
DA:549,0
DA:553,0
DA:554,0
DA:555,0
DA:556,0
DA:559,0
DA:562,0
DA:563,0
DA:564,0
DA:565,0
DA:568,0
DA:570,0
DA:572,0
DA:575,0
DA:577,0
DA:579,0
DA:581,0
DA:583,0
DA:586,0
DA:588,0
DA:589,0
DA:591,0
DA:594,0
DA:596,0
DA:597,0
DA:598,0
DA:599,0
DA:600,0
DA:601,0
DA:604,0
DA:605,0
DA:609,0
DA:610,0
DA:614,0
DA:615,0
DA:617,0
DA:619,0
DA:620,0
DA:622,0
DA:624,0
DA:628,0
DA:629,0
DA:632,0
DA:635,0
DA:636,0
DA:641,0
DA:642,0
DA:645,0
DA:646,0
DA:647,0
DA:648,0
DA:650,0
DA:651,0
DA:652,0
DA:653,0
DA:657,0
DA:658,0
DA:661,0
DA:662,0
DA:668,0
DA:670,0
DA:671,0
DA:674,0
DA:675,0
DA:677,0
DA:678,0
DA:679,0
DA:683,0
DA:684,0
DA:688,0
DA:689,0
DA:693,0
DA:694,0
DA:696,0
DA:698,164
DA:700,164
DA:702,164
DA:703,164
DA:705,0
DA:706,0
DA:711,0
DA:712,0
DA:713,0
DA:715,0
DA:716,0
DA:722,2524
DA:724,2524
DA:725,2524
DA:727,0
DA:728,0
DA:733,0
DA:734,0
DA:735,0
DA:737,0
DA:738,0
DA:740,0
DA:743,0
DA:746,59
DA:748,59
DA:749,59
DA:750,177
DA:751,118
DA:752,118
DA:754,0
DA:756,59
DA:758,0
DA:761,0
DA:762,0
DA:764,0
DA:765,0
DA:768,0
DA:771,0
DA:773,0
DA:774,0
DA:776,0
DA:777,0
DA:780,8
DA:782,8
DA:784,8
end_of_record
SF:/home/frr/frr/isisd/isis_spf_private.h
FN:82,isis_vertex_queue_hash_key
FNDA:0,isis_vertex_queue_hash_key
FN:98,isis_vertex_queue_hash_cmp
FNDA:0,isis_vertex_queue_hash_cmp
FN:121,isis_vertex_queue_tent_cmp
FNDA:0,isis_vertex_queue_tent_cmp
FN:149,isis_vertex_queue_skiplist
FNDA:0,isis_vertex_queue_skiplist
FN:155,isis_vertex_queue_init
FNDA:0,isis_vertex_queue_init
FN:181,isis_vertex_queue_clear
FNDA:0,isis_vertex_queue_clear
FN:201,isis_vertex_queue_free
FNDA:0,isis_vertex_queue_free
FN:216,isis_vertex_queue_count
FNDA:0,isis_vertex_queue_count
FN:222,isis_vertex_queue_append
FNDA:0,isis_vertex_queue_append
FN:236,isis_vertex_queue_last
FNDA:0,isis_vertex_queue_last
FN:247,isis_vertex_queue_insert
FNDA:0,isis_vertex_queue_insert
FN:263,isis_vertex_queue_pop
FNDA:0,isis_vertex_queue_pop
FN:279,isis_vertex_queue_delete
FNDA:0,isis_vertex_queue_delete
FN:364,isis_vertex_id_init
FNDA:0,isis_vertex_id_init
FN:379,isis_find_vertex
FNDA:0,isis_find_vertex
FN:390,lsp_for_vertex
FNDA:0,lsp_for_vertex
DA:82,0
DA:84,0
DA:86,0
DA:89,0
DA:90,0
DA:91,0
DA:94,0
DA:98,0
DA:100,0
DA:102,0
DA:103,0
DA:105,0
DA:106,0
DA:107,0
DA:109,0
DA:110,0
DA:111,0
DA:114,0
DA:121,0
DA:124,0
DA:125,0
DA:127,0
DA:128,0
DA:130,0
DA:131,0
DA:133,0
DA:134,0
DA:136,0
DA:137,0
DA:139,0
DA:140,0
DA:142,0
DA:143,0
DA:145,0
DA:149,0
DA:151,0
DA:155,0
DA:158,0
DA:159,0
DA:160,0
DA:162,0
DA:163,0
DA:165,0
DA:167,0
DA:181,0
DA:183,0
DA:185,0
DA:187,0
DA:189,0
DA:190,0
DA:192,0
DA:194,0
DA:195,0
DA:196,0
DA:198,0
DA:201,0
DA:203,0
DA:205,0
DA:206,0
DA:208,0
DA:209,0
DA:210,0
DA:212,0
DA:213,0
DA:216,0
DA:218,0
DA:222,0
DA:225,0
DA:227,0
DA:231,0
DA:232,0
DA:233,0
DA:236,0
DA:240,0
DA:241,0
DA:242,0
DA:243,0
DA:247,0
DA:250,0
DA:251,0
DA:252,0
DA:254,0
DA:257,0
DA:258,0
DA:259,0
DA:263,0
DA:265,0
DA:269,0
DA:270,0
DA:272,0
DA:273,0
DA:275,0
DA:279,0
DA:282,0
DA:284,0
DA:285,0
DA:286,0
DA:364,0
DA:367,0
DA:369,0
DA:370,0
DA:371,0
DA:372,0
DA:374,0
DA:376,0
DA:379,0
DA:385,0
DA:386,0
DA:390,0
DA:395,0
DA:397,0
DA:398,0
DA:400,0
DA:402,0
DA:403,0
DA:405,0
end_of_record
SF:/home/frr/frr/isisd/isis_adjacency.h
FN:117,_hook_typecheck_isis_adj_state_change_hook
FNDA:8,_hook_typecheck_isis_adj_state_change_hook
DA:117,8
end_of_record
TN:
SF:/home/frr/frr/lib/zlog.h
FN:78,zlog_ref
FNDA:3,zlog_ref
DA:78,3
DA:83,3
DA:84,3
DA:85,3
DA:86,3
end_of_record
SF:/home/frr/frr/lib/json.h
FN:63,json_object_string_addf
FNDA:157,json_object_string_addf
DA:63,157
DA:69,157
DA:70,157
DA:71,157
DA:72,157
end_of_record
SF:/home/frr/frr/isisd/isis_adjacency.c
FN:40,_mtinit_ISIS_ADJACENCY
FNDA:8,_mtinit_ISIS_ADJACENCY
FN:40,_mtfini_ISIS_ADJACENCY
FNDA:16,_mtfini_ISIS_ADJACENCY
FN:41,_mtinit_ISIS_ADJACENCY_INFO
FNDA:8,_mtinit_ISIS_ADJACENCY_INFO
FN:41,_mtfini_ISIS_ADJACENCY_INFO
FNDA:16,_mtfini_ISIS_ADJACENCY_INFO
FN:43,adj_alloc
FNDA:20,adj_alloc
FN:61,isis_new_adj
FNDA:20,isis_new_adj
FN:99,isis_adj_lookup
FNDA:1270,isis_adj_lookup
FN:111,isis_adj_lookup_snpa
FNDA:152,isis_adj_lookup_snpa
FN:124,isis_adj_find
FNDA:0,isis_adj_find
FN:141,hook_call_isis_adj_state_change_hook
FNDA:80,hook_call_isis_adj_state_change_hook
FN:143,isis_delete_adj
FNDA:20,isis_delete_adj
FN:171,adj_state2string
FNDA:139,adj_state2string
FN:188,adj_level2string
FNDA:0,adj_level2string
FN:204,isis_adj_route_switchover
FNDA:14,isis_adj_route_switchover
FN:234,isis_adj_process_threeway
FNDA:5,isis_adj_process_threeway
FN:286,isis_adj_name
FNDA:139,isis_adj_name
FN:302,isis_log_adj_change
FNDA:0,isis_log_adj_change
FN:312,isis_adj_state_change
FNDA:153,isis_adj_state_change
FN:443,isis_adj_print
FNDA:0,isis_adj_print
FN:475,isis_adj_yang_state
FNDA:60,isis_adj_yang_state
FN:491,isis_adj_expire
FNDA:1,isis_adj_expire
FN:509,isis_adj_print_json
FNDA:139,isis_adj_print_json
FN:716,isis_adj_print_vty
FNDA:0,isis_adj_print_vty
FN:884,isis_adj_build_neigh_list
FNDA:72,isis_adj_build_neigh_list
FN:907,isis_adj_build_up_list
FNDA:1079,isis_adj_build_up_list
FN:935,isis_adj_usage2levels
FNDA:1,isis_adj_usage2levels
DA:40,16
DA:40,8
DA:41,16
DA:41,8
DA:43,20
DA:48,20
DA:49,20
DA:51,20
DA:53,20
DA:54,19
DA:56,20
DA:58,20
DA:61,20
DA:67,20
DA:69,20
DA:70,18
DA:72,2
DA:75,20
DA:76,20
DA:77,20
DA:78,20
DA:79,20
DA:80,20
DA:81,18
DA:82,18
DA:83,162
DA:84,144
DA:86,144
DA:88,144
DA:89,144
DA:92,20
DA:93,20
DA:94,20
DA:96,20
DA:99,1270
DA:104,1270
DA:105,1252
DA:106,1252
DA:108,18
DA:111,152
DA:117,152
DA:118,152
DA:119,152
DA:121,0
DA:124,0
DA:130,0
DA:131,0
DA:132,0
DA:134,0
DA:135,0
DA:138,0
DA:141,640
DA:143,20
DA:145,20
DA:147,20
DA:148,0
DA:150,20
DA:152,20
DA:153,20
DA:154,19
DA:156,20
DA:158,20
DA:159,20
DA:160,20
DA:161,20
DA:162,20
DA:163,20
DA:164,20
DA:166,20
DA:167,20
DA:168,20
DA:171,139
DA:174,139
DA:175,54
DA:176,54
DA:177,85
DA:178,85
DA:179,0
DA:180,0
DA:181,0
DA:182,0
DA:188,0
DA:190,0
DA:191,0
DA:192,0
DA:193,0
DA:194,0
DA:195,0
DA:196,0
DA:197,0
DA:198,0
DA:204,14
DA:206,14
DA:210,14
DA:211,0
DA:213,14
DA:215,28
DA:216,14
DA:217,14
DA:221,28
DA:222,14
DA:223,14
DA:227,28
DA:228,14
DA:229,14
DA:234,5
DA:238,5
DA:239,5
DA:241,5
DA:242,5
DA:243,1
DA:244,4
DA:245,1
DA:246,3
DA:247,3
DA:248,0
DA:250,3
DA:253,0
DA:256,5
DA:257,3
DA:258,0
DA:265,5
DA:266,5
DA:268,5
DA:269,0
DA:270,0
DA:273,5
DA:274,4
DA:275,2
DA:276,2
DA:280,5
DA:281,3
DA:284,5
DA:286,139
DA:290,139
DA:291,0
DA:295,139
DA:296,139
DA:297,86
DA:299,53
DA:300,53
DA:302,0
DA:306,0
DA:311,0
DA:312,153
DA:315,153
DA:316,153
DA:317,153
DA:318,153
DA:320,153
DA:321,93
DA:323,60
DA:324,14
DA:325,14
DA:326,0
DA:330,14
DA:333,60
DA:334,60
DA:336,60
DA:337,3
DA:342,60
DA:343,0
DA:347,60
DA:350,60
DA:351,162
DA:352,108
DA:353,54
DA:354,54
DA:355,24
DA:356,24
DA:359,24
DA:360,24
DA:362,30
DA:363,12
DA:365,12
DA:366,12
DA:367,12
DA:371,30
DA:372,1
DA:373,1
DA:376,1
DA:380,54
DA:381,54
DA:382,54
DA:383,54
DA:384,54
DA:385,54
DA:390,54
DA:391,5
DA:394,6
DA:395,18
DA:396,12
DA:397,6
DA:398,6
DA:399,2
DA:403,2
DA:404,2
DA:406,2
DA:407,2
DA:411,0
DA:416,4
DA:417,2
DA:418,2
DA:419,1
DA:423,4
DA:424,0
DA:425,0
DA:428,0
DA:434,60
DA:436,60
DA:437,1
DA:438,1
DA:443,0
DA:447,0
DA:448,0
DA:449,0
DA:450,0
DA:451,0
DA:453,0
DA:455,0
DA:456,0
DA:457,0
DA:458,0
DA:461,0
DA:462,0
DA:463,0
DA:465,0
DA:467,0
DA:470,0
DA:472,0
DA:475,60
DA:477,60
DA:478,1
DA:479,1
DA:480,26
DA:481,26
DA:482,33
DA:483,33
DA:484,0
DA:485,0
DA:488,0
DA:491,1
DA:498,1
DA:499,1
DA:500,1
DA:503,1
DA:504,1
DA:509,139
DA:520,139
DA:522,139
DA:523,126
DA:524,126
DA:525,126
DA:527,0
DA:529,126
DA:530,126
DA:531,126
DA:532,126
DA:533,126
DA:534,126
DA:535,0
DA:538,126
DA:540,126
DA:541,126
DA:543,126
DA:546,139
DA:550,13
DA:551,13
DA:552,13
DA:553,13
DA:554,13
DA:555,13
DA:557,0
DA:559,13
DA:560,13
DA:561,13
DA:562,13
DA:563,13
DA:564,13
DA:565,0
DA:568,13
DA:570,13
DA:571,13
DA:573,0
DA:574,0
DA:575,13
DA:576,13
DA:577,13
DA:578,13
DA:580,13
DA:581,13
DA:582,13
DA:583,13
DA:584,0
DA:585,0
DA:587,0
DA:588,0
DA:589,0
DA:591,0
DA:594,13
DA:595,13
DA:596,13
DA:597,10
DA:598,10
DA:599,5
DA:600,5
DA:601,5
DA:602,5
DA:605,5
DA:606,5
DA:609,10
DA:610,10
DA:612,10
DA:613,10
DA:615,10
DA:618,10
DA:620,10
DA:621,10
DA:622,10
DA:625,10
DA:626,10
DA:629,13
DA:630,13
DA:631,13
DA:633,26
DA:634,13
DA:635,13
DA:637,13
DA:640,13
DA:641,13
DA:642,13
DA:644,26
DA:645,13
DA:646,13
DA:648,13
DA:651,13
DA:652,13
DA:653,13
DA:655,26
DA:657,13
DA:659,13
DA:663,13
DA:664,13
DA:665,13
DA:667,26
DA:668,13
DA:670,13
DA:672,13
DA:677,13
DA:678,13
DA:679,13
DA:684,0
DA:685,0
DA:686,0
DA:687,0
DA:688,0
DA:689,0
DA:690,0
DA:691,0
DA:692,0
DA:693,0
DA:694,0
DA:696,0
DA:697,0
DA:699,0
DA:700,0
DA:703,0
DA:705,0
DA:707,0
DA:710,139
DA:716,0
DA:723,0
DA:725,0
DA:726,0
DA:727,0
DA:729,0
DA:730,0
DA:731,0
DA:732,0
DA:733,0
DA:734,0
DA:735,0
DA:737,0
DA:738,0
DA:739,0
DA:741,0
DA:742,0
DA:743,0
DA:746,0
DA:750,0
DA:751,0
DA:752,0
DA:753,0
DA:754,0
DA:756,0
DA:757,0
DA:758,0
DA:759,0
DA:760,0
DA:761,0
DA:762,0
DA:764,0
DA:765,0
DA:766,0
DA:768,0
DA:769,0
DA:770,0
DA:771,0
DA:772,0
DA:773,0
DA:774,0
DA:775,0
DA:777,0
DA:778,0
DA:779,0
DA:780,0
DA:781,0
DA:782,0
DA:783,0
DA:784,0
DA:786,0
DA:787,0
DA:788,0
DA:789,0
DA:790,0
DA:791,0
DA:792,0
DA:794,0
DA:796,0
DA:797,0
DA:798,0
DA:800,0
DA:802,0
DA:804,0
DA:806,0
DA:807,0
DA:809,0
DA:811,0
DA:812,0
DA:813,0
DA:814,0
DA:815,0
DA:816,0
DA:819,0
DA:820,0
DA:821,0
DA:822,0
DA:823,0
DA:824,0
DA:826,0
DA:827,0
DA:828,0
DA:830,0
DA:832,0
DA:835,0
DA:836,0
DA:837,0
DA:838,0
DA:840,0
DA:842,0
DA:845,0
DA:846,0
DA:847,0
DA:849,0
DA:851,0
DA:852,0
DA:854,0
DA:859,0
DA:860,0
DA:861,0
DA:862,0
DA:863,0
DA:864,0
DA:865,0
DA:866,0
DA:867,0
DA:868,0
DA:869,0
DA:871,0
DA:872,0
DA:874,0
DA:875,0
DA:879,0
DA:881,0
DA:884,72
DA:889,72
DA:890,0
DA:891,0
DA:894,143
DA:895,71
DA:896,0
DA:897,0
DA:900,71
DA:901,47
DA:902,71
DA:904,72
DA:907,1079
DA:912,1079
DA:913,0
DA:914,0
DA:917,1079
DA:918,0
DA:919,0
DA:922,2157
DA:923,1078
DA:924,0
DA:925,0
DA:928,1078
DA:929,1065
DA:932,1079
DA:935,1
DA:937,1
DA:938,1
DA:939,1
DA:940,0
DA:941,0
DA:942,0
DA:943,0
DA:944,0
DA:945,0
DA:948,0
end_of_record
TN:
SF:/home/frr/frr/lib/zlog.h
FN:78,zlog_ref
FNDA:0,zlog_ref
DA:78,0
DA:83,0
DA:84,0
DA:85,0
DA:86,0
end_of_record
SF:/home/frr/frr/isisd/isis_mt.c
FN:18,_mtinit_MT_AREA_SETTING
FNDA:8,_mtinit_MT_AREA_SETTING
FN:18,_mtfini_MT_AREA_SETTING
FNDA:16,_mtfini_MT_AREA_SETTING
FN:19,_mtinit_MT_CIRCUIT_SETTING
FNDA:8,_mtinit_MT_CIRCUIT_SETTING
FN:19,_mtfini_MT_CIRCUIT_SETTING
FNDA:16,_mtfini_MT_CIRCUIT_SETTING
FN:20,_mtinit_MT_ADJ_INFO
FNDA:8,_mtinit_MT_ADJ_INFO
FN:20,_mtfini_MT_ADJ_INFO
FNDA:16,_mtfini_MT_ADJ_INFO
FN:22,isis_area_ipv6_dstsrc_enabled
FNDA:298,isis_area_ipv6_dstsrc_enabled
FN:30,isis_area_ipv6_topology
FNDA:398,isis_area_ipv6_topology
FN:41,isis_mtid2str
FNDA:0,isis_mtid2str
FN:66,isis_str2mtid
FNDA:0,isis_str2mtid
FN:93,lookup_mt_setting
FNDA:710,lookup_mt_setting
FN:105,add_mt_setting
FNDA:22,add_mt_setting
FN:114,area_lookup_mt_setting
FNDA:696,area_lookup_mt_setting
FN:120,area_new_mt_setting
FNDA:8,area_new_mt_setting
FN:130,area_free_mt_setting
FNDA:8,area_free_mt_setting
FN:135,area_add_mt_setting
FNDA:0,area_add_mt_setting
FN:141,area_mt_init
FNDA:8,area_mt_init
FN:152,area_mt_finish
FNDA:8,area_mt_finish
FN:157,area_get_mt_setting
FNDA:0,area_get_mt_setting
FN:170,area_write_mt_settings
FNDA:0,area_write_mt_settings
FN:190,area_is_mt
FNDA:195,area_is_mt
FN:213,area_mt_settings
FNDA:2524,area_mt_settings
FN:243,circuit_lookup_mt_setting
FNDA:14,circuit_lookup_mt_setting
FN:249,circuit_new_mt_setting
FNDA:14,circuit_new_mt_setting
FN:259,circuit_free_mt_setting
FNDA:14,circuit_free_mt_setting
FN:264,circuit_add_mt_setting
FNDA:14,circuit_add_mt_setting
FN:270,circuit_mt_init
FNDA:15,circuit_mt_init
FN:276,circuit_mt_finish
FNDA:15,circuit_mt_finish
FN:282,circuit_get_mt_setting
FNDA:14,circuit_get_mt_setting
FN:314,circuit_mt_settings
FNDA:2524,circuit_mt_settings
FN:357,adj_mt_set
FNDA:1248,adj_mt_set
FN:368,tlvs_to_adj_mt_set
FNDA:1248,tlvs_to_adj_mt_set
FN:446,adj_has_mt
FNDA:280,adj_has_mt
FN:454,adj_mt_finish
FNDA:20,adj_mt_finish
FN:460,mt_set_add
FNDA:54,mt_set_add
FN:478,circuit_bcast_mt_set
FNDA:55,circuit_bcast_mt_set
FN:504,tlvs_add_mt_set
FNDA:57,tlvs_add_mt_set
FN:534,tlvs_add_mt_bcast
FNDA:55,tlvs_add_mt_bcast
FN:544,tlvs_add_mt_p2p
FNDA:2,tlvs_add_mt_p2p
FN:553,mt_init
FNDA:8,mt_init
DA:18,16
DA:18,8
DA:19,16
DA:19,8
DA:20,16
DA:20,8
DA:22,298
DA:25,298
DA:27,298
DA:30,398
DA:33,398
DA:35,398
DA:36,0
DA:37,398
DA:41,0
DA:45,0
DA:46,0
DA:47,0
DA:48,0
DA:49,0
DA:50,0
DA:51,0
DA:52,0
DA:53,0
DA:54,0
DA:55,0
DA:56,0
DA:57,0
DA:58,0
DA:59,0
DA:60,0
DA:61,0
DA:62,0
DA:66,0
DA:68,0
DA:69,0
DA:70,0
DA:71,0
DA:72,0
DA:73,0
DA:74,0
DA:75,0
DA:76,0
DA:77,0
DA:78,0
DA:79,0
DA:80,0
DA:81,0
DA:82,0
DA:83,0
DA:84,0
DA:93,710
DA:98,1406
DA:99,696
DA:100,0
DA:102,710
DA:105,22
DA:107,22
DA:108,8
DA:109,22
DA:110,22
DA:114,696
DA:117,696
DA:120,8
DA:125,8
DA:126,8
DA:127,8
DA:130,8
DA:132,8
DA:133,8
DA:135,0
DA:138,0
DA:139,0
DA:141,8
DA:146,8
DA:147,8
DA:148,8
DA:149,8
DA:150,8
DA:152,8
DA:154,8
DA:155,8
DA:157,0
DA:162,0
DA:163,0
DA:164,0
DA:165,0
DA:167,0
DA:170,0
DA:172,0
DA:176,0
DA:177,0
DA:178,0
DA:179,0
DA:180,0
DA:182,0
DA:183,0
DA:184,0
DA:187,0
DA:190,195
DA:197,390
DA:198,195
DA:199,0
DA:201,510
DA:202,620
DA:204,305
DA:205,0
DA:206,0
DA:210,195
DA:213,2524
DA:219,2524
DA:223,5048
DA:224,2524
DA:225,0
DA:227,2524
DA:228,2524
DA:229,8
DA:231,8
DA:233,2524
DA:236,2524
DA:237,2524
DA:243,14
DA:245,14
DA:249,14
DA:253,14
DA:254,14
DA:255,14
DA:256,14
DA:259,14
DA:261,14
DA:262,14
DA:264,14
DA:267,14
DA:268,14
DA:270,15
DA:272,15
DA:273,15
DA:274,15
DA:276,15
DA:278,15
DA:279,15
DA:282,14
DA:286,14
DA:287,14
DA:288,14
DA:289,14
DA:291,14
DA:314,2524
DA:322,2524
DA:327,2524
DA:329,5048
DA:330,2524
DA:332,2510
DA:333,0
DA:334,2510
DA:336,2524
DA:337,14
DA:338,14
DA:340,2524
DA:341,0
DA:343,2524
DA:344,2524
DA:345,8
DA:347,8
DA:349,2524
DA:352,2524
DA:353,2524
DA:357,1248
DA:360,1248
DA:361,20
DA:363,20
DA:365,1248
DA:366,1248
DA:368,1248
DA:374,1248
DA:376,1248
DA:379,1248
DA:380,1248
DA:381,1228
DA:383,1228
DA:387,1248
DA:388,2496
DA:389,1248
DA:390,1248
DA:392,1248
DA:393,1248
DA:394,1248
DA:399,0
DA:401,0
DA:402,0
DA:403,0
DA:405,0
DA:406,0
DA:409,0
DA:410,0
DA:411,0
DA:414,0
DA:415,0
DA:416,0
DA:417,0
DA:418,0
DA:420,0
DA:421,0
DA:423,0
DA:428,1248
DA:430,1248
DA:432,1248
DA:433,20
DA:435,1248
DA:436,1228
DA:438,0
DA:440,1248
DA:441,1228
DA:443,1248
DA:446,280
DA:448,280
DA:449,280
DA:450,280
DA:451,0
DA:454,20
DA:456,20
DA:457,20
DA:458,20
DA:460,54
DA:463,54
DA:464,0
DA:465,0
DA:468,54
DA:469,8
DA:471,8
DA:474,54
DA:475,54
DA:478,55
DA:486,55
DA:488,55
DA:489,0
DA:490,0
DA:493,110
DA:494,55
DA:495,1
DA:496,108
DA:497,54
DA:500,55
DA:501,55
DA:504,57
DA:510,57
DA:511,57
DA:514,57
DA:516,57
DA:520,0
DA:521,0
DA:522,0
DA:523,0
DA:526,0
DA:530,0
DA:534,55
DA:538,55
DA:540,55
DA:542,55
DA:544,2
DA:547,2
DA:549,2
DA:551,2
DA:553,8
DA:559,8
end_of_record
TN:
SF:/home/frr/frr/lib/frrevent.h
FN:304,event_is_scheduled
FNDA:20,event_is_scheduled
DA:304,20
DA:306,20
DA:307,0
DA:309,20
end_of_record
SF:/home/frr/frr/isisd/isis_lsp.c
FN:51,_mtinit_ISIS_LSP
FNDA:8,_mtinit_ISIS_LSP
FN:51,_mtfini_ISIS_LSP
FNDA:16,_mtfini_ISIS_LSP
FN:61,lsp_id_cmp
FNDA:492,lsp_id_cmp
FN:66,lspdb_compare
FNDA:15145,lspdb_compare
FN:71,lsp_db_init
FNDA:17,lsp_db_init
FN:76,lsp_db_fini
FNDA:18,lsp_db_fini
FN:85,lsp_search
FNDA:8341,lsp_search
FN:93,lsp_clear_data
FNDA:583,lsp_clear_data
FN:104,lsp_destroy
FNDA:59,lsp_destroy
FN:150,lsp_remove_frags
FNDA:62,lsp_remove_frags
FN:162,lsp_search_and_destroy
FNDA:3,lsp_search_and_destroy
FN:193,lsp_compare
FNDA:610,lsp_compare
FN:254,put_lsp_hdr
FNDA:309,put_lsp_hdr
FN:287,lsp_add_auth
FNDA:407,lsp_add_auth
FN:295,lsp_pack_pdu
FNDA:282,lsp_pack_pdu
FN:312,lsp_inc_seqno
FNDA:140,lsp_inc_seqno
FN:337,lsp_purge_add_poi
FNDA:10,lsp_purge_add_poi
FN:354,lsp_purge
FNDA:10,lsp_purge
FN:377,lsp_seqno_update
FNDA:125,lsp_seqno_update
FN:401,isis_level2_adj_up
FNDA:321,isis_level2_adj_up
FN:437,set_overload_on_start_timer
FNDA:2,set_overload_on_start_timer
FN:449,lsp_bits_generate
FNDA:165,lsp_bits_generate
FN:469,lsp_update_data
FNDA:146,lsp_update_data
FN:507,lsp_link_fragment
FNDA:59,lsp_link_fragment
FN:520,lsp_update
FNDA:114,lsp_update
FN:557,lsp_new_from_recv
FNDA:32,lsp_new_from_recv
FN:571,lsp_adjust_stream
FNDA:152,lsp_adjust_stream
FN:582,lsp_new
FNDA:27,lsp_new
FN:613,lsp_insert
FNDA:59,lsp_insert
FN:625,lsp_build_list_nonzero_ht
FNDA:124,lsp_build_list_nonzero_ht
FN:644,lsp_set_time
FNDA:8699,lsp_set_time
FN:659,lspid_print
FNDA:187,lspid_print
FN:685,lsp_bits2string
FNDA:187,lsp_bits2string
FN:708,lsp_print_common
FNDA:24,lsp_print_common
FN:718,lsp_print_json
FNDA:179,lsp_print_json
FN:750,lsp_print_vty
FNDA:8,lsp_print_vty
FN:771,lsp_print_detail
FNDA:32,lsp_print_detail
FN:790,lsp_print_all
FNDA:18,lsp_print_all
FN:821,lsp_rem_lifetime
FNDA:138,lsp_rem_lifetime
FN:840,lsp_refresh_time
FNDA:138,lsp_refresh_time
FN:863,lsp_build_internal_reach_ipv4
FNDA:179,lsp_build_internal_reach_ipv4
FN:897,lsp_build_internal_reach_ipv6
FNDA:179,lsp_build_internal_reach_ipv6
FN:922,lsp_build_ext_reach_ipv4
FNDA:125,lsp_build_ext_reach_ipv4
FN:968,lsp_build_ext_reach_ipv6
FNDA:125,lsp_build_ext_reach_ipv6
FN:1017,lsp_build_ext_reach
FNDA:125,lsp_build_ext_reach
FN:1023,lsp_next_frag
FNDA:0,lsp_next_frag
FN:1053,lsp_build
FNDA:125,lsp_build
FN:1466,lsp_generate
FNDA:20,lsp_generate
FN:1553,lsp_regenerate
FNDA:105,lsp_regenerate
FN:1627,lsp_refresh
FNDA:5727,lsp_refresh
FN:1665,_lsp_regenerate_schedule
FNDA:6056,_lsp_regenerate_schedule
FN:1792,lsp_build_pseudo
FNDA:13,lsp_build_pseudo
FN:1880,lsp_generate_pseudo
FNDA:10,lsp_generate_pseudo
FN:1941,lsp_regenerate_pseudo
FNDA:6,lsp_regenerate_pseudo
FN:1998,lsp_l1_refresh_pseudo
FNDA:1,lsp_l1_refresh_pseudo
FN:2020,lsp_l2_refresh_pseudo
FNDA:5,lsp_l2_refresh_pseudo
FN:2042,lsp_regenerate_schedule_pseudo
FNDA:22,lsp_regenerate_schedule_pseudo
FN:2144,lsp_tick
FNDA:1646,lsp_tick
FN:2236,lsp_purge_pseudo
FNDA:10,lsp_purge_pseudo
FN:2251,lsp_purge_non_exist
FNDA:0,lsp_purge_non_exist
FN:2279,lsp_set_all_srmflags
FNDA:303,lsp_set_all_srmflags
FN:2300,_lsp_flood
FNDA:303,_lsp_flood
FN:2319,lsp_handle_adj_state_change
FNDA:80,lsp_handle_adj_state_change
FN:2329,isis_lsp_iterate_srv6_locator
[...]
FN:121,isis_vertex_queue_tent_cmp
FNDA:0,isis_vertex_queue_tent_cmp
FN:149,isis_vertex_queue_skiplist
FNDA:0,isis_vertex_queue_skiplist
FN:155,isis_vertex_queue_init
FNDA:0,isis_vertex_queue_init
FN:181,isis_vertex_queue_clear
FNDA:0,isis_vertex_queue_clear
FN:201,isis_vertex_queue_free
FNDA:0,isis_vertex_queue_free
FN:216,isis_vertex_queue_count
FNDA:0,isis_vertex_queue_count
FN:222,isis_vertex_queue_append
FNDA:0,isis_vertex_queue_append
FN:236,isis_vertex_queue_last
FNDA:0,isis_vertex_queue_last
FN:247,isis_vertex_queue_insert
FNDA:0,isis_vertex_queue_insert
FN:263,isis_vertex_queue_pop
FNDA:0,isis_vertex_queue_pop
FN:279,isis_vertex_queue_delete
FNDA:0,isis_vertex_queue_delete
FN:364,isis_vertex_id_init
FNDA:0,isis_vertex_id_init
FN:379,isis_find_vertex
FNDA:0,isis_find_vertex
FN:390,lsp_for_vertex
FNDA:0,lsp_for_vertex
DA:82,0
DA:84,0
DA:86,0
DA:89,0
DA:90,0
DA:91,0
DA:94,0
DA:98,0
DA:100,0
DA:102,0
DA:103,0
DA:105,0
DA:106,0
DA:107,0
DA:109,0
DA:110,0
DA:111,0
DA:114,0
DA:121,0
DA:124,0
DA:125,0
DA:127,0
DA:128,0
DA:130,0
DA:131,0
DA:133,0
DA:134,0
DA:136,0
DA:137,0
DA:139,0
DA:140,0
DA:142,0
DA:143,0
DA:145,0
DA:149,0
DA:151,0
DA:155,0
DA:158,0
DA:159,0
DA:160,0
DA:162,0
DA:163,0
DA:165,0
DA:167,0
DA:181,0
DA:183,0
DA:185,0
DA:187,0
DA:189,0
DA:190,0
DA:192,0
DA:194,0
DA:195,0
DA:196,0
DA:198,0
DA:201,0
DA:203,0
DA:205,0
DA:206,0
DA:208,0
DA:209,0
DA:210,0
DA:212,0
DA:213,0
DA:216,0
DA:218,0
DA:222,0
DA:225,0
DA:227,0
DA:231,0
DA:232,0
DA:233,0
DA:236,0
DA:240,0
DA:241,0
DA:242,0
DA:243,0
DA:247,0
DA:250,0
DA:251,0
DA:252,0
DA:254,0
DA:257,0
DA:258,0
DA:259,0
DA:263,0
DA:265,0
DA:269,0
DA:270,0
DA:272,0
DA:273,0
DA:275,0
DA:279,0
DA:282,0
DA:284,0
DA:285,0
DA:286,0
DA:364,0
DA:367,0
DA:369,0
DA:370,0
DA:371,0
DA:372,0
DA:374,0
DA:376,0
DA:379,0
DA:385,0
DA:386,0
DA:390,0
DA:395,0
DA:397,0
DA:398,0
DA:400,0
DA:402,0
DA:403,0
DA:405,0
end_of_record
TN:
SF:/home/frr/frr/lib/zlog.h
FN:78,zlog_ref
FNDA:52,zlog_ref
DA:78,52
DA:83,52
DA:84,52
DA:85,52
DA:86,52
end_of_record
SF:/home/frr/frr/isisd/isis_lsp.h
FN:51,lspdb_count
FNDA:1615,lspdb_count
FN:51,lspdb_next
FNDA:5558,lspdb_next
FN:51,lspdb_first
FNDA:1482,lspdb_first
FN:51,lspdb_const_next
FNDA:5558,lspdb_const_next
FN:51,lspdb_const_first
FNDA:1482,lspdb_const_first
DA:51,1615
DA:51,5558
DA:51,1482
DA:51,5558
DA:51,1482
end_of_record
SF:/home/frr/frr/isisd/isis_pdu.c
FN:50,ack_lsp
FNDA:0,ack_lsp
FN:117,process_p2p_hello
FNDA:100,process_p2p_hello
FN:475,process_lan_hello
FNDA:1148,process_lan_hello
FN:571,pdu_len_validate
FNDA:1571,pdu_len_validate
FN:583,update_rej_adj_count
FNDA:4,update_rej_adj_count
FN:596,process_hello
FNDA:1252,process_hello
FN:837,lsp_flood_or_update
FNDA:146,lsp_flood_or_update
FN:852,process_lsp
FNDA:185,process_lsp
FN:1329,process_snp
FNDA:138,process_snp
FN:1632,pdu_size
FNDA:4775,pdu_size
FN:1666,isis_handle_pdu
FNDA:1575,isis_handle_pdu
FN:1843,isis_receive
FNDA:1576,isis_receive
FN:1879,fill_fixed_hdr
FNDA:3200,fill_fixed_hdr
FN:1896,hello_pdu_type
FNDA:2552,hello_pdu_type
FN:1904,put_hello_hdr
FNDA:1276,put_hello_hdr
FN:1936,send_hello
FNDA:1278,send_hello
FN:2072,send_hello_cb
FNDA:1256,send_hello_cb
FN:2112,_send_hello_sched
FNDA:1340,_send_hello_sched
FN:2127,send_hello_sched
FNDA:1340,send_hello_sched
FN:2160,get_max_lsp_count
FNDA:1615,get_max_lsp_count
FN:2178,send_csnp
FNDA:136,send_csnp
FN:2301,send_l1_csnp
FNDA:67,send_l1_csnp
FN:2321,send_l2_csnp
FNDA:69,send_l2_csnp
FN:2345,send_psnp
FNDA:2625,send_psnp
FN:2455,send_l1_psnp
FNDA:1208,send_l1_psnp
FN:2476,send_l2_psnp
FNDA:1417,send_l2_psnp
FN:2496,send_lsp
FNDA:379,send_lsp
FN:2597,isis_log_pdu_drops
FNDA:0,isis_log_pdu_drops
DA:50,0
DA:56,0
DA:59,0
DA:61,0
DA:63,0
DA:65,0
DA:66,0
DA:67,0
DA:68,0
DA:69,0
DA:71,0
DA:72,0
DA:73,0
DA:74,0
DA:76,0
DA:78,0
DA:80,0
DA:81,0
DA:82,0
DA:83,0
DA:88,0
DA:117,100
DA:119,100
DA:121,100
DA:122,100
DA:123,0
DA:124,0
DA:129,0
DA:132,100
DA:133,98
DA:135,98
DA:136,98
DA:138,0
DA:139,0
DA:144,0
DA:152,100
DA:155,100
DA:156,41
DA:157,0
DA:158,59
DA:159,3
DA:160,0
DA:161,0
DA:162,59
DA:163,3
DA:164,3
DA:165,44
DA:166,44
DA:168,0
DA:169,0
DA:178,0
DA:181,44
DA:185,56
DA:186,56
DA:187,0
DA:188,0
DA:189,0
DA:190,0
DA:191,0
DA:192,0
DA:193,0
DA:194,0
DA:195,56
DA:198,0
DA:199,0
DA:200,0
DA:201,0
DA:203,0
DA:204,0
DA:206,0
DA:211,0
DA:212,0
DA:213,0
DA:222,0
DA:225,100
DA:226,98
DA:227,0
DA:229,0
DA:231,0
DA:234,100
DA:235,97
DA:236,97
DA:237,2
DA:241,95
DA:243,97
DA:250,97
DA:251,97
DA:252,97
DA:255,100
DA:256,100
DA:259,100
DA:260,100
DA:263,100
DA:264,100
DA:268,100
DA:269,100
DA:274,100
DA:275,0
DA:276,0
DA:279,100
DA:280,100
DA:282,100
DA:283,44
DA:284,3
DA:285,3
DA:286,3
DA:287,3
DA:288,2
DA:289,2
DA:290,1
DA:291,0
DA:292,2
DA:293,2
DA:295,2
DA:300,100
DA:301,0
DA:302,0
DA:303,0
DA:304,0
DA:305,0
DA:306,0
DA:307,0
DA:308,0
DA:311,0
DA:315,0
DA:316,0
DA:317,0
DA:318,0
DA:319,0
DA:320,0
DA:321,0
DA:322,0
DA:325,0
DA:329,0
DA:330,0
DA:331,0
DA:332,0
DA:333,0
DA:334,0
DA:335,0
DA:336,0
DA:338,0
DA:342,0
DA:347,100
DA:348,56
DA:349,0
DA:350,0
DA:351,0
DA:352,0
DA:353,0
DA:354,0
DA:356,0
DA:357,0
DA:358,0
DA:359,0
DA:360,0
DA:365,0
DA:366,0
DA:368,0
DA:369,0
DA:373,0
DA:379,0
DA:380,0
DA:381,0
DA:383,0
DA:384,0
DA:385,0
DA:387,0
DA:391,0
DA:393,0
DA:396,0
DA:400,0
DA:401,0
DA:403,0
DA:404,0
DA:405,0
DA:406,0
DA:407,0
DA:409,0
DA:412,0
DA:414,0
DA:416,0
DA:421,0
DA:426,0
DA:431,0
DA:434,100
DA:435,100
DA:436,1
DA:447,100
DA:448,99
DA:449,99
DA:450,99
DA:451,0
DA:452,0
DA:453,0
DA:454,0
DA:455,0
DA:456,0
DA:457,1
DA:458,1
DA:459,1
DA:463,100
DA:464,0
DA:472,100
DA:475,1148
DA:478,2296
DA:479,1148
DA:480,1148
DA:481,1130
DA:482,18
DA:484,18
DA:487,0
DA:488,0
DA:490,0
DA:492,0
DA:494,18
DA:496,18
DA:497,9
DA:499,9
DA:500,18
DA:501,18
DA:502,18
DA:503,18
DA:504,18
DA:507,1148
DA:508,1044
DA:509,193
DA:510,522
DA:512,522
DA:513,15
DA:515,15
DA:519,1148
DA:520,1148
DA:521,1148
DA:522,1148
DA:523,1148
DA:526,1148
DA:527,1148
DA:531,1148
DA:532,1148
DA:540,1148
DA:542,1148
DA:543,36
DA:544,24
DA:549,1112
DA:550,11
DA:556,1148
DA:557,27
DA:559,1148
DA:560,4
DA:568,1148
DA:571,1571
DA:573,1571
DA:574,1571
DA:575,1571
DA:576,0
DA:578,1571
DA:579,0
DA:580,1571
DA:583,4
DA:585,4
DA:586,4
DA:587,2
DA:588,2
DA:589,0
DA:591,2
DA:592,2
DA:594,4
DA:596,1252
DA:598,1252
DA:600,1252
DA:601,1252
DA:602,1252
DA:603,1252
DA:604,1252
DA:605,2403
DA:606,1151
DA:607,1252
DA:610,1252
DA:612,1252
DA:614,1252
DA:615,4
DA:620,4
DA:621,0
DA:622,0
DA:625,1252
DA:626,101
DA:627,1
DA:628,1
DA:630,1
DA:634,1
DA:637,1151
DA:638,2
DA:639,2
DA:641,2
DA:645,2
DA:648,1149
DA:649,0
DA:652,0
DA:654,0
DA:659,0
DA:662,1149
DA:663,1
DA:664,0
DA:669,1
DA:671,1
DA:675,1
DA:679,1248
DA:683,1248
DA:684,1248
DA:685,1248
DA:686,1248
DA:688,1248
DA:689,100
DA:691,1148
DA:692,1148
DA:695,1248
DA:696,0
DA:700,0
DA:702,0
DA:705,0
DA:708,1248
DA:709,0
DA:712,0
DA:714,0
DA:718,0
DA:722,1248
DA:724,1248
DA:726,0
DA:727,0
DA:729,0
DA:732,0
DA:735,1248
DA:736,0
DA:739,0
DA:741,0
DA:744,1248
DA:745,0
DA:746,0
DA:748,0
DA:752,0
DA:755,1248
DA:757,1248
DA:758,0
DA:763,0
DA:765,0
DA:766,0
DA:767,0
DA:770,0
DA:771,0
DA:775,0
DA:778,1248
DA:779,0
DA:782,0
DA:784,0
DA:788,0
DA:791,1248
DA:792,1148
DA:793,1148
DA:794,444
DA:795,444
DA:796,0
DA:797,0
DA:804,0
DA:806,0
DA:809,1248
DA:810,1248
DA:812,1248
DA:813,1248
DA:815,1248
DA:816,0
DA:817,0
DA:821,0
DA:823,0
DA:827,0
DA:830,1248
DA:831,1248
DA:832,1248
DA:834,1248
DA:837,146
DA:841,146
DA:842,146
DA:844,0
DA:845,146
DA:852,185
DA:854,185
DA:857,185
DA:858,185
DA:859,185
DA:861,185
DA:864,185
DA:865,0
DA:866,0
DA:867,0
DA:868,0
DA:869,0
DA:870,0
DA:875,0
DA:876,0
DA:878,185
DA:879,113
DA:881,72
DA:882,185
DA:885,185
DA:886,0
DA:893,0
DA:894,0
DA:895,0
DA:898,185
DA:900,185
DA:901,185
DA:902,185
DA:903,185
DA:904,185
DA:905,185
DA:911,185
DA:912,185
DA:916,185
DA:917,0
DA:919,0
DA:922,185
DA:923,0
DA:931,185
DA:932,0
DA:941,185
DA:942,185
DA:943,0
DA:946,0
DA:950,185
DA:951,0
DA:954,0
DA:958,185
DA:959,21
DA:963,21
DA:966,164
DA:967,164
DA:970,164
DA:972,0
DA:982,0
DA:983,0
DA:984,0
DA:985,0
DA:986,0
DA:988,0
DA:989,0
DA:992,0
DA:995,0
DA:1004,164
DA:1005,113
DA:1006,164
DA:1007,164
DA:1009,164
DA:1010,0
DA:1015,0
DA:1016,0
DA:1017,0
DA:1018,0
DA:1019,0
DA:1020,0
DA:1022,0
DA:1023,0
DA:1025,0
DA:1028,0
DA:1029,0
DA:1030,0
DA:1031,0
DA:1032,0
DA:1034,0
DA:1035,0
DA:1037,0
DA:1041,0
DA:1047,164
DA:1048,164
DA:1049,164
DA:1050,132
DA:1051,132
DA:1052,164
DA:1053,9
DA:1059,155
DA:1060,152
DA:1061,152
DA:1062,0
DA:1067,0
DA:1073,3
DA:1074,0
DA:1075,0
DA:1077,3
DA:1078,3
DA:1080,3
DA:1081,0
DA:1083,0
DA:1089,3
DA:1100,164
DA:1101,2
DA:1102,2
DA:1103,0
DA:1106,0
DA:1107,0
DA:1109,164
DA:1112,164
DA:1113,2
DA:1117,0
DA:1118,0
DA:1119,0
DA:1121,2
DA:1125,2
DA:1126,2
DA:1130,2
DA:1131,0
DA:1132,2
DA:1134,2
DA:1137,2
DA:1148,2
DA:1149,2
DA:1154,2
DA:1156,1
DA:1161,0
DA:1163,0
DA:1166,0
DA:1168,0
DA:1172,0
DA:1174,0
DA:1176,0
DA:1178,0
DA:1180,0
DA:1183,0
DA:1184,0
DA:1185,0
DA:1189,0
DA:1190,0
DA:1193,0
DA:1195,0
DA:1197,0
DA:1198,0
DA:1206,0
DA:1210,2
DA:1214,162
DA:1215,9
DA:1217,0
DA:1218,0
DA:1219,0
DA:1229,9
DA:1231,9
DA:1234,9
DA:1235,9
DA:1237,9
DA:1238,0
DA:1243,9
DA:1244,0
DA:1245,0
DA:1246,0
DA:1247,0
DA:1249,0
DA:1251,0
DA:1258,297
DA:1263,144
DA:1264,144
DA:1266,0
DA:1267,0
DA:1268,0
DA:1269,0
DA:1270,0
DA:1271,0
DA:1273,0
DA:1277,144
DA:1278,32
DA:1281,32
DA:1282,32
DA:1286,112
DA:1288,112
DA:1290,144
DA:1293,144
DA:1294,2
DA:1298,9
DA:1299,0
DA:1300,0
DA:1302,0
DA:1303,0
DA:1304,0
DA:1308,9
DA:1310,9
DA:1314,162
DA:1316,164
DA:1317,164
DA:1319,164
DA:1320,164
DA:1329,138
DA:1331,138
DA:1333,138
DA:1334,138
DA:1335,138
DA:1338,138
DA:1339,138
DA:1340,138
DA:1341,138
DA:1342,71
DA:1344,209
DA:1346,138
DA:1349,138
DA:1350,138
DA:1352,138
DA:1353,138
DA:1355,138
DA:1356,135
DA:1358,135
DA:1362,138
DA:1363,0
DA:1364,0
DA:1367,138
DA:1368,0
DA:1374,0
DA:1375,0
DA:1376,0
DA:1380,138
DA:1382,0
DA:1387,0
DA:1391,138
DA:1392,11
DA:1398,11
DA:1402,127
DA:1403,0
DA:1404,0
DA:1409,0
DA:1423,127
DA:1424,122
DA:1425,122
DA:1426,0
DA:1428,5
DA:1429,0
DA:1431,0
DA:1436,127
DA:1439,127
DA:1441,0
DA:1443,0
DA:1446,127
DA:1447,59
DA:1448,127
DA:1450,127
DA:1451,0
DA:1453,0
DA:1454,0
DA:1459,0
DA:1461,0
DA:1462,0
DA:1463,0
DA:1464,0
DA:1465,0
DA:1466,0
DA:1468,0
DA:1469,0
DA:1471,0
DA:1474,0
DA:1475,0
DA:1476,0
DA:1477,0
DA:1478,0
DA:1480,0
DA:1481,0
DA:1483,0
DA:1487,0
DA:1491,127
DA:1492,127
DA:1495,127
DA:1496,0
DA:1499,0
DA:1500,0
DA:1501,0
DA:1509,127
DA:1512,605
DA:1513,478
DA:1515,478
DA:1516,478
DA:1518,478
DA:1520,478
DA:1521,478
DA:1522,478
DA:1524,478
DA:1527,475
DA:1531,3
DA:1532,2
DA:1533,2
DA:1539,1
DA:1540,0
DA:1541,0
DA:1544,1
DA:1547,1
DA:1548,1
DA:1555,0
DA:1556,0
DA:1557,0
DA:1559,0
DA:1561,0
DA:1564,0
DA:1566,0
DA:1567,0
DA:1568,0
DA:1570,0
DA:1571,0
DA:1572,0
DA:1575,0
DA:1576,0
DA:1577,0
DA:1578,0
DA:1581,0
DA:1582,0
DA:1583,0
DA:1590,127
DA:1595,124
DA:1596,124
DA:1602,598
DA:1603,474
DA:1604,500
DA:1605,492
DA:1607,466
DA:1608,466
DA:1614,128
DA:1615,4
DA:1616,4
DA:1620,124
DA:1623,127
DA:1624,0
DA:1626,127
DA:1627,127
DA:1628,127
DA:1629,127
DA:1632,4775
DA:1634,4775
DA:1635,2325
DA:1637,2325
DA:1638,2325
DA:1639,203
DA:1640,203
DA:1641,203
DA:1642,494
DA:1645,494
DA:1646,494
DA:1647,271
DA:1649,271
DA:1650,271
DA:1651,1482
DA:1653,1482
DA:1654,1482
DA:1655,0
DA:1656,0
DA:1658,4775
DA:1659,4775
DA:1666,1575
DA:1667,1575
DA:1668,1575
DA:1669,1575
DA:1670,1575
DA:1671,1575
DA:1673,1575
DA:1677,1575
DA:1678,0
DA:1679,0
DA:1682,1575
DA:1683,1575
DA:1684,1575
DA:1685,1575
DA:1686,1575
DA:1688,1575
DA:1690,1575
DA:1691,1575
DA:1693,1575
DA:1695,1575
DA:1696,0
DA:1698,0
DA:1699,0
DA:1702,1575
DA:1703,0
DA:1705,0
DA:1706,0
DA:1709,1575
DA:1710,0
DA:1713,0
DA:1716,0
DA:1717,0
DA:1720,1575
DA:1721,0
DA:1725,0
DA:1726,0
DA:1727,0
DA:1728,0
DA:1729,0
DA:1731,0
DA:1732,0
DA:1737,0
DA:1740,0
DA:1741,0
DA:1745,1575
DA:1746,0
DA:1747,0
DA:1748,0
DA:1751,1575
DA:1752,0
DA:1755,0
DA:1756,0
DA:1759,1575
DA:1760,0
DA:1763,0
DA:1764,0
DA:1767,1575
DA:1768,0
DA:1771,0
DA:1774,0
DA:1775,0
DA:1778,1575
DA:1779,0
DA:1781,0
DA:1782,0
DA:1786,1575
DA:1788,1575
DA:1789,0
DA:1790,0
DA:1794,0
DA:1797,0
DA:1800,0
DA:1801,0
DA:1804,1575
DA:1805,1252
DA:1808,1252
DA:1809,0
DA:1810,0
DA:1813,1252
DA:1814,1252
DA:1815,185
DA:1818,185
DA:1820,0
DA:1821,0
DA:1824,185
DA:1825,185
DA:1826,138
DA:1830,138
DA:1831,138
DA:1832,0
DA:1833,0
DA:1834,0
DA:1837,1575
DA:1838,27
DA:1840,1575
DA:1843,1576
DA:1851,1576
DA:1852,1576
DA:1854,1576
DA:1856,1576
DA:1861,1576
DA:1863,1576
DA:1864,1575
DA:1872,1576
DA:1873,1576
DA:1874,1576
DA:1879,3200
DA:1883,3200
DA:1884,0
DA:1886,3200
DA:1887,3200
DA:1888,3200
DA:1889,3200
DA:1890,3200
DA:1891,3200
DA:1892,3200
DA:1893,3200
DA:1894,3200
DA:1896,2552
DA:1898,2552
DA:1899,2348
DA:1901,204
DA:1904,1276
DA:1907,1276
DA:1909,1276
DA:1910,1276
DA:1912,1276
DA:1913,1276
DA:1915,1276
DA:1916,1276
DA:1918,1276
DA:1919,0
DA:1921,1276
DA:1922,1276
DA:1923,1276
DA:1925,1276
DA:1926,1174
DA:1928,1174
DA:1929,1174
DA:1930,1174
DA:1932,102
DA:1934,1276
DA:1936,1278
DA:1941,1278
DA:1942,2
DA:1944,1276
DA:1945,0
DA:1946,0
DA:1949,1276
DA:1951,1276
DA:1953,1276
DA:1955,1276
DA:1956,0
DA:1957,0
DA:1960,1276
DA:1962,1276
DA:1963,1174
DA:1964,1174
DA:1965,102
DA:1966,102
DA:1967,102
DA:1968,102
DA:1971,98
DA:1972,0
DA:1973,0
DA:1975,98
DA:1976,98
DA:1979,98
DA:1980,98
DA:1982,4
DA:1989,1276
DA:2001,1276
DA:2002,1276
DA:2003,0
DA:2004,1276
DA:2005,1276
DA:2006,1276
DA:2007,0
DA:2008,0
DA:2012,1276
DA:2013,1276
DA:2015,1276
DA:2016,1276
DA:2019,1276
DA:2020,1276
DA:2023,1276
DA:2024,1276
DA:2027,1276
DA:2028,1284
DA:2029,8
DA:2030,8
DA:2031,8
DA:2033,1276
DA:2035,0
DA:2036,0
DA:2039,1276
DA:2040,8
DA:2041,8
DA:2047,0
DA:2053,8
DA:2054,0
DA:2055,0
DA:2058,1276
DA:2060,1276
DA:2061,1276
DA:2062,1276
DA:2063,1276
DA:2064,1
DA:2069,1276
DA:2072,1256
DA:2074,1256
DA:2075,1256
DA:2077,1256
DA:2078,1256
DA:2080,1256
DA:2082,1256
DA:2083,100
DA:2084,100
DA:2085,100
DA:2086,100
DA:2087,100
DA:2090,1156
DA:2091,0
DA:2093,0
DA:2096,1156
DA:2097,1156
DA:2098,0
DA:2100,0
DA:2103,1156
DA:2104,1066
DA:2106,1156
DA:2109,1156
DA:2112,1340
DA:2115,1340
DA:2116,63
DA:2117,17
DA:2119,46
DA:2122,1323
DA:2127,1340
DA:2129,1340
DA:2130,111
DA:2132,111
DA:2135,1229
DA:2136,0
DA:2139,0
DA:2142,3687
DA:2143,2458
DA:2144,1229
DA:2146,1229
DA:2148,1229
DA:2160,1615
DA:2167,1615
DA:2168,1615
DA:2171,1615
DA:2172,1615
DA:2173,1479
DA:2175,1615
DA:2178,136
DA:2180,136
DA:2181,0
DA:2183,136
DA:2186,136
DA:2187,136
DA:2189,136
DA:2191,136
DA:2192,136
DA:2194,136
DA:2196,136
DA:2197,136
DA:2198,136
DA:2199,136
DA:2201,136
DA:2202,67
DA:2203,136
DA:2205,136
DA:2207,136
DA:2208,0
DA:2210,136
DA:2211,136
DA:2213,0
DA:2214,0
DA:2216,136
DA:2219,136
DA:2222,136
DA:2224,136
DA:2226,136
DA:2227,272
DA:2228,136
DA:2229,136
DA:2230,0
DA:2233,136
DA:2234,136
DA:2239,136
DA:2240,136
DA:2242,0
DA:2245,136
DA:2247,136
DA:2249,136
DA:2250,136
DA:2252,0
DA:2253,0
DA:2256,136
DA:2257,0
DA:2262,0
DA:2264,0
DA:2265,0
DA:2266,0
DA:2267,0
DA:2270,136
DA:2271,136
DA:2272,136
DA:2273,0
DA:2277,0
DA:2278,0
DA:2285,136
DA:2286,136
DA:2287,1224
DA:2288,1088
DA:2289,0
DA:2290,0
DA:2291,0
DA:2294,136
DA:2295,136
DA:2298,136
DA:2301,67
DA:2305,67
DA:2306,67
DA:2308,67
DA:2310,67
DA:2311,54
DA:2312,13
DA:2313,67
DA:2316,67
DA:2319,67
DA:2321,69
DA:2325,69
DA:2326,69
DA:2328,69
DA:2330,69
DA:2331,69
DA:2332,0
DA:2333,69
DA:2336,69
DA:2339,69
DA:2345,2625
DA:2347,2625
DA:2348,2409
DA:2349,1146
DA:2351,1479
DA:2352,0
DA:2354,1479
DA:2355,0
DA:2357,1479
DA:2360,1479
DA:2361,1479
DA:2363,1479
DA:2364,1479
DA:2365,1479
DA:2366,1479
DA:2368,1479
DA:2369,695
DA:2370,1479
DA:2372,1479
DA:2374,1479
DA:2375,0
DA:2377,1479
DA:2378,1479
DA:2380,0
DA:2381,0
DA:2383,1479
DA:2386,1479
DA:2388,3
DA:2391,1482
DA:2392,1482
DA:2393,0
DA:2395,7040
DA:2396,5558
DA:2397,4
DA:2399,5558
DA:2400,0
DA:2403,1482
DA:2404,1479
DA:2405,1479
DA:2408,3
DA:2409,3
DA:2411,0
DA:2412,0
DA:2415,3
DA:2416,0
DA:2421,0
DA:2423,0
DA:2424,0
DA:2425,0
DA:2426,0
DA:2429,3
DA:2430,3
DA:2431,3
DA:2432,0
DA:2436,0
DA:2437,0
DA:2445,3
DA:2446,7
DA:2447,4
DA:2448,4
DA:2449,3
DA:2455,1208
DA:2460,1208
DA:2461,1208
DA:2463,1208
DA:2465,1208
DA:2467,1208
DA:2470,1208
DA:2476,1417
DA:2480,1417
DA:2481,1417
DA:2483,1417
DA:2485,1417
DA:2488,1417
DA:2491,1417
DA:2496,379
DA:2499,379
DA:2500,379
DA:2502,379
DA:2503,0
DA:2508,379
DA:2509,172
DA:2514,207
DA:2515,22
DA:2520,185
DA:2521,0
DA:2531,0
DA:2532,0
DA:2534,0
DA:2535,0
DA:2536,0
DA:2537,0
DA:2538,0
DA:2542,185
DA:2544,185
DA:2545,0
DA:2546,0
DA:2550,185
DA:2551,0
DA:2559,0
DA:2560,0
DA:2561,0
DA:2564,370
DA:2565,185
DA:2568,185
DA:2569,185
DA:2570,185
DA:2571,185
DA:2572,0
DA:2580,185
DA:2581,379
DA:2582,185
DA:2583,24
DA:2593,355
DA:2595,379
DA:2597,0
DA:2599,0
DA:2601,0
DA:2602,0
DA:2603,0
DA:2604,0
DA:2607,0
DA:2629,0
end_of_record
TN:
SF:/home/frr/frr/lib/zlog.h
FN:78,zlog_ref
FNDA:0,zlog_ref
DA:78,0
DA:83,0
DA:84,0
DA:85,0
DA:86,0
end_of_record
SF:/home/frr/frr/isisd/isis_bfd.c
FN:22,_mtfini_BFD_SESSION
FNDA:16,_mtfini_BFD_SESSION
FN:22,_mtinit_BFD_SESSION
FNDA:8,_mtinit_BFD_SESSION
FN:24,adj_bfd_cb
FNDA:0,adj_bfd_cb
FN:44,bfd_handle_adj_down
FNDA:111,bfd_handle_adj_down
FN:49,bfd_handle_adj_up
FNDA:57,bfd_handle_adj_up
FN:131,bfd_handle_adj_state_change
FNDA:80,bfd_handle_adj_state_change
FN:140,bfd_adj_cmd
FNDA:0,bfd_adj_cmd
FN:148,isis_bfd_circuit_cmd
FNDA:0,isis_bfd_circuit_cmd
FN:173,bfd_handle_adj_ip_enabled
FNDA:66,bfd_handle_adj_ip_enabled
FN:191,bfd_handle_circuit_add_addr
FNDA:47,bfd_handle_circuit_add_addr
FN:212,isis_bfd_init
FNDA:8,isis_bfd_init
DA:22,16
DA:22,8
DA:24,0
DA:27,0
DA:29,0
DA:30,0
DA:36,0
DA:37,0
DA:38,0
DA:39,0
DA:42,0
DA:44,111
DA:46,111
DA:47,111
DA:49,57
DA:51,57
DA:58,57
DA:59,57
DA:60,0
DA:63,57
DA:69,0
DA:70,0
DA:71,0
DA:72,0
DA:73,0
DA:76,0
DA:83,0
DA:84,0
DA:85,0
DA:86,0
DA:87,0
DA:88,0
DA:89,0
DA:91,0
DA:93,0
DA:94,0
DA:95,0
DA:96,0
DA:97,0
DA:98,0
DA:99,0
DA:100,0
DA:101,0
DA:103,0
DA:105,0
DA:106,0
DA:108,0
DA:110,0
DA:111,0
DA:113,0
DA:115,0
DA:116,0
DA:119,0
DA:121,0
DA:122,0
DA:123,0
DA:124,0
DA:125,0
DA:126,0
DA:127,57
DA:128,57
DA:131,80
DA:133,80
DA:134,26
DA:136,54
DA:137,80
DA:140,0
DA:142,0
DA:143,0
DA:145,0
DA:146,0
DA:148,0
DA:150,0
DA:151,0
DA:152,0
DA:153,0
DA:158,0
DA:159,0
DA:160,0
DA:161,0
DA:163,0
DA:164,0
DA:165,0
DA:166,0
DA:167,0
DA:168,0
DA:169,0
DA:171,0
DA:173,66
DA:177,66
DA:178,46
DA:180,20
DA:181,0
DA:183,20
DA:184,19
DA:186,1
DA:188,1
DA:191,47
DA:196,47
DA:197,0
DA:199,77
DA:200,30
DA:201,0
DA:203,30
DA:204,0
DA:206,30
DA:209,47
DA:212,8
DA:214,8
DA:216,8
DA:217,8
DA:218,8
DA:219,8
end_of_record
SF:/home/frr/frr/isisd/isis_adjacency.h
FN:117,_hook_typecheck_isis_adj_state_change_hook
FNDA:8,_hook_typecheck_isis_adj_state_change_hook
FN:118,_hook_typecheck_isis_adj_ip_enabled_hook
FNDA:8,_hook_typecheck_isis_adj_ip_enabled_hook
DA:117,8
DA:118,8
end_of_record
SF:/home/frr/frr/isisd/isis_circuit.h
FN:244,_hook_typecheck_isis_circuit_add_addr_hook
FNDA:8,_hook_typecheck_isis_circuit_add_addr_hook
DA:244,8
end_of_record
TN:
SF:/home/frr/frr/isisd/isis_pdu_counter.c
FN:16,pdu_type_to_counter_index
FNDA:3202,pdu_type_to_counter_index
FN:44,pdu_counter_index_to_name
FNDA:0,pdu_counter_index_to_name
FN:74,pdu_counter_count
FNDA:3202,pdu_counter_count
FN:84,pdu_counter_print
FNDA:0,pdu_counter_print
FN:95,pdu_counter_count_drop
FNDA:27,pdu_counter_count_drop
FN:106,pdu_counter_get_count
FNDA:0,pdu_counter_get_count
DA:16,3202
DA:18,3202
DA:19,904
DA:20,904
DA:21,1424
DA:22,1424
DA:23,204
DA:24,204
DA:25,228
DA:26,228
DA:27,165
DA:28,165
DA:29,0
DA:30,0
DA:31,134
DA:32,134
DA:33,137
DA:34,137
DA:35,6
DA:36,6
DA:37,0
DA:38,0
DA:39,0
DA:40,0
DA:44,0
DA:46,0
DA:47,0
DA:48,0
DA:49,0
DA:50,0
DA:51,0
DA:52,0
DA:53,0
DA:54,0
DA:55,0
DA:56,0
DA:57,0
DA:58,0
DA:59,0
DA:60,0
DA:61,0
DA:62,0
DA:63,0
DA:64,0
DA:65,0
DA:66,0
DA:67,0
DA:68,0
DA:71,0
DA:74,3202
DA:76,3202
DA:78,3202
DA:79,0
DA:81,3202
DA:84,0
DA:87,0
DA:88,0
DA:89,0
DA:90,0
DA:91,0
DA:93,0
DA:95,27
DA:97,27
DA:99,27
DA:100,0
DA:102,0
DA:104,27
DA:106,0
DA:108,0
DA:110,0
DA:111,0
DA:112,0
end_of_record
